2021-08-17_10-16-03 [restartedMain] INFO  c.c.p.q.QuotesMicroserviceApplication - Starting QuotesMicroserviceApplication using Java 15.0.2 on DESKTOP-BH92MP6 with PID 11244 (D:\MFPE-val\PAS\Quotes-Microservice\Quotes-Microservice\Quotes-Microservice-1\target\classes started by rames in D:\MFPE-val\PAS\Quotes-Microservice\Quotes-Microservice\Quotes-Microservice-1)
2021-08-17_10-16-03 [restartedMain] INFO  c.c.p.q.QuotesMicroserviceApplication - No active profile set, falling back to default profiles: default
2021-08-17_10-16-03 [restartedMain] INFO  o.s.b.d.e.DevToolsPropertyDefaultsPostProcessor - Devtools property defaults active! Set 'spring.devtools.add-properties' to 'false' to disable
2021-08-17_10-16-03 [restartedMain] INFO  o.s.b.d.e.DevToolsPropertyDefaultsPostProcessor - For additional web related logging consider setting the 'logging.level.web' property to 'DEBUG'
2021-08-17_10-16-03 [restartedMain] INFO  o.s.d.r.c.RepositoryConfigurationDelegate - Bootstrapping Spring Data JPA repositories in DEFAULT mode.
2021-08-17_10-16-03 [restartedMain] INFO  o.s.d.r.c.RepositoryConfigurationDelegate - Finished Spring Data repository scanning in 235 ms. Found 1 JPA repository interfaces.
2021-08-17_10-16-03 [restartedMain] INFO  o.s.cloud.context.scope.GenericScope - BeanFactory id=3ae6aad1-0ec7-3819-ac78-608d1d6edb36
2021-08-17_10-16-03 [restartedMain] INFO  o.s.c.s.PostProcessorRegistrationDelegate$BeanPostProcessorChecker - Bean 'com.cognizant.pas.quotes.feign.AuthorisingClient' of type [org.springframework.cloud.openfeign.FeignClientFactoryBean] is not eligible for getting processed by all BeanPostProcessors (for example: not eligible for auto-proxying)
2021-08-17_10-16-03 [restartedMain] INFO  o.s.b.w.e.tomcat.TomcatWebServer - Tomcat initialized with port(s): 8100 (http)
2021-08-17_10-16-03 [restartedMain] INFO  o.a.coyote.http11.Http11NioProtocol - Initializing ProtocolHandler ["http-nio-8100"]
2021-08-17_10-16-03 [restartedMain] INFO  o.a.catalina.core.StandardService - Starting service [Tomcat]
2021-08-17_10-16-03 [restartedMain] INFO  o.a.catalina.core.StandardEngine - Starting Servlet engine: [Apache Tomcat/9.0.41]
2021-08-17_10-16-03 [restartedMain] INFO  o.a.c.c.C.[.[.[/quotes-api] - Initializing Spring embedded WebApplicationContext
2021-08-17_10-16-03 [restartedMain] INFO  o.s.b.w.s.c.ServletWebServerApplicationContext - Root WebApplicationContext: initialization completed in 15991 ms
2021-08-17_10-16-03 [restartedMain] INFO  com.zaxxer.hikari.HikariDataSource - HikariPool-1 - Starting...
2021-08-17_10-16-03 [restartedMain] INFO  com.zaxxer.hikari.HikariDataSource - HikariPool-1 - Start completed.
2021-08-17_10-16-03 [restartedMain] INFO  o.s.b.a.h.H2ConsoleAutoConfiguration - H2 console available at '/db'. Database available at 'jdbc:h2:mem:pasdb'
2021-08-17_10-16-03 [restartedMain] INFO  o.s.o.j.LocalContainerEntityManagerFactoryBean - Initialized JPA EntityManagerFactory for persistence unit 'default'
2021-08-17_10-16-03 [restartedMain] INFO  s.d.s.w.PropertySourcedRequestMappingHandlerMapping - Mapped URL path [/v2/api-docs] onto method [springfox.documentation.swagger2.web.Swagger2Controller#getDocumentation(String, HttpServletRequest)]
2021-08-17_10-16-03 [restartedMain] INFO  o.s.s.c.ThreadPoolTaskExecutor - Initializing ExecutorService 'applicationTaskExecutor'
2021-08-17_10-16-03 [restartedMain] INFO  o.a.coyote.http11.Http11NioProtocol - Starting ProtocolHandler ["http-nio-8100"]
2021-08-17_10-16-03 [restartedMain] INFO  o.s.b.w.e.tomcat.TomcatWebServer - Tomcat started on port(s): 8100 (http) with context path '/quotes-api'
2021-08-17_10-16-03 [restartedMain] INFO  s.d.s.w.p.DocumentationPluginsBootstrapper - Context refreshed
2021-08-17_10-16-03 [restartedMain] INFO  s.d.s.w.p.DocumentationPluginsBootstrapper - Found 1 custom documentation plugin(s)
2021-08-17_10-16-03 [restartedMain] INFO  s.d.s.w.s.ApiListingReferenceScanner - Scanning for api listing references
2021-08-17_10-16-03 [restartedMain] INFO  c.c.p.q.QuotesMicroserviceApplication - Started QuotesMicroserviceApplication in 44.168 seconds (JVM running for 52.29)
2021-08-17_10-16-03 [http-nio-8100-exec-1] INFO  o.a.c.c.C.[.[.[/quotes-api] - Initializing Spring DispatcherServlet 'dispatcherServlet'
2021-08-17_10-16-03 [http-nio-8100-exec-1] INFO  o.s.web.servlet.DispatcherServlet - Initializing Servlet 'dispatcherServlet'
2021-08-17_10-16-03 [http-nio-8100-exec-1] INFO  o.s.web.servlet.DispatcherServlet - Completed initialization in 12 ms
2021-08-17_10-16-03 [http-nio-8100-exec-1] INFO  c.c.p.q.controller.QuotesController - Start
2021-08-17_10-16-03 [http-nio-8100-exec-1] INFO  c.c.p.q.controller.QuotesController - End
2021-08-17_10-16-03 [http-nio-8100-exec-2] INFO  c.c.p.q.controller.QuotesController - Start
2021-08-17_10-16-03 [http-nio-8100-exec-2] INFO  c.c.p.q.controller.QuotesController - End
2021-08-17_10-16-03 [http-nio-8100-exec-4] INFO  c.c.p.q.controller.QuotesController - Start
2021-08-17_10-16-03 [http-nio-8100-exec-4] INFO  c.c.p.q.controller.QuotesController - End
2021-08-17_10-16-03 [http-nio-8100-exec-5] INFO  c.c.p.q.controller.QuotesController - Start
2021-08-17_10-16-03 [http-nio-8100-exec-5] INFO  c.c.p.q.controller.QuotesController - End
2021-08-17_12-57-48 [restartedMain] INFO  c.c.p.q.QuotesMicroserviceApplication - Starting QuotesMicroserviceApplication using Java 15.0.2 on DESKTOP-BH92MP6 with PID 1996 (D:\MFPE-val\PAS\Quotes-Microservice\Quotes-Microservice\Quotes-Microservice-1\target\classes started by rames in D:\MFPE-val\PAS\Quotes-Microservice\Quotes-Microservice\Quotes-Microservice-1)
2021-08-17_12-57-48 [restartedMain] INFO  c.c.p.q.QuotesMicroserviceApplication - No active profile set, falling back to default profiles: default
2021-08-17_12-57-48 [restartedMain] INFO  o.s.b.d.e.DevToolsPropertyDefaultsPostProcessor - Devtools property defaults active! Set 'spring.devtools.add-properties' to 'false' to disable
2021-08-17_12-57-48 [restartedMain] INFO  o.s.b.d.e.DevToolsPropertyDefaultsPostProcessor - For additional web related logging consider setting the 'logging.level.web' property to 'DEBUG'
2021-08-17_12-57-48 [restartedMain] INFO  o.s.d.r.c.RepositoryConfigurationDelegate - Bootstrapping Spring Data JPA repositories in DEFAULT mode.
2021-08-17_12-57-48 [restartedMain] INFO  o.s.d.r.c.RepositoryConfigurationDelegate - Finished Spring Data repository scanning in 222 ms. Found 1 JPA repository interfaces.
2021-08-17_12-57-48 [restartedMain] INFO  o.s.cloud.context.scope.GenericScope - BeanFactory id=3ae6aad1-0ec7-3819-ac78-608d1d6edb36
2021-08-17_12-57-48 [restartedMain] INFO  o.s.c.s.PostProcessorRegistrationDelegate$BeanPostProcessorChecker - Bean 'com.cognizant.pas.quotes.feign.AuthorisingClient' of type [org.springframework.cloud.openfeign.FeignClientFactoryBean] is not eligible for getting processed by all BeanPostProcessors (for example: not eligible for auto-proxying)
2021-08-17_12-57-48 [restartedMain] INFO  o.s.b.w.e.tomcat.TomcatWebServer - Tomcat initialized with port(s): 8100 (http)
2021-08-17_12-57-48 [restartedMain] INFO  o.a.coyote.http11.Http11NioProtocol - Initializing ProtocolHandler ["http-nio-8100"]
2021-08-17_12-57-48 [restartedMain] INFO  o.a.catalina.core.StandardService - Starting service [Tomcat]
2021-08-17_12-57-48 [restartedMain] INFO  o.a.catalina.core.StandardEngine - Starting Servlet engine: [Apache Tomcat/9.0.41]
2021-08-17_12-57-48 [restartedMain] INFO  o.a.c.c.C.[.[.[/quotes-api] - Initializing Spring embedded WebApplicationContext
2021-08-17_12-57-48 [restartedMain] INFO  o.s.b.w.s.c.ServletWebServerApplicationContext - Root WebApplicationContext: initialization completed in 14812 ms
2021-08-17_12-57-48 [restartedMain] INFO  com.zaxxer.hikari.HikariDataSource - HikariPool-1 - Starting...
2021-08-17_12-57-48 [restartedMain] INFO  com.zaxxer.hikari.HikariDataSource - HikariPool-1 - Start completed.
2021-08-17_12-57-48 [restartedMain] INFO  o.s.b.a.h.H2ConsoleAutoConfiguration - H2 console available at '/db'. Database available at 'jdbc:h2:mem:pasdb'
2021-08-17_12-57-48 [restartedMain] INFO  o.s.o.j.LocalContainerEntityManagerFactoryBean - Initialized JPA EntityManagerFactory for persistence unit 'default'
2021-08-17_12-57-48 [restartedMain] INFO  s.d.s.w.PropertySourcedRequestMappingHandlerMapping - Mapped URL path [/v2/api-docs] onto method [springfox.documentation.swagger2.web.Swagger2Controller#getDocumentation(String, HttpServletRequest)]
2021-08-17_12-57-48 [restartedMain] INFO  o.s.s.c.ThreadPoolTaskExecutor - Initializing ExecutorService 'applicationTaskExecutor'
2021-08-17_12-57-48 [restartedMain] INFO  o.a.coyote.http11.Http11NioProtocol - Starting ProtocolHandler ["http-nio-8100"]
2021-08-17_12-57-48 [restartedMain] INFO  o.s.b.w.e.tomcat.TomcatWebServer - Tomcat started on port(s): 8100 (http) with context path '/quotes-api'
2021-08-17_12-57-48 [restartedMain] INFO  s.d.s.w.p.DocumentationPluginsBootstrapper - Context refreshed
2021-08-17_12-57-48 [restartedMain] INFO  s.d.s.w.p.DocumentationPluginsBootstrapper - Found 1 custom documentation plugin(s)
2021-08-17_12-57-48 [restartedMain] INFO  s.d.s.w.s.ApiListingReferenceScanner - Scanning for api listing references
2021-08-17_12-57-48 [restartedMain] INFO  c.c.p.q.QuotesMicroserviceApplication - Started QuotesMicroserviceApplication in 52.964 seconds (JVM running for 59.288)
2021-08-17_12-57-48 [http-nio-8100-exec-1] INFO  o.a.c.c.C.[.[.[/quotes-api] - Initializing Spring DispatcherServlet 'dispatcherServlet'
2021-08-17_12-57-48 [http-nio-8100-exec-1] INFO  o.s.web.servlet.DispatcherServlet - Initializing Servlet 'dispatcherServlet'
2021-08-17_12-57-48 [http-nio-8100-exec-1] INFO  o.s.web.servlet.DispatcherServlet - Completed initialization in 14 ms
2021-08-17_12-57-48 [http-nio-8100-exec-1] INFO  c.c.p.q.controller.QuotesController - Start
2021-08-17_12-57-48 [http-nio-8100-exec-1] INFO  c.c.p.q.controller.QuotesController - End
2021-08-17_15-30-42 [main] INFO  o.s.b.t.a.w.s.WebMvcTestContextBootstrapper - Neither @ContextConfiguration nor @ContextHierarchy found for test class [com.cognizant.pas.quotes.controller.QuotesMicroserviceControllerTest], using SpringBootContextLoader
2021-08-17_15-30-42 [main] INFO  o.s.t.c.s.AbstractContextLoader - Could not detect default resource locations for test class [com.cognizant.pas.quotes.controller.QuotesMicroserviceControllerTest]: no resource found for suffixes {-context.xml, Context.groovy}.
2021-08-17_15-30-42 [main] INFO  o.s.t.c.s.AnnotationConfigContextLoaderUtils - Could not detect default configuration classes for test class [com.cognizant.pas.quotes.controller.QuotesMicroserviceControllerTest]: QuotesMicroserviceControllerTest does not declare any static, non-private, non-final, nested classes annotated with @Configuration.
2021-08-17_15-30-42 [main] INFO  o.s.b.t.c.SpringBootTestContextBootstrapper - Found @SpringBootConfiguration com.cognizant.pas.quotes.QuotesMicroserviceApplication for test class com.cognizant.pas.quotes.controller.QuotesMicroserviceControllerTest
2021-08-17_15-30-42 [main] INFO  o.s.b.t.a.w.s.WebMvcTestContextBootstrapper - Loaded default TestExecutionListener class names from location [META-INF/spring.factories]: [org.springframework.boot.test.mock.mockito.MockitoTestExecutionListener, org.springframework.boot.test.mock.mockito.ResetMocksTestExecutionListener, org.springframework.boot.test.autoconfigure.restdocs.RestDocsTestExecutionListener, org.springframework.boot.test.autoconfigure.web.client.MockRestServiceServerResetTestExecutionListener, org.springframework.boot.test.autoconfigure.web.servlet.MockMvcPrintOnlyOnFailureTestExecutionListener, org.springframework.boot.test.autoconfigure.web.servlet.WebDriverTestExecutionListener, org.springframework.boot.test.autoconfigure.webservices.client.MockWebServiceServerTestExecutionListener, org.springframework.test.context.web.ServletTestExecutionListener, org.springframework.test.context.support.DirtiesContextBeforeModesTestExecutionListener, org.springframework.test.context.event.ApplicationEventsTestExecutionListener, org.springframework.test.context.support.DependencyInjectionTestExecutionListener, org.springframework.test.context.support.DirtiesContextTestExecutionListener, org.springframework.test.context.transaction.TransactionalTestExecutionListener, org.springframework.test.context.jdbc.SqlScriptsTestExecutionListener, org.springframework.test.context.event.EventPublishingTestExecutionListener]
2021-08-17_15-30-42 [main] INFO  o.s.b.t.a.w.s.WebMvcTestContextBootstrapper - Using TestExecutionListeners: [org.springframework.test.context.web.ServletTestExecutionListener@277f7dd3, org.springframework.test.context.support.DirtiesContextBeforeModesTestExecutionListener@6c8bca63, org.springframework.test.context.event.ApplicationEventsTestExecutionListener@2364305a, org.springframework.boot.test.mock.mockito.MockitoTestExecutionListener@470a696f, org.springframework.boot.test.autoconfigure.SpringBootDependencyInjectionTestExecutionListener@1bc715b8, org.springframework.test.context.support.DirtiesContextTestExecutionListener@292d1c71, org.springframework.test.context.transaction.TransactionalTestExecutionListener@2b491fee, org.springframework.test.context.jdbc.SqlScriptsTestExecutionListener@3f1c5af9, org.springframework.test.context.event.EventPublishingTestExecutionListener@1c55f277, org.springframework.boot.test.mock.mockito.ResetMocksTestExecutionListener@5ddabb18, org.springframework.boot.test.autoconfigure.restdocs.RestDocsTestExecutionListener@3e8f7922, org.springframework.boot.test.autoconfigure.web.client.MockRestServiceServerResetTestExecutionListener@63192798, org.springframework.boot.test.autoconfigure.web.servlet.MockMvcPrintOnlyOnFailureTestExecutionListener@50eca7c6, org.springframework.boot.test.autoconfigure.web.servlet.WebDriverTestExecutionListener@58e6d4b8, org.springframework.boot.test.autoconfigure.webservices.client.MockWebServiceServerTestExecutionListener@1de5f0ef]
2021-08-17_15-31-02 [main] INFO  c.c.p.q.c.QuotesMicroserviceControllerTest - Starting QuotesMicroserviceControllerTest using Java 15.0.2 on DESKTOP-BH92MP6 with PID 12124 (started by rames in D:\MFPE-val\PAS\Quotes-Microservice\Quotes-Microservice\Quotes-Microservice-1)
2021-08-17_15-31-02 [main] INFO  c.c.p.q.c.QuotesMicroserviceControllerTest - No active profile set, falling back to default profiles: default
2021-08-17_15-31-02 [main] INFO  o.s.d.r.c.RepositoryConfigurationDelegate - Bootstrapping Spring Data JPA repositories in DEFAULT mode.
2021-08-17_15-31-02 [main] INFO  o.s.d.r.c.RepositoryConfigurationDelegate - Finished Spring Data repository scanning in 860 ms. Found 1 JPA repository interfaces.
2021-08-17_15-31-02 [main] INFO  s.d.s.w.PropertySourcedRequestMappingHandlerMapping - Mapped URL path [/v2/api-docs] onto method [springfox.documentation.swagger2.web.Swagger2Controller#getDocumentation(String, HttpServletRequest)]
2021-08-17_15-31-02 [main] INFO  o.s.s.c.ThreadPoolTaskExecutor - Initializing ExecutorService 'applicationTaskExecutor'
2021-08-17_15-31-02 [main] INFO  o.s.b.t.m.w.SpringBootMockServletContext - Initializing Spring TestDispatcherServlet ''
2021-08-17_15-31-02 [main] INFO  o.s.t.w.s.TestDispatcherServlet - Initializing Servlet ''
2021-08-17_15-31-02 [main] INFO  o.s.t.w.s.TestDispatcherServlet - Completed initialization in 10 ms
2021-08-17_15-31-02 [main] INFO  s.d.s.w.p.DocumentationPluginsBootstrapper - Context refreshed
2021-08-17_15-31-02 [main] INFO  s.d.s.w.p.DocumentationPluginsBootstrapper - Found 1 custom documentation plugin(s)
2021-08-17_15-31-02 [main] INFO  s.d.s.w.s.ApiListingReferenceScanner - Scanning for api listing references
2021-08-17_15-31-02 [main] INFO  c.c.p.q.c.QuotesMicroserviceControllerTest - Started QuotesMicroserviceControllerTest in 48.53 seconds (JVM running for 77.135)
2021-08-17_15-31-02 [main] INFO  c.c.p.q.controller.QuotesController - Start
2021-08-17_15-31-02 [main] INFO  c.c.p.q.controller.QuotesController - Start
2021-08-17_15-31-02 [main] INFO  c.c.p.q.controller.QuotesController - End
2021-08-17_15-31-49 [main] INFO  c.c.p.q.QuotesMicroserviceApplication - Starting QuotesMicroserviceApplication using Java 15.0.2 on DESKTOP-BH92MP6 with PID 12124 (started by rames in D:\MFPE-val\PAS\Quotes-Microservice\Quotes-Microservice\Quotes-Microservice-1)
2021-08-17_15-31-49 [main] INFO  c.c.p.q.QuotesMicroserviceApplication - No active profile set, falling back to default profiles: default
2021-08-17_15-31-49 [main] INFO  o.s.d.r.c.RepositoryConfigurationDelegate - Bootstrapping Spring Data JPA repositories in DEFAULT mode.
2021-08-17_15-31-49 [main] INFO  o.s.d.r.c.RepositoryConfigurationDelegate - Finished Spring Data repository scanning in 68 ms. Found 1 JPA repository interfaces.
2021-08-17_15-31-49 [main] INFO  o.s.cloud.context.scope.GenericScope - BeanFactory id=e273a9f1-54cf-347b-b261-725e893cfbd1
2021-08-17_15-31-49 [main] INFO  o.s.c.s.PostProcessorRegistrationDelegate$BeanPostProcessorChecker - Bean 'com.cognizant.pas.quotes.feign.AuthorisingClient' of type [org.springframework.cloud.openfeign.FeignClientFactoryBean] is not eligible for getting processed by all BeanPostProcessors (for example: not eligible for auto-proxying)
2021-08-17_15-31-49 [main] INFO  o.s.b.w.e.tomcat.TomcatWebServer - Tomcat initialized with port(s): 8100 (http)
2021-08-17_15-31-49 [main] INFO  o.a.coyote.http11.Http11NioProtocol - Initializing ProtocolHandler ["http-nio-8100"]
2021-08-17_15-31-49 [main] INFO  o.a.catalina.core.StandardService - Starting service [Tomcat]
2021-08-17_15-31-49 [main] INFO  o.a.catalina.core.StandardEngine - Starting Servlet engine: [Apache Tomcat/9.0.41]
2021-08-17_15-31-49 [main] INFO  o.a.c.c.C.[.[.[/quotes-api] - Initializing Spring embedded WebApplicationContext
2021-08-17_15-31-49 [main] INFO  o.s.b.w.s.c.ServletWebServerApplicationContext - Root WebApplicationContext: initialization completed in 31994 ms
2021-08-17_15-31-49 [main] INFO  com.zaxxer.hikari.HikariDataSource - HikariPool-1 - Starting...
2021-08-17_15-31-49 [main] INFO  com.zaxxer.hikari.HikariDataSource - HikariPool-1 - Start completed.
2021-08-17_15-31-49 [main] INFO  o.s.b.a.h.H2ConsoleAutoConfiguration - H2 console available at '/db'. Database available at 'jdbc:h2:mem:pasdb'
2021-08-17_15-31-49 [main] INFO  o.s.o.j.LocalContainerEntityManagerFactoryBean - Initialized JPA EntityManagerFactory for persistence unit 'default'
2021-08-17_15-31-49 [main] INFO  s.d.s.w.PropertySourcedRequestMappingHandlerMapping - Mapped URL path [/v2/api-docs] onto method [springfox.documentation.swagger2.web.Swagger2Controller#getDocumentation(String, HttpServletRequest)]
2021-08-17_15-31-49 [main] INFO  o.s.s.c.ThreadPoolTaskExecutor - Initializing ExecutorService 'applicationTaskExecutor'
2021-08-17_15-31-49 [main] INFO  o.a.coyote.http11.Http11NioProtocol - Starting ProtocolHandler ["http-nio-8100"]
2021-08-17_15-31-49 [main] INFO  o.s.s.c.ThreadPoolTaskExecutor - Shutting down ExecutorService 'applicationTaskExecutor'
2021-08-17_15-31-49 [main] INFO  o.s.o.j.LocalContainerEntityManagerFactoryBean - Closing JPA EntityManagerFactory for persistence unit 'default'
2021-08-17_15-31-49 [main] INFO  com.zaxxer.hikari.HikariDataSource - HikariPool-1 - Shutdown initiated...
2021-08-17_15-31-49 [main] INFO  com.zaxxer.hikari.HikariDataSource - HikariPool-1 - Shutdown completed.
2021-08-17_15-31-49 [main] INFO  o.a.coyote.http11.Http11NioProtocol - Pausing ProtocolHandler ["http-nio-8100"]
2021-08-17_15-31-49 [main] INFO  o.a.catalina.core.StandardService - Stopping service [Tomcat]
2021-08-17_15-31-49 [main] INFO  o.a.coyote.http11.Http11NioProtocol - Stopping ProtocolHandler ["http-nio-8100"]
2021-08-17_15-31-49 [main] INFO  o.a.coyote.http11.Http11NioProtocol - Destroying ProtocolHandler ["http-nio-8100"]
2021-08-17_15-31-49 [main] INFO  o.s.b.a.l.ConditionEvaluationReportLoggingListener - 

Error starting ApplicationContext. To display the conditions report re-run your application with 'debug' enabled.
2021-08-17_15-31-49 [main] INFO  o.s.b.t.c.SpringBootTestContextBootstrapper - Neither @ContextConfiguration nor @ContextHierarchy found for test class [com.cognizant.pas.quotes.exception.AuthorizationExceptionTest], using SpringBootContextLoader
2021-08-17_15-31-49 [main] INFO  o.s.t.c.s.AbstractContextLoader - Could not detect default resource locations for test class [com.cognizant.pas.quotes.exception.AuthorizationExceptionTest]: no resource found for suffixes {-context.xml, Context.groovy}.
2021-08-17_15-31-49 [main] INFO  o.s.t.c.s.AnnotationConfigContextLoaderUtils - Could not detect default configuration classes for test class [com.cognizant.pas.quotes.exception.AuthorizationExceptionTest]: AuthorizationExceptionTest does not declare any static, non-private, non-final, nested classes annotated with @Configuration.
2021-08-17_15-31-49 [main] INFO  o.s.b.t.c.SpringBootTestContextBootstrapper - Found @SpringBootConfiguration com.cognizant.pas.quotes.QuotesMicroserviceApplication for test class com.cognizant.pas.quotes.exception.AuthorizationExceptionTest
2021-08-17_15-31-49 [main] INFO  o.s.b.t.c.SpringBootTestContextBootstrapper - Loaded default TestExecutionListener class names from location [META-INF/spring.factories]: [org.springframework.boot.test.mock.mockito.MockitoTestExecutionListener, org.springframework.boot.test.mock.mockito.ResetMocksTestExecutionListener, org.springframework.boot.test.autoconfigure.restdocs.RestDocsTestExecutionListener, org.springframework.boot.test.autoconfigure.web.client.MockRestServiceServerResetTestExecutionListener, org.springframework.boot.test.autoconfigure.web.servlet.MockMvcPrintOnlyOnFailureTestExecutionListener, org.springframework.boot.test.autoconfigure.web.servlet.WebDriverTestExecutionListener, org.springframework.boot.test.autoconfigure.webservices.client.MockWebServiceServerTestExecutionListener, org.springframework.test.context.web.ServletTestExecutionListener, org.springframework.test.context.support.DirtiesContextBeforeModesTestExecutionListener, org.springframework.test.context.event.ApplicationEventsTestExecutionListener, org.springframework.test.context.support.DependencyInjectionTestExecutionListener, org.springframework.test.context.support.DirtiesContextTestExecutionListener, org.springframework.test.context.transaction.TransactionalTestExecutionListener, org.springframework.test.context.jdbc.SqlScriptsTestExecutionListener, org.springframework.test.context.event.EventPublishingTestExecutionListener]
2021-08-17_15-31-49 [main] INFO  o.s.b.t.c.SpringBootTestContextBootstrapper - Using TestExecutionListeners: [org.springframework.test.context.web.ServletTestExecutionListener@c8dc1ef, org.springframework.test.context.support.DirtiesContextBeforeModesTestExecutionListener@21f4f5d4, org.springframework.test.context.event.ApplicationEventsTestExecutionListener@45488836, org.springframework.boot.test.mock.mockito.MockitoTestExecutionListener@a9339e5, org.springframework.boot.test.autoconfigure.SpringBootDependencyInjectionTestExecutionListener@687313e1, org.springframework.test.context.support.DirtiesContextTestExecutionListener@6eaf016e, org.springframework.test.context.transaction.TransactionalTestExecutionListener@6fa73db5, org.springframework.test.context.jdbc.SqlScriptsTestExecutionListener@7ce87db5, org.springframework.test.context.event.EventPublishingTestExecutionListener@c7485d2, org.springframework.boot.test.mock.mockito.ResetMocksTestExecutionListener@1ac65143, org.springframework.boot.test.autoconfigure.restdocs.RestDocsTestExecutionListener@4cda8d3b, org.springframework.boot.test.autoconfigure.web.client.MockRestServiceServerResetTestExecutionListener@73e054c0, org.springframework.boot.test.autoconfigure.web.servlet.MockMvcPrintOnlyOnFailureTestExecutionListener@5b12157b, org.springframework.boot.test.autoconfigure.web.servlet.WebDriverTestExecutionListener@73760b13, org.springframework.boot.test.autoconfigure.webservices.client.MockWebServiceServerTestExecutionListener@6b5df313]
2021-08-17_15-33-17 [main] INFO  c.c.p.q.e.AuthorizationExceptionTest - Starting AuthorizationExceptionTest using Java 15.0.2 on DESKTOP-BH92MP6 with PID 12124 (started by rames in D:\MFPE-val\PAS\Quotes-Microservice\Quotes-Microservice\Quotes-Microservice-1)
2021-08-17_15-33-17 [main] INFO  c.c.p.q.e.AuthorizationExceptionTest - No active profile set, falling back to default profiles: default
2021-08-17_15-33-17 [main] INFO  o.s.d.r.c.RepositoryConfigurationDelegate - Bootstrapping Spring Data JPA repositories in DEFAULT mode.
2021-08-17_15-33-17 [main] INFO  o.s.d.r.c.RepositoryConfigurationDelegate - Finished Spring Data repository scanning in 27 ms. Found 1 JPA repository interfaces.
2021-08-17_15-33-17 [main] INFO  o.s.cloud.context.scope.GenericScope - BeanFactory id=7fee3093-46a4-302a-9e2c-5905802ce152
2021-08-17_15-33-17 [main] INFO  com.zaxxer.hikari.HikariDataSource - HikariPool-2 - Starting...
2021-08-17_15-33-17 [main] INFO  com.zaxxer.hikari.HikariDataSource - HikariPool-2 - Start completed.
2021-08-17_15-33-17 [main] INFO  o.s.o.j.LocalContainerEntityManagerFactoryBean - Initialized JPA EntityManagerFactory for persistence unit 'default'
2021-08-17_15-33-17 [main] INFO  o.s.b.a.h.H2ConsoleAutoConfiguration - H2 console available at '/db'. Database available at 'jdbc:h2:mem:pasdb'
2021-08-17_15-33-17 [main] INFO  s.d.s.w.PropertySourcedRequestMappingHandlerMapping - Mapped URL path [/v2/api-docs] onto method [springfox.documentation.swagger2.web.Swagger2Controller#getDocumentation(String, HttpServletRequest)]
2021-08-17_15-33-17 [main] INFO  o.s.s.c.ThreadPoolTaskExecutor - Initializing ExecutorService 'applicationTaskExecutor'
2021-08-17_15-33-17 [main] INFO  s.d.s.w.p.DocumentationPluginsBootstrapper - Context refreshed
2021-08-17_15-33-17 [main] INFO  s.d.s.w.p.DocumentationPluginsBootstrapper - Found 1 custom documentation plugin(s)
2021-08-17_15-33-17 [main] INFO  s.d.s.w.s.ApiListingReferenceScanner - Scanning for api listing references
2021-08-17_15-33-17 [main] INFO  c.c.p.q.e.AuthorizationExceptionTest - Started AuthorizationExceptionTest in 12.007 seconds (JVM running for 181.7)
2021-08-17_15-33-17 [main] INFO  o.s.b.t.c.SpringBootTestContextBootstrapper - Neither @ContextConfiguration nor @ContextHierarchy found for test class [com.cognizant.pas.quotes.exception.ExceptionDetailsTest], using SpringBootContextLoader
2021-08-17_15-33-17 [main] INFO  o.s.t.c.s.AbstractContextLoader - Could not detect default resource locations for test class [com.cognizant.pas.quotes.exception.ExceptionDetailsTest]: no resource found for suffixes {-context.xml, Context.groovy}.
2021-08-17_15-33-17 [main] INFO  o.s.t.c.s.AnnotationConfigContextLoaderUtils - Could not detect default configuration classes for test class [com.cognizant.pas.quotes.exception.ExceptionDetailsTest]: ExceptionDetailsTest does not declare any static, non-private, non-final, nested classes annotated with @Configuration.
2021-08-17_15-33-17 [main] INFO  o.s.b.t.c.SpringBootTestContextBootstrapper - Found @SpringBootConfiguration com.cognizant.pas.quotes.QuotesMicroserviceApplication for test class com.cognizant.pas.quotes.exception.ExceptionDetailsTest
2021-08-17_15-33-17 [main] INFO  o.s.b.t.c.SpringBootTestContextBootstrapper - Loaded default TestExecutionListener class names from location [META-INF/spring.factories]: [org.springframework.boot.test.mock.mockito.MockitoTestExecutionListener, org.springframework.boot.test.mock.mockito.ResetMocksTestExecutionListener, org.springframework.boot.test.autoconfigure.restdocs.RestDocsTestExecutionListener, org.springframework.boot.test.autoconfigure.web.client.MockRestServiceServerResetTestExecutionListener, org.springframework.boot.test.autoconfigure.web.servlet.MockMvcPrintOnlyOnFailureTestExecutionListener, org.springframework.boot.test.autoconfigure.web.servlet.WebDriverTestExecutionListener, org.springframework.boot.test.autoconfigure.webservices.client.MockWebServiceServerTestExecutionListener, org.springframework.test.context.web.ServletTestExecutionListener, org.springframework.test.context.support.DirtiesContextBeforeModesTestExecutionListener, org.springframework.test.context.event.ApplicationEventsTestExecutionListener, org.springframework.test.context.support.DependencyInjectionTestExecutionListener, org.springframework.test.context.support.DirtiesContextTestExecutionListener, org.springframework.test.context.transaction.TransactionalTestExecutionListener, org.springframework.test.context.jdbc.SqlScriptsTestExecutionListener, org.springframework.test.context.event.EventPublishingTestExecutionListener]
2021-08-17_15-33-17 [main] INFO  o.s.b.t.c.SpringBootTestContextBootstrapper - Using TestExecutionListeners: [org.springframework.test.context.web.ServletTestExecutionListener@7a065f73, org.springframework.test.context.support.DirtiesContextBeforeModesTestExecutionListener@3f2b55f8, org.springframework.test.context.event.ApplicationEventsTestExecutionListener@3d4d2e29, org.springframework.boot.test.mock.mockito.MockitoTestExecutionListener@400b61cc, org.springframework.boot.test.autoconfigure.SpringBootDependencyInjectionTestExecutionListener@8be5379, org.springframework.test.context.support.DirtiesContextTestExecutionListener@6ddf4303, org.springframework.test.context.transaction.TransactionalTestExecutionListener@39b704f7, org.springframework.test.context.jdbc.SqlScriptsTestExecutionListener@22a9170c, org.springframework.test.context.event.EventPublishingTestExecutionListener@5876bdbb, org.springframework.boot.test.mock.mockito.ResetMocksTestExecutionListener@4fa62aed, org.springframework.boot.test.autoconfigure.restdocs.RestDocsTestExecutionListener@4e370f52, org.springframework.boot.test.autoconfigure.web.client.MockRestServiceServerResetTestExecutionListener@24cc60ef, org.springframework.boot.test.autoconfigure.web.servlet.MockMvcPrintOnlyOnFailureTestExecutionListener@49ba8aa8, org.springframework.boot.test.autoconfigure.web.servlet.WebDriverTestExecutionListener@37353030, org.springframework.boot.test.autoconfigure.webservices.client.MockWebServiceServerTestExecutionListener@418ee41b]
2021-08-17_15-33-30 [main] INFO  c.c.p.q.e.ExceptionDetailsTest - Starting ExceptionDetailsTest using Java 15.0.2 on DESKTOP-BH92MP6 with PID 12124 (started by rames in D:\MFPE-val\PAS\Quotes-Microservice\Quotes-Microservice\Quotes-Microservice-1)
2021-08-17_15-33-30 [main] INFO  c.c.p.q.e.ExceptionDetailsTest - No active profile set, falling back to default profiles: default
2021-08-17_15-33-30 [main] INFO  o.s.d.r.c.RepositoryConfigurationDelegate - Bootstrapping Spring Data JPA repositories in DEFAULT mode.
2021-08-17_15-33-30 [main] INFO  o.s.d.r.c.RepositoryConfigurationDelegate - Finished Spring Data repository scanning in 29 ms. Found 1 JPA repository interfaces.
2021-08-17_15-33-30 [main] INFO  o.s.cloud.context.scope.GenericScope - BeanFactory id=7fee3093-46a4-302a-9e2c-5905802ce152
2021-08-17_15-33-30 [main] INFO  o.s.c.s.PostProcessorRegistrationDelegate$BeanPostProcessorChecker - Bean 'com.cognizant.pas.quotes.feign.AuthorisingClient' of type [org.springframework.cloud.openfeign.FeignClientFactoryBean] is not eligible for getting processed by all BeanPostProcessors (for example: not eligible for auto-proxying)
2021-08-17_15-33-30 [main] INFO  com.zaxxer.hikari.HikariDataSource - HikariPool-3 - Starting...
2021-08-17_15-33-30 [main] INFO  com.zaxxer.hikari.HikariDataSource - HikariPool-3 - Start completed.
2021-08-17_15-33-30 [main] INFO  o.s.o.j.LocalContainerEntityManagerFactoryBean - Initialized JPA EntityManagerFactory for persistence unit 'default'
2021-08-17_15-33-30 [main] INFO  o.s.b.a.h.H2ConsoleAutoConfiguration - H2 console available at '/db'. Database available at 'jdbc:h2:mem:pasdb'
2021-08-17_15-33-30 [main] INFO  s.d.s.w.PropertySourcedRequestMappingHandlerMapping - Mapped URL path [/v2/api-docs] onto method [springfox.documentation.swagger2.web.Swagger2Controller#getDocumentation(String, HttpServletRequest)]
2021-08-17_15-33-30 [main] INFO  o.s.s.c.ThreadPoolTaskExecutor - Initializing ExecutorService 'applicationTaskExecutor'
2021-08-17_15-33-30 [main] INFO  s.d.s.w.p.DocumentationPluginsBootstrapper - Context refreshed
2021-08-17_15-33-30 [main] INFO  s.d.s.w.p.DocumentationPluginsBootstrapper - Found 1 custom documentation plugin(s)
2021-08-17_15-33-30 [main] INFO  s.d.s.w.s.ApiListingReferenceScanner - Scanning for api listing references
2021-08-17_15-33-30 [main] INFO  c.c.p.q.e.ExceptionDetailsTest - Started ExceptionDetailsTest in 9.755 seconds (JVM running for 192.754)
2021-08-17_15-33-30 [main] INFO  o.s.b.t.c.SpringBootTestContextBootstrapper - Neither @ContextConfiguration nor @ContextHierarchy found for test class [com.cognizant.pas.quotes.exception.GlobalExceptionHandlerTest], using SpringBootContextLoader
2021-08-17_15-33-30 [main] INFO  o.s.t.c.s.AbstractContextLoader - Could not detect default resource locations for test class [com.cognizant.pas.quotes.exception.GlobalExceptionHandlerTest]: no resource found for suffixes {-context.xml, Context.groovy}.
2021-08-17_15-33-30 [main] INFO  o.s.t.c.s.AnnotationConfigContextLoaderUtils - Could not detect default configuration classes for test class [com.cognizant.pas.quotes.exception.GlobalExceptionHandlerTest]: GlobalExceptionHandlerTest does not declare any static, non-private, non-final, nested classes annotated with @Configuration.
2021-08-17_15-33-30 [main] INFO  o.s.b.t.c.SpringBootTestContextBootstrapper - Found @SpringBootConfiguration com.cognizant.pas.quotes.QuotesMicroserviceApplication for test class com.cognizant.pas.quotes.exception.GlobalExceptionHandlerTest
2021-08-17_15-33-30 [main] INFO  o.s.b.t.c.SpringBootTestContextBootstrapper - Loaded default TestExecutionListener class names from location [META-INF/spring.factories]: [org.springframework.boot.test.mock.mockito.MockitoTestExecutionListener, org.springframework.boot.test.mock.mockito.ResetMocksTestExecutionListener, org.springframework.boot.test.autoconfigure.restdocs.RestDocsTestExecutionListener, org.springframework.boot.test.autoconfigure.web.client.MockRestServiceServerResetTestExecutionListener, org.springframework.boot.test.autoconfigure.web.servlet.MockMvcPrintOnlyOnFailureTestExecutionListener, org.springframework.boot.test.autoconfigure.web.servlet.WebDriverTestExecutionListener, org.springframework.boot.test.autoconfigure.webservices.client.MockWebServiceServerTestExecutionListener, org.springframework.test.context.web.ServletTestExecutionListener, org.springframework.test.context.support.DirtiesContextBeforeModesTestExecutionListener, org.springframework.test.context.event.ApplicationEventsTestExecutionListener, org.springframework.test.context.support.DependencyInjectionTestExecutionListener, org.springframework.test.context.support.DirtiesContextTestExecutionListener, org.springframework.test.context.transaction.TransactionalTestExecutionListener, org.springframework.test.context.jdbc.SqlScriptsTestExecutionListener, org.springframework.test.context.event.EventPublishingTestExecutionListener]
2021-08-17_15-33-30 [main] INFO  o.s.b.t.c.SpringBootTestContextBootstrapper - Using TestExecutionListeners: [org.springframework.test.context.web.ServletTestExecutionListener@31daef26, org.springframework.test.context.support.DirtiesContextBeforeModesTestExecutionListener@1f59def1, org.springframework.test.context.event.ApplicationEventsTestExecutionListener@707c1e41, org.springframework.boot.test.mock.mockito.MockitoTestExecutionListener@6ed3fecb, org.springframework.boot.test.autoconfigure.SpringBootDependencyInjectionTestExecutionListener@8968fe8, org.springframework.test.context.support.DirtiesContextTestExecutionListener@5969665d, org.springframework.test.context.transaction.TransactionalTestExecutionListener@4977e527, org.springframework.test.context.jdbc.SqlScriptsTestExecutionListener@38a36f64, org.springframework.test.context.event.EventPublishingTestExecutionListener@4765e57, org.springframework.boot.test.mock.mockito.ResetMocksTestExecutionListener@16bf9b0a, org.springframework.boot.test.autoconfigure.restdocs.RestDocsTestExecutionListener@60171a27, org.springframework.boot.test.autoconfigure.web.client.MockRestServiceServerResetTestExecutionListener@436c910e, org.springframework.boot.test.autoconfigure.web.servlet.MockMvcPrintOnlyOnFailureTestExecutionListener@75defbd2, org.springframework.boot.test.autoconfigure.web.servlet.WebDriverTestExecutionListener@1f5359a8, org.springframework.boot.test.autoconfigure.webservices.client.MockWebServiceServerTestExecutionListener@47cdae47]
2021-08-17_15-33-30 [SpringContextShutdownHook] INFO  o.s.s.c.ThreadPoolTaskExecutor - Shutting down ExecutorService 'applicationTaskExecutor'
2021-08-17_15-33-30 [SpringContextShutdownHook] INFO  o.s.s.c.ThreadPoolTaskExecutor - Shutting down ExecutorService 'applicationTaskExecutor'
2021-08-17_15-33-30 [SpringContextShutdownHook] INFO  o.s.s.c.ThreadPoolTaskExecutor - Shutting down ExecutorService 'applicationTaskExecutor'
2021-08-17_15-33-30 [SpringContextShutdownHook] INFO  o.s.o.j.LocalContainerEntityManagerFactoryBean - Closing JPA EntityManagerFactory for persistence unit 'default'
2021-08-17_15-33-30 [SpringContextShutdownHook] INFO  o.s.o.j.LocalContainerEntityManagerFactoryBean - Closing JPA EntityManagerFactory for persistence unit 'default'
2021-08-17_15-33-30 [SpringContextShutdownHook] INFO  com.zaxxer.hikari.HikariDataSource - HikariPool-2 - Shutdown initiated...
2021-08-17_15-33-30 [SpringContextShutdownHook] INFO  com.zaxxer.hikari.HikariDataSource - HikariPool-3 - Shutdown initiated...
2021-08-17_15-33-30 [SpringContextShutdownHook] INFO  com.zaxxer.hikari.HikariDataSource - HikariPool-3 - Shutdown completed.
2021-08-17_15-33-30 [SpringContextShutdownHook] INFO  com.zaxxer.hikari.HikariDataSource - HikariPool-2 - Shutdown completed.
