2021-08-08_12-49-52 [restartedMain] INFO  c.c.p.q.QuotesMicroserviceApplication - Starting QuotesMicroserviceApplication using Java 16.0.1 on SUGU with PID 68828 (E:\CTS-INTERN\software\ECLIPSE\sat-proj\Quotes-Microservice\Quotes-Microservice-1\target\classes started by Suganth in E:\CTS-INTERN\software\ECLIPSE\sat-proj\Quotes-Microservice\Quotes-Microservice-1)
2021-08-08_12-49-52 [restartedMain] INFO  c.c.p.q.QuotesMicroserviceApplication - No active profile set, falling back to default profiles: default
2021-08-08_12-49-52 [restartedMain] INFO  o.s.b.d.e.DevToolsPropertyDefaultsPostProcessor - Devtools property defaults active! Set 'spring.devtools.add-properties' to 'false' to disable
2021-08-08_12-49-52 [restartedMain] INFO  o.s.b.d.e.DevToolsPropertyDefaultsPostProcessor - For additional web related logging consider setting the 'logging.level.web' property to 'DEBUG'
2021-08-08_12-49-52 [restartedMain] INFO  o.s.d.r.c.RepositoryConfigurationDelegate - Bootstrapping Spring Data JPA repositories in DEFAULT mode.
2021-08-08_12-49-52 [restartedMain] INFO  o.s.d.r.c.RepositoryConfigurationDelegate - Finished Spring Data repository scanning in 66 ms. Found 1 JPA repository interfaces.
2021-08-08_12-49-52 [restartedMain] INFO  o.s.cloud.context.scope.GenericScope - BeanFactory id=3ae6aad1-0ec7-3819-ac78-608d1d6edb36
2021-08-08_12-49-52 [restartedMain] INFO  o.s.c.s.PostProcessorRegistrationDelegate$BeanPostProcessorChecker - Bean 'com.cognizant.pas.quotes.feign.AuthorisingClient' of type [org.springframework.cloud.openfeign.FeignClientFactoryBean] is not eligible for getting processed by all BeanPostProcessors (for example: not eligible for auto-proxying)
2021-08-08_12-49-52 [restartedMain] INFO  o.s.b.w.e.tomcat.TomcatWebServer - Tomcat initialized with port(s): 8100 (http)
2021-08-08_12-49-52 [restartedMain] INFO  o.a.coyote.http11.Http11NioProtocol - Initializing ProtocolHandler ["http-nio-8100"]
2021-08-08_12-49-52 [restartedMain] INFO  o.a.catalina.core.StandardService - Starting service [Tomcat]
2021-08-08_12-49-52 [restartedMain] INFO  o.a.catalina.core.StandardEngine - Starting Servlet engine: [Apache Tomcat/9.0.41]
2021-08-08_12-49-52 [restartedMain] INFO  o.a.c.c.C.[.[.[/quotes-api] - Initializing Spring embedded WebApplicationContext
2021-08-08_12-49-52 [restartedMain] INFO  o.s.b.w.s.c.ServletWebServerApplicationContext - Root WebApplicationContext: initialization completed in 2291 ms
2021-08-08_12-49-52 [restartedMain] INFO  com.zaxxer.hikari.HikariDataSource - HikariPool-1 - Starting...
2021-08-08_12-49-52 [restartedMain] INFO  com.zaxxer.hikari.HikariDataSource - HikariPool-1 - Start completed.
2021-08-08_12-49-52 [restartedMain] INFO  o.s.b.a.h.H2ConsoleAutoConfiguration - H2 console available at '/db'. Database available at 'jdbc:h2:mem:quotes_db'
2021-08-08_12-49-52 [restartedMain] INFO  o.s.o.j.LocalContainerEntityManagerFactoryBean - Initialized JPA EntityManagerFactory for persistence unit 'default'
2021-08-08_12-49-52 [restartedMain] INFO  o.s.b.d.a.OptionalLiveReloadServer - LiveReload server is running on port 35729
2021-08-08_12-49-52 [restartedMain] INFO  s.d.s.w.PropertySourcedRequestMappingHandlerMapping - Mapped URL path [/v2/api-docs] onto method [springfox.documentation.swagger2.web.Swagger2Controller#getDocumentation(String, HttpServletRequest)]
2021-08-08_12-49-52 [restartedMain] INFO  o.s.s.c.ThreadPoolTaskExecutor - Initializing ExecutorService 'applicationTaskExecutor'
2021-08-08_12-49-52 [restartedMain] INFO  o.a.coyote.http11.Http11NioProtocol - Starting ProtocolHandler ["http-nio-8100"]
2021-08-08_12-49-52 [restartedMain] INFO  o.s.b.w.e.tomcat.TomcatWebServer - Tomcat started on port(s): 8100 (http) with context path '/quotes-api'
2021-08-08_12-49-52 [restartedMain] INFO  s.d.s.w.p.DocumentationPluginsBootstrapper - Context refreshed
2021-08-08_12-49-52 [restartedMain] INFO  s.d.s.w.p.DocumentationPluginsBootstrapper - Found 1 custom documentation plugin(s)
2021-08-08_12-49-52 [restartedMain] INFO  s.d.s.w.s.ApiListingReferenceScanner - Scanning for api listing references
2021-08-08_12-49-52 [restartedMain] INFO  c.c.p.q.QuotesMicroserviceApplication - Started QuotesMicroserviceApplication in 6.79 seconds (JVM running for 7.954)
2021-08-08_12-49-52 [Thread-7] INFO  o.s.s.c.ThreadPoolTaskExecutor - Shutting down ExecutorService 'applicationTaskExecutor'
2021-08-08_12-49-52 [Thread-7] INFO  o.s.o.j.LocalContainerEntityManagerFactoryBean - Closing JPA EntityManagerFactory for persistence unit 'default'
2021-08-08_12-49-52 [Thread-7] INFO  com.zaxxer.hikari.HikariDataSource - HikariPool-1 - Shutdown initiated...
2021-08-08_12-49-52 [Thread-7] INFO  com.zaxxer.hikari.HikariDataSource - HikariPool-1 - Shutdown completed.
2021-08-08_12-51-05 [restartedMain] INFO  c.c.p.q.QuotesMicroserviceApplication - Starting QuotesMicroserviceApplication using Java 16.0.1 on SUGU with PID 68828 (E:\CTS-INTERN\software\ECLIPSE\sat-proj\Quotes-Microservice\Quotes-Microservice-1\target\classes started by Suganth in E:\CTS-INTERN\software\ECLIPSE\sat-proj\Quotes-Microservice\Quotes-Microservice-1)
2021-08-08_12-51-05 [restartedMain] INFO  c.c.p.q.QuotesMicroserviceApplication - No active profile set, falling back to default profiles: default
2021-08-08_12-51-05 [restartedMain] INFO  o.s.d.r.c.RepositoryConfigurationDelegate - Bootstrapping Spring Data JPA repositories in DEFAULT mode.
2021-08-08_12-51-05 [restartedMain] INFO  o.s.d.r.c.RepositoryConfigurationDelegate - Finished Spring Data repository scanning in 7 ms. Found 1 JPA repository interfaces.
2021-08-08_12-51-05 [restartedMain] INFO  o.s.cloud.context.scope.GenericScope - BeanFactory id=3ae6aad1-0ec7-3819-ac78-608d1d6edb36
2021-08-08_12-51-05 [restartedMain] INFO  o.s.c.s.PostProcessorRegistrationDelegate$BeanPostProcessorChecker - Bean 'com.cognizant.pas.quotes.feign.AuthorisingClient' of type [org.springframework.cloud.openfeign.FeignClientFactoryBean] is not eligible for getting processed by all BeanPostProcessors (for example: not eligible for auto-proxying)
2021-08-08_12-51-05 [restartedMain] INFO  o.s.b.w.e.tomcat.TomcatWebServer - Tomcat initialized with port(s): 8100 (http)
2021-08-08_12-51-05 [restartedMain] INFO  o.a.coyote.http11.Http11NioProtocol - Initializing ProtocolHandler ["http-nio-8100"]
2021-08-08_12-51-05 [restartedMain] INFO  o.a.catalina.core.StandardService - Starting service [Tomcat]
2021-08-08_12-51-05 [restartedMain] INFO  o.a.catalina.core.StandardEngine - Starting Servlet engine: [Apache Tomcat/9.0.41]
2021-08-08_12-51-05 [restartedMain] INFO  o.a.c.c.C.[.[.[/quotes-api] - Initializing Spring embedded WebApplicationContext
2021-08-08_12-51-05 [restartedMain] INFO  o.s.b.w.s.c.ServletWebServerApplicationContext - Root WebApplicationContext: initialization completed in 761 ms
2021-08-08_12-51-05 [restartedMain] INFO  com.zaxxer.hikari.HikariDataSource - HikariPool-2 - Starting...
2021-08-08_12-51-05 [restartedMain] INFO  com.zaxxer.hikari.HikariDataSource - HikariPool-2 - Start completed.
2021-08-08_12-51-05 [restartedMain] INFO  o.s.b.a.h.H2ConsoleAutoConfiguration - H2 console available at '/db'. Database available at 'jdbc:h2:mem:pas_db'
2021-08-08_12-51-05 [restartedMain] INFO  o.s.o.j.LocalContainerEntityManagerFactoryBean - Initialized JPA EntityManagerFactory for persistence unit 'default'
2021-08-08_12-51-05 [restartedMain] INFO  o.s.b.d.a.OptionalLiveReloadServer - LiveReload server is running on port 35729
2021-08-08_12-51-05 [restartedMain] INFO  s.d.s.w.PropertySourcedRequestMappingHandlerMapping - Mapped URL path [/v2/api-docs] onto method [springfox.documentation.swagger2.web.Swagger2Controller#getDocumentation(String, HttpServletRequest)]
2021-08-08_12-51-05 [restartedMain] INFO  o.s.s.c.ThreadPoolTaskExecutor - Initializing ExecutorService 'applicationTaskExecutor'
2021-08-08_12-51-05 [restartedMain] INFO  o.a.coyote.http11.Http11NioProtocol - Starting ProtocolHandler ["http-nio-8100"]
2021-08-08_12-51-05 [restartedMain] INFO  o.s.b.w.e.tomcat.TomcatWebServer - Tomcat started on port(s): 8100 (http) with context path '/quotes-api'
2021-08-08_12-51-05 [restartedMain] INFO  s.d.s.w.p.DocumentationPluginsBootstrapper - Context refreshed
2021-08-08_12-51-05 [restartedMain] INFO  s.d.s.w.p.DocumentationPluginsBootstrapper - Found 1 custom documentation plugin(s)
2021-08-08_12-51-05 [restartedMain] INFO  s.d.s.w.s.ApiListingReferenceScanner - Scanning for api listing references
2021-08-08_12-51-05 [restartedMain] INFO  c.c.p.q.QuotesMicroserviceApplication - Started QuotesMicroserviceApplication in 1.787 seconds (JVM running for 75.99)
2021-08-08_12-51-05 [restartedMain] INFO  o.s.b.d.a.ConditionEvaluationDeltaLoggingListener - Condition evaluation unchanged
2021-08-08_12-51-05 [Thread-12] INFO  o.s.s.c.ThreadPoolTaskExecutor - Shutting down ExecutorService 'applicationTaskExecutor'
2021-08-08_12-51-05 [Thread-12] INFO  o.s.o.j.LocalContainerEntityManagerFactoryBean - Closing JPA EntityManagerFactory for persistence unit 'default'
2021-08-08_12-51-05 [Thread-12] INFO  com.zaxxer.hikari.HikariDataSource - HikariPool-2 - Shutdown initiated...
2021-08-08_12-51-05 [Thread-12] INFO  com.zaxxer.hikari.HikariDataSource - HikariPool-2 - Shutdown completed.
2021-08-08_12-51-18 [restartedMain] INFO  c.c.p.q.QuotesMicroserviceApplication - Starting QuotesMicroserviceApplication using Java 16.0.1 on SUGU with PID 68828 (E:\CTS-INTERN\software\ECLIPSE\sat-proj\Quotes-Microservice\Quotes-Microservice-1\target\classes started by Suganth in E:\CTS-INTERN\software\ECLIPSE\sat-proj\Quotes-Microservice\Quotes-Microservice-1)
2021-08-08_12-51-18 [restartedMain] INFO  c.c.p.q.QuotesMicroserviceApplication - No active profile set, falling back to default profiles: default
2021-08-08_12-51-18 [restartedMain] INFO  o.s.d.r.c.RepositoryConfigurationDelegate - Bootstrapping Spring Data JPA repositories in DEFAULT mode.
2021-08-08_12-51-18 [restartedMain] INFO  o.s.d.r.c.RepositoryConfigurationDelegate - Finished Spring Data repository scanning in 9 ms. Found 1 JPA repository interfaces.
2021-08-08_12-51-18 [restartedMain] INFO  o.s.cloud.context.scope.GenericScope - BeanFactory id=3ae6aad1-0ec7-3819-ac78-608d1d6edb36
2021-08-08_12-51-18 [restartedMain] INFO  o.s.c.s.PostProcessorRegistrationDelegate$BeanPostProcessorChecker - Bean 'com.cognizant.pas.quotes.feign.AuthorisingClient' of type [org.springframework.cloud.openfeign.FeignClientFactoryBean] is not eligible for getting processed by all BeanPostProcessors (for example: not eligible for auto-proxying)
2021-08-08_12-51-18 [restartedMain] INFO  o.s.b.w.e.tomcat.TomcatWebServer - Tomcat initialized with port(s): 8100 (http)
2021-08-08_12-51-18 [restartedMain] INFO  o.a.coyote.http11.Http11NioProtocol - Initializing ProtocolHandler ["http-nio-8100"]
2021-08-08_12-51-18 [restartedMain] INFO  o.a.catalina.core.StandardService - Starting service [Tomcat]
2021-08-08_12-51-18 [restartedMain] INFO  o.a.catalina.core.StandardEngine - Starting Servlet engine: [Apache Tomcat/9.0.41]
2021-08-08_12-51-18 [restartedMain] INFO  o.a.c.c.C.[.[.[/quotes-api] - Initializing Spring embedded WebApplicationContext
2021-08-08_12-51-18 [restartedMain] INFO  o.s.b.w.s.c.ServletWebServerApplicationContext - Root WebApplicationContext: initialization completed in 763 ms
2021-08-08_12-51-18 [restartedMain] INFO  com.zaxxer.hikari.HikariDataSource - HikariPool-3 - Starting...
2021-08-08_12-51-18 [restartedMain] INFO  com.zaxxer.hikari.HikariDataSource - HikariPool-3 - Start completed.
2021-08-08_12-51-18 [restartedMain] INFO  o.s.b.a.h.H2ConsoleAutoConfiguration - H2 console available at '/db'. Database available at 'jdbc:h2:mem:pasdb'
2021-08-08_12-51-18 [restartedMain] INFO  o.s.o.j.LocalContainerEntityManagerFactoryBean - Initialized JPA EntityManagerFactory for persistence unit 'default'
2021-08-08_12-51-18 [restartedMain] INFO  o.s.b.d.a.OptionalLiveReloadServer - LiveReload server is running on port 35729
2021-08-08_12-51-18 [restartedMain] INFO  s.d.s.w.PropertySourcedRequestMappingHandlerMapping - Mapped URL path [/v2/api-docs] onto method [springfox.documentation.swagger2.web.Swagger2Controller#getDocumentation(String, HttpServletRequest)]
2021-08-08_12-51-18 [restartedMain] INFO  o.s.s.c.ThreadPoolTaskExecutor - Initializing ExecutorService 'applicationTaskExecutor'
2021-08-08_12-51-18 [restartedMain] INFO  o.a.coyote.http11.Http11NioProtocol - Starting ProtocolHandler ["http-nio-8100"]
2021-08-08_12-51-18 [restartedMain] INFO  o.s.b.w.e.tomcat.TomcatWebServer - Tomcat started on port(s): 8100 (http) with context path '/quotes-api'
2021-08-08_12-51-18 [restartedMain] INFO  s.d.s.w.p.DocumentationPluginsBootstrapper - Context refreshed
2021-08-08_12-51-18 [restartedMain] INFO  s.d.s.w.p.DocumentationPluginsBootstrapper - Found 1 custom documentation plugin(s)
2021-08-08_12-51-18 [restartedMain] INFO  s.d.s.w.s.ApiListingReferenceScanner - Scanning for api listing references
2021-08-08_12-51-18 [restartedMain] INFO  c.c.p.q.QuotesMicroserviceApplication - Started QuotesMicroserviceApplication in 1.808 seconds (JVM running for 89.368)
2021-08-08_12-51-18 [restartedMain] INFO  o.s.b.d.a.ConditionEvaluationDeltaLoggingListener - Condition evaluation unchanged
2021-08-08_12-51-45 [main] INFO  o.s.b.t.a.w.s.WebMvcTestContextBootstrapper - Neither @ContextConfiguration nor @ContextHierarchy found for test class [com.cognizant.pas.quotes.controller.QuotesMicroserviceControllerTest], using SpringBootContextLoader
2021-08-08_12-51-45 [main] INFO  o.s.t.c.s.AbstractContextLoader - Could not detect default resource locations for test class [com.cognizant.pas.quotes.controller.QuotesMicroserviceControllerTest]: no resource found for suffixes {-context.xml, Context.groovy}.
2021-08-08_12-51-45 [main] INFO  o.s.t.c.s.AnnotationConfigContextLoaderUtils - Could not detect default configuration classes for test class [com.cognizant.pas.quotes.controller.QuotesMicroserviceControllerTest]: QuotesMicroserviceControllerTest does not declare any static, non-private, non-final, nested classes annotated with @Configuration.
2021-08-08_12-51-45 [main] INFO  o.s.b.t.c.SpringBootTestContextBootstrapper - Found @SpringBootConfiguration com.cognizant.pas.quotes.QuotesMicroserviceApplication for test class com.cognizant.pas.quotes.controller.QuotesMicroserviceControllerTest
2021-08-08_12-51-45 [main] INFO  o.s.b.t.a.w.s.WebMvcTestContextBootstrapper - Loaded default TestExecutionListener class names from location [META-INF/spring.factories]: [org.springframework.boot.test.mock.mockito.MockitoTestExecutionListener, org.springframework.boot.test.mock.mockito.ResetMocksTestExecutionListener, org.springframework.boot.test.autoconfigure.restdocs.RestDocsTestExecutionListener, org.springframework.boot.test.autoconfigure.web.client.MockRestServiceServerResetTestExecutionListener, org.springframework.boot.test.autoconfigure.web.servlet.MockMvcPrintOnlyOnFailureTestExecutionListener, org.springframework.boot.test.autoconfigure.web.servlet.WebDriverTestExecutionListener, org.springframework.boot.test.autoconfigure.webservices.client.MockWebServiceServerTestExecutionListener, org.springframework.test.context.web.ServletTestExecutionListener, org.springframework.test.context.support.DirtiesContextBeforeModesTestExecutionListener, org.springframework.test.context.event.ApplicationEventsTestExecutionListener, org.springframework.test.context.support.DependencyInjectionTestExecutionListener, org.springframework.test.context.support.DirtiesContextTestExecutionListener, org.springframework.test.context.transaction.TransactionalTestExecutionListener, org.springframework.test.context.jdbc.SqlScriptsTestExecutionListener, org.springframework.test.context.event.EventPublishingTestExecutionListener]
2021-08-08_12-51-45 [main] INFO  o.s.b.t.a.w.s.WebMvcTestContextBootstrapper - Using TestExecutionListeners: [org.springframework.test.context.web.ServletTestExecutionListener@1115433e, org.springframework.test.context.support.DirtiesContextBeforeModesTestExecutionListener@4fdca00a, org.springframework.test.context.event.ApplicationEventsTestExecutionListener@513b52af, org.springframework.boot.test.mock.mockito.MockitoTestExecutionListener@5a8c93, org.springframework.boot.test.autoconfigure.SpringBootDependencyInjectionTestExecutionListener@3bed3315, org.springframework.test.context.support.DirtiesContextTestExecutionListener@119b0892, org.springframework.test.context.transaction.TransactionalTestExecutionListener@1a3e8e24, org.springframework.test.context.jdbc.SqlScriptsTestExecutionListener@4ed4a7e4, org.springframework.test.context.event.EventPublishingTestExecutionListener@1c7350b0, org.springframework.boot.test.mock.mockito.ResetMocksTestExecutionListener@55651434, org.springframework.boot.test.autoconfigure.restdocs.RestDocsTestExecutionListener@3bc4ef12, org.springframework.boot.test.autoconfigure.web.client.MockRestServiceServerResetTestExecutionListener@50448409, org.springframework.boot.test.autoconfigure.web.servlet.MockMvcPrintOnlyOnFailureTestExecutionListener@5634a861, org.springframework.boot.test.autoconfigure.web.servlet.WebDriverTestExecutionListener@2b0dc227, org.springframework.boot.test.autoconfigure.webservices.client.MockWebServiceServerTestExecutionListener@37ad042b]
2021-08-08_12-51-49 [main] INFO  c.c.p.q.c.QuotesMicroserviceControllerTest - Starting QuotesMicroserviceControllerTest using Java 16.0.1 on SUGU with PID 69772 (started by Suganth in E:\CTS-INTERN\software\ECLIPSE\sat-proj\Quotes-Microservice\Quotes-Microservice-1)
2021-08-08_12-51-49 [main] INFO  c.c.p.q.c.QuotesMicroserviceControllerTest - No active profile set, falling back to default profiles: default
2021-08-08_12-51-49 [main] INFO  o.s.d.r.c.RepositoryConfigurationDelegate - Bootstrapping Spring Data JPA repositories in DEFAULT mode.
2021-08-08_12-51-49 [main] INFO  o.s.d.r.c.RepositoryConfigurationDelegate - Finished Spring Data repository scanning in 127 ms. Found 1 JPA repository interfaces.
2021-08-08_12-51-49 [main] INFO  s.d.s.w.PropertySourcedRequestMappingHandlerMapping - Mapped URL path [/v2/api-docs] onto method [springfox.documentation.swagger2.web.Swagger2Controller#getDocumentation(String, HttpServletRequest)]
2021-08-08_12-51-49 [main] INFO  o.s.s.c.ThreadPoolTaskExecutor - Initializing ExecutorService 'applicationTaskExecutor'
2021-08-08_12-51-49 [main] INFO  o.s.b.t.m.w.SpringBootMockServletContext - Initializing Spring TestDispatcherServlet ''
2021-08-08_12-51-49 [main] INFO  o.s.t.w.s.TestDispatcherServlet - Initializing Servlet ''
2021-08-08_12-51-49 [main] INFO  o.s.t.w.s.TestDispatcherServlet - Completed initialization in 2 ms
2021-08-08_12-51-49 [main] INFO  s.d.s.w.p.DocumentationPluginsBootstrapper - Context refreshed
2021-08-08_12-51-49 [main] INFO  s.d.s.w.p.DocumentationPluginsBootstrapper - Found 1 custom documentation plugin(s)
2021-08-08_12-51-49 [main] INFO  s.d.s.w.s.ApiListingReferenceScanner - Scanning for api listing references
2021-08-08_12-51-49 [main] INFO  c.c.p.q.c.QuotesMicroserviceControllerTest - Started QuotesMicroserviceControllerTest in 6.445 seconds (JVM running for 11.159)
2021-08-08_12-51-49 [main] INFO  c.c.p.q.controller.QuotesController - Start
2021-08-08_12-51-49 [main] INFO  c.c.p.q.controller.QuotesController - Start
2021-08-08_12-51-49 [main] INFO  c.c.p.q.controller.QuotesController - End
2021-08-08_12-51-55 [main] INFO  c.c.p.q.QuotesMicroserviceApplication - Starting QuotesMicroserviceApplication using Java 16.0.1 on SUGU with PID 69772 (started by Suganth in E:\CTS-INTERN\software\ECLIPSE\sat-proj\Quotes-Microservice\Quotes-Microservice-1)
2021-08-08_12-51-55 [main] INFO  c.c.p.q.QuotesMicroserviceApplication - No active profile set, falling back to default profiles: default
2021-08-08_12-51-55 [main] INFO  o.s.d.r.c.RepositoryConfigurationDelegate - Bootstrapping Spring Data JPA repositories in DEFAULT mode.
2021-08-08_12-51-55 [main] INFO  o.s.d.r.c.RepositoryConfigurationDelegate - Finished Spring Data repository scanning in 13 ms. Found 1 JPA repository interfaces.
2021-08-08_12-51-55 [main] INFO  o.s.cloud.context.scope.GenericScope - BeanFactory id=e273a9f1-54cf-347b-b261-725e893cfbd1
2021-08-08_12-51-55 [main] INFO  o.s.c.s.PostProcessorRegistrationDelegate$BeanPostProcessorChecker - Bean 'com.cognizant.pas.quotes.feign.AuthorisingClient' of type [org.springframework.cloud.openfeign.FeignClientFactoryBean] is not eligible for getting processed by all BeanPostProcessors (for example: not eligible for auto-proxying)
2021-08-08_12-51-55 [main] INFO  o.s.b.w.e.tomcat.TomcatWebServer - Tomcat initialized with port(s): 8100 (http)
2021-08-08_12-51-55 [main] INFO  o.a.coyote.http11.Http11NioProtocol - Initializing ProtocolHandler ["http-nio-8100"]
2021-08-08_12-51-55 [main] INFO  o.a.catalina.core.StandardService - Starting service [Tomcat]
2021-08-08_12-51-55 [main] INFO  o.a.catalina.core.StandardEngine - Starting Servlet engine: [Apache Tomcat/9.0.41]
2021-08-08_12-51-55 [main] INFO  o.a.c.c.C.[.[.[/quotes-api] - Initializing Spring embedded WebApplicationContext
2021-08-08_12-51-55 [main] INFO  o.s.b.w.s.c.ServletWebServerApplicationContext - Root WebApplicationContext: initialization completed in 2470 ms
2021-08-08_12-51-55 [main] INFO  com.zaxxer.hikari.HikariDataSource - HikariPool-1 - Starting...
2021-08-08_12-51-55 [main] INFO  com.zaxxer.hikari.HikariDataSource - HikariPool-1 - Start completed.
2021-08-08_12-51-55 [main] INFO  o.s.b.a.h.H2ConsoleAutoConfiguration - H2 console available at '/db'. Database available at 'jdbc:h2:mem:pasdb'
2021-08-08_12-51-55 [main] INFO  o.s.o.j.LocalContainerEntityManagerFactoryBean - Initialized JPA EntityManagerFactory for persistence unit 'default'
2021-08-08_12-51-55 [main] INFO  s.d.s.w.PropertySourcedRequestMappingHandlerMapping - Mapped URL path [/v2/api-docs] onto method [springfox.documentation.swagger2.web.Swagger2Controller#getDocumentation(String, HttpServletRequest)]
2021-08-08_12-51-55 [main] INFO  o.s.s.c.ThreadPoolTaskExecutor - Initializing ExecutorService 'applicationTaskExecutor'
2021-08-08_12-51-55 [main] INFO  o.a.coyote.http11.Http11NioProtocol - Starting ProtocolHandler ["http-nio-8100"]
2021-08-08_12-51-55 [main] INFO  o.s.s.c.ThreadPoolTaskExecutor - Shutting down ExecutorService 'applicationTaskExecutor'
2021-08-08_12-51-55 [main] INFO  o.s.o.j.LocalContainerEntityManagerFactoryBean - Closing JPA EntityManagerFactory for persistence unit 'default'
2021-08-08_12-51-55 [main] INFO  com.zaxxer.hikari.HikariDataSource - HikariPool-1 - Shutdown initiated...
2021-08-08_12-51-55 [main] INFO  com.zaxxer.hikari.HikariDataSource - HikariPool-1 - Shutdown completed.
2021-08-08_12-51-55 [main] INFO  o.a.coyote.http11.Http11NioProtocol - Pausing ProtocolHandler ["http-nio-8100"]
2021-08-08_12-51-55 [main] INFO  o.a.catalina.core.StandardService - Stopping service [Tomcat]
2021-08-08_12-51-55 [main] INFO  o.a.coyote.http11.Http11NioProtocol - Stopping ProtocolHandler ["http-nio-8100"]
2021-08-08_12-51-55 [main] INFO  o.a.coyote.http11.Http11NioProtocol - Destroying ProtocolHandler ["http-nio-8100"]
2021-08-08_12-51-55 [main] INFO  o.s.b.a.l.ConditionEvaluationReportLoggingListener - 

Error starting ApplicationContext. To display the conditions report re-run your application with 'debug' enabled.
2021-08-08_12-51-55 [main] INFO  o.s.b.t.c.SpringBootTestContextBootstrapper - Neither @ContextConfiguration nor @ContextHierarchy found for test class [com.cognizant.pas.quotes.exception.AuthorizationExceptionTest], using SpringBootContextLoader
2021-08-08_12-51-55 [main] INFO  o.s.t.c.s.AbstractContextLoader - Could not detect default resource locations for test class [com.cognizant.pas.quotes.exception.AuthorizationExceptionTest]: no resource found for suffixes {-context.xml, Context.groovy}.
2021-08-08_12-51-55 [main] INFO  o.s.t.c.s.AnnotationConfigContextLoaderUtils - Could not detect default configuration classes for test class [com.cognizant.pas.quotes.exception.AuthorizationExceptionTest]: AuthorizationExceptionTest does not declare any static, non-private, non-final, nested classes annotated with @Configuration.
2021-08-08_12-51-55 [main] INFO  o.s.b.t.c.SpringBootTestContextBootstrapper - Found @SpringBootConfiguration com.cognizant.pas.quotes.QuotesMicroserviceApplication for test class com.cognizant.pas.quotes.exception.AuthorizationExceptionTest
2021-08-08_12-51-55 [main] INFO  o.s.b.t.c.SpringBootTestContextBootstrapper - Loaded default TestExecutionListener class names from location [META-INF/spring.factories]: [org.springframework.boot.test.mock.mockito.MockitoTestExecutionListener, org.springframework.boot.test.mock.mockito.ResetMocksTestExecutionListener, org.springframework.boot.test.autoconfigure.restdocs.RestDocsTestExecutionListener, org.springframework.boot.test.autoconfigure.web.client.MockRestServiceServerResetTestExecutionListener, org.springframework.boot.test.autoconfigure.web.servlet.MockMvcPrintOnlyOnFailureTestExecutionListener, org.springframework.boot.test.autoconfigure.web.servlet.WebDriverTestExecutionListener, org.springframework.boot.test.autoconfigure.webservices.client.MockWebServiceServerTestExecutionListener, org.springframework.test.context.web.ServletTestExecutionListener, org.springframework.test.context.support.DirtiesContextBeforeModesTestExecutionListener, org.springframework.test.context.event.ApplicationEventsTestExecutionListener, org.springframework.test.context.support.DependencyInjectionTestExecutionListener, org.springframework.test.context.support.DirtiesContextTestExecutionListener, org.springframework.test.context.transaction.TransactionalTestExecutionListener, org.springframework.test.context.jdbc.SqlScriptsTestExecutionListener, org.springframework.test.context.event.EventPublishingTestExecutionListener]
2021-08-08_12-51-55 [main] INFO  o.s.b.t.c.SpringBootTestContextBootstrapper - Using TestExecutionListeners: [org.springframework.test.context.web.ServletTestExecutionListener@78db9c86, org.springframework.test.context.support.DirtiesContextBeforeModesTestExecutionListener@3d548bf5, org.springframework.test.context.event.ApplicationEventsTestExecutionListener@201de523, org.springframework.boot.test.mock.mockito.MockitoTestExecutionListener@311f1260, org.springframework.boot.test.autoconfigure.SpringBootDependencyInjectionTestExecutionListener@15849769, org.springframework.test.context.support.DirtiesContextTestExecutionListener@c96bd0f, org.springframework.test.context.transaction.TransactionalTestExecutionListener@436d7543, org.springframework.test.context.jdbc.SqlScriptsTestExecutionListener@aa8f35c, org.springframework.test.context.event.EventPublishingTestExecutionListener@3ba602bf, org.springframework.boot.test.mock.mockito.ResetMocksTestExecutionListener@261ae01, org.springframework.boot.test.autoconfigure.restdocs.RestDocsTestExecutionListener@2a0e0463, org.springframework.boot.test.autoconfigure.web.client.MockRestServiceServerResetTestExecutionListener@67f1306d, org.springframework.boot.test.autoconfigure.web.servlet.MockMvcPrintOnlyOnFailureTestExecutionListener@6cc975d6, org.springframework.boot.test.autoconfigure.web.servlet.WebDriverTestExecutionListener@63d7dfe8, org.springframework.boot.test.autoconfigure.webservices.client.MockWebServiceServerTestExecutionListener@3920f2ed]
2021-08-08_12-52-02 [main] INFO  c.c.p.q.e.AuthorizationExceptionTest - Starting AuthorizationExceptionTest using Java 16.0.1 on SUGU with PID 69772 (started by Suganth in E:\CTS-INTERN\software\ECLIPSE\sat-proj\Quotes-Microservice\Quotes-Microservice-1)
2021-08-08_12-52-02 [main] INFO  c.c.p.q.e.AuthorizationExceptionTest - No active profile set, falling back to default profiles: default
2021-08-08_12-52-02 [main] INFO  o.s.d.r.c.RepositoryConfigurationDelegate - Bootstrapping Spring Data JPA repositories in DEFAULT mode.
2021-08-08_12-52-02 [main] INFO  o.s.d.r.c.RepositoryConfigurationDelegate - Finished Spring Data repository scanning in 13 ms. Found 1 JPA repository interfaces.
2021-08-08_12-52-02 [main] INFO  o.s.cloud.context.scope.GenericScope - BeanFactory id=7fee3093-46a4-302a-9e2c-5905802ce152
2021-08-08_12-52-02 [main] INFO  com.zaxxer.hikari.HikariDataSource - HikariPool-2 - Starting...
2021-08-08_12-52-02 [main] INFO  com.zaxxer.hikari.HikariDataSource - HikariPool-2 - Start completed.
2021-08-08_12-52-02 [main] INFO  o.s.o.j.LocalContainerEntityManagerFactoryBean - Initialized JPA EntityManagerFactory for persistence unit 'default'
2021-08-08_12-52-02 [main] INFO  o.s.b.a.h.H2ConsoleAutoConfiguration - H2 console available at '/db'. Database available at 'jdbc:h2:mem:pasdb'
2021-08-08_12-52-02 [main] INFO  s.d.s.w.PropertySourcedRequestMappingHandlerMapping - Mapped URL path [/v2/api-docs] onto method [springfox.documentation.swagger2.web.Swagger2Controller#getDocumentation(String, HttpServletRequest)]
2021-08-08_12-52-02 [main] INFO  o.s.s.c.ThreadPoolTaskExecutor - Initializing ExecutorService 'applicationTaskExecutor'
2021-08-08_12-52-02 [main] INFO  s.d.s.w.p.DocumentationPluginsBootstrapper - Context refreshed
2021-08-08_12-52-02 [main] INFO  s.d.s.w.p.DocumentationPluginsBootstrapper - Found 1 custom documentation plugin(s)
2021-08-08_12-52-02 [main] INFO  s.d.s.w.s.ApiListingReferenceScanner - Scanning for api listing references
2021-08-08_12-52-02 [main] INFO  c.c.p.q.e.AuthorizationExceptionTest - Started AuthorizationExceptionTest in 2.79 seconds (JVM running for 21.871)
2021-08-08_12-52-02 [main] INFO  o.s.b.t.c.SpringBootTestContextBootstrapper - Neither @ContextConfiguration nor @ContextHierarchy found for test class [com.cognizant.pas.quotes.exception.ExceptionDetailsTest], using SpringBootContextLoader
2021-08-08_12-52-02 [main] INFO  o.s.t.c.s.AbstractContextLoader - Could not detect default resource locations for test class [com.cognizant.pas.quotes.exception.ExceptionDetailsTest]: no resource found for suffixes {-context.xml, Context.groovy}.
2021-08-08_12-52-02 [main] INFO  o.s.t.c.s.AnnotationConfigContextLoaderUtils - Could not detect default configuration classes for test class [com.cognizant.pas.quotes.exception.ExceptionDetailsTest]: ExceptionDetailsTest does not declare any static, non-private, non-final, nested classes annotated with @Configuration.
2021-08-08_12-52-02 [main] INFO  o.s.b.t.c.SpringBootTestContextBootstrapper - Found @SpringBootConfiguration com.cognizant.pas.quotes.QuotesMicroserviceApplication for test class com.cognizant.pas.quotes.exception.ExceptionDetailsTest
2021-08-08_12-52-02 [main] INFO  o.s.b.t.c.SpringBootTestContextBootstrapper - Loaded default TestExecutionListener class names from location [META-INF/spring.factories]: [org.springframework.boot.test.mock.mockito.MockitoTestExecutionListener, org.springframework.boot.test.mock.mockito.ResetMocksTestExecutionListener, org.springframework.boot.test.autoconfigure.restdocs.RestDocsTestExecutionListener, org.springframework.boot.test.autoconfigure.web.client.MockRestServiceServerResetTestExecutionListener, org.springframework.boot.test.autoconfigure.web.servlet.MockMvcPrintOnlyOnFailureTestExecutionListener, org.springframework.boot.test.autoconfigure.web.servlet.WebDriverTestExecutionListener, org.springframework.boot.test.autoconfigure.webservices.client.MockWebServiceServerTestExecutionListener, org.springframework.test.context.web.ServletTestExecutionListener, org.springframework.test.context.support.DirtiesContextBeforeModesTestExecutionListener, org.springframework.test.context.event.ApplicationEventsTestExecutionListener, org.springframework.test.context.support.DependencyInjectionTestExecutionListener, org.springframework.test.context.support.DirtiesContextTestExecutionListener, org.springframework.test.context.transaction.TransactionalTestExecutionListener, org.springframework.test.context.jdbc.SqlScriptsTestExecutionListener, org.springframework.test.context.event.EventPublishingTestExecutionListener]
2021-08-08_12-52-02 [main] INFO  o.s.b.t.c.SpringBootTestContextBootstrapper - Using TestExecutionListeners: [org.springframework.test.context.web.ServletTestExecutionListener@46486cce, org.springframework.test.context.support.DirtiesContextBeforeModesTestExecutionListener@56bb8198, org.springframework.test.context.event.ApplicationEventsTestExecutionListener@61762b96, org.springframework.boot.test.mock.mockito.MockitoTestExecutionListener@7478fca1, org.springframework.boot.test.autoconfigure.SpringBootDependencyInjectionTestExecutionListener@7153d0fc, org.springframework.test.context.support.DirtiesContextTestExecutionListener@7bee380f, org.springframework.test.context.transaction.TransactionalTestExecutionListener@2b14967f, org.springframework.test.context.jdbc.SqlScriptsTestExecutionListener@18bafa48, org.springframework.test.context.event.EventPublishingTestExecutionListener@77011d93, org.springframework.boot.test.mock.mockito.ResetMocksTestExecutionListener@7da57d3c, org.springframework.boot.test.autoconfigure.restdocs.RestDocsTestExecutionListener@728dab99, org.springframework.boot.test.autoconfigure.web.client.MockRestServiceServerResetTestExecutionListener@3d2a773a, org.springframework.boot.test.autoconfigure.web.servlet.MockMvcPrintOnlyOnFailureTestExecutionListener@42b80889, org.springframework.boot.test.autoconfigure.web.servlet.WebDriverTestExecutionListener@1422c17f, org.springframework.boot.test.autoconfigure.webservices.client.MockWebServiceServerTestExecutionListener@bec7101]
2021-08-08_12-52-05 [main] INFO  c.c.p.q.e.ExceptionDetailsTest - Starting ExceptionDetailsTest using Java 16.0.1 on SUGU with PID 69772 (started by Suganth in E:\CTS-INTERN\software\ECLIPSE\sat-proj\Quotes-Microservice\Quotes-Microservice-1)
2021-08-08_12-52-05 [main] INFO  c.c.p.q.e.ExceptionDetailsTest - No active profile set, falling back to default profiles: default
2021-08-08_12-52-05 [main] INFO  o.s.d.r.c.RepositoryConfigurationDelegate - Bootstrapping Spring Data JPA repositories in DEFAULT mode.
2021-08-08_12-52-05 [main] INFO  o.s.d.r.c.RepositoryConfigurationDelegate - Finished Spring Data repository scanning in 13 ms. Found 1 JPA repository interfaces.
2021-08-08_12-52-05 [main] INFO  o.s.cloud.context.scope.GenericScope - BeanFactory id=7fee3093-46a4-302a-9e2c-5905802ce152
2021-08-08_12-52-05 [main] INFO  o.s.c.s.PostProcessorRegistrationDelegate$BeanPostProcessorChecker - Bean 'com.cognizant.pas.quotes.feign.AuthorisingClient' of type [org.springframework.cloud.openfeign.FeignClientFactoryBean] is not eligible for getting processed by all BeanPostProcessors (for example: not eligible for auto-proxying)
2021-08-08_12-52-05 [main] INFO  com.zaxxer.hikari.HikariDataSource - HikariPool-3 - Starting...
2021-08-08_12-52-05 [main] INFO  com.zaxxer.hikari.HikariDataSource - HikariPool-3 - Start completed.
2021-08-08_12-52-05 [main] INFO  o.s.o.j.LocalContainerEntityManagerFactoryBean - Initialized JPA EntityManagerFactory for persistence unit 'default'
2021-08-08_12-52-05 [main] INFO  o.s.b.a.h.H2ConsoleAutoConfiguration - H2 console available at '/db'. Database available at 'jdbc:h2:mem:pasdb'
2021-08-08_12-52-05 [main] INFO  s.d.s.w.PropertySourcedRequestMappingHandlerMapping - Mapped URL path [/v2/api-docs] onto method [springfox.documentation.swagger2.web.Swagger2Controller#getDocumentation(String, HttpServletRequest)]
2021-08-08_12-52-05 [main] INFO  o.s.s.c.ThreadPoolTaskExecutor - Initializing ExecutorService 'applicationTaskExecutor'
2021-08-08_12-52-05 [main] INFO  s.d.s.w.p.DocumentationPluginsBootstrapper - Context refreshed
2021-08-08_12-52-05 [main] INFO  s.d.s.w.p.DocumentationPluginsBootstrapper - Found 1 custom documentation plugin(s)
2021-08-08_12-52-05 [main] INFO  s.d.s.w.s.ApiListingReferenceScanner - Scanning for api listing references
2021-08-08_12-52-05 [main] INFO  c.c.p.q.e.ExceptionDetailsTest - Started ExceptionDetailsTest in 2.74 seconds (JVM running for 24.645)
2021-08-08_12-52-05 [main] INFO  o.s.b.t.c.SpringBootTestContextBootstrapper - Neither @ContextConfiguration nor @ContextHierarchy found for test class [com.cognizant.pas.quotes.exception.GlobalExceptionHandlerTest], using SpringBootContextLoader
2021-08-08_12-52-05 [main] INFO  o.s.t.c.s.AbstractContextLoader - Could not detect default resource locations for test class [com.cognizant.pas.quotes.exception.GlobalExceptionHandlerTest]: no resource found for suffixes {-context.xml, Context.groovy}.
2021-08-08_12-52-05 [main] INFO  o.s.t.c.s.AnnotationConfigContextLoaderUtils - Could not detect default configuration classes for test class [com.cognizant.pas.quotes.exception.GlobalExceptionHandlerTest]: GlobalExceptionHandlerTest does not declare any static, non-private, non-final, nested classes annotated with @Configuration.
2021-08-08_12-52-05 [main] INFO  o.s.b.t.c.SpringBootTestContextBootstrapper - Found @SpringBootConfiguration com.cognizant.pas.quotes.QuotesMicroserviceApplication for test class com.cognizant.pas.quotes.exception.GlobalExceptionHandlerTest
2021-08-08_12-52-05 [main] INFO  o.s.b.t.c.SpringBootTestContextBootstrapper - Loaded default TestExecutionListener class names from location [META-INF/spring.factories]: [org.springframework.boot.test.mock.mockito.MockitoTestExecutionListener, org.springframework.boot.test.mock.mockito.ResetMocksTestExecutionListener, org.springframework.boot.test.autoconfigure.restdocs.RestDocsTestExecutionListener, org.springframework.boot.test.autoconfigure.web.client.MockRestServiceServerResetTestExecutionListener, org.springframework.boot.test.autoconfigure.web.servlet.MockMvcPrintOnlyOnFailureTestExecutionListener, org.springframework.boot.test.autoconfigure.web.servlet.WebDriverTestExecutionListener, org.springframework.boot.test.autoconfigure.webservices.client.MockWebServiceServerTestExecutionListener, org.springframework.test.context.web.ServletTestExecutionListener, org.springframework.test.context.support.DirtiesContextBeforeModesTestExecutionListener, org.springframework.test.context.event.ApplicationEventsTestExecutionListener, org.springframework.test.context.support.DependencyInjectionTestExecutionListener, org.springframework.test.context.support.DirtiesContextTestExecutionListener, org.springframework.test.context.transaction.TransactionalTestExecutionListener, org.springframework.test.context.jdbc.SqlScriptsTestExecutionListener, org.springframework.test.context.event.EventPublishingTestExecutionListener]
2021-08-08_12-52-05 [main] INFO  o.s.b.t.c.SpringBootTestContextBootstrapper - Using TestExecutionListeners: [org.springframework.test.context.web.ServletTestExecutionListener@1a1f0a6b, org.springframework.test.context.support.DirtiesContextBeforeModesTestExecutionListener@1f95559f, org.springframework.test.context.event.ApplicationEventsTestExecutionListener@17fe2e80, org.springframework.boot.test.mock.mockito.MockitoTestExecutionListener@3ed905ad, org.springframework.boot.test.autoconfigure.SpringBootDependencyInjectionTestExecutionListener@5cf70c4f, org.springframework.test.context.support.DirtiesContextTestExecutionListener@69fb83e3, org.springframework.test.context.transaction.TransactionalTestExecutionListener@f973a72, org.springframework.test.context.jdbc.SqlScriptsTestExecutionListener@7915a240, org.springframework.test.context.event.EventPublishingTestExecutionListener@1de44c59, org.springframework.boot.test.mock.mockito.ResetMocksTestExecutionListener@2835309d, org.springframework.boot.test.autoconfigure.restdocs.RestDocsTestExecutionListener@1ec7db43, org.springframework.boot.test.autoconfigure.web.client.MockRestServiceServerResetTestExecutionListener@4a146d79, org.springframework.boot.test.autoconfigure.web.servlet.MockMvcPrintOnlyOnFailureTestExecutionListener@75ad66e6, org.springframework.boot.test.autoconfigure.web.servlet.WebDriverTestExecutionListener@749d0116, org.springframework.boot.test.autoconfigure.webservices.client.MockWebServiceServerTestExecutionListener@5420c105]
2021-08-08_12-52-05 [SpringContextShutdownHook] INFO  o.s.s.c.ThreadPoolTaskExecutor - Shutting down ExecutorService 'applicationTaskExecutor'
2021-08-08_12-52-05 [SpringContextShutdownHook] INFO  o.s.s.c.ThreadPoolTaskExecutor - Shutting down ExecutorService 'applicationTaskExecutor'
2021-08-08_12-52-05 [SpringContextShutdownHook] INFO  o.s.o.j.LocalContainerEntityManagerFactoryBean - Closing JPA EntityManagerFactory for persistence unit 'default'
2021-08-08_12-52-05 [SpringContextShutdownHook] INFO  o.s.s.c.ThreadPoolTaskExecutor - Shutting down ExecutorService 'applicationTaskExecutor'
2021-08-08_12-52-05 [SpringContextShutdownHook] INFO  com.zaxxer.hikari.HikariDataSource - HikariPool-3 - Shutdown initiated...
2021-08-08_12-52-05 [SpringContextShutdownHook] INFO  com.zaxxer.hikari.HikariDataSource - HikariPool-3 - Shutdown completed.
2021-08-08_12-52-05 [SpringContextShutdownHook] INFO  o.s.o.j.LocalContainerEntityManagerFactoryBean - Closing JPA EntityManagerFactory for persistence unit 'default'
2021-08-08_12-52-05 [SpringContextShutdownHook] INFO  com.zaxxer.hikari.HikariDataSource - HikariPool-2 - Shutdown initiated...
2021-08-08_12-52-05 [SpringContextShutdownHook] INFO  com.zaxxer.hikari.HikariDataSource - HikariPool-2 - Shutdown completed.
2021-08-08_12-51-18 [RMI TCP Connection(14)-127.0.0.1] INFO  o.s.b.a.SpringApplicationAdminMXBeanRegistrar$SpringApplicationAdmin - Application shutdown requested.
2021-08-08_12-51-18 [RMI TCP Connection(14)-127.0.0.1] INFO  o.s.s.c.ThreadPoolTaskExecutor - Shutting down ExecutorService 'applicationTaskExecutor'
2021-08-08_12-51-18 [RMI TCP Connection(14)-127.0.0.1] INFO  o.s.o.j.LocalContainerEntityManagerFactoryBean - Closing JPA EntityManagerFactory for persistence unit 'default'
2021-08-08_12-51-18 [RMI TCP Connection(14)-127.0.0.1] INFO  com.zaxxer.hikari.HikariDataSource - HikariPool-3 - Shutdown initiated...
2021-08-08_12-51-18 [RMI TCP Connection(14)-127.0.0.1] INFO  com.zaxxer.hikari.HikariDataSource - HikariPool-3 - Shutdown completed.
