2021-08-06_10-02-12 [restartedMain] INFO  c.c.p.q.QuotesMicroserviceApplication - Starting QuotesMicroserviceApplication using Java 15.0.2 on DESKTOP-BH92MP6 with PID 7716 (C:\Users\rames\Documents\mfpe-pod\Quotes-Microservice\Quotes-Microservice-1\target\classes started by rames in C:\Users\rames\Documents\mfpe-pod\Quotes-Microservice\Quotes-Microservice-1)
2021-08-06_10-02-12 [restartedMain] INFO  c.c.p.q.QuotesMicroserviceApplication - No active profile set, falling back to default profiles: default
2021-08-06_10-02-12 [restartedMain] INFO  o.s.b.d.e.DevToolsPropertyDefaultsPostProcessor - Devtools property defaults active! Set 'spring.devtools.add-properties' to 'false' to disable
2021-08-06_10-02-12 [restartedMain] INFO  o.s.b.d.e.DevToolsPropertyDefaultsPostProcessor - For additional web related logging consider setting the 'logging.level.web' property to 'DEBUG'
2021-08-06_10-02-12 [restartedMain] INFO  o.s.d.r.c.RepositoryConfigurationDelegate - Bootstrapping Spring Data JPA repositories in DEFAULT mode.
2021-08-06_10-02-12 [restartedMain] INFO  o.s.d.r.c.RepositoryConfigurationDelegate - Finished Spring Data repository scanning in 152 ms. Found 1 JPA repository interfaces.
2021-08-06_10-02-12 [restartedMain] INFO  o.s.cloud.context.scope.GenericScope - BeanFactory id=3ae6aad1-0ec7-3819-ac78-608d1d6edb36
2021-08-06_10-02-12 [restartedMain] INFO  o.s.c.s.PostProcessorRegistrationDelegate$BeanPostProcessorChecker - Bean 'com.cognizant.pas.quotes.feign.AuthorisingClient' of type [org.springframework.cloud.openfeign.FeignClientFactoryBean] is not eligible for getting processed by all BeanPostProcessors (for example: not eligible for auto-proxying)
2021-08-06_10-02-12 [restartedMain] INFO  o.s.b.w.e.tomcat.TomcatWebServer - Tomcat initialized with port(s): 8100 (http)
2021-08-06_10-02-12 [restartedMain] INFO  o.a.coyote.http11.Http11NioProtocol - Initializing ProtocolHandler ["http-nio-8100"]
2021-08-06_10-02-12 [restartedMain] INFO  o.a.catalina.core.StandardService - Starting service [Tomcat]
2021-08-06_10-02-12 [restartedMain] INFO  o.a.catalina.core.StandardEngine - Starting Servlet engine: [Apache Tomcat/9.0.41]
2021-08-06_10-02-12 [restartedMain] INFO  o.a.c.c.C.[.[.[/quotes-api] - Initializing Spring embedded WebApplicationContext
2021-08-06_10-02-12 [restartedMain] INFO  o.s.b.w.s.c.ServletWebServerApplicationContext - Root WebApplicationContext: initialization completed in 12784 ms
2021-08-06_10-02-12 [restartedMain] INFO  com.zaxxer.hikari.HikariDataSource - HikariPool-1 - Starting...
2021-08-06_10-02-12 [restartedMain] INFO  com.zaxxer.hikari.HikariDataSource - HikariPool-1 - Start completed.
2021-08-06_10-02-12 [restartedMain] INFO  o.s.b.a.h.H2ConsoleAutoConfiguration - H2 console available at '/db'. Database available at 'jdbc:h2:mem:quotes_db'
2021-08-06_10-02-12 [restartedMain] INFO  o.s.o.j.LocalContainerEntityManagerFactoryBean - Initialized JPA EntityManagerFactory for persistence unit 'default'
2021-08-06_10-02-12 [restartedMain] INFO  s.d.s.w.PropertySourcedRequestMappingHandlerMapping - Mapped URL path [/v2/api-docs] onto method [springfox.documentation.swagger2.web.Swagger2Controller#getDocumentation(String, HttpServletRequest)]
2021-08-06_10-02-12 [restartedMain] INFO  o.s.s.c.ThreadPoolTaskExecutor - Initializing ExecutorService 'applicationTaskExecutor'
2021-08-06_10-02-12 [restartedMain] INFO  o.a.coyote.http11.Http11NioProtocol - Starting ProtocolHandler ["http-nio-8100"]
2021-08-06_10-02-12 [restartedMain] INFO  o.s.b.w.e.tomcat.TomcatWebServer - Tomcat started on port(s): 8100 (http) with context path '/quotes-api'
2021-08-06_10-02-12 [restartedMain] INFO  s.d.s.w.p.DocumentationPluginsBootstrapper - Context refreshed
2021-08-06_10-02-12 [restartedMain] INFO  s.d.s.w.p.DocumentationPluginsBootstrapper - Found 1 custom documentation plugin(s)
2021-08-06_10-02-12 [restartedMain] INFO  s.d.s.w.s.ApiListingReferenceScanner - Scanning for api listing references
2021-08-06_10-02-12 [restartedMain] INFO  c.c.p.q.QuotesMicroserviceApplication - Started QuotesMicroserviceApplication in 39.595 seconds (JVM running for 46.276)
2021-08-06_10-02-12 [Thread-1] INFO  o.s.s.c.ThreadPoolTaskExecutor - Shutting down ExecutorService 'applicationTaskExecutor'
2021-08-06_10-02-12 [Thread-1] INFO  o.s.o.j.LocalContainerEntityManagerFactoryBean - Closing JPA EntityManagerFactory for persistence unit 'default'
2021-08-06_10-02-12 [Thread-1] INFO  com.zaxxer.hikari.HikariDataSource - HikariPool-1 - Shutdown initiated...
2021-08-06_10-02-12 [Thread-1] INFO  com.zaxxer.hikari.HikariDataSource - HikariPool-1 - Shutdown completed.
2021-08-06_10-55-40 [restartedMain] INFO  c.c.p.q.QuotesMicroserviceApplication - Starting QuotesMicroserviceApplication using Java 15.0.2 on DESKTOP-BH92MP6 with PID 7716 (C:\Users\rames\Documents\mfpe-pod\Quotes-Microservice\Quotes-Microservice-1\target\classes started by rames in C:\Users\rames\Documents\mfpe-pod\Quotes-Microservice\Quotes-Microservice-1)
2021-08-06_10-55-40 [restartedMain] INFO  c.c.p.q.QuotesMicroserviceApplication - No active profile set, falling back to default profiles: default
2021-08-06_10-55-40 [restartedMain] INFO  o.s.d.r.c.RepositoryConfigurationDelegate - Bootstrapping Spring Data JPA repositories in DEFAULT mode.
2021-08-06_10-55-40 [restartedMain] INFO  o.s.d.r.c.RepositoryConfigurationDelegate - Finished Spring Data repository scanning in 39 ms. Found 1 JPA repository interfaces.
2021-08-06_10-55-40 [restartedMain] INFO  o.s.cloud.context.scope.GenericScope - BeanFactory id=3ae6aad1-0ec7-3819-ac78-608d1d6edb36
2021-08-06_10-55-40 [restartedMain] INFO  o.s.c.s.PostProcessorRegistrationDelegate$BeanPostProcessorChecker - Bean 'com.cognizant.pas.quotes.feign.AuthorisingClient' of type [org.springframework.cloud.openfeign.FeignClientFactoryBean] is not eligible for getting processed by all BeanPostProcessors (for example: not eligible for auto-proxying)
2021-08-06_10-55-40 [restartedMain] INFO  o.s.b.w.e.tomcat.TomcatWebServer - Tomcat initialized with port(s): 8100 (http)
2021-08-06_10-55-40 [restartedMain] INFO  o.a.coyote.http11.Http11NioProtocol - Initializing ProtocolHandler ["http-nio-8100"]
2021-08-06_10-55-40 [restartedMain] INFO  o.a.catalina.core.StandardService - Starting service [Tomcat]
2021-08-06_10-55-40 [restartedMain] INFO  o.a.catalina.core.StandardEngine - Starting Servlet engine: [Apache Tomcat/9.0.41]
2021-08-06_10-55-40 [restartedMain] INFO  o.a.c.c.C.[.[.[/quotes-api] - Initializing Spring embedded WebApplicationContext
2021-08-06_10-55-40 [restartedMain] INFO  o.s.b.w.s.c.ServletWebServerApplicationContext - Root WebApplicationContext: initialization completed in 6938 ms
2021-08-06_10-55-40 [restartedMain] INFO  com.zaxxer.hikari.HikariDataSource - HikariPool-2 - Starting...
2021-08-06_10-55-40 [restartedMain] INFO  com.zaxxer.hikari.HikariDataSource - HikariPool-2 - Start completed.
2021-08-06_10-55-40 [restartedMain] INFO  o.s.b.a.h.H2ConsoleAutoConfiguration - H2 console available at '/db'. Database available at 'jdbc:h2:mem:quotes_db'
2021-08-06_10-55-40 [restartedMain] INFO  o.s.o.j.LocalContainerEntityManagerFactoryBean - Initialized JPA EntityManagerFactory for persistence unit 'default'
2021-08-06_10-55-40 [restartedMain] INFO  s.d.s.w.PropertySourcedRequestMappingHandlerMapping - Mapped URL path [/v2/api-docs] onto method [springfox.documentation.swagger2.web.Swagger2Controller#getDocumentation(String, HttpServletRequest)]
2021-08-06_10-55-40 [restartedMain] INFO  o.s.s.c.ThreadPoolTaskExecutor - Initializing ExecutorService 'applicationTaskExecutor'
2021-08-06_10-55-40 [restartedMain] INFO  o.a.coyote.http11.Http11NioProtocol - Starting ProtocolHandler ["http-nio-8100"]
2021-08-06_10-55-40 [restartedMain] INFO  o.s.b.w.e.tomcat.TomcatWebServer - Tomcat started on port(s): 8100 (http) with context path '/quotes-api'
2021-08-06_10-55-40 [restartedMain] INFO  s.d.s.w.p.DocumentationPluginsBootstrapper - Context refreshed
2021-08-06_10-55-40 [restartedMain] INFO  s.d.s.w.p.DocumentationPluginsBootstrapper - Found 1 custom documentation plugin(s)
2021-08-06_10-55-40 [restartedMain] INFO  s.d.s.w.s.ApiListingReferenceScanner - Scanning for api listing references
2021-08-06_10-55-40 [restartedMain] INFO  c.c.p.q.QuotesMicroserviceApplication - Started QuotesMicroserviceApplication in 16.883 seconds (JVM running for 3231.08)
2021-08-06_10-55-40 [restartedMain] INFO  o.s.b.d.a.ConditionEvaluationDeltaLoggingListener - Condition evaluation unchanged
