2021-08-10_19-31-09 [restartedMain] INFO  c.c.p.q.QuotesMicroserviceApplication - Starting QuotesMicroserviceApplication using Java 16.0.1 on SUGU with PID 83008 (E:\CTS-INTERN\software\ECLIPSE\sat-proj\Quotes-Microservice\Quotes-Microservice-1\target\classes started by Suganth in E:\CTS-INTERN\software\ECLIPSE\sat-proj\Quotes-Microservice\Quotes-Microservice-1)
2021-08-10_19-31-09 [restartedMain] INFO  c.c.p.q.QuotesMicroserviceApplication - No active profile set, falling back to default profiles: default
2021-08-10_19-31-09 [restartedMain] INFO  o.s.b.d.e.DevToolsPropertyDefaultsPostProcessor - Devtools property defaults active! Set 'spring.devtools.add-properties' to 'false' to disable
2021-08-10_19-31-09 [restartedMain] INFO  o.s.b.d.e.DevToolsPropertyDefaultsPostProcessor - For additional web related logging consider setting the 'logging.level.web' property to 'DEBUG'
2021-08-10_19-31-09 [restartedMain] INFO  o.s.d.r.c.RepositoryConfigurationDelegate - Bootstrapping Spring Data JPA repositories in DEFAULT mode.
2021-08-10_19-31-09 [restartedMain] INFO  o.s.d.r.c.RepositoryConfigurationDelegate - Finished Spring Data repository scanning in 83 ms. Found 1 JPA repository interfaces.
2021-08-10_19-31-09 [restartedMain] INFO  o.s.cloud.context.scope.GenericScope - BeanFactory id=3ae6aad1-0ec7-3819-ac78-608d1d6edb36
2021-08-10_19-31-09 [restartedMain] INFO  o.s.c.s.PostProcessorRegistrationDelegate$BeanPostProcessorChecker - Bean 'com.cognizant.pas.quotes.feign.AuthorisingClient' of type [org.springframework.cloud.openfeign.FeignClientFactoryBean] is not eligible for getting processed by all BeanPostProcessors (for example: not eligible for auto-proxying)
2021-08-10_19-31-09 [restartedMain] INFO  o.s.b.w.e.tomcat.TomcatWebServer - Tomcat initialized with port(s): 8100 (http)
2021-08-10_19-31-09 [restartedMain] INFO  o.a.coyote.http11.Http11NioProtocol - Initializing ProtocolHandler ["http-nio-8100"]
2021-08-10_19-31-09 [restartedMain] INFO  o.a.catalina.core.StandardService - Starting service [Tomcat]
2021-08-10_19-31-09 [restartedMain] INFO  o.a.catalina.core.StandardEngine - Starting Servlet engine: [Apache Tomcat/9.0.41]
2021-08-10_19-31-09 [restartedMain] INFO  o.a.c.c.C.[.[.[/quotes-api] - Initializing Spring embedded WebApplicationContext
2021-08-10_19-31-09 [restartedMain] INFO  o.s.b.w.s.c.ServletWebServerApplicationContext - Root WebApplicationContext: initialization completed in 3930 ms
2021-08-10_19-31-09 [restartedMain] INFO  com.zaxxer.hikari.HikariDataSource - HikariPool-1 - Starting...
2021-08-10_19-31-09 [restartedMain] INFO  com.zaxxer.hikari.HikariDataSource - HikariPool-1 - Start completed.
2021-08-10_19-31-09 [restartedMain] INFO  o.s.b.a.h.H2ConsoleAutoConfiguration - H2 console available at '/db'. Database available at 'jdbc:h2:mem:pasdb'
2021-08-10_19-31-09 [restartedMain] INFO  o.s.o.j.LocalContainerEntityManagerFactoryBean - Initialized JPA EntityManagerFactory for persistence unit 'default'
2021-08-10_19-31-09 [restartedMain] INFO  o.s.b.d.a.OptionalLiveReloadServer - LiveReload server is running on port 35729
2021-08-10_19-31-09 [restartedMain] INFO  s.d.s.w.PropertySourcedRequestMappingHandlerMapping - Mapped URL path [/v2/api-docs] onto method [springfox.documentation.swagger2.web.Swagger2Controller#getDocumentation(String, HttpServletRequest)]
2021-08-10_19-31-09 [restartedMain] INFO  o.s.s.c.ThreadPoolTaskExecutor - Initializing ExecutorService 'applicationTaskExecutor'
2021-08-10_19-31-09 [restartedMain] INFO  o.a.coyote.http11.Http11NioProtocol - Starting ProtocolHandler ["http-nio-8100"]
2021-08-10_19-31-09 [restartedMain] INFO  o.s.b.w.e.tomcat.TomcatWebServer - Tomcat started on port(s): 8100 (http) with context path '/quotes-api'
2021-08-10_19-31-09 [restartedMain] INFO  s.d.s.w.p.DocumentationPluginsBootstrapper - Context refreshed
2021-08-10_19-31-09 [restartedMain] INFO  s.d.s.w.p.DocumentationPluginsBootstrapper - Found 1 custom documentation plugin(s)
2021-08-10_19-31-09 [restartedMain] INFO  s.d.s.w.s.ApiListingReferenceScanner - Scanning for api listing references
2021-08-10_19-31-09 [restartedMain] INFO  c.c.p.q.QuotesMicroserviceApplication - Started QuotesMicroserviceApplication in 12.037 seconds (JVM running for 19.358)
2021-08-10_19-31-09 [http-nio-8100-exec-10] INFO  o.a.c.c.C.[.[.[/quotes-api] - Initializing Spring DispatcherServlet 'dispatcherServlet'
2021-08-10_19-31-09 [http-nio-8100-exec-10] INFO  o.s.web.servlet.DispatcherServlet - Initializing Servlet 'dispatcherServlet'
2021-08-10_19-31-09 [http-nio-8100-exec-10] INFO  o.s.web.servlet.DispatcherServlet - Completed initialization in 2 ms
2021-08-10_19-31-09 [http-nio-8100-exec-10] INFO  c.c.p.q.controller.QuotesController - Start
2021-08-10_19-31-09 [http-nio-8100-exec-2] INFO  c.c.p.q.controller.QuotesController - Start
2021-08-10_19-31-09 [http-nio-8100-exec-2] INFO  c.c.p.q.controller.QuotesController - End
2021-08-10_19-31-09 [http-nio-8100-exec-4] INFO  c.c.p.q.controller.QuotesController - Start
2021-08-10_19-31-09 [http-nio-8100-exec-6] INFO  c.c.p.q.controller.QuotesController - Start
2021-08-10_19-31-09 [http-nio-8100-exec-8] INFO  c.c.p.q.controller.QuotesController - Start
2021-08-10_19-31-09 [http-nio-8100-exec-2] INFO  c.c.p.q.controller.QuotesController - Start
2021-08-10_19-31-09 [http-nio-8100-exec-2] INFO  c.c.p.q.controller.QuotesController - End
2021-08-10_19-31-09 [http-nio-8100-exec-1] INFO  c.c.p.q.controller.QuotesController - Start
2021-08-10_19-31-09 [http-nio-8100-exec-1] INFO  c.c.p.q.controller.QuotesController - End
2021-08-10_19-31-09 [RMI TCP Connection(66)-127.0.0.1] INFO  o.s.b.a.SpringApplicationAdminMXBeanRegistrar$SpringApplicationAdmin - Application shutdown requested.
2021-08-10_19-31-09 [RMI TCP Connection(66)-127.0.0.1] INFO  o.s.s.c.ThreadPoolTaskExecutor - Shutting down ExecutorService 'applicationTaskExecutor'
2021-08-10_19-31-09 [RMI TCP Connection(66)-127.0.0.1] INFO  o.s.o.j.LocalContainerEntityManagerFactoryBean - Closing JPA EntityManagerFactory for persistence unit 'default'
2021-08-10_19-31-09 [RMI TCP Connection(66)-127.0.0.1] INFO  com.zaxxer.hikari.HikariDataSource - HikariPool-1 - Shutdown initiated...
2021-08-10_19-31-09 [RMI TCP Connection(66)-127.0.0.1] INFO  com.zaxxer.hikari.HikariDataSource - HikariPool-1 - Shutdown completed.
