2021-08-18_12-11-04 [restartedMain] INFO  c.c.p.q.QuotesMicroserviceApplication - Starting QuotesMicroserviceApplication using Java 15.0.2 on DESKTOP-BH92MP6 with PID 7424 (D:\MFPE-val\PAS\Quotes-Microservice\Quotes-Microservice\Quotes-Microservice-1\target\classes started by rames in D:\MFPE-val\PAS\Quotes-Microservice\Quotes-Microservice\Quotes-Microservice-1)
2021-08-18_12-11-04 [restartedMain] INFO  c.c.p.q.QuotesMicroserviceApplication - No active profile set, falling back to default profiles: default
2021-08-18_12-11-04 [restartedMain] INFO  o.s.b.d.e.DevToolsPropertyDefaultsPostProcessor - Devtools property defaults active! Set 'spring.devtools.add-properties' to 'false' to disable
2021-08-18_12-11-04 [restartedMain] INFO  o.s.b.d.e.DevToolsPropertyDefaultsPostProcessor - For additional web related logging consider setting the 'logging.level.web' property to 'DEBUG'
2021-08-18_12-11-04 [restartedMain] INFO  o.s.d.r.c.RepositoryConfigurationDelegate - Bootstrapping Spring Data JPA repositories in DEFAULT mode.
2021-08-18_12-11-04 [restartedMain] INFO  o.s.d.r.c.RepositoryConfigurationDelegate - Finished Spring Data repository scanning in 226 ms. Found 1 JPA repository interfaces.
2021-08-18_12-11-04 [restartedMain] INFO  o.s.cloud.context.scope.GenericScope - BeanFactory id=3ae6aad1-0ec7-3819-ac78-608d1d6edb36
2021-08-18_12-11-04 [restartedMain] INFO  o.s.c.s.PostProcessorRegistrationDelegate$BeanPostProcessorChecker - Bean 'com.cognizant.pas.quotes.feign.AuthorisingClient' of type [org.springframework.cloud.openfeign.FeignClientFactoryBean] is not eligible for getting processed by all BeanPostProcessors (for example: not eligible for auto-proxying)
2021-08-18_12-11-04 [restartedMain] INFO  o.s.b.w.e.tomcat.TomcatWebServer - Tomcat initialized with port(s): 8100 (http)
2021-08-18_12-11-04 [restartedMain] INFO  o.a.coyote.http11.Http11NioProtocol - Initializing ProtocolHandler ["http-nio-8100"]
2021-08-18_12-11-04 [restartedMain] INFO  o.a.catalina.core.StandardService - Starting service [Tomcat]
2021-08-18_12-11-04 [restartedMain] INFO  o.a.catalina.core.StandardEngine - Starting Servlet engine: [Apache Tomcat/9.0.41]
2021-08-18_12-11-04 [restartedMain] INFO  o.a.c.c.C.[.[.[/quotes-api] - Initializing Spring embedded WebApplicationContext
2021-08-18_12-11-04 [restartedMain] INFO  o.s.b.w.s.c.ServletWebServerApplicationContext - Root WebApplicationContext: initialization completed in 11790 ms
2021-08-18_12-11-04 [restartedMain] INFO  com.zaxxer.hikari.HikariDataSource - HikariPool-1 - Starting...
2021-08-18_12-11-04 [restartedMain] INFO  com.zaxxer.hikari.HikariDataSource - HikariPool-1 - Start completed.
2021-08-18_12-11-04 [restartedMain] INFO  o.s.b.a.h.H2ConsoleAutoConfiguration - H2 console available at '/db'. Database available at 'jdbc:h2:mem:pasdb'
2021-08-18_12-11-04 [restartedMain] INFO  o.s.o.j.LocalContainerEntityManagerFactoryBean - Initialized JPA EntityManagerFactory for persistence unit 'default'
2021-08-18_12-11-04 [restartedMain] INFO  s.d.s.w.PropertySourcedRequestMappingHandlerMapping - Mapped URL path [/v2/api-docs] onto method [springfox.documentation.swagger2.web.Swagger2Controller#getDocumentation(String, HttpServletRequest)]
2021-08-18_12-11-04 [restartedMain] INFO  o.s.s.c.ThreadPoolTaskExecutor - Initializing ExecutorService 'applicationTaskExecutor'
2021-08-18_12-11-04 [restartedMain] INFO  o.a.coyote.http11.Http11NioProtocol - Starting ProtocolHandler ["http-nio-8100"]
2021-08-18_12-11-04 [restartedMain] INFO  o.s.b.w.e.tomcat.TomcatWebServer - Tomcat started on port(s): 8100 (http) with context path '/quotes-api'
2021-08-18_12-11-04 [restartedMain] INFO  s.d.s.w.p.DocumentationPluginsBootstrapper - Context refreshed
2021-08-18_12-11-04 [restartedMain] INFO  s.d.s.w.p.DocumentationPluginsBootstrapper - Found 1 custom documentation plugin(s)
2021-08-18_12-11-04 [restartedMain] INFO  s.d.s.w.s.ApiListingReferenceScanner - Scanning for api listing references
2021-08-18_12-11-04 [restartedMain] INFO  c.c.p.q.QuotesMicroserviceApplication - Started QuotesMicroserviceApplication in 33.211 seconds (JVM running for 39.351)
2021-08-18_12-12-22 [main] INFO  o.s.b.t.a.w.s.WebMvcTestContextBootstrapper - Neither @ContextConfiguration nor @ContextHierarchy found for test class [com.cognizant.pas.quotes.controller.QuotesMicroserviceControllerTest], using SpringBootContextLoader
2021-08-18_12-12-22 [main] INFO  o.s.t.c.s.AbstractContextLoader - Could not detect default resource locations for test class [com.cognizant.pas.quotes.controller.QuotesMicroserviceControllerTest]: no resource found for suffixes {-context.xml, Context.groovy}.
2021-08-18_12-12-22 [main] INFO  o.s.t.c.s.AnnotationConfigContextLoaderUtils - Could not detect default configuration classes for test class [com.cognizant.pas.quotes.controller.QuotesMicroserviceControllerTest]: QuotesMicroserviceControllerTest does not declare any static, non-private, non-final, nested classes annotated with @Configuration.
2021-08-18_12-12-22 [main] INFO  o.s.b.t.c.SpringBootTestContextBootstrapper - Found @SpringBootConfiguration com.cognizant.pas.quotes.QuotesMicroserviceApplication for test class com.cognizant.pas.quotes.controller.QuotesMicroserviceControllerTest
2021-08-18_12-12-22 [main] INFO  o.s.b.t.a.w.s.WebMvcTestContextBootstrapper - Loaded default TestExecutionListener class names from location [META-INF/spring.factories]: [org.springframework.boot.test.mock.mockito.MockitoTestExecutionListener, org.springframework.boot.test.mock.mockito.ResetMocksTestExecutionListener, org.springframework.boot.test.autoconfigure.restdocs.RestDocsTestExecutionListener, org.springframework.boot.test.autoconfigure.web.client.MockRestServiceServerResetTestExecutionListener, org.springframework.boot.test.autoconfigure.web.servlet.MockMvcPrintOnlyOnFailureTestExecutionListener, org.springframework.boot.test.autoconfigure.web.servlet.WebDriverTestExecutionListener, org.springframework.boot.test.autoconfigure.webservices.client.MockWebServiceServerTestExecutionListener, org.springframework.test.context.web.ServletTestExecutionListener, org.springframework.test.context.support.DirtiesContextBeforeModesTestExecutionListener, org.springframework.test.context.event.ApplicationEventsTestExecutionListener, org.springframework.test.context.support.DependencyInjectionTestExecutionListener, org.springframework.test.context.support.DirtiesContextTestExecutionListener, org.springframework.test.context.transaction.TransactionalTestExecutionListener, org.springframework.test.context.jdbc.SqlScriptsTestExecutionListener, org.springframework.test.context.event.EventPublishingTestExecutionListener]
2021-08-18_12-12-22 [main] INFO  o.s.b.t.a.w.s.WebMvcTestContextBootstrapper - Using TestExecutionListeners: [org.springframework.test.context.web.ServletTestExecutionListener@119f1f2a, org.springframework.test.context.support.DirtiesContextBeforeModesTestExecutionListener@1a1da881, org.springframework.test.context.event.ApplicationEventsTestExecutionListener@5b970f7, org.springframework.boot.test.mock.mockito.MockitoTestExecutionListener@7fd4acee, org.springframework.boot.test.autoconfigure.SpringBootDependencyInjectionTestExecutionListener@165b8a71, org.springframework.test.context.support.DirtiesContextTestExecutionListener@6175619b, org.springframework.test.context.transaction.TransactionalTestExecutionListener@2f058b8a, org.springframework.test.context.jdbc.SqlScriptsTestExecutionListener@756cf158, org.springframework.test.context.event.EventPublishingTestExecutionListener@3f2ef586, org.springframework.boot.test.mock.mockito.ResetMocksTestExecutionListener@751d3241, org.springframework.boot.test.autoconfigure.restdocs.RestDocsTestExecutionListener@76c7beb3, org.springframework.boot.test.autoconfigure.web.client.MockRestServiceServerResetTestExecutionListener@64337702, org.springframework.boot.test.autoconfigure.web.servlet.MockMvcPrintOnlyOnFailureTestExecutionListener@2cf92cc7, org.springframework.boot.test.autoconfigure.web.servlet.WebDriverTestExecutionListener@30ea8c23, org.springframework.boot.test.autoconfigure.webservices.client.MockWebServiceServerTestExecutionListener@7b139eab]
2021-08-18_12-12-25 [main] INFO  c.c.p.q.c.QuotesMicroserviceControllerTest - Starting QuotesMicroserviceControllerTest using Java 15.0.2 on DESKTOP-BH92MP6 with PID 10100 (started by rames in D:\MFPE-val\PAS\Quotes-Microservice\Quotes-Microservice\Quotes-Microservice-1)
2021-08-18_12-12-25 [main] INFO  c.c.p.q.c.QuotesMicroserviceControllerTest - No active profile set, falling back to default profiles: default
2021-08-18_12-12-25 [main] INFO  o.s.d.r.c.RepositoryConfigurationDelegate - Bootstrapping Spring Data JPA repositories in DEFAULT mode.
2021-08-18_12-12-25 [main] INFO  o.s.d.r.c.RepositoryConfigurationDelegate - Finished Spring Data repository scanning in 173 ms. Found 1 JPA repository interfaces.
2021-08-18_12-12-25 [main] INFO  s.d.s.w.PropertySourcedRequestMappingHandlerMapping - Mapped URL path [/v2/api-docs] onto method [springfox.documentation.swagger2.web.Swagger2Controller#getDocumentation(String, HttpServletRequest)]
2021-08-18_12-12-25 [main] INFO  o.s.s.c.ThreadPoolTaskExecutor - Initializing ExecutorService 'applicationTaskExecutor'
2021-08-18_12-12-25 [main] INFO  o.s.b.t.m.w.SpringBootMockServletContext - Initializing Spring TestDispatcherServlet ''
2021-08-18_12-12-25 [main] INFO  o.s.t.w.s.TestDispatcherServlet - Initializing Servlet ''
2021-08-18_12-12-25 [main] INFO  o.s.t.w.s.TestDispatcherServlet - Completed initialization in 2 ms
2021-08-18_12-12-25 [main] INFO  s.d.s.w.p.DocumentationPluginsBootstrapper - Context refreshed
2021-08-18_12-12-25 [main] INFO  s.d.s.w.p.DocumentationPluginsBootstrapper - Found 1 custom documentation plugin(s)
2021-08-18_12-12-25 [main] INFO  s.d.s.w.s.ApiListingReferenceScanner - Scanning for api listing references
2021-08-18_12-12-25 [main] INFO  c.c.p.q.c.QuotesMicroserviceControllerTest - Started QuotesMicroserviceControllerTest in 7.53 seconds (JVM running for 15.479)
2021-08-18_12-12-25 [main] INFO  c.c.p.q.controller.QuotesController - Start
2021-08-18_12-12-25 [main] INFO  c.c.p.q.controller.QuotesController - Start
2021-08-18_12-12-25 [main] INFO  c.c.p.q.controller.QuotesController - End
2021-08-18_12-12-33 [main] INFO  c.c.p.q.QuotesMicroserviceApplication - Starting QuotesMicroserviceApplication using Java 15.0.2 on DESKTOP-BH92MP6 with PID 10100 (started by rames in D:\MFPE-val\PAS\Quotes-Microservice\Quotes-Microservice\Quotes-Microservice-1)
2021-08-18_12-12-33 [main] INFO  c.c.p.q.QuotesMicroserviceApplication - No active profile set, falling back to default profiles: default
2021-08-18_12-12-33 [main] INFO  o.s.d.r.c.RepositoryConfigurationDelegate - Bootstrapping Spring Data JPA repositories in DEFAULT mode.
2021-08-18_12-12-33 [main] INFO  o.s.d.r.c.RepositoryConfigurationDelegate - Finished Spring Data repository scanning in 22 ms. Found 1 JPA repository interfaces.
2021-08-18_12-12-33 [main] INFO  o.s.cloud.context.scope.GenericScope - BeanFactory id=e273a9f1-54cf-347b-b261-725e893cfbd1
2021-08-18_12-12-33 [main] INFO  o.s.c.s.PostProcessorRegistrationDelegate$BeanPostProcessorChecker - Bean 'com.cognizant.pas.quotes.feign.AuthorisingClient' of type [org.springframework.cloud.openfeign.FeignClientFactoryBean] is not eligible for getting processed by all BeanPostProcessors (for example: not eligible for auto-proxying)
2021-08-18_12-12-33 [main] INFO  o.s.b.w.e.tomcat.TomcatWebServer - Tomcat initialized with port(s): 8100 (http)
2021-08-18_12-12-33 [main] INFO  o.a.coyote.http11.Http11NioProtocol - Initializing ProtocolHandler ["http-nio-8100"]
2021-08-18_12-12-33 [main] INFO  o.a.catalina.core.StandardService - Starting service [Tomcat]
2021-08-18_12-12-33 [main] INFO  o.a.catalina.core.StandardEngine - Starting Servlet engine: [Apache Tomcat/9.0.41]
2021-08-18_12-12-33 [main] INFO  o.a.c.c.C.[.[.[/quotes-api] - Initializing Spring embedded WebApplicationContext
2021-08-18_12-12-33 [main] INFO  o.s.b.w.s.c.ServletWebServerApplicationContext - Root WebApplicationContext: initialization completed in 5780 ms
2021-08-18_12-12-33 [main] INFO  com.zaxxer.hikari.HikariDataSource - HikariPool-1 - Starting...
2021-08-18_12-12-33 [main] INFO  com.zaxxer.hikari.HikariDataSource - HikariPool-1 - Start completed.
2021-08-18_12-12-33 [main] INFO  o.s.b.a.h.H2ConsoleAutoConfiguration - H2 console available at '/db'. Database available at 'jdbc:h2:mem:pasdb'
2021-08-18_12-12-33 [main] INFO  o.s.o.j.LocalContainerEntityManagerFactoryBean - Initialized JPA EntityManagerFactory for persistence unit 'default'
2021-08-18_12-12-33 [main] INFO  s.d.s.w.PropertySourcedRequestMappingHandlerMapping - Mapped URL path [/v2/api-docs] onto method [springfox.documentation.swagger2.web.Swagger2Controller#getDocumentation(String, HttpServletRequest)]
2021-08-18_12-12-33 [main] INFO  o.s.s.c.ThreadPoolTaskExecutor - Initializing ExecutorService 'applicationTaskExecutor'
2021-08-18_12-12-33 [main] INFO  o.a.coyote.http11.Http11NioProtocol - Starting ProtocolHandler ["http-nio-8100"]
2021-08-18_12-12-33 [main] INFO  o.s.s.c.ThreadPoolTaskExecutor - Shutting down ExecutorService 'applicationTaskExecutor'
2021-08-18_12-12-33 [main] INFO  o.s.o.j.LocalContainerEntityManagerFactoryBean - Closing JPA EntityManagerFactory for persistence unit 'default'
2021-08-18_12-12-33 [main] INFO  com.zaxxer.hikari.HikariDataSource - HikariPool-1 - Shutdown initiated...
2021-08-18_12-12-33 [main] INFO  com.zaxxer.hikari.HikariDataSource - HikariPool-1 - Shutdown completed.
2021-08-18_12-12-33 [main] INFO  o.a.coyote.http11.Http11NioProtocol - Pausing ProtocolHandler ["http-nio-8100"]
2021-08-18_12-12-33 [main] INFO  o.a.catalina.core.StandardService - Stopping service [Tomcat]
2021-08-18_12-12-33 [main] INFO  o.a.coyote.http11.Http11NioProtocol - Stopping ProtocolHandler ["http-nio-8100"]
2021-08-18_12-12-33 [main] INFO  o.a.coyote.http11.Http11NioProtocol - Destroying ProtocolHandler ["http-nio-8100"]
2021-08-18_12-12-33 [main] INFO  o.s.b.a.l.ConditionEvaluationReportLoggingListener - 

Error starting ApplicationContext. To display the conditions report re-run your application with 'debug' enabled.
2021-08-18_12-12-33 [main] INFO  o.s.b.t.c.SpringBootTestContextBootstrapper - Neither @ContextConfiguration nor @ContextHierarchy found for test class [com.cognizant.pas.quotes.exception.AuthorizationExceptionTest], using SpringBootContextLoader
2021-08-18_12-12-33 [main] INFO  o.s.t.c.s.AbstractContextLoader - Could not detect default resource locations for test class [com.cognizant.pas.quotes.exception.AuthorizationExceptionTest]: no resource found for suffixes {-context.xml, Context.groovy}.
2021-08-18_12-12-33 [main] INFO  o.s.t.c.s.AnnotationConfigContextLoaderUtils - Could not detect default configuration classes for test class [com.cognizant.pas.quotes.exception.AuthorizationExceptionTest]: AuthorizationExceptionTest does not declare any static, non-private, non-final, nested classes annotated with @Configuration.
2021-08-18_12-12-33 [main] INFO  o.s.b.t.c.SpringBootTestContextBootstrapper - Found @SpringBootConfiguration com.cognizant.pas.quotes.QuotesMicroserviceApplication for test class com.cognizant.pas.quotes.exception.AuthorizationExceptionTest
2021-08-18_12-12-33 [main] INFO  o.s.b.t.c.SpringBootTestContextBootstrapper - Loaded default TestExecutionListener class names from location [META-INF/spring.factories]: [org.springframework.boot.test.mock.mockito.MockitoTestExecutionListener, org.springframework.boot.test.mock.mockito.ResetMocksTestExecutionListener, org.springframework.boot.test.autoconfigure.restdocs.RestDocsTestExecutionListener, org.springframework.boot.test.autoconfigure.web.client.MockRestServiceServerResetTestExecutionListener, org.springframework.boot.test.autoconfigure.web.servlet.MockMvcPrintOnlyOnFailureTestExecutionListener, org.springframework.boot.test.autoconfigure.web.servlet.WebDriverTestExecutionListener, org.springframework.boot.test.autoconfigure.webservices.client.MockWebServiceServerTestExecutionListener, org.springframework.test.context.web.ServletTestExecutionListener, org.springframework.test.context.support.DirtiesContextBeforeModesTestExecutionListener, org.springframework.test.context.event.ApplicationEventsTestExecutionListener, org.springframework.test.context.support.DependencyInjectionTestExecutionListener, org.springframework.test.context.support.DirtiesContextTestExecutionListener, org.springframework.test.context.transaction.TransactionalTestExecutionListener, org.springframework.test.context.jdbc.SqlScriptsTestExecutionListener, org.springframework.test.context.event.EventPublishingTestExecutionListener]
2021-08-18_12-12-33 [main] INFO  o.s.b.t.c.SpringBootTestContextBootstrapper - Using TestExecutionListeners: [org.springframework.test.context.web.ServletTestExecutionListener@25b8a2f7, org.springframework.test.context.support.DirtiesContextBeforeModesTestExecutionListener@9a3d0f4, org.springframework.test.context.event.ApplicationEventsTestExecutionListener@7e130e34, org.springframework.boot.test.mock.mockito.MockitoTestExecutionListener@77d5c4c6, org.springframework.boot.test.autoconfigure.SpringBootDependencyInjectionTestExecutionListener@171a6fd1, org.springframework.test.context.support.DirtiesContextTestExecutionListener@a929b6, org.springframework.test.context.transaction.TransactionalTestExecutionListener@66ade539, org.springframework.test.context.jdbc.SqlScriptsTestExecutionListener@3f07eede, org.springframework.test.context.event.EventPublishingTestExecutionListener@7b276a08, org.springframework.boot.test.mock.mockito.ResetMocksTestExecutionListener@328a1843, org.springframework.boot.test.autoconfigure.restdocs.RestDocsTestExecutionListener@3b07b706, org.springframework.boot.test.autoconfigure.web.client.MockRestServiceServerResetTestExecutionListener@3b76dfa6, org.springframework.boot.test.autoconfigure.web.servlet.MockMvcPrintOnlyOnFailureTestExecutionListener@7b4185ea, org.springframework.boot.test.autoconfigure.web.servlet.WebDriverTestExecutionListener@196bc2c1, org.springframework.boot.test.autoconfigure.webservices.client.MockWebServiceServerTestExecutionListener@1fd2f96d]
2021-08-18_12-12-50 [main] INFO  c.c.p.q.e.AuthorizationExceptionTest - Starting AuthorizationExceptionTest using Java 15.0.2 on DESKTOP-BH92MP6 with PID 10100 (started by rames in D:\MFPE-val\PAS\Quotes-Microservice\Quotes-Microservice\Quotes-Microservice-1)
2021-08-18_12-12-50 [main] INFO  c.c.p.q.e.AuthorizationExceptionTest - No active profile set, falling back to default profiles: default
2021-08-18_12-12-50 [main] INFO  o.s.d.r.c.RepositoryConfigurationDelegate - Bootstrapping Spring Data JPA repositories in DEFAULT mode.
2021-08-18_12-12-50 [main] INFO  o.s.d.r.c.RepositoryConfigurationDelegate - Finished Spring Data repository scanning in 19 ms. Found 1 JPA repository interfaces.
2021-08-18_12-12-50 [main] INFO  o.s.cloud.context.scope.GenericScope - BeanFactory id=7fee3093-46a4-302a-9e2c-5905802ce152
2021-08-18_12-12-50 [main] INFO  com.zaxxer.hikari.HikariDataSource - HikariPool-2 - Starting...
2021-08-18_12-12-50 [main] INFO  com.zaxxer.hikari.HikariDataSource - HikariPool-2 - Start completed.
2021-08-18_12-12-50 [main] INFO  o.s.o.j.LocalContainerEntityManagerFactoryBean - Initialized JPA EntityManagerFactory for persistence unit 'default'
2021-08-18_12-12-50 [main] INFO  o.s.b.a.h.H2ConsoleAutoConfiguration - H2 console available at '/db'. Database available at 'jdbc:h2:mem:pasdb'
2021-08-18_12-12-50 [main] INFO  s.d.s.w.PropertySourcedRequestMappingHandlerMapping - Mapped URL path [/v2/api-docs] onto method [springfox.documentation.swagger2.web.Swagger2Controller#getDocumentation(String, HttpServletRequest)]
2021-08-18_12-12-50 [main] INFO  o.s.s.c.ThreadPoolTaskExecutor - Initializing ExecutorService 'applicationTaskExecutor'
2021-08-18_12-12-50 [main] INFO  s.d.s.w.p.DocumentationPluginsBootstrapper - Context refreshed
2021-08-18_12-12-50 [main] INFO  s.d.s.w.p.DocumentationPluginsBootstrapper - Found 1 custom documentation plugin(s)
2021-08-18_12-12-50 [main] INFO  s.d.s.w.s.ApiListingReferenceScanner - Scanning for api listing references
2021-08-18_12-12-50 [main] INFO  c.c.p.q.e.AuthorizationExceptionTest - Started AuthorizationExceptionTest in 4.761 seconds (JVM running for 39.099)
2021-08-18_12-12-50 [main] INFO  o.s.b.t.c.SpringBootTestContextBootstrapper - Neither @ContextConfiguration nor @ContextHierarchy found for test class [com.cognizant.pas.quotes.exception.ExceptionDetailsTest], using SpringBootContextLoader
2021-08-18_12-12-50 [main] INFO  o.s.t.c.s.AbstractContextLoader - Could not detect default resource locations for test class [com.cognizant.pas.quotes.exception.ExceptionDetailsTest]: no resource found for suffixes {-context.xml, Context.groovy}.
2021-08-18_12-12-50 [main] INFO  o.s.t.c.s.AnnotationConfigContextLoaderUtils - Could not detect default configuration classes for test class [com.cognizant.pas.quotes.exception.ExceptionDetailsTest]: ExceptionDetailsTest does not declare any static, non-private, non-final, nested classes annotated with @Configuration.
2021-08-18_12-12-50 [main] INFO  o.s.b.t.c.SpringBootTestContextBootstrapper - Found @SpringBootConfiguration com.cognizant.pas.quotes.QuotesMicroserviceApplication for test class com.cognizant.pas.quotes.exception.ExceptionDetailsTest
2021-08-18_12-12-50 [main] INFO  o.s.b.t.c.SpringBootTestContextBootstrapper - Loaded default TestExecutionListener class names from location [META-INF/spring.factories]: [org.springframework.boot.test.mock.mockito.MockitoTestExecutionListener, org.springframework.boot.test.mock.mockito.ResetMocksTestExecutionListener, org.springframework.boot.test.autoconfigure.restdocs.RestDocsTestExecutionListener, org.springframework.boot.test.autoconfigure.web.client.MockRestServiceServerResetTestExecutionListener, org.springframework.boot.test.autoconfigure.web.servlet.MockMvcPrintOnlyOnFailureTestExecutionListener, org.springframework.boot.test.autoconfigure.web.servlet.WebDriverTestExecutionListener, org.springframework.boot.test.autoconfigure.webservices.client.MockWebServiceServerTestExecutionListener, org.springframework.test.context.web.ServletTestExecutionListener, org.springframework.test.context.support.DirtiesContextBeforeModesTestExecutionListener, org.springframework.test.context.event.ApplicationEventsTestExecutionListener, org.springframework.test.context.support.DependencyInjectionTestExecutionListener, org.springframework.test.context.support.DirtiesContextTestExecutionListener, org.springframework.test.context.transaction.TransactionalTestExecutionListener, org.springframework.test.context.jdbc.SqlScriptsTestExecutionListener, org.springframework.test.context.event.EventPublishingTestExecutionListener]
2021-08-18_12-12-50 [main] INFO  o.s.b.t.c.SpringBootTestContextBootstrapper - Using TestExecutionListeners: [org.springframework.test.context.web.ServletTestExecutionListener@41f53068, org.springframework.test.context.support.DirtiesContextBeforeModesTestExecutionListener@12fb37b2, org.springframework.test.context.event.ApplicationEventsTestExecutionListener@64898aa7, org.springframework.boot.test.mock.mockito.MockitoTestExecutionListener@a53f879, org.springframework.boot.test.autoconfigure.SpringBootDependencyInjectionTestExecutionListener@62cdff2b, org.springframework.test.context.support.DirtiesContextTestExecutionListener@29400267, org.springframework.test.context.transaction.TransactionalTestExecutionListener@1b4695a, org.springframework.test.context.jdbc.SqlScriptsTestExecutionListener@14b1c925, org.springframework.test.context.event.EventPublishingTestExecutionListener@1908483f, org.springframework.boot.test.mock.mockito.ResetMocksTestExecutionListener@30722243, org.springframework.boot.test.autoconfigure.restdocs.RestDocsTestExecutionListener@122e63ae, org.springframework.boot.test.autoconfigure.web.client.MockRestServiceServerResetTestExecutionListener@8cc682f, org.springframework.boot.test.autoconfigure.web.servlet.MockMvcPrintOnlyOnFailureTestExecutionListener@53de80b9, org.springframework.boot.test.autoconfigure.web.servlet.WebDriverTestExecutionListener@721fc0bb, org.springframework.boot.test.autoconfigure.webservices.client.MockWebServiceServerTestExecutionListener@13cdee45]
2021-08-18_12-12-55 [main] INFO  c.c.p.q.e.ExceptionDetailsTest - Starting ExceptionDetailsTest using Java 15.0.2 on DESKTOP-BH92MP6 with PID 10100 (started by rames in D:\MFPE-val\PAS\Quotes-Microservice\Quotes-Microservice\Quotes-Microservice-1)
2021-08-18_12-12-55 [main] INFO  c.c.p.q.e.ExceptionDetailsTest - No active profile set, falling back to default profiles: default
2021-08-18_12-12-55 [main] INFO  o.s.d.r.c.RepositoryConfigurationDelegate - Bootstrapping Spring Data JPA repositories in DEFAULT mode.
2021-08-18_12-12-55 [main] INFO  o.s.d.r.c.RepositoryConfigurationDelegate - Finished Spring Data repository scanning in 30 ms. Found 1 JPA repository interfaces.
2021-08-18_12-12-55 [main] INFO  o.s.cloud.context.scope.GenericScope - BeanFactory id=7fee3093-46a4-302a-9e2c-5905802ce152
2021-08-18_12-12-55 [main] INFO  o.s.c.s.PostProcessorRegistrationDelegate$BeanPostProcessorChecker - Bean 'com.cognizant.pas.quotes.feign.AuthorisingClient' of type [org.springframework.cloud.openfeign.FeignClientFactoryBean] is not eligible for getting processed by all BeanPostProcessors (for example: not eligible for auto-proxying)
2021-08-18_12-12-55 [main] INFO  com.zaxxer.hikari.HikariDataSource - HikariPool-3 - Starting...
2021-08-18_12-12-55 [main] INFO  com.zaxxer.hikari.HikariDataSource - HikariPool-3 - Start completed.
2021-08-18_12-12-55 [main] INFO  o.s.o.j.LocalContainerEntityManagerFactoryBean - Initialized JPA EntityManagerFactory for persistence unit 'default'
2021-08-18_12-12-55 [main] INFO  o.s.b.a.h.H2ConsoleAutoConfiguration - H2 console available at '/db'. Database available at 'jdbc:h2:mem:pasdb'
2021-08-18_12-12-55 [main] INFO  s.d.s.w.PropertySourcedRequestMappingHandlerMapping - Mapped URL path [/v2/api-docs] onto method [springfox.documentation.swagger2.web.Swagger2Controller#getDocumentation(String, HttpServletRequest)]
2021-08-18_12-12-55 [main] INFO  o.s.s.c.ThreadPoolTaskExecutor - Initializing ExecutorService 'applicationTaskExecutor'
2021-08-18_12-12-55 [main] INFO  s.d.s.w.p.DocumentationPluginsBootstrapper - Context refreshed
2021-08-18_12-12-55 [main] INFO  s.d.s.w.p.DocumentationPluginsBootstrapper - Found 1 custom documentation plugin(s)
2021-08-18_12-12-55 [main] INFO  s.d.s.w.s.ApiListingReferenceScanner - Scanning for api listing references
2021-08-18_12-12-55 [main] INFO  c.c.p.q.e.ExceptionDetailsTest - Started ExceptionDetailsTest in 6.311 seconds (JVM running for 45.563)
2021-08-18_12-12-55 [main] INFO  o.s.b.t.c.SpringBootTestContextBootstrapper - Neither @ContextConfiguration nor @ContextHierarchy found for test class [com.cognizant.pas.quotes.exception.GlobalExceptionHandlerTest], using SpringBootContextLoader
2021-08-18_12-12-55 [main] INFO  o.s.t.c.s.AbstractContextLoader - Could not detect default resource locations for test class [com.cognizant.pas.quotes.exception.GlobalExceptionHandlerTest]: no resource found for suffixes {-context.xml, Context.groovy}.
2021-08-18_12-12-55 [main] INFO  o.s.t.c.s.AnnotationConfigContextLoaderUtils - Could not detect default configuration classes for test class [com.cognizant.pas.quotes.exception.GlobalExceptionHandlerTest]: GlobalExceptionHandlerTest does not declare any static, non-private, non-final, nested classes annotated with @Configuration.
2021-08-18_12-12-55 [main] INFO  o.s.b.t.c.SpringBootTestContextBootstrapper - Found @SpringBootConfiguration com.cognizant.pas.quotes.QuotesMicroserviceApplication for test class com.cognizant.pas.quotes.exception.GlobalExceptionHandlerTest
2021-08-18_12-12-55 [main] INFO  o.s.b.t.c.SpringBootTestContextBootstrapper - Loaded default TestExecutionListener class names from location [META-INF/spring.factories]: [org.springframework.boot.test.mock.mockito.MockitoTestExecutionListener, org.springframework.boot.test.mock.mockito.ResetMocksTestExecutionListener, org.springframework.boot.test.autoconfigure.restdocs.RestDocsTestExecutionListener, org.springframework.boot.test.autoconfigure.web.client.MockRestServiceServerResetTestExecutionListener, org.springframework.boot.test.autoconfigure.web.servlet.MockMvcPrintOnlyOnFailureTestExecutionListener, org.springframework.boot.test.autoconfigure.web.servlet.WebDriverTestExecutionListener, org.springframework.boot.test.autoconfigure.webservices.client.MockWebServiceServerTestExecutionListener, org.springframework.test.context.web.ServletTestExecutionListener, org.springframework.test.context.support.DirtiesContextBeforeModesTestExecutionListener, org.springframework.test.context.event.ApplicationEventsTestExecutionListener, org.springframework.test.context.support.DependencyInjectionTestExecutionListener, org.springframework.test.context.support.DirtiesContextTestExecutionListener, org.springframework.test.context.transaction.TransactionalTestExecutionListener, org.springframework.test.context.jdbc.SqlScriptsTestExecutionListener, org.springframework.test.context.event.EventPublishingTestExecutionListener]
2021-08-18_12-12-55 [main] INFO  o.s.b.t.c.SpringBootTestContextBootstrapper - Using TestExecutionListeners: [org.springframework.test.context.web.ServletTestExecutionListener@7d1f3f67, org.springframework.test.context.support.DirtiesContextBeforeModesTestExecutionListener@2cc112a5, org.springframework.test.context.event.ApplicationEventsTestExecutionListener@2ea0e29d, org.springframework.boot.test.mock.mockito.MockitoTestExecutionListener@5c31eb42, org.springframework.boot.test.autoconfigure.SpringBootDependencyInjectionTestExecutionListener@58d103a4, org.springframework.test.context.support.DirtiesContextTestExecutionListener@7ca16621, org.springframework.test.context.transaction.TransactionalTestExecutionListener@55bcd722, org.springframework.test.context.jdbc.SqlScriptsTestExecutionListener@6045d2c, org.springframework.test.context.event.EventPublishingTestExecutionListener@5618b26b, org.springframework.boot.test.mock.mockito.ResetMocksTestExecutionListener@21ff56e7, org.springframework.boot.test.autoconfigure.restdocs.RestDocsTestExecutionListener@12c9803d, org.springframework.boot.test.autoconfigure.web.client.MockRestServiceServerResetTestExecutionListener@36004275, org.springframework.boot.test.autoconfigure.web.servlet.MockMvcPrintOnlyOnFailureTestExecutionListener@25983534, org.springframework.boot.test.autoconfigure.web.servlet.WebDriverTestExecutionListener@7e8b070e, org.springframework.boot.test.autoconfigure.webservices.client.MockWebServiceServerTestExecutionListener@209db88a]
2021-08-18_12-12-55 [SpringContextShutdownHook] INFO  o.s.s.c.ThreadPoolTaskExecutor - Shutting down ExecutorService 'applicationTaskExecutor'
2021-08-18_12-12-55 [SpringContextShutdownHook] INFO  o.s.s.c.ThreadPoolTaskExecutor - Shutting down ExecutorService 'applicationTaskExecutor'
2021-08-18_12-12-55 [SpringContextShutdownHook] INFO  o.s.o.j.LocalContainerEntityManagerFactoryBean - Closing JPA EntityManagerFactory for persistence unit 'default'
2021-08-18_12-12-55 [SpringContextShutdownHook] INFO  o.s.s.c.ThreadPoolTaskExecutor - Shutting down ExecutorService 'applicationTaskExecutor'
2021-08-18_12-12-55 [SpringContextShutdownHook] INFO  com.zaxxer.hikari.HikariDataSource - HikariPool-3 - Shutdown initiated...
2021-08-18_12-12-55 [SpringContextShutdownHook] INFO  o.s.o.j.LocalContainerEntityManagerFactoryBean - Closing JPA EntityManagerFactory for persistence unit 'default'
2021-08-18_12-12-55 [SpringContextShutdownHook] INFO  com.zaxxer.hikari.HikariDataSource - HikariPool-3 - Shutdown completed.
2021-08-18_12-12-55 [SpringContextShutdownHook] INFO  com.zaxxer.hikari.HikariDataSource - HikariPool-2 - Shutdown initiated...
2021-08-18_12-12-55 [SpringContextShutdownHook] INFO  com.zaxxer.hikari.HikariDataSource - HikariPool-2 - Shutdown completed.
2021-08-18_12-11-04 [http-nio-8100-exec-1] INFO  o.a.c.c.C.[.[.[/quotes-api] - Initializing Spring DispatcherServlet 'dispatcherServlet'
2021-08-18_12-11-04 [http-nio-8100-exec-1] INFO  o.s.web.servlet.DispatcherServlet - Initializing Servlet 'dispatcherServlet'
2021-08-18_12-11-04 [http-nio-8100-exec-1] INFO  o.s.web.servlet.DispatcherServlet - Completed initialization in 2128 ms
2021-08-18_12-11-04 [http-nio-8100-exec-2] INFO  c.c.p.q.controller.QuotesController - Start
2021-08-18_12-11-04 [http-nio-8100-exec-1] INFO  c.c.p.q.controller.QuotesController - Start
2021-08-18_12-11-04 [http-nio-8100-exec-1] INFO  c.c.p.q.controller.QuotesController - End
2021-08-18_12-11-04 [http-nio-8100-exec-2] INFO  c.c.p.q.controller.QuotesController - End
