2021-08-12_12-24-05 [background-preinit] INFO  o.h.validator.internal.util.Version - HV000001: Hibernate Validator 6.1.7.Final
2021-08-12_12-24-05 [restartedMain] INFO  c.c.p.p.PolicyMicroserviceApplication - Starting PolicyMicroserviceApplication using Java 16.0.1 on SUGU with PID 76564 (E:\CTS-INTERN\software\ECLIPSE\sat-proj\Policy-Microservice\target\classes started by Suganth in E:\CTS-INTERN\software\ECLIPSE\sat-proj\Policy-Microservice)
2021-08-12_12-24-05 [restartedMain] INFO  c.c.p.p.PolicyMicroserviceApplication - No active profile set, falling back to default profiles: default
2021-08-12_12-24-05 [restartedMain] INFO  o.s.b.d.e.DevToolsPropertyDefaultsPostProcessor - Devtools property defaults active! Set 'spring.devtools.add-properties' to 'false' to disable
2021-08-12_12-24-05 [restartedMain] INFO  o.s.b.d.e.DevToolsPropertyDefaultsPostProcessor - For additional web related logging consider setting the 'logging.level.web' property to 'DEBUG'
2021-08-12_12-24-05 [restartedMain] INFO  o.s.d.r.c.RepositoryConfigurationDelegate - Bootstrapping Spring Data JPA repositories in DEFAULT mode.
2021-08-12_12-24-05 [restartedMain] INFO  o.s.d.r.c.RepositoryConfigurationDelegate - Finished Spring Data repository scanning in 72 ms. Found 2 JPA repository interfaces.
2021-08-12_12-24-05 [restartedMain] INFO  o.s.cloud.context.scope.GenericScope - BeanFactory id=1c2678bb-61a9-3f2b-a070-935dc3012a84
2021-08-12_12-24-05 [restartedMain] INFO  o.s.c.s.PostProcessorRegistrationDelegate$BeanPostProcessorChecker - Bean 'com.cognizant.pas.policy.feign.AuthorisingClient' of type [org.springframework.cloud.openfeign.FeignClientFactoryBean] is not eligible for getting processed by all BeanPostProcessors (for example: not eligible for auto-proxying)
2021-08-12_12-24-05 [restartedMain] INFO  o.s.c.s.PostProcessorRegistrationDelegate$BeanPostProcessorChecker - Bean 'com.cognizant.pas.policy.feign.ConsumerClient' of type [org.springframework.cloud.openfeign.FeignClientFactoryBean] is not eligible for getting processed by all BeanPostProcessors (for example: not eligible for auto-proxying)
2021-08-12_12-24-05 [restartedMain] INFO  o.s.c.s.PostProcessorRegistrationDelegate$BeanPostProcessorChecker - Bean 'com.cognizant.pas.policy.feign.QuotesClient' of type [org.springframework.cloud.openfeign.FeignClientFactoryBean] is not eligible for getting processed by all BeanPostProcessors (for example: not eligible for auto-proxying)
2021-08-12_12-24-05 [restartedMain] INFO  o.s.b.w.e.tomcat.TomcatWebServer - Tomcat initialized with port(s): 8300 (http)
2021-08-12_12-24-05 [restartedMain] INFO  o.a.coyote.http11.Http11NioProtocol - Initializing ProtocolHandler ["http-nio-8300"]
2021-08-12_12-24-05 [restartedMain] INFO  o.a.catalina.core.StandardService - Starting service [Tomcat]
2021-08-12_12-24-05 [restartedMain] INFO  o.a.catalina.core.StandardEngine - Starting Servlet engine: [Apache Tomcat/9.0.41]
2021-08-12_12-24-05 [restartedMain] INFO  o.a.c.c.C.[.[.[/policy-api] - Initializing Spring embedded WebApplicationContext
2021-08-12_12-24-05 [restartedMain] INFO  o.s.b.w.s.c.ServletWebServerApplicationContext - Root WebApplicationContext: initialization completed in 3414 ms
2021-08-12_12-24-05 [restartedMain] INFO  com.zaxxer.hikari.HikariDataSource - HikariPool-1 - Starting...
2021-08-12_12-24-05 [restartedMain] INFO  com.zaxxer.hikari.HikariDataSource - HikariPool-1 - Start completed.
2021-08-12_12-24-05 [restartedMain] INFO  o.s.b.a.h.H2ConsoleAutoConfiguration - H2 console available at '/db'. Database available at 'jdbc:h2:mem:pasdb'
2021-08-12_12-24-05 [restartedMain] INFO  o.h.jpa.internal.util.LogHelper - HHH000204: Processing PersistenceUnitInfo [name: default]
2021-08-12_12-24-05 [restartedMain] INFO  org.hibernate.Version - HHH000412: Hibernate ORM core version 5.4.27.Final
2021-08-12_12-24-05 [restartedMain] INFO  o.h.annotations.common.Version - HCANN000001: Hibernate Commons Annotations {5.1.2.Final}
2021-08-12_12-24-05 [restartedMain] INFO  org.hibernate.dialect.Dialect - HHH000400: Using dialect: org.hibernate.dialect.H2Dialect
2021-08-12_12-24-05 [restartedMain] INFO  o.h.e.t.j.p.i.JtaPlatformInitiator - HHH000490: Using JtaPlatform implementation: [org.hibernate.engine.transaction.jta.platform.internal.NoJtaPlatform]
2021-08-12_12-24-05 [restartedMain] INFO  o.s.o.j.LocalContainerEntityManagerFactoryBean - Initialized JPA EntityManagerFactory for persistence unit 'default'
2021-08-12_12-24-05 [restartedMain] INFO  s.d.s.w.PropertySourcedRequestMappingHandlerMapping - Mapped URL path [/v2/api-docs] onto method [springfox.documentation.swagger2.web.Swagger2Controller#getDocumentation(String, HttpServletRequest)]
2021-08-12_12-24-05 [restartedMain] INFO  o.s.s.c.ThreadPoolTaskExecutor - Initializing ExecutorService 'applicationTaskExecutor'
2021-08-12_12-24-05 [restartedMain] INFO  o.a.coyote.http11.Http11NioProtocol - Starting ProtocolHandler ["http-nio-8300"]
2021-08-12_12-24-05 [restartedMain] INFO  o.s.b.w.e.tomcat.TomcatWebServer - Tomcat started on port(s): 8300 (http) with context path '/policy-api'
2021-08-12_12-24-05 [restartedMain] INFO  s.d.s.w.p.DocumentationPluginsBootstrapper - Context refreshed
2021-08-12_12-24-05 [restartedMain] INFO  s.d.s.w.p.DocumentationPluginsBootstrapper - Found 1 custom documentation plugin(s)
2021-08-12_12-24-05 [restartedMain] INFO  s.d.s.w.s.ApiListingReferenceScanner - Scanning for api listing references
2021-08-12_12-24-05 [restartedMain] INFO  c.c.p.p.PolicyMicroserviceApplication - Started PolicyMicroserviceApplication in 8.335 seconds (JVM running for 10.076)
2021-08-12_12-24-05 [http-nio-8300-exec-1] INFO  o.a.c.c.C.[.[.[/policy-api] - Initializing Spring DispatcherServlet 'dispatcherServlet'
2021-08-12_12-24-05 [http-nio-8300-exec-1] INFO  o.s.web.servlet.DispatcherServlet - Initializing Servlet 'dispatcherServlet'
2021-08-12_12-24-05 [http-nio-8300-exec-1] INFO  o.s.web.servlet.DispatcherServlet - Completed initialization in 1 ms
2021-08-12_12-24-05 [http-nio-8300-exec-1] INFO  c.c.p.p.controller.PolicyController - Start getQuotes
2021-08-12_12-24-05 [http-nio-8300-exec-1] INFO  c.c.p.p.service.PolicyServiceImpl - Start getQuotesService
2021-08-12_12-24-05 [http-nio-8300-exec-1] INFO  c.c.p.p.service.PolicyServiceImpl - End getQuotesService
2021-08-12_12-24-05 [http-nio-8300-exec-1] INFO  c.c.p.p.controller.PolicyController - End getQuotes
2021-08-12_12-24-05 [http-nio-8300-exec-3] INFO  c.c.p.p.controller.PolicyController - Start getQuotes
2021-08-12_12-24-05 [http-nio-8300-exec-3] INFO  c.c.p.p.service.PolicyServiceImpl - Start getQuotesService
2021-08-12_12-24-05 [http-nio-8300-exec-3] INFO  c.c.p.p.service.PolicyServiceImpl - End getQuotesService
2021-08-12_12-24-05 [http-nio-8300-exec-3] INFO  c.c.p.p.controller.PolicyController - End getQuotes
2021-08-12_12-24-05 [http-nio-8300-exec-4] INFO  c.c.p.p.controller.PolicyController - Start getQuotes
2021-08-12_12-24-05 [http-nio-8300-exec-4] INFO  c.c.p.p.service.PolicyServiceImpl - Start getQuotesService
2021-08-12_12-24-05 [http-nio-8300-exec-4] INFO  c.c.p.p.service.PolicyServiceImpl - End getQuotesService
2021-08-12_12-24-05 [http-nio-8300-exec-4] INFO  c.c.p.p.controller.PolicyController - End getQuotes
2021-08-12_12-24-05 [http-nio-8300-exec-5] INFO  c.c.p.p.controller.PolicyController - Start getQuotes
2021-08-12_12-24-05 [http-nio-8300-exec-5] INFO  c.c.p.p.service.PolicyServiceImpl - Start getQuotesService
2021-08-12_12-24-05 [http-nio-8300-exec-5] INFO  c.c.p.p.service.PolicyServiceImpl - End getQuotesService
2021-08-12_12-24-05 [http-nio-8300-exec-5] INFO  c.c.p.p.controller.PolicyController - End getQuotes
2021-08-12_12-24-05 [http-nio-8300-exec-6] INFO  c.c.p.p.controller.PolicyController - Start getQuotes
2021-08-12_12-24-05 [http-nio-8300-exec-6] INFO  c.c.p.p.service.PolicyServiceImpl - Start getQuotesService
2021-08-12_12-24-05 [http-nio-8300-exec-6] INFO  c.c.p.p.service.PolicyServiceImpl - End getQuotesService
2021-08-12_12-24-05 [http-nio-8300-exec-6] INFO  c.c.p.p.controller.PolicyController - End getQuotes
2021-08-12_12-24-05 [http-nio-8300-exec-7] INFO  c.c.p.p.controller.PolicyController - Start getQuotes
2021-08-12_12-24-05 [http-nio-8300-exec-7] INFO  c.c.p.p.service.PolicyServiceImpl - Start getQuotesService
2021-08-12_12-24-05 [http-nio-8300-exec-7] INFO  c.c.p.p.service.PolicyServiceImpl - End getQuotesService
2021-08-12_12-24-05 [http-nio-8300-exec-7] INFO  c.c.p.p.controller.PolicyController - End getQuotes
2021-08-12_12-24-05 [http-nio-8300-exec-8] INFO  c.c.p.p.controller.PolicyController - Start getQuotes
2021-08-12_12-24-05 [http-nio-8300-exec-8] INFO  c.c.p.p.service.PolicyServiceImpl - Start getQuotesService
2021-08-12_12-24-05 [http-nio-8300-exec-8] INFO  c.c.p.p.service.PolicyServiceImpl - End getQuotesService
2021-08-12_12-24-05 [http-nio-8300-exec-8] INFO  c.c.p.p.controller.PolicyController - End getQuotes
2021-08-12_12-24-05 [http-nio-8300-exec-9] INFO  c.c.p.p.controller.PolicyController - Start getQuotes
2021-08-12_12-24-05 [http-nio-8300-exec-9] INFO  c.c.p.p.service.PolicyServiceImpl - Start getQuotesService
2021-08-12_12-24-05 [http-nio-8300-exec-9] INFO  c.c.p.p.service.PolicyServiceImpl - End getQuotesService
2021-08-12_12-24-05 [http-nio-8300-exec-9] INFO  c.c.p.p.controller.PolicyController - End getQuotes
2021-08-12_12-24-05 [http-nio-8300-exec-10] INFO  c.c.p.p.controller.PolicyController - Start getQuotes
2021-08-12_12-24-05 [http-nio-8300-exec-10] INFO  c.c.p.p.service.PolicyServiceImpl - Start getQuotesService
2021-08-12_12-24-05 [http-nio-8300-exec-10] INFO  c.c.p.p.service.PolicyServiceImpl - End getQuotesService
2021-08-12_12-24-05 [http-nio-8300-exec-10] INFO  c.c.p.p.controller.PolicyController - End getQuotes
2021-08-12_12-24-05 [http-nio-8300-exec-2] INFO  c.c.p.p.controller.PolicyController - Start getQuotes
2021-08-12_12-24-05 [http-nio-8300-exec-2] INFO  c.c.p.p.service.PolicyServiceImpl - Start getQuotesService
2021-08-12_12-24-05 [http-nio-8300-exec-2] INFO  c.c.p.p.service.PolicyServiceImpl - End getQuotesService
2021-08-12_12-24-05 [http-nio-8300-exec-2] INFO  c.c.p.p.controller.PolicyController - End getQuotes
2021-08-12_12-24-05 [http-nio-8300-exec-1] INFO  c.c.p.p.controller.PolicyController - Start getQuotes
2021-08-12_12-24-05 [http-nio-8300-exec-1] INFO  c.c.p.p.service.PolicyServiceImpl - Start getQuotesService
2021-08-12_12-24-05 [http-nio-8300-exec-1] INFO  c.c.p.p.service.PolicyServiceImpl - End getQuotesService
2021-08-12_12-24-05 [http-nio-8300-exec-1] INFO  c.c.p.p.controller.PolicyController - End getQuotes
2021-08-12_12-24-05 [http-nio-8300-exec-3] INFO  c.c.p.p.controller.PolicyController - Start getQuotes
2021-08-12_12-24-05 [http-nio-8300-exec-3] INFO  c.c.p.p.service.PolicyServiceImpl - Start getQuotesService
2021-08-12_12-24-05 [http-nio-8300-exec-3] INFO  c.c.p.p.service.PolicyServiceImpl - End getQuotesService
2021-08-12_12-24-05 [http-nio-8300-exec-3] INFO  c.c.p.p.controller.PolicyController - End getQuotes
2021-08-12_12-24-05 [RMI TCP Connection(14)-127.0.0.1] INFO  o.s.b.a.SpringApplicationAdminMXBeanRegistrar$SpringApplicationAdmin - Application shutdown requested.
2021-08-12_12-24-05 [RMI TCP Connection(14)-127.0.0.1] INFO  o.s.s.c.ThreadPoolTaskExecutor - Shutting down ExecutorService 'applicationTaskExecutor'
2021-08-12_12-24-05 [RMI TCP Connection(14)-127.0.0.1] INFO  o.s.o.j.LocalContainerEntityManagerFactoryBean - Closing JPA EntityManagerFactory for persistence unit 'default'
2021-08-12_12-24-05 [RMI TCP Connection(14)-127.0.0.1] INFO  o.h.t.s.i.SchemaDropperImpl$DelayedDropActionImpl - HHH000477: Starting delayed evictData of schema as part of SessionFactory shut-down'
2021-08-12_12-24-05 [RMI TCP Connection(14)-127.0.0.1] INFO  com.zaxxer.hikari.HikariDataSource - HikariPool-1 - Shutdown initiated...
2021-08-12_12-24-05 [RMI TCP Connection(14)-127.0.0.1] INFO  com.zaxxer.hikari.HikariDataSource - HikariPool-1 - Shutdown completed.
2021-08-12_13-03-54 [background-preinit] INFO  o.h.validator.internal.util.Version - HV000001: Hibernate Validator 6.1.7.Final
2021-08-12_13-03-54 [restartedMain] INFO  c.c.p.p.PolicyMicroserviceApplication - Starting PolicyMicroserviceApplication using Java 15.0.2 on DESKTOP-BH92MP6 with PID 4492 (D:\MFPE-val\PAS\Policy-Microservice\Policy-Microservice\target\classes started by rames in D:\MFPE-val\PAS\Policy-Microservice\Policy-Microservice)
2021-08-12_13-03-54 [restartedMain] INFO  c.c.p.p.PolicyMicroserviceApplication - No active profile set, falling back to default profiles: default
2021-08-12_13-03-54 [restartedMain] INFO  o.s.b.d.e.DevToolsPropertyDefaultsPostProcessor - Devtools property defaults active! Set 'spring.devtools.add-properties' to 'false' to disable
2021-08-12_13-03-54 [restartedMain] INFO  o.s.b.d.e.DevToolsPropertyDefaultsPostProcessor - For additional web related logging consider setting the 'logging.level.web' property to 'DEBUG'
2021-08-12_13-03-54 [restartedMain] INFO  o.s.d.r.c.RepositoryConfigurationDelegate - Bootstrapping Spring Data JPA repositories in DEFAULT mode.
2021-08-12_13-03-54 [restartedMain] INFO  o.s.d.r.c.RepositoryConfigurationDelegate - Finished Spring Data repository scanning in 183 ms. Found 2 JPA repository interfaces.
2021-08-12_13-03-54 [restartedMain] INFO  o.s.cloud.context.scope.GenericScope - BeanFactory id=1c2678bb-61a9-3f2b-a070-935dc3012a84
2021-08-12_13-03-54 [restartedMain] INFO  o.s.c.s.PostProcessorRegistrationDelegate$BeanPostProcessorChecker - Bean 'com.cognizant.pas.policy.feign.AuthorisingClient' of type [org.springframework.cloud.openfeign.FeignClientFactoryBean] is not eligible for getting processed by all BeanPostProcessors (for example: not eligible for auto-proxying)
2021-08-12_13-03-54 [restartedMain] INFO  o.s.c.s.PostProcessorRegistrationDelegate$BeanPostProcessorChecker - Bean 'com.cognizant.pas.policy.feign.ConsumerClient' of type [org.springframework.cloud.openfeign.FeignClientFactoryBean] is not eligible for getting processed by all BeanPostProcessors (for example: not eligible for auto-proxying)
2021-08-12_13-03-54 [restartedMain] INFO  o.s.c.s.PostProcessorRegistrationDelegate$BeanPostProcessorChecker - Bean 'com.cognizant.pas.policy.feign.QuotesClient' of type [org.springframework.cloud.openfeign.FeignClientFactoryBean] is not eligible for getting processed by all BeanPostProcessors (for example: not eligible for auto-proxying)
2021-08-12_13-03-54 [restartedMain] INFO  o.s.b.w.e.tomcat.TomcatWebServer - Tomcat initialized with port(s): 8300 (http)
2021-08-12_13-03-54 [restartedMain] INFO  o.a.coyote.http11.Http11NioProtocol - Initializing ProtocolHandler ["http-nio-8300"]
2021-08-12_13-03-54 [restartedMain] INFO  o.a.catalina.core.StandardService - Starting service [Tomcat]
2021-08-12_13-03-54 [restartedMain] INFO  o.a.catalina.core.StandardEngine - Starting Servlet engine: [Apache Tomcat/9.0.41]
2021-08-12_13-03-54 [restartedMain] INFO  o.a.c.c.C.[.[.[/policy-api] - Initializing Spring embedded WebApplicationContext
2021-08-12_13-03-54 [restartedMain] INFO  o.s.b.w.s.c.ServletWebServerApplicationContext - Root WebApplicationContext: initialization completed in 17578 ms
2021-08-12_13-03-54 [restartedMain] INFO  com.zaxxer.hikari.HikariDataSource - HikariPool-1 - Starting...
2021-08-12_13-03-54 [restartedMain] INFO  com.zaxxer.hikari.HikariDataSource - HikariPool-1 - Start completed.
2021-08-12_13-03-54 [restartedMain] INFO  o.s.b.a.h.H2ConsoleAutoConfiguration - H2 console available at '/db'. Database available at 'jdbc:h2:mem:pasdb'
2021-08-12_13-03-54 [restartedMain] INFO  o.h.jpa.internal.util.LogHelper - HHH000204: Processing PersistenceUnitInfo [name: default]
2021-08-12_13-03-54 [restartedMain] INFO  org.hibernate.Version - HHH000412: Hibernate ORM core version 5.4.27.Final
2021-08-12_13-03-54 [restartedMain] INFO  o.h.annotations.common.Version - HCANN000001: Hibernate Commons Annotations {5.1.2.Final}
2021-08-12_13-03-54 [restartedMain] INFO  org.hibernate.dialect.Dialect - HHH000400: Using dialect: org.hibernate.dialect.H2Dialect
2021-08-12_13-03-54 [restartedMain] INFO  o.h.e.t.j.p.i.JtaPlatformInitiator - HHH000490: Using JtaPlatform implementation: [org.hibernate.engine.transaction.jta.platform.internal.NoJtaPlatform]
2021-08-12_13-03-54 [restartedMain] INFO  o.s.o.j.LocalContainerEntityManagerFactoryBean - Initialized JPA EntityManagerFactory for persistence unit 'default'
2021-08-12_13-03-54 [restartedMain] INFO  s.d.s.w.PropertySourcedRequestMappingHandlerMapping - Mapped URL path [/v2/api-docs] onto method [springfox.documentation.swagger2.web.Swagger2Controller#getDocumentation(String, HttpServletRequest)]
2021-08-12_13-03-54 [restartedMain] INFO  o.s.s.c.ThreadPoolTaskExecutor - Initializing ExecutorService 'applicationTaskExecutor'
2021-08-12_13-03-54 [restartedMain] INFO  o.a.coyote.http11.Http11NioProtocol - Starting ProtocolHandler ["http-nio-8300"]
2021-08-12_13-03-54 [restartedMain] INFO  o.s.b.w.e.tomcat.TomcatWebServer - Tomcat started on port(s): 8300 (http) with context path '/policy-api'
2021-08-12_13-03-54 [restartedMain] INFO  s.d.s.w.p.DocumentationPluginsBootstrapper - Context refreshed
2021-08-12_13-03-54 [restartedMain] INFO  s.d.s.w.p.DocumentationPluginsBootstrapper - Found 1 custom documentation plugin(s)
2021-08-12_13-03-54 [restartedMain] INFO  s.d.s.w.s.ApiListingReferenceScanner - Scanning for api listing references
2021-08-12_13-03-54 [restartedMain] INFO  c.c.p.p.PolicyMicroserviceApplication - Started PolicyMicroserviceApplication in 123.762 seconds (JVM running for 130.495)
2021-08-12_13-03-54 [http-nio-8300-exec-9] INFO  o.a.c.c.C.[.[.[/policy-api] - Initializing Spring DispatcherServlet 'dispatcherServlet'
2021-08-12_13-03-54 [http-nio-8300-exec-9] INFO  o.s.web.servlet.DispatcherServlet - Initializing Servlet 'dispatcherServlet'
2021-08-12_13-03-54 [http-nio-8300-exec-9] INFO  o.s.web.servlet.DispatcherServlet - Completed initialization in 204 ms
2021-08-12_13-03-54 [http-nio-8300-exec-10] INFO  c.c.p.p.controller.PolicyController - Start getQuotes
2021-08-12_13-03-54 [http-nio-8300-exec-10] INFO  c.c.p.p.service.PolicyServiceImpl - Start getQuotesService
2021-08-12_13-03-54 [http-nio-8300-exec-10] INFO  c.c.p.p.service.PolicyServiceImpl - End getQuotesService
2021-08-12_13-03-54 [http-nio-8300-exec-10] INFO  c.c.p.p.controller.PolicyController - End getQuotes
2021-08-12_13-03-54 [http-nio-8300-exec-3] INFO  c.c.p.p.controller.PolicyController - Start getQuotes
2021-08-12_13-03-54 [http-nio-8300-exec-3] INFO  c.c.p.p.service.PolicyServiceImpl - Start getQuotesService
2021-08-12_13-03-54 [http-nio-8300-exec-3] INFO  c.c.p.p.service.PolicyServiceImpl - End getQuotesService
2021-08-12_13-03-54 [http-nio-8300-exec-3] INFO  c.c.p.p.controller.PolicyController - End getQuotes
2021-08-12_13-03-54 [http-nio-8300-exec-7] INFO  c.c.p.p.controller.PolicyController - Start createPolicy
2021-08-12_13-03-54 [http-nio-8300-exec-8] INFO  c.c.p.p.controller.PolicyController - Start createPolicy
2021-08-12_13-03-54 [http-nio-8300-exec-7] INFO  c.c.p.p.service.PolicyServiceImpl - Start createPolicyService
2021-08-12_13-03-54 [http-nio-8300-exec-7] INFO  c.c.p.p.service.PolicyServiceImpl - Start getConsumerBusiness
2021-08-12_13-03-54 [http-nio-8300-exec-8] INFO  c.c.p.p.service.PolicyServiceImpl - Start createPolicyService
2021-08-12_13-03-54 [http-nio-8300-exec-8] INFO  c.c.p.p.service.PolicyServiceImpl - Start getConsumerBusiness
2021-08-12_13-03-54 [http-nio-8300-exec-7] INFO  c.c.p.p.service.PolicyServiceImpl - End getConsumerBusiness
2021-08-12_13-03-54 [http-nio-8300-exec-8] INFO  c.c.p.p.service.PolicyServiceImpl - End getConsumerBusiness
2021-08-12_13-03-54 [http-nio-8300-exec-1] INFO  c.c.p.p.controller.PolicyController - Start createPolicy
2021-08-12_13-03-54 [http-nio-8300-exec-1] INFO  c.c.p.p.service.PolicyServiceImpl - Start createPolicyService
2021-08-12_13-03-54 [http-nio-8300-exec-1] INFO  c.c.p.p.service.PolicyServiceImpl - Start getConsumerBusiness
2021-08-12_13-03-54 [http-nio-8300-exec-1] INFO  c.c.p.p.service.PolicyServiceImpl - End getConsumerBusiness
2021-08-12_13-03-54 [http-nio-8300-exec-3] INFO  c.c.p.p.controller.PolicyController - Start createPolicy
2021-08-12_13-03-54 [http-nio-8300-exec-3] INFO  c.c.p.p.service.PolicyServiceImpl - Start createPolicyService
2021-08-12_13-03-54 [http-nio-8300-exec-3] INFO  c.c.p.p.service.PolicyServiceImpl - Start getConsumerBusiness
2021-08-12_13-03-54 [http-nio-8300-exec-5] INFO  c.c.p.p.controller.PolicyController - Start createPolicy
2021-08-12_13-03-54 [http-nio-8300-exec-5] INFO  c.c.p.p.service.PolicyServiceImpl - Start createPolicyService
2021-08-12_13-03-54 [http-nio-8300-exec-5] INFO  c.c.p.p.service.PolicyServiceImpl - Start getConsumerBusiness
2021-08-12_13-03-54 [http-nio-8300-exec-5] INFO  c.c.p.p.service.PolicyServiceImpl - End getConsumerBusiness
2021-08-12_13-03-54 [http-nio-8300-exec-6] INFO  c.c.p.p.controller.PolicyController - Start createPolicy
2021-08-12_13-03-54 [http-nio-8300-exec-6] INFO  c.c.p.p.service.PolicyServiceImpl - Start createPolicyService
2021-08-12_13-03-54 [http-nio-8300-exec-6] INFO  c.c.p.p.service.PolicyServiceImpl - Start getConsumerBusiness
2021-08-12_13-03-54 [http-nio-8300-exec-6] INFO  c.c.p.p.service.PolicyServiceImpl - End getConsumerBusiness
2021-08-12_13-03-54 [Thread-1] INFO  o.s.s.c.ThreadPoolTaskExecutor - Shutting down ExecutorService 'applicationTaskExecutor'
2021-08-12_13-03-54 [Thread-1] INFO  o.s.o.j.LocalContainerEntityManagerFactoryBean - Closing JPA EntityManagerFactory for persistence unit 'default'
2021-08-12_13-03-54 [Thread-1] INFO  o.h.t.s.i.SchemaDropperImpl$DelayedDropActionImpl - HHH000477: Starting delayed evictData of schema as part of SessionFactory shut-down'
2021-08-12_13-03-54 [Thread-1] INFO  com.zaxxer.hikari.HikariDataSource - HikariPool-1 - Shutdown initiated...
2021-08-12_13-03-54 [Thread-1] INFO  com.zaxxer.hikari.HikariDataSource - HikariPool-1 - Shutdown completed.
2021-08-12_14-19-16 [restartedMain] INFO  c.c.p.p.PolicyMicroserviceApplication - Starting PolicyMicroserviceApplication using Java 15.0.2 on DESKTOP-BH92MP6 with PID 4492 (D:\MFPE-val\PAS\Policy-Microservice\Policy-Microservice\target\classes started by rames in D:\MFPE-val\PAS\Policy-Microservice\Policy-Microservice)
2021-08-12_14-19-16 [restartedMain] INFO  c.c.p.p.PolicyMicroserviceApplication - No active profile set, falling back to default profiles: default
2021-08-12_14-19-16 [restartedMain] INFO  o.s.d.r.c.RepositoryConfigurationDelegate - Bootstrapping Spring Data JPA repositories in DEFAULT mode.
2021-08-12_14-19-16 [restartedMain] INFO  o.s.d.r.c.RepositoryConfigurationDelegate - Finished Spring Data repository scanning in 130 ms. Found 2 JPA repository interfaces.
2021-08-12_14-19-16 [restartedMain] INFO  o.s.cloud.context.scope.GenericScope - BeanFactory id=1c2678bb-61a9-3f2b-a070-935dc3012a84
2021-08-12_14-19-16 [restartedMain] INFO  o.s.c.s.PostProcessorRegistrationDelegate$BeanPostProcessorChecker - Bean 'com.cognizant.pas.policy.feign.AuthorisingClient' of type [org.springframework.cloud.openfeign.FeignClientFactoryBean] is not eligible for getting processed by all BeanPostProcessors (for example: not eligible for auto-proxying)
2021-08-12_14-19-16 [restartedMain] INFO  o.s.c.s.PostProcessorRegistrationDelegate$BeanPostProcessorChecker - Bean 'com.cognizant.pas.policy.feign.ConsumerClient' of type [org.springframework.cloud.openfeign.FeignClientFactoryBean] is not eligible for getting processed by all BeanPostProcessors (for example: not eligible for auto-proxying)
2021-08-12_14-19-16 [restartedMain] INFO  o.s.c.s.PostProcessorRegistrationDelegate$BeanPostProcessorChecker - Bean 'com.cognizant.pas.policy.feign.QuotesClient' of type [org.springframework.cloud.openfeign.FeignClientFactoryBean] is not eligible for getting processed by all BeanPostProcessors (for example: not eligible for auto-proxying)
2021-08-12_14-19-16 [restartedMain] INFO  o.s.b.w.e.tomcat.TomcatWebServer - Tomcat initialized with port(s): 8300 (http)
2021-08-12_14-19-16 [restartedMain] INFO  o.a.coyote.http11.Http11NioProtocol - Initializing ProtocolHandler ["http-nio-8300"]
2021-08-12_14-19-16 [restartedMain] INFO  o.a.catalina.core.StandardService - Starting service [Tomcat]
2021-08-12_14-19-16 [restartedMain] INFO  o.a.catalina.core.StandardEngine - Starting Servlet engine: [Apache Tomcat/9.0.41]
2021-08-12_14-19-16 [restartedMain] INFO  o.a.c.c.C.[.[.[/policy-api] - Initializing Spring embedded WebApplicationContext
2021-08-12_14-19-16 [restartedMain] INFO  o.s.b.w.s.c.ServletWebServerApplicationContext - Root WebApplicationContext: initialization completed in 7030 ms
2021-08-12_14-19-16 [restartedMain] INFO  com.zaxxer.hikari.HikariDataSource - HikariPool-2 - Starting...
2021-08-12_14-19-16 [restartedMain] INFO  com.zaxxer.hikari.HikariDataSource - HikariPool-2 - Start completed.
2021-08-12_14-19-16 [restartedMain] INFO  o.s.b.a.h.H2ConsoleAutoConfiguration - H2 console available at '/db'. Database available at 'jdbc:h2:mem:pasdb'
2021-08-12_14-19-16 [restartedMain] INFO  o.h.jpa.internal.util.LogHelper - HHH000204: Processing PersistenceUnitInfo [name: default]
2021-08-12_14-19-16 [restartedMain] INFO  org.hibernate.dialect.Dialect - HHH000400: Using dialect: org.hibernate.dialect.H2Dialect
2021-08-12_14-19-16 [restartedMain] INFO  o.h.e.t.j.p.i.JtaPlatformInitiator - HHH000490: Using JtaPlatform implementation: [org.hibernate.engine.transaction.jta.platform.internal.NoJtaPlatform]
2021-08-12_14-19-16 [restartedMain] INFO  o.s.o.j.LocalContainerEntityManagerFactoryBean - Initialized JPA EntityManagerFactory for persistence unit 'default'
2021-08-12_14-19-16 [restartedMain] INFO  s.d.s.w.PropertySourcedRequestMappingHandlerMapping - Mapped URL path [/v2/api-docs] onto method [springfox.documentation.swagger2.web.Swagger2Controller#getDocumentation(String, HttpServletRequest)]
2021-08-12_14-19-16 [restartedMain] INFO  o.s.s.c.ThreadPoolTaskExecutor - Initializing ExecutorService 'applicationTaskExecutor'
2021-08-12_14-19-16 [restartedMain] INFO  o.a.coyote.http11.Http11NioProtocol - Starting ProtocolHandler ["http-nio-8300"]
2021-08-12_14-19-16 [restartedMain] INFO  o.s.b.w.e.tomcat.TomcatWebServer - Tomcat started on port(s): 8300 (http) with context path '/policy-api'
2021-08-12_14-19-16 [restartedMain] INFO  s.d.s.w.p.DocumentationPluginsBootstrapper - Context refreshed
2021-08-12_14-19-16 [restartedMain] INFO  s.d.s.w.p.DocumentationPluginsBootstrapper - Found 1 custom documentation plugin(s)
2021-08-12_14-19-16 [restartedMain] INFO  s.d.s.w.s.ApiListingReferenceScanner - Scanning for api listing references
2021-08-12_14-19-16 [restartedMain] INFO  c.c.p.p.PolicyMicroserviceApplication - Started PolicyMicroserviceApplication in 19.932 seconds (JVM running for 4548.673)
2021-08-12_14-19-16 [restartedMain] INFO  o.s.b.d.a.ConditionEvaluationDeltaLoggingListener - Condition evaluation unchanged
2021-08-12_14-19-16 [http-nio-8300-exec-1] INFO  o.a.c.c.C.[.[.[/policy-api] - Initializing Spring DispatcherServlet 'dispatcherServlet'
2021-08-12_14-19-16 [http-nio-8300-exec-1] INFO  o.s.web.servlet.DispatcherServlet - Initializing Servlet 'dispatcherServlet'
2021-08-12_14-19-16 [http-nio-8300-exec-1] INFO  o.s.web.servlet.DispatcherServlet - Completed initialization in 7 ms
2021-08-12_14-19-16 [http-nio-8300-exec-1] INFO  c.c.p.p.controller.PolicyController - Start createPolicy
2021-08-12_14-19-16 [http-nio-8300-exec-1] INFO  c.c.p.p.service.PolicyServiceImpl - Start createPolicyService
2021-08-12_14-19-16 [http-nio-8300-exec-1] INFO  c.c.p.p.service.PolicyServiceImpl - Start getConsumerBusiness
2021-08-12_14-19-16 [http-nio-8300-exec-1] INFO  c.c.p.p.service.PolicyServiceImpl - End getConsumerBusiness
2021-08-12_14-19-16 [Thread-10] INFO  o.s.s.c.ThreadPoolTaskExecutor - Shutting down ExecutorService 'applicationTaskExecutor'
2021-08-12_14-19-16 [Thread-10] INFO  o.s.o.j.LocalContainerEntityManagerFactoryBean - Closing JPA EntityManagerFactory for persistence unit 'default'
2021-08-12_14-19-16 [Thread-10] INFO  o.h.t.s.i.SchemaDropperImpl$DelayedDropActionImpl - HHH000477: Starting delayed evictData of schema as part of SessionFactory shut-down'
2021-08-12_14-19-16 [Thread-10] INFO  com.zaxxer.hikari.HikariDataSource - HikariPool-2 - Shutdown initiated...
2021-08-12_14-19-16 [Thread-10] INFO  com.zaxxer.hikari.HikariDataSource - HikariPool-2 - Shutdown completed.
2021-08-12_14-21-20 [restartedMain] INFO  c.c.p.p.PolicyMicroserviceApplication - Starting PolicyMicroserviceApplication using Java 15.0.2 on DESKTOP-BH92MP6 with PID 4492 (D:\MFPE-val\PAS\Policy-Microservice\Policy-Microservice\target\classes started by rames in D:\MFPE-val\PAS\Policy-Microservice\Policy-Microservice)
2021-08-12_14-21-20 [restartedMain] INFO  c.c.p.p.PolicyMicroserviceApplication - No active profile set, falling back to default profiles: default
2021-08-12_14-21-20 [restartedMain] INFO  o.s.d.r.c.RepositoryConfigurationDelegate - Bootstrapping Spring Data JPA repositories in DEFAULT mode.
2021-08-12_14-21-20 [restartedMain] INFO  o.s.d.r.c.RepositoryConfigurationDelegate - Finished Spring Data repository scanning in 43 ms. Found 2 JPA repository interfaces.
2021-08-12_14-21-20 [restartedMain] INFO  o.s.cloud.context.scope.GenericScope - BeanFactory id=1c2678bb-61a9-3f2b-a070-935dc3012a84
2021-08-12_14-21-20 [restartedMain] INFO  o.s.c.s.PostProcessorRegistrationDelegate$BeanPostProcessorChecker - Bean 'com.cognizant.pas.policy.feign.AuthorisingClient' of type [org.springframework.cloud.openfeign.FeignClientFactoryBean] is not eligible for getting processed by all BeanPostProcessors (for example: not eligible for auto-proxying)
2021-08-12_14-21-20 [restartedMain] INFO  o.s.c.s.PostProcessorRegistrationDelegate$BeanPostProcessorChecker - Bean 'com.cognizant.pas.policy.feign.ConsumerClient' of type [org.springframework.cloud.openfeign.FeignClientFactoryBean] is not eligible for getting processed by all BeanPostProcessors (for example: not eligible for auto-proxying)
2021-08-12_14-21-20 [restartedMain] INFO  o.s.c.s.PostProcessorRegistrationDelegate$BeanPostProcessorChecker - Bean 'com.cognizant.pas.policy.feign.QuotesClient' of type [org.springframework.cloud.openfeign.FeignClientFactoryBean] is not eligible for getting processed by all BeanPostProcessors (for example: not eligible for auto-proxying)
2021-08-12_14-21-20 [restartedMain] INFO  o.s.b.w.e.tomcat.TomcatWebServer - Tomcat initialized with port(s): 8300 (http)
2021-08-12_14-21-20 [restartedMain] INFO  o.a.coyote.http11.Http11NioProtocol - Initializing ProtocolHandler ["http-nio-8300"]
2021-08-12_14-21-20 [restartedMain] INFO  o.a.catalina.core.StandardService - Starting service [Tomcat]
2021-08-12_14-21-20 [restartedMain] INFO  o.a.catalina.core.StandardEngine - Starting Servlet engine: [Apache Tomcat/9.0.41]
2021-08-12_14-21-20 [restartedMain] INFO  o.a.c.c.C.[.[.[/policy-api] - Initializing Spring embedded WebApplicationContext
2021-08-12_14-21-20 [restartedMain] INFO  o.s.b.w.s.c.ServletWebServerApplicationContext - Root WebApplicationContext: initialization completed in 1951 ms
2021-08-12_14-21-20 [restartedMain] INFO  com.zaxxer.hikari.HikariDataSource - HikariPool-3 - Starting...
2021-08-12_14-21-20 [restartedMain] INFO  com.zaxxer.hikari.HikariDataSource - HikariPool-3 - Start completed.
2021-08-12_14-21-20 [restartedMain] INFO  o.s.b.a.h.H2ConsoleAutoConfiguration - H2 console available at '/db'. Database available at 'jdbc:h2:mem:pasdb'
2021-08-12_14-21-20 [restartedMain] INFO  o.h.jpa.internal.util.LogHelper - HHH000204: Processing PersistenceUnitInfo [name: default]
2021-08-12_14-21-20 [restartedMain] INFO  org.hibernate.dialect.Dialect - HHH000400: Using dialect: org.hibernate.dialect.H2Dialect
2021-08-12_14-21-20 [restartedMain] INFO  o.h.e.t.j.p.i.JtaPlatformInitiator - HHH000490: Using JtaPlatform implementation: [org.hibernate.engine.transaction.jta.platform.internal.NoJtaPlatform]
2021-08-12_14-21-20 [restartedMain] INFO  o.s.o.j.LocalContainerEntityManagerFactoryBean - Initialized JPA EntityManagerFactory for persistence unit 'default'
2021-08-12_14-21-20 [restartedMain] INFO  s.d.s.w.PropertySourcedRequestMappingHandlerMapping - Mapped URL path [/v2/api-docs] onto method [springfox.documentation.swagger2.web.Swagger2Controller#getDocumentation(String, HttpServletRequest)]
2021-08-12_14-21-20 [restartedMain] INFO  o.s.s.c.ThreadPoolTaskExecutor - Initializing ExecutorService 'applicationTaskExecutor'
2021-08-12_14-21-20 [restartedMain] INFO  o.a.coyote.http11.Http11NioProtocol - Starting ProtocolHandler ["http-nio-8300"]
2021-08-12_14-21-20 [restartedMain] INFO  o.s.b.w.e.tomcat.TomcatWebServer - Tomcat started on port(s): 8300 (http) with context path '/policy-api'
2021-08-12_14-21-20 [restartedMain] INFO  s.d.s.w.p.DocumentationPluginsBootstrapper - Context refreshed
2021-08-12_14-21-20 [restartedMain] INFO  s.d.s.w.p.DocumentationPluginsBootstrapper - Found 1 custom documentation plugin(s)
2021-08-12_14-21-20 [restartedMain] INFO  s.d.s.w.s.ApiListingReferenceScanner - Scanning for api listing references
2021-08-12_14-21-20 [restartedMain] INFO  c.c.p.p.PolicyMicroserviceApplication - Started PolicyMicroserviceApplication in 8.941 seconds (JVM running for 4662.491)
2021-08-12_14-21-20 [restartedMain] INFO  o.s.b.d.a.ConditionEvaluationDeltaLoggingListener - Condition evaluation unchanged
2021-08-12_14-21-20 [http-nio-8300-exec-1] INFO  o.a.c.c.C.[.[.[/policy-api] - Initializing Spring DispatcherServlet 'dispatcherServlet'
2021-08-12_14-21-20 [http-nio-8300-exec-1] INFO  o.s.web.servlet.DispatcherServlet - Initializing Servlet 'dispatcherServlet'
2021-08-12_14-21-20 [http-nio-8300-exec-1] INFO  o.s.web.servlet.DispatcherServlet - Completed initialization in 16 ms
2021-08-12_14-21-20 [http-nio-8300-exec-1] INFO  c.c.p.p.controller.PolicyController - Start createPolicy
2021-08-12_14-21-20 [http-nio-8300-exec-1] INFO  c.c.p.p.service.PolicyServiceImpl - Start createPolicyService
2021-08-12_14-21-20 [http-nio-8300-exec-1] INFO  c.c.p.p.service.PolicyServiceImpl - Start getConsumerBusiness
2021-08-12_14-21-20 [http-nio-8300-exec-1] INFO  c.c.p.p.service.PolicyServiceImpl - End getConsumerBusiness
2021-08-12_15-55-01 [Thread-18] INFO  o.s.s.c.ThreadPoolTaskExecutor - Shutting down ExecutorService 'applicationTaskExecutor'
2021-08-12_15-55-01 [Thread-18] INFO  o.s.o.j.LocalContainerEntityManagerFactoryBean - Closing JPA EntityManagerFactory for persistence unit 'default'
2021-08-12_15-55-01 [Thread-18] INFO  o.h.t.s.i.SchemaDropperImpl$DelayedDropActionImpl - HHH000477: Starting delayed evictData of schema as part of SessionFactory shut-down'
2021-08-12_15-55-01 [Thread-18] INFO  com.zaxxer.hikari.HikariDataSource - HikariPool-3 - Shutdown initiated...
2021-08-12_15-55-01 [Thread-18] INFO  com.zaxxer.hikari.HikariDataSource - HikariPool-3 - Shutdown completed.
2021-08-12_15-58-56 [restartedMain] INFO  c.c.p.p.PolicyMicroserviceApplication - Starting PolicyMicroserviceApplication using Java 15.0.2 on DESKTOP-BH92MP6 with PID 4492 (D:\MFPE-val\PAS\Policy-Microservice\Policy-Microservice\target\classes started by rames in D:\MFPE-val\PAS\Policy-Microservice\Policy-Microservice)
2021-08-12_15-58-56 [restartedMain] INFO  c.c.p.p.PolicyMicroserviceApplication - No active profile set, falling back to default profiles: default
2021-08-12_15-58-56 [restartedMain] INFO  o.s.d.r.c.RepositoryConfigurationDelegate - Bootstrapping Spring Data JPA repositories in DEFAULT mode.
2021-08-12_15-58-56 [restartedMain] INFO  o.s.d.r.c.RepositoryConfigurationDelegate - Finished Spring Data repository scanning in 66 ms. Found 2 JPA repository interfaces.
2021-08-12_15-58-56 [restartedMain] INFO  o.s.cloud.context.scope.GenericScope - BeanFactory id=1c2678bb-61a9-3f2b-a070-935dc3012a84
2021-08-12_15-58-56 [restartedMain] INFO  o.s.c.s.PostProcessorRegistrationDelegate$BeanPostProcessorChecker - Bean 'com.cognizant.pas.policy.feign.AuthorisingClient' of type [org.springframework.cloud.openfeign.FeignClientFactoryBean] is not eligible for getting processed by all BeanPostProcessors (for example: not eligible for auto-proxying)
2021-08-12_15-58-56 [restartedMain] INFO  o.s.c.s.PostProcessorRegistrationDelegate$BeanPostProcessorChecker - Bean 'com.cognizant.pas.policy.feign.ConsumerClient' of type [org.springframework.cloud.openfeign.FeignClientFactoryBean] is not eligible for getting processed by all BeanPostProcessors (for example: not eligible for auto-proxying)
2021-08-12_15-58-56 [restartedMain] INFO  o.s.c.s.PostProcessorRegistrationDelegate$BeanPostProcessorChecker - Bean 'com.cognizant.pas.policy.feign.QuotesClient' of type [org.springframework.cloud.openfeign.FeignClientFactoryBean] is not eligible for getting processed by all BeanPostProcessors (for example: not eligible for auto-proxying)
2021-08-12_15-58-56 [restartedMain] INFO  o.s.b.w.e.tomcat.TomcatWebServer - Tomcat initialized with port(s): 8300 (http)
2021-08-12_15-58-56 [restartedMain] INFO  o.a.catalina.core.StandardService - Starting service [Tomcat]
2021-08-12_15-58-56 [restartedMain] INFO  o.a.catalina.core.StandardEngine - Starting Servlet engine: [Apache Tomcat/9.0.41]
2021-08-12_15-58-56 [restartedMain] INFO  o.a.c.c.C.[.[.[/policy-api] - Initializing Spring embedded WebApplicationContext
2021-08-12_15-58-56 [restartedMain] INFO  o.s.b.w.s.c.ServletWebServerApplicationContext - Root WebApplicationContext: initialization completed in 4486 ms
2021-08-12_15-58-56 [restartedMain] INFO  com.zaxxer.hikari.HikariDataSource - HikariPool-5 - Starting...
2021-08-12_15-58-56 [restartedMain] INFO  com.zaxxer.hikari.HikariDataSource - HikariPool-5 - Start completed.
2021-08-12_15-58-56 [restartedMain] INFO  o.s.b.a.h.H2ConsoleAutoConfiguration - H2 console available at '/db'. Database available at 'jdbc:h2:mem:pasdb'
2021-08-12_15-58-56 [restartedMain] INFO  o.h.jpa.internal.util.LogHelper - HHH000204: Processing PersistenceUnitInfo [name: default]
2021-08-12_15-58-56 [restartedMain] INFO  org.hibernate.dialect.Dialect - HHH000400: Using dialect: org.hibernate.dialect.H2Dialect
2021-08-12_15-58-56 [restartedMain] INFO  o.h.e.t.j.p.i.JtaPlatformInitiator - HHH000490: Using JtaPlatform implementation: [org.hibernate.engine.transaction.jta.platform.internal.NoJtaPlatform]
2021-08-12_15-58-56 [restartedMain] INFO  o.s.o.j.LocalContainerEntityManagerFactoryBean - Initialized JPA EntityManagerFactory for persistence unit 'default'
2021-08-12_15-58-56 [restartedMain] INFO  s.d.s.w.PropertySourcedRequestMappingHandlerMapping - Mapped URL path [/v2/api-docs] onto method [springfox.documentation.swagger2.web.Swagger2Controller#getDocumentation(String, HttpServletRequest)]
2021-08-12_15-58-56 [restartedMain] INFO  o.s.s.c.ThreadPoolTaskExecutor - Initializing ExecutorService 'applicationTaskExecutor'
2021-08-12_15-58-56 [restartedMain] INFO  o.s.b.w.e.tomcat.TomcatWebServer - Tomcat started on port(s): 8300 (http) with context path '/policy-api'
2021-08-12_15-58-56 [restartedMain] INFO  s.d.s.w.p.DocumentationPluginsBootstrapper - Context refreshed
2021-08-12_15-58-56 [restartedMain] INFO  s.d.s.w.p.DocumentationPluginsBootstrapper - Found 1 custom documentation plugin(s)
2021-08-12_15-58-56 [restartedMain] INFO  s.d.s.w.s.ApiListingReferenceScanner - Scanning for api listing references
2021-08-12_15-58-56 [restartedMain] INFO  c.c.p.p.PolicyMicroserviceApplication - Started PolicyMicroserviceApplication in 13.318 seconds (JVM running for 10522.141)
2021-08-12_15-58-56 [restartedMain] INFO  o.s.b.d.a.ConditionEvaluationDeltaLoggingListener - Condition evaluation unchanged
2021-08-12_19-44-27 [background-preinit] INFO  o.h.validator.internal.util.Version - HV000001: Hibernate Validator 6.1.7.Final
2021-08-12_19-44-27 [restartedMain] INFO  c.c.p.p.PolicyMicroserviceApplication - Starting PolicyMicroserviceApplication using Java 15.0.2 on DESKTOP-BH92MP6 with PID 10464 (D:\MFPE-val\PAS\Policy-Microservice\Policy-Microservice\target\classes started by rames in D:\MFPE-val\PAS\Policy-Microservice\Policy-Microservice)
2021-08-12_19-44-27 [restartedMain] INFO  c.c.p.p.PolicyMicroserviceApplication - No active profile set, falling back to default profiles: default
2021-08-12_19-44-27 [restartedMain] INFO  o.s.b.d.e.DevToolsPropertyDefaultsPostProcessor - Devtools property defaults active! Set 'spring.devtools.add-properties' to 'false' to disable
2021-08-12_19-44-27 [restartedMain] INFO  o.s.b.d.e.DevToolsPropertyDefaultsPostProcessor - For additional web related logging consider setting the 'logging.level.web' property to 'DEBUG'
2021-08-12_19-44-27 [restartedMain] INFO  o.s.d.r.c.RepositoryConfigurationDelegate - Bootstrapping Spring Data JPA repositories in DEFAULT mode.
2021-08-12_19-44-27 [restartedMain] INFO  o.s.d.r.c.RepositoryConfigurationDelegate - Finished Spring Data repository scanning in 339 ms. Found 2 JPA repository interfaces.
2021-08-12_19-44-27 [restartedMain] INFO  o.s.cloud.context.scope.GenericScope - BeanFactory id=1c2678bb-61a9-3f2b-a070-935dc3012a84
2021-08-12_19-44-27 [restartedMain] INFO  o.s.c.s.PostProcessorRegistrationDelegate$BeanPostProcessorChecker - Bean 'com.cognizant.pas.policy.feign.AuthorisingClient' of type [org.springframework.cloud.openfeign.FeignClientFactoryBean] is not eligible for getting processed by all BeanPostProcessors (for example: not eligible for auto-proxying)
2021-08-12_19-44-27 [restartedMain] INFO  o.s.c.s.PostProcessorRegistrationDelegate$BeanPostProcessorChecker - Bean 'com.cognizant.pas.policy.feign.ConsumerClient' of type [org.springframework.cloud.openfeign.FeignClientFactoryBean] is not eligible for getting processed by all BeanPostProcessors (for example: not eligible for auto-proxying)
2021-08-12_19-44-27 [restartedMain] INFO  o.s.c.s.PostProcessorRegistrationDelegate$BeanPostProcessorChecker - Bean 'com.cognizant.pas.policy.feign.QuotesClient' of type [org.springframework.cloud.openfeign.FeignClientFactoryBean] is not eligible for getting processed by all BeanPostProcessors (for example: not eligible for auto-proxying)
2021-08-12_19-44-27 [restartedMain] INFO  o.s.b.w.e.tomcat.TomcatWebServer - Tomcat initialized with port(s): 8300 (http)
2021-08-12_19-44-27 [restartedMain] INFO  o.a.coyote.http11.Http11NioProtocol - Initializing ProtocolHandler ["http-nio-8300"]
2021-08-12_19-44-27 [restartedMain] INFO  o.a.catalina.core.StandardService - Starting service [Tomcat]
2021-08-12_19-44-27 [restartedMain] INFO  o.a.catalina.core.StandardEngine - Starting Servlet engine: [Apache Tomcat/9.0.41]
2021-08-12_19-44-27 [restartedMain] INFO  o.a.c.c.C.[.[.[/policy-api] - Initializing Spring embedded WebApplicationContext
2021-08-12_19-44-27 [restartedMain] INFO  o.s.b.w.s.c.ServletWebServerApplicationContext - Root WebApplicationContext: initialization completed in 18586 ms
2021-08-12_19-44-27 [restartedMain] INFO  com.zaxxer.hikari.HikariDataSource - HikariPool-1 - Starting...
2021-08-12_19-44-27 [restartedMain] INFO  com.zaxxer.hikari.HikariDataSource - HikariPool-1 - Start completed.
2021-08-12_19-44-27 [restartedMain] INFO  o.s.b.a.h.H2ConsoleAutoConfiguration - H2 console available at '/db'. Database available at 'jdbc:h2:mem:pasdb'
2021-08-12_19-44-27 [restartedMain] INFO  o.h.jpa.internal.util.LogHelper - HHH000204: Processing PersistenceUnitInfo [name: default]
2021-08-12_19-44-27 [restartedMain] INFO  org.hibernate.Version - HHH000412: Hibernate ORM core version 5.4.27.Final
2021-08-12_19-44-27 [restartedMain] INFO  o.h.annotations.common.Version - HCANN000001: Hibernate Commons Annotations {5.1.2.Final}
2021-08-12_19-44-27 [restartedMain] INFO  org.hibernate.dialect.Dialect - HHH000400: Using dialect: org.hibernate.dialect.H2Dialect
2021-08-12_19-44-27 [restartedMain] INFO  o.h.e.t.j.p.i.JtaPlatformInitiator - HHH000490: Using JtaPlatform implementation: [org.hibernate.engine.transaction.jta.platform.internal.NoJtaPlatform]
2021-08-12_19-44-27 [restartedMain] INFO  o.s.o.j.LocalContainerEntityManagerFactoryBean - Initialized JPA EntityManagerFactory for persistence unit 'default'
2021-08-12_19-44-27 [restartedMain] INFO  s.d.s.w.PropertySourcedRequestMappingHandlerMapping - Mapped URL path [/v2/api-docs] onto method [springfox.documentation.swagger2.web.Swagger2Controller#getDocumentation(String, HttpServletRequest)]
2021-08-12_19-44-27 [restartedMain] INFO  o.s.s.c.ThreadPoolTaskExecutor - Initializing ExecutorService 'applicationTaskExecutor'
2021-08-12_19-44-27 [restartedMain] INFO  o.a.coyote.http11.Http11NioProtocol - Starting ProtocolHandler ["http-nio-8300"]
2021-08-12_19-44-27 [restartedMain] INFO  o.s.b.w.e.tomcat.TomcatWebServer - Tomcat started on port(s): 8300 (http) with context path '/policy-api'
2021-08-12_19-44-27 [restartedMain] INFO  s.d.s.w.p.DocumentationPluginsBootstrapper - Context refreshed
2021-08-12_19-44-27 [restartedMain] INFO  s.d.s.w.p.DocumentationPluginsBootstrapper - Found 1 custom documentation plugin(s)
2021-08-12_19-44-27 [restartedMain] INFO  s.d.s.w.s.ApiListingReferenceScanner - Scanning for api listing references
2021-08-12_19-44-27 [restartedMain] INFO  c.c.p.p.PolicyMicroserviceApplication - Started PolicyMicroserviceApplication in 62.814 seconds (JVM running for 74.363)
2021-08-12_19-44-27 [http-nio-8300-exec-1] INFO  o.a.c.c.C.[.[.[/policy-api] - Initializing Spring DispatcherServlet 'dispatcherServlet'
2021-08-12_19-44-27 [http-nio-8300-exec-1] INFO  o.s.web.servlet.DispatcherServlet - Initializing Servlet 'dispatcherServlet'
2021-08-12_19-44-27 [http-nio-8300-exec-1] INFO  o.s.web.servlet.DispatcherServlet - Completed initialization in 81 ms
2021-08-12_19-44-27 [Thread-1] INFO  o.s.s.c.ThreadPoolTaskExecutor - Shutting down ExecutorService 'applicationTaskExecutor'
2021-08-12_19-44-27 [Thread-1] INFO  o.s.o.j.LocalContainerEntityManagerFactoryBean - Closing JPA EntityManagerFactory for persistence unit 'default'
2021-08-12_19-44-27 [Thread-1] INFO  o.h.t.s.i.SchemaDropperImpl$DelayedDropActionImpl - HHH000477: Starting delayed evictData of schema as part of SessionFactory shut-down'
2021-08-12_19-44-27 [Thread-1] INFO  com.zaxxer.hikari.HikariDataSource - HikariPool-1 - Shutdown initiated...
2021-08-12_19-44-27 [Thread-1] INFO  com.zaxxer.hikari.HikariDataSource - HikariPool-1 - Shutdown completed.
2021-08-12_20-34-29 [restartedMain] INFO  c.c.p.p.PolicyMicroserviceApplication - Starting PolicyMicroserviceApplication using Java 15.0.2 on DESKTOP-BH92MP6 with PID 10464 (D:\MFPE-val\PAS\Policy-Microservice\Policy-Microservice\target\classes started by rames in D:\MFPE-val\PAS\Policy-Microservice\Policy-Microservice)
2021-08-12_20-34-29 [restartedMain] INFO  c.c.p.p.PolicyMicroserviceApplication - No active profile set, falling back to default profiles: default
2021-08-12_20-34-29 [restartedMain] INFO  o.s.d.r.c.RepositoryConfigurationDelegate - Bootstrapping Spring Data JPA repositories in DEFAULT mode.
2021-08-12_20-34-29 [restartedMain] INFO  o.s.d.r.c.RepositoryConfigurationDelegate - Finished Spring Data repository scanning in 154 ms. Found 2 JPA repository interfaces.
2021-08-12_20-34-29 [restartedMain] INFO  o.s.cloud.context.scope.GenericScope - BeanFactory id=1c2678bb-61a9-3f2b-a070-935dc3012a84
2021-08-12_20-34-29 [restartedMain] INFO  o.s.c.s.PostProcessorRegistrationDelegate$BeanPostProcessorChecker - Bean 'com.cognizant.pas.policy.feign.AuthorisingClient' of type [org.springframework.cloud.openfeign.FeignClientFactoryBean] is not eligible for getting processed by all BeanPostProcessors (for example: not eligible for auto-proxying)
2021-08-12_20-34-29 [restartedMain] INFO  o.s.c.s.PostProcessorRegistrationDelegate$BeanPostProcessorChecker - Bean 'com.cognizant.pas.policy.feign.ConsumerClient' of type [org.springframework.cloud.openfeign.FeignClientFactoryBean] is not eligible for getting processed by all BeanPostProcessors (for example: not eligible for auto-proxying)
2021-08-12_20-34-29 [restartedMain] INFO  o.s.c.s.PostProcessorRegistrationDelegate$BeanPostProcessorChecker - Bean 'com.cognizant.pas.policy.feign.QuotesClient' of type [org.springframework.cloud.openfeign.FeignClientFactoryBean] is not eligible for getting processed by all BeanPostProcessors (for example: not eligible for auto-proxying)
2021-08-12_20-34-29 [restartedMain] INFO  o.s.b.w.e.tomcat.TomcatWebServer - Tomcat initialized with port(s): 8300 (http)
2021-08-12_20-34-29 [restartedMain] INFO  o.a.coyote.http11.Http11NioProtocol - Initializing ProtocolHandler ["http-nio-8300"]
2021-08-12_20-34-29 [restartedMain] INFO  o.a.catalina.core.StandardService - Starting service [Tomcat]
2021-08-12_20-34-29 [restartedMain] INFO  o.a.catalina.core.StandardEngine - Starting Servlet engine: [Apache Tomcat/9.0.41]
2021-08-12_20-34-29 [restartedMain] INFO  o.a.c.c.C.[.[.[/policy-api] - Initializing Spring embedded WebApplicationContext
2021-08-12_20-34-29 [restartedMain] INFO  o.s.b.w.s.c.ServletWebServerApplicationContext - Root WebApplicationContext: initialization completed in 10600 ms
2021-08-12_20-34-29 [restartedMain] INFO  com.zaxxer.hikari.HikariDataSource - HikariPool-2 - Starting...
2021-08-12_20-34-29 [restartedMain] INFO  com.zaxxer.hikari.HikariDataSource - HikariPool-2 - Start completed.
2021-08-12_20-34-29 [restartedMain] INFO  o.s.b.a.h.H2ConsoleAutoConfiguration - H2 console available at '/db'. Database available at 'jdbc:h2:mem:pasdb'
2021-08-12_20-34-29 [restartedMain] INFO  o.h.jpa.internal.util.LogHelper - HHH000204: Processing PersistenceUnitInfo [name: default]
2021-08-12_20-34-29 [restartedMain] INFO  org.hibernate.dialect.Dialect - HHH000400: Using dialect: org.hibernate.dialect.H2Dialect
2021-08-12_20-34-29 [restartedMain] INFO  o.h.e.t.j.p.i.JtaPlatformInitiator - HHH000490: Using JtaPlatform implementation: [org.hibernate.engine.transaction.jta.platform.internal.NoJtaPlatform]
2021-08-12_20-34-29 [restartedMain] INFO  o.s.o.j.LocalContainerEntityManagerFactoryBean - Initialized JPA EntityManagerFactory for persistence unit 'default'
2021-08-12_20-34-29 [restartedMain] INFO  s.d.s.w.PropertySourcedRequestMappingHandlerMapping - Mapped URL path [/v2/api-docs] onto method [springfox.documentation.swagger2.web.Swagger2Controller#getDocumentation(String, HttpServletRequest)]
2021-08-12_20-34-29 [restartedMain] INFO  o.s.s.c.ThreadPoolTaskExecutor - Initializing ExecutorService 'applicationTaskExecutor'
2021-08-12_20-34-29 [restartedMain] INFO  o.a.coyote.http11.Http11NioProtocol - Starting ProtocolHandler ["http-nio-8300"]
2021-08-12_20-34-29 [restartedMain] INFO  o.s.b.w.e.tomcat.TomcatWebServer - Tomcat started on port(s): 8300 (http) with context path '/policy-api'
2021-08-12_20-34-29 [restartedMain] INFO  s.d.s.w.p.DocumentationPluginsBootstrapper - Context refreshed
2021-08-12_20-34-29 [restartedMain] INFO  s.d.s.w.p.DocumentationPluginsBootstrapper - Found 1 custom documentation plugin(s)
2021-08-12_20-34-29 [restartedMain] INFO  s.d.s.w.s.ApiListingReferenceScanner - Scanning for api listing references
2021-08-12_20-34-29 [restartedMain] INFO  c.c.p.p.PolicyMicroserviceApplication - Started PolicyMicroserviceApplication in 20.37 seconds (JVM running for 3033.958)
2021-08-12_20-34-29 [restartedMain] INFO  o.s.b.d.a.ConditionEvaluationDeltaLoggingListener - Condition evaluation unchanged
2021-08-12_20-34-29 [Thread-10] INFO  o.s.s.c.ThreadPoolTaskExecutor - Shutting down ExecutorService 'applicationTaskExecutor'
2021-08-12_20-34-29 [Thread-10] INFO  o.s.o.j.LocalContainerEntityManagerFactoryBean - Closing JPA EntityManagerFactory for persistence unit 'default'
2021-08-12_20-34-29 [Thread-10] INFO  o.h.t.s.i.SchemaDropperImpl$DelayedDropActionImpl - HHH000477: Starting delayed evictData of schema as part of SessionFactory shut-down'
2021-08-12_20-34-29 [Thread-10] INFO  com.zaxxer.hikari.HikariDataSource - HikariPool-2 - Shutdown initiated...
2021-08-12_20-34-29 [Thread-10] INFO  com.zaxxer.hikari.HikariDataSource - HikariPool-2 - Shutdown completed.
2021-08-12_20-34-48 [restartedMain] INFO  c.c.p.p.PolicyMicroserviceApplication - Starting PolicyMicroserviceApplication using Java 15.0.2 on DESKTOP-BH92MP6 with PID 10464 (D:\MFPE-val\PAS\Policy-Microservice\Policy-Microservice\target\classes started by rames in D:\MFPE-val\PAS\Policy-Microservice\Policy-Microservice)
2021-08-12_20-34-48 [restartedMain] INFO  c.c.p.p.PolicyMicroserviceApplication - No active profile set, falling back to default profiles: default
2021-08-12_20-34-48 [restartedMain] INFO  o.s.d.r.c.RepositoryConfigurationDelegate - Bootstrapping Spring Data JPA repositories in DEFAULT mode.
2021-08-12_20-34-48 [restartedMain] INFO  o.s.d.r.c.RepositoryConfigurationDelegate - Finished Spring Data repository scanning in 62 ms. Found 2 JPA repository interfaces.
2021-08-12_20-34-48 [restartedMain] INFO  o.s.cloud.context.scope.GenericScope - BeanFactory id=1c2678bb-61a9-3f2b-a070-935dc3012a84
2021-08-12_20-34-48 [restartedMain] INFO  o.s.c.s.PostProcessorRegistrationDelegate$BeanPostProcessorChecker - Bean 'com.cognizant.pas.policy.feign.AuthorisingClient' of type [org.springframework.cloud.openfeign.FeignClientFactoryBean] is not eligible for getting processed by all BeanPostProcessors (for example: not eligible for auto-proxying)
2021-08-12_20-34-48 [restartedMain] INFO  o.s.c.s.PostProcessorRegistrationDelegate$BeanPostProcessorChecker - Bean 'com.cognizant.pas.policy.feign.ConsumerClient' of type [org.springframework.cloud.openfeign.FeignClientFactoryBean] is not eligible for getting processed by all BeanPostProcessors (for example: not eligible for auto-proxying)
2021-08-12_20-34-48 [restartedMain] INFO  o.s.c.s.PostProcessorRegistrationDelegate$BeanPostProcessorChecker - Bean 'com.cognizant.pas.policy.feign.QuotesClient' of type [org.springframework.cloud.openfeign.FeignClientFactoryBean] is not eligible for getting processed by all BeanPostProcessors (for example: not eligible for auto-proxying)
2021-08-12_20-34-48 [restartedMain] INFO  o.s.b.w.e.tomcat.TomcatWebServer - Tomcat initialized with port(s): 8300 (http)
2021-08-12_20-34-48 [restartedMain] INFO  o.a.coyote.http11.Http11NioProtocol - Initializing ProtocolHandler ["http-nio-8300"]
2021-08-12_20-34-48 [restartedMain] INFO  o.a.catalina.core.StandardService - Starting service [Tomcat]
2021-08-12_20-34-48 [restartedMain] INFO  o.a.catalina.core.StandardEngine - Starting Servlet engine: [Apache Tomcat/9.0.41]
2021-08-12_20-34-48 [restartedMain] INFO  o.a.c.c.C.[.[.[/policy-api] - Initializing Spring embedded WebApplicationContext
2021-08-12_20-34-48 [restartedMain] INFO  o.s.b.w.s.c.ServletWebServerApplicationContext - Root WebApplicationContext: initialization completed in 2640 ms
2021-08-12_20-34-48 [restartedMain] INFO  com.zaxxer.hikari.HikariDataSource - HikariPool-3 - Starting...
2021-08-12_20-34-48 [restartedMain] INFO  com.zaxxer.hikari.HikariDataSource - HikariPool-3 - Start completed.
2021-08-12_20-34-48 [restartedMain] INFO  o.s.b.a.h.H2ConsoleAutoConfiguration - H2 console available at '/db'. Database available at 'jdbc:h2:mem:pasdb'
2021-08-12_20-34-48 [restartedMain] INFO  o.h.jpa.internal.util.LogHelper - HHH000204: Processing PersistenceUnitInfo [name: default]
2021-08-12_20-34-48 [restartedMain] INFO  org.hibernate.dialect.Dialect - HHH000400: Using dialect: org.hibernate.dialect.H2Dialect
2021-08-12_20-34-48 [restartedMain] INFO  o.h.e.t.j.p.i.JtaPlatformInitiator - HHH000490: Using JtaPlatform implementation: [org.hibernate.engine.transaction.jta.platform.internal.NoJtaPlatform]
2021-08-12_20-34-48 [restartedMain] INFO  o.s.o.j.LocalContainerEntityManagerFactoryBean - Initialized JPA EntityManagerFactory for persistence unit 'default'
2021-08-12_20-34-48 [restartedMain] INFO  s.d.s.w.PropertySourcedRequestMappingHandlerMapping - Mapped URL path [/v2/api-docs] onto method [springfox.documentation.swagger2.web.Swagger2Controller#getDocumentation(String, HttpServletRequest)]
2021-08-12_20-34-48 [restartedMain] INFO  o.s.s.c.ThreadPoolTaskExecutor - Initializing ExecutorService 'applicationTaskExecutor'
2021-08-12_20-34-48 [restartedMain] INFO  o.a.coyote.http11.Http11NioProtocol - Starting ProtocolHandler ["http-nio-8300"]
2021-08-12_20-34-48 [restartedMain] INFO  o.s.b.w.e.tomcat.TomcatWebServer - Tomcat started on port(s): 8300 (http) with context path '/policy-api'
2021-08-12_20-34-48 [restartedMain] INFO  s.d.s.w.p.DocumentationPluginsBootstrapper - Context refreshed
2021-08-12_20-34-48 [restartedMain] INFO  s.d.s.w.p.DocumentationPluginsBootstrapper - Found 1 custom documentation plugin(s)
2021-08-12_20-34-48 [restartedMain] INFO  s.d.s.w.s.ApiListingReferenceScanner - Scanning for api listing references
2021-08-12_20-34-48 [restartedMain] INFO  c.c.p.p.PolicyMicroserviceApplication - Started PolicyMicroserviceApplication in 7.965 seconds (JVM running for 3042.728)
2021-08-12_20-34-48 [restartedMain] INFO  o.s.b.d.a.ConditionEvaluationDeltaLoggingListener - Condition evaluation unchanged
2021-08-12_20-34-48 [http-nio-8300-exec-1] INFO  o.a.c.c.C.[.[.[/policy-api] - Initializing Spring DispatcherServlet 'dispatcherServlet'
2021-08-12_20-34-48 [http-nio-8300-exec-1] INFO  o.s.web.servlet.DispatcherServlet - Initializing Servlet 'dispatcherServlet'
2021-08-12_20-34-48 [http-nio-8300-exec-1] INFO  o.s.web.servlet.DispatcherServlet - Completed initialization in 10 ms
2021-08-12_20-34-48 [http-nio-8300-exec-4] INFO  c.c.p.p.controller.PolicyController - Start createPolicy
2021-08-12_20-34-48 [http-nio-8300-exec-4] INFO  c.c.p.p.service.PolicyServiceImpl - Start createPolicyService
2021-08-12_20-34-48 [http-nio-8300-exec-4] INFO  c.c.p.p.service.PolicyServiceImpl - Start getConsumerBusiness
2021-08-12_20-34-48 [RMI TCP Connection(68)-127.0.0.1] INFO  o.s.b.a.SpringApplicationAdminMXBeanRegistrar$SpringApplicationAdmin - Application shutdown requested.
2021-08-12_20-34-48 [RMI TCP Connection(68)-127.0.0.1] INFO  o.s.s.c.ThreadPoolTaskExecutor - Shutting down ExecutorService 'applicationTaskExecutor'
2021-08-12_20-34-48 [RMI TCP Connection(68)-127.0.0.1] INFO  o.s.o.j.LocalContainerEntityManagerFactoryBean - Closing JPA EntityManagerFactory for persistence unit 'default'
2021-08-12_20-34-48 [RMI TCP Connection(68)-127.0.0.1] INFO  o.h.t.s.i.SchemaDropperImpl$DelayedDropActionImpl - HHH000477: Starting delayed evictData of schema as part of SessionFactory shut-down'
2021-08-12_20-34-48 [RMI TCP Connection(68)-127.0.0.1] INFO  com.zaxxer.hikari.HikariDataSource - HikariPool-3 - Shutdown initiated...
2021-08-12_20-34-48 [RMI TCP Connection(68)-127.0.0.1] INFO  com.zaxxer.hikari.HikariDataSource - HikariPool-3 - Shutdown completed.
2021-08-12_20-39-59 [background-preinit] INFO  o.h.validator.internal.util.Version - HV000001: Hibernate Validator 6.1.7.Final
2021-08-12_20-39-59 [restartedMain] INFO  c.c.p.p.PolicyMicroserviceApplication - Starting PolicyMicroserviceApplication using Java 15.0.2 on DESKTOP-BH92MP6 with PID 7148 (D:\MFPE-val\PAS\Policy-Microservice\Policy-Microservice\target\classes started by rames in D:\MFPE-val\PAS\Policy-Microservice\Policy-Microservice)
2021-08-12_20-39-59 [restartedMain] INFO  c.c.p.p.PolicyMicroserviceApplication - No active profile set, falling back to default profiles: default
2021-08-12_20-39-59 [restartedMain] INFO  o.s.b.d.e.DevToolsPropertyDefaultsPostProcessor - Devtools property defaults active! Set 'spring.devtools.add-properties' to 'false' to disable
2021-08-12_20-39-59 [restartedMain] INFO  o.s.b.d.e.DevToolsPropertyDefaultsPostProcessor - For additional web related logging consider setting the 'logging.level.web' property to 'DEBUG'
2021-08-12_20-39-59 [restartedMain] INFO  o.s.d.r.c.RepositoryConfigurationDelegate - Bootstrapping Spring Data JPA repositories in DEFAULT mode.
2021-08-12_20-39-59 [restartedMain] INFO  o.s.d.r.c.RepositoryConfigurationDelegate - Finished Spring Data repository scanning in 244 ms. Found 2 JPA repository interfaces.
2021-08-12_20-39-59 [restartedMain] INFO  o.s.cloud.context.scope.GenericScope - BeanFactory id=1c2678bb-61a9-3f2b-a070-935dc3012a84
2021-08-12_20-39-59 [restartedMain] INFO  o.s.c.s.PostProcessorRegistrationDelegate$BeanPostProcessorChecker - Bean 'com.cognizant.pas.policy.feign.AuthorisingClient' of type [org.springframework.cloud.openfeign.FeignClientFactoryBean] is not eligible for getting processed by all BeanPostProcessors (for example: not eligible for auto-proxying)
2021-08-12_20-39-59 [restartedMain] INFO  o.s.c.s.PostProcessorRegistrationDelegate$BeanPostProcessorChecker - Bean 'com.cognizant.pas.policy.feign.ConsumerClient' of type [org.springframework.cloud.openfeign.FeignClientFactoryBean] is not eligible for getting processed by all BeanPostProcessors (for example: not eligible for auto-proxying)
2021-08-12_20-39-59 [restartedMain] INFO  o.s.c.s.PostProcessorRegistrationDelegate$BeanPostProcessorChecker - Bean 'com.cognizant.pas.policy.feign.QuotesClient' of type [org.springframework.cloud.openfeign.FeignClientFactoryBean] is not eligible for getting processed by all BeanPostProcessors (for example: not eligible for auto-proxying)
2021-08-12_20-39-59 [restartedMain] INFO  o.s.b.w.e.tomcat.TomcatWebServer - Tomcat initialized with port(s): 8300 (http)
2021-08-12_20-39-59 [restartedMain] INFO  o.a.coyote.http11.Http11NioProtocol - Initializing ProtocolHandler ["http-nio-8300"]
2021-08-12_20-39-59 [restartedMain] INFO  o.a.catalina.core.StandardService - Starting service [Tomcat]
2021-08-12_20-39-59 [restartedMain] INFO  o.a.catalina.core.StandardEngine - Starting Servlet engine: [Apache Tomcat/9.0.41]
2021-08-12_20-39-59 [restartedMain] INFO  o.a.c.c.C.[.[.[/policy-api] - Initializing Spring embedded WebApplicationContext
2021-08-12_20-39-59 [restartedMain] INFO  o.s.b.w.s.c.ServletWebServerApplicationContext - Root WebApplicationContext: initialization completed in 9492 ms
2021-08-12_20-39-59 [restartedMain] INFO  com.zaxxer.hikari.HikariDataSource - HikariPool-1 - Starting...
2021-08-12_20-39-59 [restartedMain] INFO  com.zaxxer.hikari.HikariDataSource - HikariPool-1 - Start completed.
2021-08-12_20-39-59 [restartedMain] INFO  o.s.b.a.h.H2ConsoleAutoConfiguration - H2 console available at '/db'. Database available at 'jdbc:h2:mem:pasdb'
2021-08-12_20-39-59 [restartedMain] INFO  o.h.jpa.internal.util.LogHelper - HHH000204: Processing PersistenceUnitInfo [name: default]
2021-08-12_20-39-59 [restartedMain] INFO  org.hibernate.Version - HHH000412: Hibernate ORM core version 5.4.27.Final
2021-08-12_20-39-59 [restartedMain] INFO  o.h.annotations.common.Version - HCANN000001: Hibernate Commons Annotations {5.1.2.Final}
2021-08-12_20-39-59 [restartedMain] INFO  org.hibernate.dialect.Dialect - HHH000400: Using dialect: org.hibernate.dialect.H2Dialect
2021-08-12_20-39-59 [restartedMain] INFO  o.h.e.t.j.p.i.JtaPlatformInitiator - HHH000490: Using JtaPlatform implementation: [org.hibernate.engine.transaction.jta.platform.internal.NoJtaPlatform]
2021-08-12_20-39-59 [restartedMain] INFO  o.s.o.j.LocalContainerEntityManagerFactoryBean - Initialized JPA EntityManagerFactory for persistence unit 'default'
2021-08-12_20-39-59 [restartedMain] INFO  s.d.s.w.PropertySourcedRequestMappingHandlerMapping - Mapped URL path [/v2/api-docs] onto method [springfox.documentation.swagger2.web.Swagger2Controller#getDocumentation(String, HttpServletRequest)]
2021-08-12_20-39-59 [restartedMain] INFO  o.s.s.c.ThreadPoolTaskExecutor - Initializing ExecutorService 'applicationTaskExecutor'
2021-08-12_20-39-59 [restartedMain] INFO  o.a.coyote.http11.Http11NioProtocol - Starting ProtocolHandler ["http-nio-8300"]
2021-08-12_20-39-59 [restartedMain] INFO  o.s.b.w.e.tomcat.TomcatWebServer - Tomcat started on port(s): 8300 (http) with context path '/policy-api'
2021-08-12_20-39-59 [restartedMain] INFO  s.d.s.w.p.DocumentationPluginsBootstrapper - Context refreshed
2021-08-12_20-39-59 [restartedMain] INFO  s.d.s.w.p.DocumentationPluginsBootstrapper - Found 1 custom documentation plugin(s)
2021-08-12_20-39-59 [restartedMain] INFO  s.d.s.w.s.ApiListingReferenceScanner - Scanning for api listing references
2021-08-12_20-39-59 [restartedMain] INFO  c.c.p.p.PolicyMicroserviceApplication - Started PolicyMicroserviceApplication in 28.621 seconds (JVM running for 33.845)
2021-08-12_20-39-59 [http-nio-8300-exec-1] INFO  o.a.c.c.C.[.[.[/policy-api] - Initializing Spring DispatcherServlet 'dispatcherServlet'
2021-08-12_20-39-59 [http-nio-8300-exec-1] INFO  o.s.web.servlet.DispatcherServlet - Initializing Servlet 'dispatcherServlet'
2021-08-12_20-39-59 [http-nio-8300-exec-1] INFO  o.s.web.servlet.DispatcherServlet - Completed initialization in 3846 ms
2021-08-12_20-39-59 [RMI TCP Connection(175)-127.0.0.1] INFO  o.s.b.a.SpringApplicationAdminMXBeanRegistrar$SpringApplicationAdmin - Application shutdown requested.
2021-08-12_20-39-59 [RMI TCP Connection(175)-127.0.0.1] INFO  o.s.s.c.ThreadPoolTaskExecutor - Shutting down ExecutorService 'applicationTaskExecutor'
2021-08-12_20-39-59 [RMI TCP Connection(175)-127.0.0.1] INFO  o.s.o.j.LocalContainerEntityManagerFactoryBean - Closing JPA EntityManagerFactory for persistence unit 'default'
2021-08-12_20-39-59 [RMI TCP Connection(175)-127.0.0.1] INFO  o.h.t.s.i.SchemaDropperImpl$DelayedDropActionImpl - HHH000477: Starting delayed evictData of schema as part of SessionFactory shut-down'
2021-08-12_20-39-59 [RMI TCP Connection(175)-127.0.0.1] INFO  com.zaxxer.hikari.HikariDataSource - HikariPool-1 - Shutdown initiated...
2021-08-12_20-39-59 [RMI TCP Connection(175)-127.0.0.1] INFO  com.zaxxer.hikari.HikariDataSource - HikariPool-1 - Shutdown completed.
