2021-08-09_13-38-49 [http-nio-8300-exec-2] ERROR c.c.p.p.e.GlobalExceptionHandler - [404] during [GET] to [http://localhost:8200/consumer-api/viewConsumerBusinessByPolicy/1?consumerid=1] [ConsumerClient#viewConsumerBusinessbypolicy(Long,String)]: [{"timeStamp":"09-08-2021 01:57:43","status":"NOT_FOUND","message":"Consumer not found"}]
2021-08-09_13-38-49 [http-nio-8300-exec-6] ERROR c.c.p.p.e.GlobalExceptionHandler - [500] during [POST] to [http://localhost:8400/auth/authorize] [AuthorisingClient#authorizeTheRequest(String)]: [{"timestamp":"2021-08-09T08:32:35.045+00:00","status":500,"error":"Internal Server Error","trace":"io.jsonwebtoken.MalformedJwtException: JWT strings must contain exactly 2 period characters. Found: 0... (5908 bytes)]
2021-08-09_13-38-49 [http-nio-8300-exec-9] ERROR c.c.p.p.e.GlobalExceptionHandler - [500] during [POST] to [http://localhost:8400/auth/authorize] [AuthorisingClient#authorizeTheRequest(String)]: [{"timestamp":"2021-08-09T08:32:58.136+00:00","status":500,"error":"Internal Server Error","trace":"io.jsonwebtoken.MalformedJwtException: JWT strings must contain exactly 2 period characters. Found: 0... (5908 bytes)]
2021-08-09_13-38-49 [http-nio-8300-exec-4] ERROR c.c.p.p.e.GlobalExceptionHandler - [500] during [POST] to [http://localhost:8400/auth/authorize] [AuthorisingClient#authorizeTheRequest(String)]: [{"timestamp":"2021-08-09T08:32:59.440+00:00","status":500,"error":"Internal Server Error","trace":"io.jsonwebtoken.MalformedJwtException: JWT strings must contain exactly 2 period characters. Found: 0... (5908 bytes)]
2021-08-09_13-38-49 [http-nio-8300-exec-5] ERROR c.c.p.p.e.GlobalExceptionHandler - [500] during [POST] to [http://localhost:8400/auth/authorize] [AuthorisingClient#authorizeTheRequest(String)]: [{"timestamp":"2021-08-09T08:33:09.330+00:00","status":500,"error":"Internal Server Error","trace":"io.jsonwebtoken.MalformedJwtException: JWT strings must contain exactly 2 period characters. Found: 0... (5908 bytes)]
2021-08-09_13-38-49 [http-nio-8300-exec-1] ERROR c.c.p.p.e.GlobalExceptionHandler - [500] during [POST] to [http://localhost:8400/auth/authorize] [AuthorisingClient#authorizeTheRequest(String)]: [{"timestamp":"2021-08-09T08:33:10.619+00:00","status":500,"error":"Internal Server Error","trace":"io.jsonwebtoken.MalformedJwtException: JWT strings must contain exactly 2 period characters. Found: 0... (5908 bytes)]
2021-08-09_13-38-49 [http-nio-8300-exec-3] ERROR c.c.p.p.e.GlobalExceptionHandler - Not allowed
2021-08-09_13-38-49 [http-nio-8300-exec-2] ERROR c.c.p.p.e.GlobalExceptionHandler - Not allowed
2021-08-09_13-38-49 [http-nio-8300-exec-10] ERROR c.c.p.p.e.GlobalExceptionHandler - Not allowed
2021-08-09_13-38-49 [http-nio-8300-exec-9] ERROR c.c.p.p.e.GlobalExceptionHandler - query did not return a unique result: 6; nested exception is javax.persistence.NonUniqueResultException: query did not return a unique result: 6
2021-08-09_13-38-49 [http-nio-8300-exec-6] ERROR c.c.p.p.e.GlobalExceptionHandler - query did not return a unique result: 6; nested exception is javax.persistence.NonUniqueResultException: query did not return a unique result: 6
2021-08-09_14-34-38 [http-nio-8300-exec-1] ERROR c.c.p.p.e.GlobalExceptionHandler - Not allowed
2021-08-09_14-54-02 [http-nio-8300-exec-9] ERROR c.c.p.p.e.GlobalExceptionHandler - Not allowed
2021-08-09_14-54-02 [http-nio-8300-exec-8] ERROR c.c.p.p.e.GlobalExceptionHandler - HV000030: No validator could be found for constraint 'javax.validation.constraints.NotBlank' validating type 'java.lang.Long'. Check configuration for 'id'
2021-08-09_14-58-41 [http-nio-8300-exec-4] ERROR c.c.p.p.e.GlobalExceptionHandler - Not allowed
2021-08-09_14-58-41 [http-nio-8300-exec-8] ERROR c.c.p.p.e.GlobalExceptionHandler - Not allowed
2021-08-09_14-58-41 [http-nio-8300-exec-9] ERROR c.c.p.p.e.GlobalExceptionHandler - Not allowed
2021-08-09_14-58-41 [http-nio-8300-exec-3] ERROR c.c.p.p.e.GlobalExceptionHandler - HV000030: No validator could be found for constraint 'javax.validation.constraints.NotBlank' validating type 'java.lang.Long'. Check configuration for 'id'
2021-08-09_15-09-12 [restartedMain] ERROR o.s.boot.SpringApplication - Application run failed
org.springframework.beans.factory.UnsatisfiedDependencyException: Error creating bean with name 'policyController': Unsatisfied dependency expressed through field 'policyService'; nested exception is org.springframework.beans.factory.UnsatisfiedDependencyException: Error creating bean with name 'policyServiceImpl': Unsatisfied dependency expressed through field 'policyMasterRepository'; nested exception is org.springframework.beans.factory.BeanCreationException: Error creating bean with name 'policyMasterRepository' defined in com.cognizant.pas.policy.repository.PolicyMasterRepository defined in @EnableJpaRepositories declared on JpaRepositoriesRegistrar.EnableJpaRepositoriesConfiguration: Invocation of init method failed; nested exception is java.lang.IllegalArgumentException: Failed to create query for method public abstract com.cognizant.pas.policy.models.PolicyMaster com.cognizant.pas.policy.repository.PolicyMasterRepository.findOne(long)! No property findOne found for type PolicyMaster!
	at org.springframework.beans.factory.annotation.AutowiredAnnotationBeanPostProcessor$AutowiredFieldElement.inject(AutowiredAnnotationBeanPostProcessor.java:643)
	at org.springframework.beans.factory.annotation.InjectionMetadata.inject(InjectionMetadata.java:119)
	at org.springframework.beans.factory.annotation.AutowiredAnnotationBeanPostProcessor.postProcessProperties(AutowiredAnnotationBeanPostProcessor.java:399)
	at org.springframework.beans.factory.support.AbstractAutowireCapableBeanFactory.populateBean(AbstractAutowireCapableBeanFactory.java:1415)
	at org.springframework.beans.factory.support.AbstractAutowireCapableBeanFactory.doCreateBean(AbstractAutowireCapableBeanFactory.java:608)
	at org.springframework.beans.factory.support.AbstractAutowireCapableBeanFactory.createBean(AbstractAutowireCapableBeanFactory.java:531)
	at org.springframework.beans.factory.support.AbstractBeanFactory.lambda$doGetBean$0(AbstractBeanFactory.java:335)
	at org.springframework.beans.factory.support.DefaultSingletonBeanRegistry.getSingleton(DefaultSingletonBeanRegistry.java:234)
	at org.springframework.beans.factory.support.AbstractBeanFactory.doGetBean(AbstractBeanFactory.java:333)
	at org.springframework.beans.factory.support.AbstractBeanFactory.getBean(AbstractBeanFactory.java:208)
	at org.springframework.beans.factory.support.DefaultListableBeanFactory.preInstantiateSingletons(DefaultListableBeanFactory.java:944)
	at org.springframework.context.support.AbstractApplicationContext.finishBeanFactoryInitialization(AbstractApplicationContext.java:923)
	at org.springframework.context.support.AbstractApplicationContext.refresh(AbstractApplicationContext.java:588)
	at org.springframework.boot.web.servlet.context.ServletWebServerApplicationContext.refresh(ServletWebServerApplicationContext.java:144)
	at org.springframework.boot.SpringApplication.refresh(SpringApplication.java:767)
	at org.springframework.boot.SpringApplication.refresh(SpringApplication.java:759)
	at org.springframework.boot.SpringApplication.refreshContext(SpringApplication.java:426)
	at org.springframework.boot.SpringApplication.run(SpringApplication.java:326)
	at org.springframework.boot.SpringApplication.run(SpringApplication.java:1311)
	at org.springframework.boot.SpringApplication.run(SpringApplication.java:1300)
	at com.cognizant.pas.policy.PolicyMicroserviceApplication.main(PolicyMicroserviceApplication.java:12)
	at java.base/jdk.internal.reflect.NativeMethodAccessorImpl.invoke0(Native Method)
	at java.base/jdk.internal.reflect.NativeMethodAccessorImpl.invoke(NativeMethodAccessorImpl.java:78)
	at java.base/jdk.internal.reflect.DelegatingMethodAccessorImpl.invoke(DelegatingMethodAccessorImpl.java:43)
	at java.base/java.lang.reflect.Method.invoke(Method.java:567)
	at org.springframework.boot.devtools.restart.RestartLauncher.run(RestartLauncher.java:49)
Caused by: org.springframework.beans.factory.UnsatisfiedDependencyException: Error creating bean with name 'policyServiceImpl': Unsatisfied dependency expressed through field 'policyMasterRepository'; nested exception is org.springframework.beans.factory.BeanCreationException: Error creating bean with name 'policyMasterRepository' defined in com.cognizant.pas.policy.repository.PolicyMasterRepository defined in @EnableJpaRepositories declared on JpaRepositoriesRegistrar.EnableJpaRepositoriesConfiguration: Invocation of init method failed; nested exception is java.lang.IllegalArgumentException: Failed to create query for method public abstract com.cognizant.pas.policy.models.PolicyMaster com.cognizant.pas.policy.repository.PolicyMasterRepository.findOne(long)! No property findOne found for type PolicyMaster!
	at org.springframework.beans.factory.annotation.AutowiredAnnotationBeanPostProcessor$AutowiredFieldElement.inject(AutowiredAnnotationBeanPostProcessor.java:643)
	at org.springframework.beans.factory.annotation.InjectionMetadata.inject(InjectionMetadata.java:119)
	at org.springframework.beans.factory.annotation.AutowiredAnnotationBeanPostProcessor.postProcessProperties(AutowiredAnnotationBeanPostProcessor.java:399)
	at org.springframework.beans.factory.support.AbstractAutowireCapableBeanFactory.populateBean(AbstractAutowireCapableBeanFactory.java:1415)
	at org.springframework.beans.factory.support.AbstractAutowireCapableBeanFactory.doCreateBean(AbstractAutowireCapableBeanFactory.java:608)
	at org.springframework.beans.factory.support.AbstractAutowireCapableBeanFactory.createBean(AbstractAutowireCapableBeanFactory.java:531)
	at org.springframework.beans.factory.support.AbstractBeanFactory.lambda$doGetBean$0(AbstractBeanFactory.java:335)
	at org.springframework.beans.factory.support.DefaultSingletonBeanRegistry.getSingleton(DefaultSingletonBeanRegistry.java:234)
	at org.springframework.beans.factory.support.AbstractBeanFactory.doGetBean(AbstractBeanFactory.java:333)
	at org.springframework.beans.factory.support.AbstractBeanFactory.getBean(AbstractBeanFactory.java:208)
	at org.springframework.beans.factory.config.DependencyDescriptor.resolveCandidate(DependencyDescriptor.java:276)
	at org.springframework.beans.factory.support.DefaultListableBeanFactory.doResolveDependency(DefaultListableBeanFactory.java:1380)
	at org.springframework.beans.factory.support.DefaultListableBeanFactory.resolveDependency(DefaultListableBeanFactory.java:1300)
	at org.springframework.beans.factory.annotation.AutowiredAnnotationBeanPostProcessor$AutowiredFieldElement.inject(AutowiredAnnotationBeanPostProcessor.java:640)
	... 25 common frames omitted
Caused by: org.springframework.beans.factory.BeanCreationException: Error creating bean with name 'policyMasterRepository' defined in com.cognizant.pas.policy.repository.PolicyMasterRepository defined in @EnableJpaRepositories declared on JpaRepositoriesRegistrar.EnableJpaRepositoriesConfiguration: Invocation of init method failed; nested exception is java.lang.IllegalArgumentException: Failed to create query for method public abstract com.cognizant.pas.policy.models.PolicyMaster com.cognizant.pas.policy.repository.PolicyMasterRepository.findOne(long)! No property findOne found for type PolicyMaster!
	at org.springframework.beans.factory.support.AbstractAutowireCapableBeanFactory.initializeBean(AbstractAutowireCapableBeanFactory.java:1788)
	at org.springframework.beans.factory.support.AbstractAutowireCapableBeanFactory.doCreateBean(AbstractAutowireCapableBeanFactory.java:609)
	at org.springframework.beans.factory.support.AbstractAutowireCapableBeanFactory.createBean(AbstractAutowireCapableBeanFactory.java:531)
	at org.springframework.beans.factory.support.AbstractBeanFactory.lambda$doGetBean$0(AbstractBeanFactory.java:335)
	at org.springframework.beans.factory.support.DefaultSingletonBeanRegistry.getSingleton(DefaultSingletonBeanRegistry.java:234)
	at org.springframework.beans.factory.support.AbstractBeanFactory.doGetBean(AbstractBeanFactory.java:333)
	at org.springframework.beans.factory.support.AbstractBeanFactory.getBean(AbstractBeanFactory.java:208)
	at org.springframework.beans.factory.config.DependencyDescriptor.resolveCandidate(DependencyDescriptor.java:276)
	at org.springframework.beans.factory.support.DefaultListableBeanFactory.doResolveDependency(DefaultListableBeanFactory.java:1380)
	at org.springframework.beans.factory.support.DefaultListableBeanFactory.resolveDependency(DefaultListableBeanFactory.java:1300)
	at org.springframework.beans.factory.annotation.AutowiredAnnotationBeanPostProcessor$AutowiredFieldElement.inject(AutowiredAnnotationBeanPostProcessor.java:640)
	... 38 common frames omitted
Caused by: java.lang.IllegalArgumentException: Failed to create query for method public abstract com.cognizant.pas.policy.models.PolicyMaster com.cognizant.pas.policy.repository.PolicyMasterRepository.findOne(long)! No property findOne found for type PolicyMaster!
	at org.springframework.data.jpa.repository.query.PartTreeJpaQuery.<init>(PartTreeJpaQuery.java:96)
	at org.springframework.data.jpa.repository.query.JpaQueryLookupStrategy$CreateQueryLookupStrategy.resolveQuery(JpaQueryLookupStrategy.java:107)
	at org.springframework.data.jpa.repository.query.JpaQueryLookupStrategy$CreateIfNotFoundQueryLookupStrategy.resolveQuery(JpaQueryLookupStrategy.java:218)
	at org.springframework.data.jpa.repository.query.JpaQueryLookupStrategy$AbstractQueryLookupStrategy.resolveQuery(JpaQueryLookupStrategy.java:81)
	at org.springframework.data.repository.core.support.QueryExecutorMethodInterceptor.lookupQuery(QueryExecutorMethodInterceptor.java:100)
	at org.springframework.data.repository.core.support.QueryExecutorMethodInterceptor.lambda$mapMethodsToQuery$1(QueryExecutorMethodInterceptor.java:93)
	at java.base/java.util.stream.ReferencePipeline$3$1.accept(ReferencePipeline.java:197)
	at java.base/java.util.Iterator.forEachRemaining(Iterator.java:133)
	at java.base/java.util.Collections$UnmodifiableCollection$1.forEachRemaining(Collections.java:1056)
	at java.base/java.util.Spliterators$IteratorSpliterator.forEachRemaining(Spliterators.java:1801)
	at java.base/java.util.stream.AbstractPipeline.copyInto(AbstractPipeline.java:484)
	at java.base/java.util.stream.AbstractPipeline.wrapAndCopyInto(AbstractPipeline.java:474)
	at java.base/java.util.stream.ReduceOps$ReduceOp.evaluateSequential(ReduceOps.java:913)
	at java.base/java.util.stream.AbstractPipeline.evaluate(AbstractPipeline.java:234)
	at java.base/java.util.stream.ReferencePipeline.collect(ReferencePipeline.java:682)
	at org.springframework.data.repository.core.support.QueryExecutorMethodInterceptor.mapMethodsToQuery(QueryExecutorMethodInterceptor.java:95)
	at org.springframework.data.repository.core.support.QueryExecutorMethodInterceptor.lambda$new$0(QueryExecutorMethodInterceptor.java:85)
	at java.base/java.util.Optional.map(Optional.java:260)
	at org.springframework.data.repository.core.support.QueryExecutorMethodInterceptor.<init>(QueryExecutorMethodInterceptor.java:85)
	at org.springframework.data.repository.core.support.RepositoryFactorySupport.getRepository(RepositoryFactorySupport.java:303)
	at org.springframework.data.repository.core.support.RepositoryFactoryBeanSupport.lambda$afterPropertiesSet$6(RepositoryFactoryBeanSupport.java:326)
	at org.springframework.data.util.Lazy.getNullable(Lazy.java:230)
	at org.springframework.data.util.Lazy.get(Lazy.java:114)
	at org.springframework.data.repository.core.support.RepositoryFactoryBeanSupport.afterPropertiesSet(RepositoryFactoryBeanSupport.java:329)
	at org.springframework.data.jpa.repository.support.JpaRepositoryFactoryBean.afterPropertiesSet(JpaRepositoryFactoryBean.java:144)
	at org.springframework.beans.factory.support.AbstractAutowireCapableBeanFactory.invokeInitMethods(AbstractAutowireCapableBeanFactory.java:1847)
	at org.springframework.beans.factory.support.AbstractAutowireCapableBeanFactory.initializeBean(AbstractAutowireCapableBeanFactory.java:1784)
	... 48 common frames omitted
Caused by: org.springframework.data.mapping.PropertyReferenceException: No property findOne found for type PolicyMaster!
	at org.springframework.data.mapping.PropertyPath.<init>(PropertyPath.java:90)
	at org.springframework.data.mapping.PropertyPath.create(PropertyPath.java:437)
	at org.springframework.data.mapping.PropertyPath.create(PropertyPath.java:413)
	at org.springframework.data.mapping.PropertyPath.lambda$from$0(PropertyPath.java:366)
	at java.base/java.util.concurrent.ConcurrentMap.computeIfAbsent(ConcurrentMap.java:330)
	at org.springframework.data.mapping.PropertyPath.from(PropertyPath.java:348)
	at org.springframework.data.mapping.PropertyPath.from(PropertyPath.java:331)
	at org.springframework.data.repository.query.parser.Part.<init>(Part.java:81)
	at org.springframework.data.repository.query.parser.PartTree$OrPart.lambda$new$0(PartTree.java:249)
	at java.base/java.util.stream.ReferencePipeline$3$1.accept(ReferencePipeline.java:197)
	at java.base/java.util.stream.ReferencePipeline$2$1.accept(ReferencePipeline.java:179)
	at java.base/java.util.Spliterators$ArraySpliterator.forEachRemaining(Spliterators.java:948)
	at java.base/java.util.stream.AbstractPipeline.copyInto(AbstractPipeline.java:484)
	at java.base/java.util.stream.AbstractPipeline.wrapAndCopyInto(AbstractPipeline.java:474)
	at java.base/java.util.stream.ReduceOps$ReduceOp.evaluateSequential(ReduceOps.java:913)
	at java.base/java.util.stream.AbstractPipeline.evaluate(AbstractPipeline.java:234)
	at java.base/java.util.stream.ReferencePipeline.collect(ReferencePipeline.java:682)
	at org.springframework.data.repository.query.parser.PartTree$OrPart.<init>(PartTree.java:250)
	at org.springframework.data.repository.query.parser.PartTree$Predicate.lambda$new$0(PartTree.java:383)
	at java.base/java.util.stream.ReferencePipeline$3$1.accept(ReferencePipeline.java:197)
	at java.base/java.util.stream.ReferencePipeline$2$1.accept(ReferencePipeline.java:179)
	at java.base/java.util.Spliterators$ArraySpliterator.forEachRemaining(Spliterators.java:948)
	at java.base/java.util.stream.AbstractPipeline.copyInto(AbstractPipeline.java:484)
	at java.base/java.util.stream.AbstractPipeline.wrapAndCopyInto(AbstractPipeline.java:474)
	at java.base/java.util.stream.ReduceOps$ReduceOp.evaluateSequential(ReduceOps.java:913)
	at java.base/java.util.stream.AbstractPipeline.evaluate(AbstractPipeline.java:234)
	at java.base/java.util.stream.ReferencePipeline.collect(ReferencePipeline.java:682)
	at org.springframework.data.repository.query.parser.PartTree$Predicate.<init>(PartTree.java:384)
	at org.springframework.data.repository.query.parser.PartTree.<init>(PartTree.java:92)
	at org.springframework.data.jpa.repository.query.PartTreeJpaQuery.<init>(PartTreeJpaQuery.java:89)
	... 74 common frames omitted
2021-08-09_15-10-10 [restartedMain] ERROR o.s.boot.SpringApplication - Application run failed
org.springframework.beans.factory.UnsatisfiedDependencyException: Error creating bean with name 'policyController': Unsatisfied dependency expressed through field 'policyService'; nested exception is org.springframework.beans.factory.UnsatisfiedDependencyException: Error creating bean with name 'policyServiceImpl': Unsatisfied dependency expressed through field 'policyMasterRepository'; nested exception is org.springframework.beans.factory.BeanCreationException: Error creating bean with name 'policyMasterRepository' defined in com.cognizant.pas.policy.repository.PolicyMasterRepository defined in @EnableJpaRepositories declared on JpaRepositoriesRegistrar.EnableJpaRepositoriesConfiguration: Invocation of init method failed; nested exception is java.lang.IllegalArgumentException: Failed to create query for method public abstract com.cognizant.pas.policy.models.PolicyMaster com.cognizant.pas.policy.repository.PolicyMasterRepository.findOne(long)! No property findOne found for type PolicyMaster!
	at org.springframework.beans.factory.annotation.AutowiredAnnotationBeanPostProcessor$AutowiredFieldElement.inject(AutowiredAnnotationBeanPostProcessor.java:643)
	at org.springframework.beans.factory.annotation.InjectionMetadata.inject(InjectionMetadata.java:119)
	at org.springframework.beans.factory.annotation.AutowiredAnnotationBeanPostProcessor.postProcessProperties(AutowiredAnnotationBeanPostProcessor.java:399)
	at org.springframework.beans.factory.support.AbstractAutowireCapableBeanFactory.populateBean(AbstractAutowireCapableBeanFactory.java:1415)
	at org.springframework.beans.factory.support.AbstractAutowireCapableBeanFactory.doCreateBean(AbstractAutowireCapableBeanFactory.java:608)
	at org.springframework.beans.factory.support.AbstractAutowireCapableBeanFactory.createBean(AbstractAutowireCapableBeanFactory.java:531)
	at org.springframework.beans.factory.support.AbstractBeanFactory.lambda$doGetBean$0(AbstractBeanFactory.java:335)
	at org.springframework.beans.factory.support.DefaultSingletonBeanRegistry.getSingleton(DefaultSingletonBeanRegistry.java:234)
	at org.springframework.beans.factory.support.AbstractBeanFactory.doGetBean(AbstractBeanFactory.java:333)
	at org.springframework.beans.factory.support.AbstractBeanFactory.getBean(AbstractBeanFactory.java:208)
	at org.springframework.beans.factory.support.DefaultListableBeanFactory.preInstantiateSingletons(DefaultListableBeanFactory.java:944)
	at org.springframework.context.support.AbstractApplicationContext.finishBeanFactoryInitialization(AbstractApplicationContext.java:923)
	at org.springframework.context.support.AbstractApplicationContext.refresh(AbstractApplicationContext.java:588)
	at org.springframework.boot.web.servlet.context.ServletWebServerApplicationContext.refresh(ServletWebServerApplicationContext.java:144)
	at org.springframework.boot.SpringApplication.refresh(SpringApplication.java:767)
	at org.springframework.boot.SpringApplication.refresh(SpringApplication.java:759)
	at org.springframework.boot.SpringApplication.refreshContext(SpringApplication.java:426)
	at org.springframework.boot.SpringApplication.run(SpringApplication.java:326)
	at org.springframework.boot.SpringApplication.run(SpringApplication.java:1311)
	at org.springframework.boot.SpringApplication.run(SpringApplication.java:1300)
	at com.cognizant.pas.policy.PolicyMicroserviceApplication.main(PolicyMicroserviceApplication.java:12)
	at java.base/jdk.internal.reflect.NativeMethodAccessorImpl.invoke0(Native Method)
	at java.base/jdk.internal.reflect.NativeMethodAccessorImpl.invoke(NativeMethodAccessorImpl.java:78)
	at java.base/jdk.internal.reflect.DelegatingMethodAccessorImpl.invoke(DelegatingMethodAccessorImpl.java:43)
	at java.base/java.lang.reflect.Method.invoke(Method.java:567)
	at org.springframework.boot.devtools.restart.RestartLauncher.run(RestartLauncher.java:49)
Caused by: org.springframework.beans.factory.UnsatisfiedDependencyException: Error creating bean with name 'policyServiceImpl': Unsatisfied dependency expressed through field 'policyMasterRepository'; nested exception is org.springframework.beans.factory.BeanCreationException: Error creating bean with name 'policyMasterRepository' defined in com.cognizant.pas.policy.repository.PolicyMasterRepository defined in @EnableJpaRepositories declared on JpaRepositoriesRegistrar.EnableJpaRepositoriesConfiguration: Invocation of init method failed; nested exception is java.lang.IllegalArgumentException: Failed to create query for method public abstract com.cognizant.pas.policy.models.PolicyMaster com.cognizant.pas.policy.repository.PolicyMasterRepository.findOne(long)! No property findOne found for type PolicyMaster!
	at org.springframework.beans.factory.annotation.AutowiredAnnotationBeanPostProcessor$AutowiredFieldElement.inject(AutowiredAnnotationBeanPostProcessor.java:643)
	at org.springframework.beans.factory.annotation.InjectionMetadata.inject(InjectionMetadata.java:119)
	at org.springframework.beans.factory.annotation.AutowiredAnnotationBeanPostProcessor.postProcessProperties(AutowiredAnnotationBeanPostProcessor.java:399)
	at org.springframework.beans.factory.support.AbstractAutowireCapableBeanFactory.populateBean(AbstractAutowireCapableBeanFactory.java:1415)
	at org.springframework.beans.factory.support.AbstractAutowireCapableBeanFactory.doCreateBean(AbstractAutowireCapableBeanFactory.java:608)
	at org.springframework.beans.factory.support.AbstractAutowireCapableBeanFactory.createBean(AbstractAutowireCapableBeanFactory.java:531)
	at org.springframework.beans.factory.support.AbstractBeanFactory.lambda$doGetBean$0(AbstractBeanFactory.java:335)
	at org.springframework.beans.factory.support.DefaultSingletonBeanRegistry.getSingleton(DefaultSingletonBeanRegistry.java:234)
	at org.springframework.beans.factory.support.AbstractBeanFactory.doGetBean(AbstractBeanFactory.java:333)
	at org.springframework.beans.factory.support.AbstractBeanFactory.getBean(AbstractBeanFactory.java:208)
	at org.springframework.beans.factory.config.DependencyDescriptor.resolveCandidate(DependencyDescriptor.java:276)
	at org.springframework.beans.factory.support.DefaultListableBeanFactory.doResolveDependency(DefaultListableBeanFactory.java:1380)
	at org.springframework.beans.factory.support.DefaultListableBeanFactory.resolveDependency(DefaultListableBeanFactory.java:1300)
	at org.springframework.beans.factory.annotation.AutowiredAnnotationBeanPostProcessor$AutowiredFieldElement.inject(AutowiredAnnotationBeanPostProcessor.java:640)
	... 25 common frames omitted
Caused by: org.springframework.beans.factory.BeanCreationException: Error creating bean with name 'policyMasterRepository' defined in com.cognizant.pas.policy.repository.PolicyMasterRepository defined in @EnableJpaRepositories declared on JpaRepositoriesRegistrar.EnableJpaRepositoriesConfiguration: Invocation of init method failed; nested exception is java.lang.IllegalArgumentException: Failed to create query for method public abstract com.cognizant.pas.policy.models.PolicyMaster com.cognizant.pas.policy.repository.PolicyMasterRepository.findOne(long)! No property findOne found for type PolicyMaster!
	at org.springframework.beans.factory.support.AbstractAutowireCapableBeanFactory.initializeBean(AbstractAutowireCapableBeanFactory.java:1788)
	at org.springframework.beans.factory.support.AbstractAutowireCapableBeanFactory.doCreateBean(AbstractAutowireCapableBeanFactory.java:609)
	at org.springframework.beans.factory.support.AbstractAutowireCapableBeanFactory.createBean(AbstractAutowireCapableBeanFactory.java:531)
	at org.springframework.beans.factory.support.AbstractBeanFactory.lambda$doGetBean$0(AbstractBeanFactory.java:335)
	at org.springframework.beans.factory.support.DefaultSingletonBeanRegistry.getSingleton(DefaultSingletonBeanRegistry.java:234)
	at org.springframework.beans.factory.support.AbstractBeanFactory.doGetBean(AbstractBeanFactory.java:333)
	at org.springframework.beans.factory.support.AbstractBeanFactory.getBean(AbstractBeanFactory.java:208)
	at org.springframework.beans.factory.config.DependencyDescriptor.resolveCandidate(DependencyDescriptor.java:276)
	at org.springframework.beans.factory.support.DefaultListableBeanFactory.doResolveDependency(DefaultListableBeanFactory.java:1380)
	at org.springframework.beans.factory.support.DefaultListableBeanFactory.resolveDependency(DefaultListableBeanFactory.java:1300)
	at org.springframework.beans.factory.annotation.AutowiredAnnotationBeanPostProcessor$AutowiredFieldElement.inject(AutowiredAnnotationBeanPostProcessor.java:640)
	... 38 common frames omitted
Caused by: java.lang.IllegalArgumentException: Failed to create query for method public abstract com.cognizant.pas.policy.models.PolicyMaster com.cognizant.pas.policy.repository.PolicyMasterRepository.findOne(long)! No property findOne found for type PolicyMaster!
	at org.springframework.data.jpa.repository.query.PartTreeJpaQuery.<init>(PartTreeJpaQuery.java:96)
	at org.springframework.data.jpa.repository.query.JpaQueryLookupStrategy$CreateQueryLookupStrategy.resolveQuery(JpaQueryLookupStrategy.java:107)
	at org.springframework.data.jpa.repository.query.JpaQueryLookupStrategy$CreateIfNotFoundQueryLookupStrategy.resolveQuery(JpaQueryLookupStrategy.java:218)
	at org.springframework.data.jpa.repository.query.JpaQueryLookupStrategy$AbstractQueryLookupStrategy.resolveQuery(JpaQueryLookupStrategy.java:81)
	at org.springframework.data.repository.core.support.QueryExecutorMethodInterceptor.lookupQuery(QueryExecutorMethodInterceptor.java:100)
	at org.springframework.data.repository.core.support.QueryExecutorMethodInterceptor.lambda$mapMethodsToQuery$1(QueryExecutorMethodInterceptor.java:93)
	at java.base/java.util.stream.ReferencePipeline$3$1.accept(ReferencePipeline.java:197)
	at java.base/java.util.Iterator.forEachRemaining(Iterator.java:133)
	at java.base/java.util.Collections$UnmodifiableCollection$1.forEachRemaining(Collections.java:1056)
	at java.base/java.util.Spliterators$IteratorSpliterator.forEachRemaining(Spliterators.java:1801)
	at java.base/java.util.stream.AbstractPipeline.copyInto(AbstractPipeline.java:484)
	at java.base/java.util.stream.AbstractPipeline.wrapAndCopyInto(AbstractPipeline.java:474)
	at java.base/java.util.stream.ReduceOps$ReduceOp.evaluateSequential(ReduceOps.java:913)
	at java.base/java.util.stream.AbstractPipeline.evaluate(AbstractPipeline.java:234)
	at java.base/java.util.stream.ReferencePipeline.collect(ReferencePipeline.java:682)
	at org.springframework.data.repository.core.support.QueryExecutorMethodInterceptor.mapMethodsToQuery(QueryExecutorMethodInterceptor.java:95)
	at org.springframework.data.repository.core.support.QueryExecutorMethodInterceptor.lambda$new$0(QueryExecutorMethodInterceptor.java:85)
	at java.base/java.util.Optional.map(Optional.java:260)
	at org.springframework.data.repository.core.support.QueryExecutorMethodInterceptor.<init>(QueryExecutorMethodInterceptor.java:85)
	at org.springframework.data.repository.core.support.RepositoryFactorySupport.getRepository(RepositoryFactorySupport.java:303)
	at org.springframework.data.repository.core.support.RepositoryFactoryBeanSupport.lambda$afterPropertiesSet$6(RepositoryFactoryBeanSupport.java:326)
	at org.springframework.data.util.Lazy.getNullable(Lazy.java:230)
	at org.springframework.data.util.Lazy.get(Lazy.java:114)
	at org.springframework.data.repository.core.support.RepositoryFactoryBeanSupport.afterPropertiesSet(RepositoryFactoryBeanSupport.java:329)
	at org.springframework.data.jpa.repository.support.JpaRepositoryFactoryBean.afterPropertiesSet(JpaRepositoryFactoryBean.java:144)
	at org.springframework.beans.factory.support.AbstractAutowireCapableBeanFactory.invokeInitMethods(AbstractAutowireCapableBeanFactory.java:1847)
	at org.springframework.beans.factory.support.AbstractAutowireCapableBeanFactory.initializeBean(AbstractAutowireCapableBeanFactory.java:1784)
	... 48 common frames omitted
Caused by: org.springframework.data.mapping.PropertyReferenceException: No property findOne found for type PolicyMaster!
	at org.springframework.data.mapping.PropertyPath.<init>(PropertyPath.java:90)
	at org.springframework.data.mapping.PropertyPath.create(PropertyPath.java:437)
	at org.springframework.data.mapping.PropertyPath.create(PropertyPath.java:413)
	at org.springframework.data.mapping.PropertyPath.lambda$from$0(PropertyPath.java:366)
	at java.base/java.util.concurrent.ConcurrentMap.computeIfAbsent(ConcurrentMap.java:330)
	at org.springframework.data.mapping.PropertyPath.from(PropertyPath.java:348)
	at org.springframework.data.mapping.PropertyPath.from(PropertyPath.java:331)
	at org.springframework.data.repository.query.parser.Part.<init>(Part.java:81)
	at org.springframework.data.repository.query.parser.PartTree$OrPart.lambda$new$0(PartTree.java:249)
	at java.base/java.util.stream.ReferencePipeline$3$1.accept(ReferencePipeline.java:197)
	at java.base/java.util.stream.ReferencePipeline$2$1.accept(ReferencePipeline.java:179)
	at java.base/java.util.Spliterators$ArraySpliterator.forEachRemaining(Spliterators.java:948)
	at java.base/java.util.stream.AbstractPipeline.copyInto(AbstractPipeline.java:484)
	at java.base/java.util.stream.AbstractPipeline.wrapAndCopyInto(AbstractPipeline.java:474)
	at java.base/java.util.stream.ReduceOps$ReduceOp.evaluateSequential(ReduceOps.java:913)
	at java.base/java.util.stream.AbstractPipeline.evaluate(AbstractPipeline.java:234)
	at java.base/java.util.stream.ReferencePipeline.collect(ReferencePipeline.java:682)
	at org.springframework.data.repository.query.parser.PartTree$OrPart.<init>(PartTree.java:250)
	at org.springframework.data.repository.query.parser.PartTree$Predicate.lambda$new$0(PartTree.java:383)
	at java.base/java.util.stream.ReferencePipeline$3$1.accept(ReferencePipeline.java:197)
	at java.base/java.util.stream.ReferencePipeline$2$1.accept(ReferencePipeline.java:179)
	at java.base/java.util.Spliterators$ArraySpliterator.forEachRemaining(Spliterators.java:948)
	at java.base/java.util.stream.AbstractPipeline.copyInto(AbstractPipeline.java:484)
	at java.base/java.util.stream.AbstractPipeline.wrapAndCopyInto(AbstractPipeline.java:474)
	at java.base/java.util.stream.ReduceOps$ReduceOp.evaluateSequential(ReduceOps.java:913)
	at java.base/java.util.stream.AbstractPipeline.evaluate(AbstractPipeline.java:234)
	at java.base/java.util.stream.ReferencePipeline.collect(ReferencePipeline.java:682)
	at org.springframework.data.repository.query.parser.PartTree$Predicate.<init>(PartTree.java:384)
	at org.springframework.data.repository.query.parser.PartTree.<init>(PartTree.java:92)
	at org.springframework.data.jpa.repository.query.PartTreeJpaQuery.<init>(PartTreeJpaQuery.java:89)
	... 74 common frames omitted
2021-08-09_15-23-23 [http-nio-8300-exec-10] ERROR c.c.p.p.e.GlobalExceptionHandler - HV000030: No validator could be found for constraint 'javax.validation.constraints.NotBlank' validating type 'java.lang.Long'. Check configuration for 'id'
2021-08-09_15-25-26 [http-nio-8300-exec-1] ERROR c.c.p.p.e.GlobalExceptionHandler - Not allowed
2021-08-09_15-57-33 [http-nio-8300-exec-10] ERROR c.c.p.p.e.GlobalExceptionHandler - Not allowed
2021-08-09_15-57-33 [http-nio-8300-exec-5] ERROR c.c.p.p.e.GlobalExceptionHandler - Not allowed
2021-08-09_15-57-33 [http-nio-8300-exec-6] ERROR c.c.p.p.e.GlobalExceptionHandler - query did not return a unique result: 2; nested exception is javax.persistence.NonUniqueResultException: query did not return a unique result: 2
2021-08-09_16-05-37 [http-nio-8300-exec-5] ERROR c.c.p.p.e.GlobalExceptionHandler - query did not return a unique result: 5; nested exception is javax.persistence.NonUniqueResultException: query did not return a unique result: 5
2021-08-09_16-57-56 [http-nio-8300-exec-1] ERROR c.c.p.p.e.GlobalExceptionHandler - Not allowed
2021-08-09_16-57-56 [http-nio-8300-exec-4] ERROR c.c.p.p.e.GlobalExceptionHandler - Not allowed
2021-08-09_16-57-56 [http-nio-8300-exec-3] ERROR c.c.p.p.e.GlobalExceptionHandler - Not allowed
2021-08-09_16-57-56 [http-nio-8300-exec-6] ERROR c.c.p.p.e.GlobalExceptionHandler - query did not return a unique result: 4; nested exception is javax.persistence.NonUniqueResultException: query did not return a unique result: 4
2021-08-09_16-57-56 [http-nio-8300-exec-9] ERROR c.c.p.p.e.GlobalExceptionHandler - query did not return a unique result: 4; nested exception is javax.persistence.NonUniqueResultException: query did not return a unique result: 4
2021-08-09_17-06-14 [http-nio-8300-exec-2] ERROR c.c.p.p.e.GlobalExceptionHandler - Handler dispatch failed; nested exception is java.lang.Error: Unresolved compilation problem: 
	The method viewPolicy(Long, long) in the type PolicyService is not applicable for the arguments (Long, String)

2021-08-09_17-07-15 [http-nio-8300-exec-1] ERROR c.c.p.p.e.GlobalExceptionHandler - Sorry!!, No Consumer Found!!
2021-08-09_17-09-52 [http-nio-8300-exec-9] ERROR c.c.p.p.e.GlobalExceptionHandler - query did not return a unique result: 5; nested exception is javax.persistence.NonUniqueResultException: query did not return a unique result: 5
2021-08-09_17-14-26 [http-nio-8300-exec-1] ERROR c.c.p.p.e.GlobalExceptionHandler - No value present
2021-08-09_18-48-48 [http-nio-8300-exec-5] ERROR c.c.p.p.e.GlobalExceptionHandler - [401] during [GET] to [http://localhost:8200/consumer-api/viewConsumerBusinessByPolicy/1001?consumerid=1001] [ConsumerClient#viewConsumerBusinessbypolicy(Long,String)]: [{"timeStamp":"09-08-2021 06:52:18","status":"UNAUTHORIZED","message":"Cannot invoke \"com.cognizant.pas.consumer.model.Property.getId()\" because \"property\" is null"}]
2021-08-09_18-48-48 [http-nio-8300-exec-4] ERROR c.c.p.p.e.GlobalExceptionHandler - [401] during [GET] to [http://localhost:8200/consumer-api/viewConsumerBusinessByPolicy/1001?consumerid=1001] [ConsumerClient#viewConsumerBusinessbypolicy(Long,String)]: [{"timeStamp":"09-08-2021 06:52:32","status":"UNAUTHORIZED","message":"Cannot invoke \"com.cognizant.pas.consumer.model.Property.getId()\" because \"property\" is null"}]
2021-08-09_18-48-48 [http-nio-8300-exec-3] ERROR c.c.p.p.e.GlobalExceptionHandler - [401] during [GET] to [http://localhost:8200/consumer-api/viewConsumerBusinessByPolicy/1001?consumerid=1001] [ConsumerClient#viewConsumerBusinessbypolicy(Long,String)]: [{"timeStamp":"09-08-2021 06:52:56","status":"UNAUTHORIZED","message":"Cannot invoke \"com.cognizant.pas.consumer.model.Property.getId()\" because \"property\" is null"}]
2021-08-09_18-48-48 [http-nio-8300-exec-8] ERROR c.c.p.p.e.GlobalExceptionHandler - [500] during [POST] to [http://localhost:8400/auth/authorize] [AuthorisingClient#authorizeTheRequest(String)]: [{"timestamp":"2021-08-09T13:24:08.357+00:00","status":500,"error":"Internal Server Error","trace":"io.jsonwebtoken.MalformedJwtException: JWT strings must contain exactly 2 period characters. Found: 0... (5908 bytes)]
2021-08-09_18-48-48 [http-nio-8300-exec-9] ERROR c.c.p.p.e.GlobalExceptionHandler - [500] during [POST] to [http://localhost:8400/auth/authorize] [AuthorisingClient#authorizeTheRequest(String)]: [{"timestamp":"2021-08-09T13:24:15.240+00:00","status":500,"error":"Internal Server Error","trace":"io.jsonwebtoken.MalformedJwtException: JWT strings must contain exactly 2 period characters. Found: 0... (5908 bytes)]
2021-08-09_18-48-48 [http-nio-8300-exec-10] ERROR c.c.p.p.e.GlobalExceptionHandler - [500] during [POST] to [http://localhost:8400/auth/authorize] [AuthorisingClient#authorizeTheRequest(String)]: [{"timestamp":"2021-08-09T13:24:15.609+00:00","status":500,"error":"Internal Server Error","trace":"io.jsonwebtoken.MalformedJwtException: JWT strings must contain exactly 2 period characters. Found: 0... (5908 bytes)]
2021-08-09_18-48-48 [http-nio-8300-exec-1] ERROR c.c.p.p.e.GlobalExceptionHandler - [500] during [POST] to [http://localhost:8400/auth/authorize] [AuthorisingClient#authorizeTheRequest(String)]: [{"timestamp":"2021-08-09T13:24:16.258+00:00","status":500,"error":"Internal Server Error","trace":"io.jsonwebtoken.MalformedJwtException: JWT strings must contain exactly 2 period characters. Found: 0... (5908 bytes)]
2021-08-09_18-48-48 [http-nio-8300-exec-4] ERROR c.c.p.p.e.GlobalExceptionHandler - [500] during [POST] to [http://localhost:8400/auth/authorize] [AuthorisingClient#authorizeTheRequest(String)]: [{"timestamp":"2021-08-09T13:24:17.543+00:00","status":500,"error":"Internal Server Error","trace":"io.jsonwebtoken.MalformedJwtException: JWT strings must contain exactly 2 period characters. Found: 0... (5908 bytes)]
2021-08-09_18-48-48 [http-nio-8300-exec-3] ERROR c.c.p.p.e.GlobalExceptionHandler - [500] during [POST] to [http://localhost:8400/auth/authorize] [AuthorisingClient#authorizeTheRequest(String)]: [{"timestamp":"2021-08-09T13:24:18.553+00:00","status":500,"error":"Internal Server Error","trace":"io.jsonwebtoken.MalformedJwtException: JWT strings must contain exactly 2 period characters. Found: 0... (5908 bytes)]
2021-08-09_18-48-48 [http-nio-8300-exec-7] ERROR c.c.p.p.e.GlobalExceptionHandler - [500] during [POST] to [http://localhost:8400/auth/authorize] [AuthorisingClient#authorizeTheRequest(String)]: [{"timestamp":"2021-08-09T13:24:42.905+00:00","status":500,"error":"Internal Server Error","trace":"io.jsonwebtoken.MalformedJwtException: JWT strings must contain exactly 2 period characters. Found: 0... (5908 bytes)]
2021-08-09_18-48-48 [http-nio-8300-exec-8] ERROR c.c.p.p.e.GlobalExceptionHandler - [500] during [POST] to [http://localhost:8400/auth/authorize] [AuthorisingClient#authorizeTheRequest(String)]: [{"timestamp":"2021-08-09T13:28:45.550+00:00","status":500,"error":"Internal Server Error","trace":"io.jsonwebtoken.MalformedJwtException: JWT strings must contain exactly 2 period characters. Found: 0... (5908 bytes)]
2021-08-09_18-48-48 [http-nio-8300-exec-9] ERROR c.c.p.p.e.GlobalExceptionHandler - [500] during [POST] to [http://localhost:8400/auth/authorize] [AuthorisingClient#authorizeTheRequest(String)]: [{"timestamp":"2021-08-09T13:29:01.687+00:00","status":500,"error":"Internal Server Error","trace":"io.jsonwebtoken.MalformedJwtException: JWT strings must contain exactly 2 period characters. Found: 0... (5908 bytes)]
2021-08-09_18-48-48 [http-nio-8300-exec-7] ERROR c.c.p.p.e.GlobalExceptionHandler - [500] during [POST] to [http://localhost:8400/auth/authorize] [AuthorisingClient#authorizeTheRequest(String)]: [{"timestamp":"2021-08-09T13:29:03.612+00:00","status":500,"error":"Internal Server Error","trace":"io.jsonwebtoken.MalformedJwtException: JWT strings must contain exactly 2 period characters. Found: 0... (5908 bytes)]
2021-08-09_18-48-48 [http-nio-8300-exec-4] ERROR c.c.p.p.e.GlobalExceptionHandler - [500] during [POST] to [http://localhost:8400/auth/authorize] [AuthorisingClient#authorizeTheRequest(String)]: [{"timestamp":"2021-08-09T13:29:04.539+00:00","status":500,"error":"Internal Server Error","trace":"io.jsonwebtoken.MalformedJwtException: JWT strings must contain exactly 2 period characters. Found: 0... (5908 bytes)]
2021-08-09_18-48-48 [http-nio-8300-exec-1] ERROR c.c.p.p.e.GlobalExceptionHandler - [500] during [POST] to [http://localhost:8400/auth/authorize] [AuthorisingClient#authorizeTheRequest(String)]: [{"timestamp":"2021-08-09T14:06:53.583+00:00","status":500,"error":"Internal Server Error","trace":"io.jsonwebtoken.MalformedJwtException: JWT strings must contain exactly 2 period characters. Found: 0... (5908 bytes)]
2021-08-09_23-11-39 [http-nio-8300-exec-1] ERROR c.c.p.p.e.GlobalExceptionHandler - Not allowed
2021-08-09_23-11-39 [http-nio-8300-exec-5] ERROR c.c.p.p.e.GlobalExceptionHandler - Not allowed
