2021-08-18_11-59-37 [restartedMain] INFO  c.c.p.c.ConsumerMicroserviceApplication - Starting ConsumerMicroserviceApplication using Java 15.0.2 on DESKTOP-BH92MP6 with PID 10772 (D:\MFPE-val\PAS\Policy-consumer\Policy-consumer\Policy-consumer\target\classes started by rames in D:\MFPE-val\PAS\Policy-consumer\Policy-consumer\Policy-consumer)
2021-08-18_11-59-37 [restartedMain] INFO  c.c.p.c.ConsumerMicroserviceApplication - No active profile set, falling back to default profiles: default
2021-08-18_11-59-37 [background-preinit] INFO  o.h.validator.internal.util.Version - HV000001: Hibernate Validator 6.1.7.Final
2021-08-18_11-59-37 [restartedMain] INFO  o.s.b.d.e.DevToolsPropertyDefaultsPostProcessor - Devtools property defaults active! Set 'spring.devtools.add-properties' to 'false' to disable
2021-08-18_11-59-37 [restartedMain] INFO  o.s.b.d.e.DevToolsPropertyDefaultsPostProcessor - For additional web related logging consider setting the 'logging.level.web' property to 'DEBUG'
2021-08-18_11-59-37 [restartedMain] INFO  o.s.d.r.c.RepositoryConfigurationDelegate - Bootstrapping Spring Data JPA repositories in DEFAULT mode.
2021-08-18_11-59-37 [restartedMain] INFO  o.s.d.r.c.RepositoryConfigurationDelegate - Finished Spring Data repository scanning in 745 ms. Found 5 JPA repository interfaces.
2021-08-18_11-59-37 [restartedMain] INFO  o.s.cloud.context.scope.GenericScope - BeanFactory id=d0f58078-3429-3b57-84fd-ac7a7a517221
2021-08-18_11-59-37 [restartedMain] INFO  o.s.c.s.PostProcessorRegistrationDelegate$BeanPostProcessorChecker - Bean 'com.cognizant.pas.consumer.feign.AuthorisingClient' of type [org.springframework.cloud.openfeign.FeignClientFactoryBean] is not eligible for getting processed by all BeanPostProcessors (for example: not eligible for auto-proxying)
2021-08-18_11-59-37 [restartedMain] INFO  o.s.b.w.e.tomcat.TomcatWebServer - Tomcat initialized with port(s): 8200 (http)
2021-08-18_11-59-37 [restartedMain] INFO  o.a.coyote.http11.Http11NioProtocol - Initializing ProtocolHandler ["http-nio-8200"]
2021-08-18_11-59-37 [restartedMain] INFO  o.a.catalina.core.StandardService - Starting service [Tomcat]
2021-08-18_11-59-37 [restartedMain] INFO  o.a.catalina.core.StandardEngine - Starting Servlet engine: [Apache Tomcat/9.0.41]
2021-08-18_11-59-37 [restartedMain] INFO  o.a.c.c.C.[.[.[/consumer-api] - Initializing Spring embedded WebApplicationContext
2021-08-18_11-59-37 [restartedMain] INFO  o.s.b.w.s.c.ServletWebServerApplicationContext - Root WebApplicationContext: initialization completed in 18897 ms
2021-08-18_11-59-37 [restartedMain] INFO  com.zaxxer.hikari.HikariDataSource - HikariPool-1 - Starting...
2021-08-18_11-59-37 [restartedMain] INFO  com.zaxxer.hikari.HikariDataSource - HikariPool-1 - Start completed.
2021-08-18_11-59-37 [restartedMain] INFO  o.s.b.a.h.H2ConsoleAutoConfiguration - H2 console available at '/db'. Database available at 'jdbc:h2:mem:pasdb'
2021-08-18_11-59-37 [restartedMain] INFO  o.h.jpa.internal.util.LogHelper - HHH000204: Processing PersistenceUnitInfo [name: default]
2021-08-18_11-59-37 [restartedMain] INFO  org.hibernate.Version - HHH000412: Hibernate ORM core version 5.4.27.Final
2021-08-18_11-59-37 [restartedMain] INFO  o.h.annotations.common.Version - HCANN000001: Hibernate Commons Annotations {5.1.2.Final}
2021-08-18_11-59-37 [restartedMain] INFO  org.hibernate.dialect.Dialect - HHH000400: Using dialect: org.hibernate.dialect.H2Dialect
2021-08-18_11-59-37 [restartedMain] INFO  o.h.e.t.j.p.i.JtaPlatformInitiator - HHH000490: Using JtaPlatform implementation: [org.hibernate.engine.transaction.jta.platform.internal.NoJtaPlatform]
2021-08-18_11-59-37 [restartedMain] INFO  o.s.o.j.LocalContainerEntityManagerFactoryBean - Initialized JPA EntityManagerFactory for persistence unit 'default'
2021-08-18_11-59-37 [restartedMain] INFO  o.s.b.d.a.OptionalLiveReloadServer - LiveReload server is running on port 35729
2021-08-18_11-59-37 [restartedMain] INFO  s.d.s.w.PropertySourcedRequestMappingHandlerMapping - Mapped URL path [/v2/api-docs] onto method [springfox.documentation.swagger2.web.Swagger2Controller#getDocumentation(String, HttpServletRequest)]
2021-08-18_11-59-37 [restartedMain] INFO  o.s.s.c.ThreadPoolTaskExecutor - Initializing ExecutorService 'applicationTaskExecutor'
2021-08-18_11-59-37 [restartedMain] INFO  o.a.coyote.http11.Http11NioProtocol - Starting ProtocolHandler ["http-nio-8200"]
2021-08-18_11-59-37 [restartedMain] INFO  o.s.b.w.e.tomcat.TomcatWebServer - Tomcat started on port(s): 8200 (http) with context path '/consumer-api'
2021-08-18_11-59-37 [restartedMain] INFO  s.d.s.w.p.DocumentationPluginsBootstrapper - Context refreshed
2021-08-18_11-59-37 [restartedMain] INFO  s.d.s.w.p.DocumentationPluginsBootstrapper - Found 1 custom documentation plugin(s)
2021-08-18_11-59-37 [restartedMain] INFO  s.d.s.w.s.ApiListingReferenceScanner - Scanning for api listing references
2021-08-18_11-59-37 [restartedMain] INFO  c.c.p.c.ConsumerMicroserviceApplication - Started ConsumerMicroserviceApplication in 55.403 seconds (JVM running for 65.715)
2021-08-18_12-01-02 [main] INFO  o.s.b.t.c.SpringBootTestContextBootstrapper - Neither @ContextConfiguration nor @ContextHierarchy found for test class [com.cognizant.pas.consumer.ConsumerMicroserviceApplicationTests], using SpringBootContextLoader
2021-08-18_12-01-02 [main] INFO  o.s.t.c.s.AbstractContextLoader - Could not detect default resource locations for test class [com.cognizant.pas.consumer.ConsumerMicroserviceApplicationTests]: no resource found for suffixes {-context.xml, Context.groovy}.
2021-08-18_12-01-02 [main] INFO  o.s.t.c.s.AnnotationConfigContextLoaderUtils - Could not detect default configuration classes for test class [com.cognizant.pas.consumer.ConsumerMicroserviceApplicationTests]: ConsumerMicroserviceApplicationTests does not declare any static, non-private, non-final, nested classes annotated with @Configuration.
2021-08-18_12-01-02 [main] INFO  o.s.b.t.c.SpringBootTestContextBootstrapper - Found @SpringBootConfiguration com.cognizant.pas.consumer.ConsumerMicroserviceApplication for test class com.cognizant.pas.consumer.ConsumerMicroserviceApplicationTests
2021-08-18_12-01-02 [main] INFO  o.s.b.t.c.SpringBootTestContextBootstrapper - Loaded default TestExecutionListener class names from location [META-INF/spring.factories]: [org.springframework.boot.test.mock.mockito.MockitoTestExecutionListener, org.springframework.boot.test.mock.mockito.ResetMocksTestExecutionListener, org.springframework.boot.test.autoconfigure.restdocs.RestDocsTestExecutionListener, org.springframework.boot.test.autoconfigure.web.client.MockRestServiceServerResetTestExecutionListener, org.springframework.boot.test.autoconfigure.web.servlet.MockMvcPrintOnlyOnFailureTestExecutionListener, org.springframework.boot.test.autoconfigure.web.servlet.WebDriverTestExecutionListener, org.springframework.boot.test.autoconfigure.webservices.client.MockWebServiceServerTestExecutionListener, org.springframework.test.context.web.ServletTestExecutionListener, org.springframework.test.context.support.DirtiesContextBeforeModesTestExecutionListener, org.springframework.test.context.event.ApplicationEventsTestExecutionListener, org.springframework.test.context.support.DependencyInjectionTestExecutionListener, org.springframework.test.context.support.DirtiesContextTestExecutionListener, org.springframework.test.context.transaction.TransactionalTestExecutionListener, org.springframework.test.context.jdbc.SqlScriptsTestExecutionListener, org.springframework.test.context.event.EventPublishingTestExecutionListener]
2021-08-18_12-01-02 [main] INFO  o.s.b.t.c.SpringBootTestContextBootstrapper - Using TestExecutionListeners: [org.springframework.test.context.web.ServletTestExecutionListener@34fe326d, org.springframework.test.context.support.DirtiesContextBeforeModesTestExecutionListener@30a7c98f, org.springframework.test.context.event.ApplicationEventsTestExecutionListener@36361ddb, org.springframework.boot.test.mock.mockito.MockitoTestExecutionListener@41fed14f, org.springframework.boot.test.autoconfigure.SpringBootDependencyInjectionTestExecutionListener@4d6ee47, org.springframework.test.context.support.DirtiesContextTestExecutionListener@a33b4e3, org.springframework.test.context.transaction.TransactionalTestExecutionListener@c6da8bb, org.springframework.test.context.jdbc.SqlScriptsTestExecutionListener@3bae64d0, org.springframework.test.context.event.EventPublishingTestExecutionListener@8b91134, org.springframework.boot.test.mock.mockito.ResetMocksTestExecutionListener@1fba386c, org.springframework.boot.test.autoconfigure.restdocs.RestDocsTestExecutionListener@7e736350, org.springframework.boot.test.autoconfigure.web.client.MockRestServiceServerResetTestExecutionListener@36b310aa, org.springframework.boot.test.autoconfigure.web.servlet.MockMvcPrintOnlyOnFailureTestExecutionListener@76c387f9, org.springframework.boot.test.autoconfigure.web.servlet.WebDriverTestExecutionListener@3874b815, org.springframework.boot.test.autoconfigure.webservices.client.MockWebServiceServerTestExecutionListener@5d7835a8]
2021-08-18_12-01-06 [background-preinit] INFO  o.h.validator.internal.util.Version - HV000001: Hibernate Validator 6.1.7.Final
2021-08-18_12-01-06 [main] INFO  c.c.p.c.ConsumerMicroserviceApplicationTests - Starting ConsumerMicroserviceApplicationTests using Java 15.0.2 on DESKTOP-BH92MP6 with PID 6880 (started by rames in D:\MFPE-val\PAS\Policy-consumer\Policy-consumer\Policy-consumer)
2021-08-18_12-01-06 [main] INFO  c.c.p.c.ConsumerMicroserviceApplicationTests - No active profile set, falling back to default profiles: default
2021-08-18_12-01-06 [main] INFO  o.s.d.r.c.RepositoryConfigurationDelegate - Bootstrapping Spring Data JPA repositories in DEFAULT mode.
2021-08-18_12-01-06 [main] INFO  o.s.d.r.c.RepositoryConfigurationDelegate - Finished Spring Data repository scanning in 183 ms. Found 5 JPA repository interfaces.
2021-08-18_12-01-06 [main] INFO  o.s.cloud.context.scope.GenericScope - BeanFactory id=bf208c13-ca8c-379a-876a-64a28f0ba115
2021-08-18_12-01-06 [main] INFO  o.s.c.s.PostProcessorRegistrationDelegate$BeanPostProcessorChecker - Bean 'com.cognizant.pas.consumer.feign.AuthorisingClient' of type [org.springframework.cloud.openfeign.FeignClientFactoryBean] is not eligible for getting processed by all BeanPostProcessors (for example: not eligible for auto-proxying)
2021-08-18_12-01-06 [main] INFO  o.h.jpa.internal.util.LogHelper - HHH000204: Processing PersistenceUnitInfo [name: default]
2021-08-18_12-01-06 [main] INFO  org.hibernate.Version - HHH000412: Hibernate ORM core version 5.4.27.Final
2021-08-18_12-01-06 [main] INFO  o.h.annotations.common.Version - HCANN000001: Hibernate Commons Annotations {5.1.2.Final}
2021-08-18_12-01-06 [main] INFO  com.zaxxer.hikari.HikariDataSource - HikariPool-1 - Starting...
2021-08-18_12-01-06 [main] INFO  com.zaxxer.hikari.HikariDataSource - HikariPool-1 - Start completed.
2021-08-18_12-01-06 [main] INFO  org.hibernate.dialect.Dialect - HHH000400: Using dialect: org.hibernate.dialect.H2Dialect
2021-08-18_12-01-06 [main] INFO  o.h.e.t.j.p.i.JtaPlatformInitiator - HHH000490: Using JtaPlatform implementation: [org.hibernate.engine.transaction.jta.platform.internal.NoJtaPlatform]
2021-08-18_12-01-06 [main] INFO  o.s.o.j.LocalContainerEntityManagerFactoryBean - Initialized JPA EntityManagerFactory for persistence unit 'default'
2021-08-18_12-01-06 [main] INFO  o.s.b.a.h.H2ConsoleAutoConfiguration - H2 console available at '/db'. Database available at 'jdbc:h2:mem:pasdb'
2021-08-18_12-01-06 [main] INFO  s.d.s.w.PropertySourcedRequestMappingHandlerMapping - Mapped URL path [/v2/api-docs] onto method [springfox.documentation.swagger2.web.Swagger2Controller#getDocumentation(String, HttpServletRequest)]
2021-08-18_12-01-06 [main] INFO  o.s.s.c.ThreadPoolTaskExecutor - Initializing ExecutorService 'applicationTaskExecutor'
2021-08-18_12-01-06 [main] INFO  s.d.s.w.p.DocumentationPluginsBootstrapper - Context refreshed
2021-08-18_12-01-06 [main] INFO  s.d.s.w.p.DocumentationPluginsBootstrapper - Found 1 custom documentation plugin(s)
2021-08-18_12-01-06 [main] INFO  s.d.s.w.s.ApiListingReferenceScanner - Scanning for api listing references
2021-08-18_12-01-06 [main] INFO  c.c.p.c.ConsumerMicroserviceApplicationTests - Started ConsumerMicroserviceApplicationTests in 17.463 seconds (JVM running for 30.588)
2021-08-18_12-01-21 [main] INFO  c.c.p.c.ConsumerMicroserviceApplication - Starting ConsumerMicroserviceApplication using Java 15.0.2 on DESKTOP-BH92MP6 with PID 6880 (started by rames in D:\MFPE-val\PAS\Policy-consumer\Policy-consumer\Policy-consumer)
2021-08-18_12-01-21 [main] INFO  c.c.p.c.ConsumerMicroserviceApplication - No active profile set, falling back to default profiles: default
2021-08-18_12-01-21 [main] INFO  o.s.d.r.c.RepositoryConfigurationDelegate - Bootstrapping Spring Data JPA repositories in DEFAULT mode.
2021-08-18_12-01-21 [main] INFO  o.s.d.r.c.RepositoryConfigurationDelegate - Finished Spring Data repository scanning in 49 ms. Found 5 JPA repository interfaces.
2021-08-18_12-01-21 [main] INFO  o.s.cloud.context.scope.GenericScope - BeanFactory id=922e3753-1285-36ae-b046-9cb9c970303b
2021-08-18_12-01-21 [main] INFO  o.s.c.s.PostProcessorRegistrationDelegate$BeanPostProcessorChecker - Bean 'com.cognizant.pas.consumer.feign.AuthorisingClient' of type [org.springframework.cloud.openfeign.FeignClientFactoryBean] is not eligible for getting processed by all BeanPostProcessors (for example: not eligible for auto-proxying)
2021-08-18_12-01-21 [main] INFO  o.s.b.w.e.tomcat.TomcatWebServer - Tomcat initialized with port(s): 8200 (http)
2021-08-18_12-01-21 [main] INFO  o.a.coyote.http11.Http11NioProtocol - Initializing ProtocolHandler ["http-nio-8200"]
2021-08-18_12-01-21 [main] INFO  o.a.catalina.core.StandardService - Starting service [Tomcat]
2021-08-18_12-01-21 [main] INFO  o.a.catalina.core.StandardEngine - Starting Servlet engine: [Apache Tomcat/9.0.41]
2021-08-18_12-01-21 [main] INFO  o.a.c.c.C.[.[.[/consumer-api] - Initializing Spring embedded WebApplicationContext
2021-08-18_12-01-21 [main] INFO  o.s.b.w.s.c.ServletWebServerApplicationContext - Root WebApplicationContext: initialization completed in 1794 ms
2021-08-18_12-01-21 [main] INFO  com.zaxxer.hikari.HikariDataSource - HikariPool-2 - Starting...
2021-08-18_12-01-21 [main] INFO  com.zaxxer.hikari.HikariDataSource - HikariPool-2 - Start completed.
2021-08-18_12-01-21 [main] INFO  o.s.b.a.h.H2ConsoleAutoConfiguration - H2 console available at '/db'. Database available at 'jdbc:h2:mem:pasdb'
2021-08-18_12-01-21 [main] INFO  o.h.jpa.internal.util.LogHelper - HHH000204: Processing PersistenceUnitInfo [name: default]
2021-08-18_12-01-21 [main] INFO  org.hibernate.dialect.Dialect - HHH000400: Using dialect: org.hibernate.dialect.H2Dialect
2021-08-18_12-01-21 [main] INFO  o.h.e.t.j.p.i.JtaPlatformInitiator - HHH000490: Using JtaPlatform implementation: [org.hibernate.engine.transaction.jta.platform.internal.NoJtaPlatform]
2021-08-18_12-01-21 [main] INFO  o.s.o.j.LocalContainerEntityManagerFactoryBean - Initialized JPA EntityManagerFactory for persistence unit 'default'
2021-08-18_12-01-21 [main] INFO  s.d.s.w.PropertySourcedRequestMappingHandlerMapping - Mapped URL path [/v2/api-docs] onto method [springfox.documentation.swagger2.web.Swagger2Controller#getDocumentation(String, HttpServletRequest)]
2021-08-18_12-01-21 [main] INFO  o.s.s.c.ThreadPoolTaskExecutor - Initializing ExecutorService 'applicationTaskExecutor'
2021-08-18_12-01-21 [main] INFO  o.a.coyote.http11.Http11NioProtocol - Starting ProtocolHandler ["http-nio-8200"]
2021-08-18_12-01-21 [main] INFO  o.s.s.c.ThreadPoolTaskExecutor - Shutting down ExecutorService 'applicationTaskExecutor'
2021-08-18_12-01-21 [main] INFO  o.s.o.j.LocalContainerEntityManagerFactoryBean - Closing JPA EntityManagerFactory for persistence unit 'default'
2021-08-18_12-01-21 [main] INFO  o.h.t.s.i.SchemaDropperImpl$DelayedDropActionImpl - HHH000477: Starting delayed evictData of schema as part of SessionFactory shut-down'
2021-08-18_12-01-21 [main] INFO  com.zaxxer.hikari.HikariDataSource - HikariPool-2 - Shutdown initiated...
2021-08-18_12-01-21 [main] INFO  com.zaxxer.hikari.HikariDataSource - HikariPool-2 - Shutdown completed.
2021-08-18_12-01-21 [main] INFO  o.a.coyote.http11.Http11NioProtocol - Pausing ProtocolHandler ["http-nio-8200"]
2021-08-18_12-01-21 [main] INFO  o.a.catalina.core.StandardService - Stopping service [Tomcat]
2021-08-18_12-01-21 [main] INFO  o.a.coyote.http11.Http11NioProtocol - Stopping ProtocolHandler ["http-nio-8200"]
2021-08-18_12-01-21 [main] INFO  o.a.coyote.http11.Http11NioProtocol - Destroying ProtocolHandler ["http-nio-8200"]
2021-08-18_12-01-21 [main] INFO  o.s.b.a.l.ConditionEvaluationReportLoggingListener - 

Error starting ApplicationContext. To display the conditions report re-run your application with 'debug' enabled.
2021-08-18_12-01-21 [main] INFO  o.s.b.t.a.w.s.WebMvcTestContextBootstrapper - Neither @ContextConfiguration nor @ContextHierarchy found for test class [com.cognizant.pas.consumer.controller.ConsumerControllerTests], using SpringBootContextLoader
2021-08-18_12-01-21 [main] INFO  o.s.t.c.s.AbstractContextLoader - Could not detect default resource locations for test class [com.cognizant.pas.consumer.controller.ConsumerControllerTests]: no resource found for suffixes {-context.xml, Context.groovy}.
2021-08-18_12-01-21 [main] INFO  o.s.t.c.s.AnnotationConfigContextLoaderUtils - Could not detect default configuration classes for test class [com.cognizant.pas.consumer.controller.ConsumerControllerTests]: ConsumerControllerTests does not declare any static, non-private, non-final, nested classes annotated with @Configuration.
2021-08-18_12-01-21 [main] INFO  o.s.b.t.c.SpringBootTestContextBootstrapper - Found @SpringBootConfiguration com.cognizant.pas.consumer.ConsumerMicroserviceApplication for test class com.cognizant.pas.consumer.controller.ConsumerControllerTests
2021-08-18_12-01-21 [main] INFO  o.s.b.t.a.w.s.WebMvcTestContextBootstrapper - Loaded default TestExecutionListener class names from location [META-INF/spring.factories]: [org.springframework.boot.test.mock.mockito.MockitoTestExecutionListener, org.springframework.boot.test.mock.mockito.ResetMocksTestExecutionListener, org.springframework.boot.test.autoconfigure.restdocs.RestDocsTestExecutionListener, org.springframework.boot.test.autoconfigure.web.client.MockRestServiceServerResetTestExecutionListener, org.springframework.boot.test.autoconfigure.web.servlet.MockMvcPrintOnlyOnFailureTestExecutionListener, org.springframework.boot.test.autoconfigure.web.servlet.WebDriverTestExecutionListener, org.springframework.boot.test.autoconfigure.webservices.client.MockWebServiceServerTestExecutionListener, org.springframework.test.context.web.ServletTestExecutionListener, org.springframework.test.context.support.DirtiesContextBeforeModesTestExecutionListener, org.springframework.test.context.event.ApplicationEventsTestExecutionListener, org.springframework.test.context.support.DependencyInjectionTestExecutionListener, org.springframework.test.context.support.DirtiesContextTestExecutionListener, org.springframework.test.context.transaction.TransactionalTestExecutionListener, org.springframework.test.context.jdbc.SqlScriptsTestExecutionListener, org.springframework.test.context.event.EventPublishingTestExecutionListener]
2021-08-18_12-01-21 [main] INFO  o.s.b.t.a.w.s.WebMvcTestContextBootstrapper - Using TestExecutionListeners: [org.springframework.test.context.web.ServletTestExecutionListener@16043cb9, org.springframework.test.context.support.DirtiesContextBeforeModesTestExecutionListener@7aaec50e, org.springframework.test.context.event.ApplicationEventsTestExecutionListener@27ebe541, org.springframework.boot.test.mock.mockito.MockitoTestExecutionListener@4430d9be, org.springframework.boot.test.autoconfigure.SpringBootDependencyInjectionTestExecutionListener@73e6d475, org.springframework.test.context.support.DirtiesContextTestExecutionListener@7f6cf9b2, org.springframework.test.context.transaction.TransactionalTestExecutionListener@7d5caf3, org.springframework.test.context.jdbc.SqlScriptsTestExecutionListener@456a0e9e, org.springframework.test.context.event.EventPublishingTestExecutionListener@ea2f3a, org.springframework.boot.test.mock.mockito.ResetMocksTestExecutionListener@18d3e7fc, org.springframework.boot.test.autoconfigure.restdocs.RestDocsTestExecutionListener@31782447, org.springframework.boot.test.autoconfigure.web.client.MockRestServiceServerResetTestExecutionListener@24f3d208, org.springframework.boot.test.autoconfigure.web.servlet.MockMvcPrintOnlyOnFailureTestExecutionListener@7531ba53, org.springframework.boot.test.autoconfigure.web.servlet.WebDriverTestExecutionListener@72da5f0e, org.springframework.boot.test.autoconfigure.webservices.client.MockWebServiceServerTestExecutionListener@2f0170e]
2021-08-18_12-01-26 [main] INFO  c.c.p.c.c.ConsumerControllerTests - Starting ConsumerControllerTests using Java 15.0.2 on DESKTOP-BH92MP6 with PID 6880 (started by rames in D:\MFPE-val\PAS\Policy-consumer\Policy-consumer\Policy-consumer)
2021-08-18_12-01-26 [main] INFO  c.c.p.c.c.ConsumerControllerTests - No active profile set, falling back to default profiles: default
2021-08-18_12-01-26 [main] INFO  o.s.s.c.ThreadPoolTaskExecutor - Initializing ExecutorService 'applicationTaskExecutor'
2021-08-18_12-01-26 [main] INFO  o.s.b.t.m.w.SpringBootMockServletContext - Initializing Spring TestDispatcherServlet ''
2021-08-18_12-01-26 [main] INFO  o.s.t.w.s.TestDispatcherServlet - Initializing Servlet ''
2021-08-18_12-01-26 [main] INFO  o.s.t.w.s.TestDispatcherServlet - Completed initialization in 7 ms
2021-08-18_12-01-26 [main] INFO  c.c.p.c.c.ConsumerControllerTests - Started ConsumerControllerTests in 4.828 seconds (JVM running for 39.89)
2021-08-18_12-01-26 [main] INFO  c.c.p.c.c.ConsumerController - Start createBusinessProperty
2021-08-18_12-01-26 [main] INFO  c.c.p.c.c.ConsumerController - Start viewConsumerBusinessByPolicy
2021-08-18_12-01-26 [main] INFO  c.c.p.c.c.ConsumerController - Start viewConsumerBusiness
2021-08-18_12-01-26 [main] INFO  c.c.p.c.c.ConsumerController - Start createConsumerBusiness
2021-08-18_12-01-26 [main] INFO  c.c.p.c.c.ConsumerController - Start viewConsumerProperty
2021-08-18_12-01-26 [main] INFO  c.c.p.c.c.ConsumerController - Start viewConsumerBusiness
2021-08-18_12-01-26 [main] INFO  c.c.p.c.c.ConsumerController - Start viewConsumerProperty
2021-08-18_12-01-26 [main] INFO  c.c.p.c.c.ConsumerController - Start createConsumerBusiness
2021-08-18_12-01-26 [main] INFO  c.c.p.c.c.ConsumerController - Start viewConsumerBusinessByPolicy
2021-08-18_12-01-26 [main] INFO  c.c.p.c.c.ConsumerController - End viewConsumerBusinessByPolicy
2021-08-18_12-01-26 [main] INFO  c.c.p.c.c.ConsumerController - Start createBusinessProperty
2021-08-18_12-01-26 [main] INFO  o.s.b.t.c.SpringBootTestContextBootstrapper - Neither @ContextConfiguration nor @ContextHierarchy found for test class [com.cognizant.pas.consumer.exception.GlobalExceptionHandlerTest], using SpringBootContextLoader
2021-08-18_12-01-26 [main] INFO  o.s.t.c.s.AbstractContextLoader - Could not detect default resource locations for test class [com.cognizant.pas.consumer.exception.GlobalExceptionHandlerTest]: no resource found for suffixes {-context.xml, Context.groovy}.
2021-08-18_12-01-26 [main] INFO  o.s.t.c.s.AnnotationConfigContextLoaderUtils - Could not detect default configuration classes for test class [com.cognizant.pas.consumer.exception.GlobalExceptionHandlerTest]: GlobalExceptionHandlerTest does not declare any static, non-private, non-final, nested classes annotated with @Configuration.
2021-08-18_12-01-26 [main] INFO  o.s.b.t.c.SpringBootTestContextBootstrapper - Found @SpringBootConfiguration com.cognizant.pas.consumer.ConsumerMicroserviceApplication for test class com.cognizant.pas.consumer.exception.GlobalExceptionHandlerTest
2021-08-18_12-01-26 [main] INFO  o.s.b.t.c.SpringBootTestContextBootstrapper - Loaded default TestExecutionListener class names from location [META-INF/spring.factories]: [org.springframework.boot.test.mock.mockito.MockitoTestExecutionListener, org.springframework.boot.test.mock.mockito.ResetMocksTestExecutionListener, org.springframework.boot.test.autoconfigure.restdocs.RestDocsTestExecutionListener, org.springframework.boot.test.autoconfigure.web.client.MockRestServiceServerResetTestExecutionListener, org.springframework.boot.test.autoconfigure.web.servlet.MockMvcPrintOnlyOnFailureTestExecutionListener, org.springframework.boot.test.autoconfigure.web.servlet.WebDriverTestExecutionListener, org.springframework.boot.test.autoconfigure.webservices.client.MockWebServiceServerTestExecutionListener, org.springframework.test.context.web.ServletTestExecutionListener, org.springframework.test.context.support.DirtiesContextBeforeModesTestExecutionListener, org.springframework.test.context.event.ApplicationEventsTestExecutionListener, org.springframework.test.context.support.DependencyInjectionTestExecutionListener, org.springframework.test.context.support.DirtiesContextTestExecutionListener, org.springframework.test.context.transaction.TransactionalTestExecutionListener, org.springframework.test.context.jdbc.SqlScriptsTestExecutionListener, org.springframework.test.context.event.EventPublishingTestExecutionListener]
2021-08-18_12-01-26 [main] INFO  o.s.b.t.c.SpringBootTestContextBootstrapper - Using TestExecutionListeners: [org.springframework.test.context.web.ServletTestExecutionListener@10357889, org.springframework.test.context.support.DirtiesContextBeforeModesTestExecutionListener@6288199, org.springframework.test.context.event.ApplicationEventsTestExecutionListener@79f8af90, org.springframework.boot.test.mock.mockito.MockitoTestExecutionListener@41416c61, org.springframework.boot.test.autoconfigure.SpringBootDependencyInjectionTestExecutionListener@7a0ba5f0, org.springframework.test.context.support.DirtiesContextTestExecutionListener@386dd761, org.springframework.test.context.transaction.TransactionalTestExecutionListener@4d56bd3, org.springframework.test.context.jdbc.SqlScriptsTestExecutionListener@4ebd3d4c, org.springframework.test.context.event.EventPublishingTestExecutionListener@693e254e, org.springframework.boot.test.mock.mockito.ResetMocksTestExecutionListener@3f3e21d7, org.springframework.boot.test.autoconfigure.restdocs.RestDocsTestExecutionListener@109a4e10, org.springframework.boot.test.autoconfigure.web.client.MockRestServiceServerResetTestExecutionListener@37ea5612, org.springframework.boot.test.autoconfigure.web.servlet.MockMvcPrintOnlyOnFailureTestExecutionListener@2f6601f4, org.springframework.boot.test.autoconfigure.web.servlet.WebDriverTestExecutionListener@6118ad56, org.springframework.boot.test.autoconfigure.webservices.client.MockWebServiceServerTestExecutionListener@23b085ab]
2021-08-18_12-01-26 [main] INFO  o.s.b.t.c.SpringBootTestContextBootstrapper - Neither @ContextConfiguration nor @ContextHierarchy found for test class [com.cognizant.pas.consumer.exception.ExceptionDetailsTest], using SpringBootContextLoader
2021-08-18_12-01-26 [main] INFO  o.s.t.c.s.AbstractContextLoader - Could not detect default resource locations for test class [com.cognizant.pas.consumer.exception.ExceptionDetailsTest]: no resource found for suffixes {-context.xml, Context.groovy}.
2021-08-18_12-01-26 [main] INFO  o.s.t.c.s.AnnotationConfigContextLoaderUtils - Could not detect default configuration classes for test class [com.cognizant.pas.consumer.exception.ExceptionDetailsTest]: ExceptionDetailsTest does not declare any static, non-private, non-final, nested classes annotated with @Configuration.
2021-08-18_12-01-26 [main] INFO  o.s.b.t.c.SpringBootTestContextBootstrapper - Found @SpringBootConfiguration com.cognizant.pas.consumer.ConsumerMicroserviceApplication for test class com.cognizant.pas.consumer.exception.ExceptionDetailsTest
2021-08-18_12-01-26 [main] INFO  o.s.b.t.c.SpringBootTestContextBootstrapper - Loaded default TestExecutionListener class names from location [META-INF/spring.factories]: [org.springframework.boot.test.mock.mockito.MockitoTestExecutionListener, org.springframework.boot.test.mock.mockito.ResetMocksTestExecutionListener, org.springframework.boot.test.autoconfigure.restdocs.RestDocsTestExecutionListener, org.springframework.boot.test.autoconfigure.web.client.MockRestServiceServerResetTestExecutionListener, org.springframework.boot.test.autoconfigure.web.servlet.MockMvcPrintOnlyOnFailureTestExecutionListener, org.springframework.boot.test.autoconfigure.web.servlet.WebDriverTestExecutionListener, org.springframework.boot.test.autoconfigure.webservices.client.MockWebServiceServerTestExecutionListener, org.springframework.test.context.web.ServletTestExecutionListener, org.springframework.test.context.support.DirtiesContextBeforeModesTestExecutionListener, org.springframework.test.context.event.ApplicationEventsTestExecutionListener, org.springframework.test.context.support.DependencyInjectionTestExecutionListener, org.springframework.test.context.support.DirtiesContextTestExecutionListener, org.springframework.test.context.transaction.TransactionalTestExecutionListener, org.springframework.test.context.jdbc.SqlScriptsTestExecutionListener, org.springframework.test.context.event.EventPublishingTestExecutionListener]
2021-08-18_12-01-26 [main] INFO  o.s.b.t.c.SpringBootTestContextBootstrapper - Using TestExecutionListeners: [org.springframework.test.context.web.ServletTestExecutionListener@4273c8be, org.springframework.test.context.support.DirtiesContextBeforeModesTestExecutionListener@76b11572, org.springframework.test.context.event.ApplicationEventsTestExecutionListener@547930a, org.springframework.boot.test.mock.mockito.MockitoTestExecutionListener@4cdc1d81, org.springframework.boot.test.autoconfigure.SpringBootDependencyInjectionTestExecutionListener@10b60a9c, org.springframework.test.context.support.DirtiesContextTestExecutionListener@6e52877d, org.springframework.test.context.transaction.TransactionalTestExecutionListener@57b4967e, org.springframework.test.context.jdbc.SqlScriptsTestExecutionListener@7ba8b91c, org.springframework.test.context.event.EventPublishingTestExecutionListener@5b6abe1f, org.springframework.boot.test.mock.mockito.ResetMocksTestExecutionListener@21f9b360, org.springframework.boot.test.autoconfigure.restdocs.RestDocsTestExecutionListener@520dc647, org.springframework.boot.test.autoconfigure.web.client.MockRestServiceServerResetTestExecutionListener@6c53f543, org.springframework.boot.test.autoconfigure.web.servlet.MockMvcPrintOnlyOnFailureTestExecutionListener@62c72490, org.springframework.boot.test.autoconfigure.web.servlet.WebDriverTestExecutionListener@ec9f91b, org.springframework.boot.test.autoconfigure.webservices.client.MockWebServiceServerTestExecutionListener@32ca397b]
2021-08-18_12-01-26 [main] INFO  o.s.b.t.c.SpringBootTestContextBootstrapper - Neither @ContextConfiguration nor @ContextHierarchy found for test class [com.cognizant.pas.consumer.exception.AuthorizationExceptionTest], using SpringBootContextLoader
2021-08-18_12-01-26 [main] INFO  o.s.t.c.s.AbstractContextLoader - Could not detect default resource locations for test class [com.cognizant.pas.consumer.exception.AuthorizationExceptionTest]: no resource found for suffixes {-context.xml, Context.groovy}.
2021-08-18_12-01-26 [main] INFO  o.s.t.c.s.AnnotationConfigContextLoaderUtils - Could not detect default configuration classes for test class [com.cognizant.pas.consumer.exception.AuthorizationExceptionTest]: AuthorizationExceptionTest does not declare any static, non-private, non-final, nested classes annotated with @Configuration.
2021-08-18_12-01-26 [main] INFO  o.s.b.t.c.SpringBootTestContextBootstrapper - Found @SpringBootConfiguration com.cognizant.pas.consumer.ConsumerMicroserviceApplication for test class com.cognizant.pas.consumer.exception.AuthorizationExceptionTest
2021-08-18_12-01-26 [main] INFO  o.s.b.t.c.SpringBootTestContextBootstrapper - Loaded default TestExecutionListener class names from location [META-INF/spring.factories]: [org.springframework.boot.test.mock.mockito.MockitoTestExecutionListener, org.springframework.boot.test.mock.mockito.ResetMocksTestExecutionListener, org.springframework.boot.test.autoconfigure.restdocs.RestDocsTestExecutionListener, org.springframework.boot.test.autoconfigure.web.client.MockRestServiceServerResetTestExecutionListener, org.springframework.boot.test.autoconfigure.web.servlet.MockMvcPrintOnlyOnFailureTestExecutionListener, org.springframework.boot.test.autoconfigure.web.servlet.WebDriverTestExecutionListener, org.springframework.boot.test.autoconfigure.webservices.client.MockWebServiceServerTestExecutionListener, org.springframework.test.context.web.ServletTestExecutionListener, org.springframework.test.context.support.DirtiesContextBeforeModesTestExecutionListener, org.springframework.test.context.event.ApplicationEventsTestExecutionListener, org.springframework.test.context.support.DependencyInjectionTestExecutionListener, org.springframework.test.context.support.DirtiesContextTestExecutionListener, org.springframework.test.context.transaction.TransactionalTestExecutionListener, org.springframework.test.context.jdbc.SqlScriptsTestExecutionListener, org.springframework.test.context.event.EventPublishingTestExecutionListener]
2021-08-18_12-01-26 [main] INFO  o.s.b.t.c.SpringBootTestContextBootstrapper - Using TestExecutionListeners: [org.springframework.test.context.web.ServletTestExecutionListener@2183db30, org.springframework.test.context.support.DirtiesContextBeforeModesTestExecutionListener@389d371a, org.springframework.test.context.event.ApplicationEventsTestExecutionListener@554a76fd, org.springframework.boot.test.mock.mockito.MockitoTestExecutionListener@1ee1c0cc, org.springframework.boot.test.autoconfigure.SpringBootDependencyInjectionTestExecutionListener@2184c27b, org.springframework.test.context.support.DirtiesContextTestExecutionListener@707004b6, org.springframework.test.context.transaction.TransactionalTestExecutionListener@768b79db, org.springframework.test.context.jdbc.SqlScriptsTestExecutionListener@667c2066, org.springframework.test.context.event.EventPublishingTestExecutionListener@61ecb1c8, org.springframework.boot.test.mock.mockito.ResetMocksTestExecutionListener@11c94cf7, org.springframework.boot.test.autoconfigure.restdocs.RestDocsTestExecutionListener@3c21bab4, org.springframework.boot.test.autoconfigure.web.client.MockRestServiceServerResetTestExecutionListener@3b59d246, org.springframework.boot.test.autoconfigure.web.servlet.MockMvcPrintOnlyOnFailureTestExecutionListener@3fbf4614, org.springframework.boot.test.autoconfigure.web.servlet.WebDriverTestExecutionListener@64ca0be0, org.springframework.boot.test.autoconfigure.webservices.client.MockWebServiceServerTestExecutionListener@550fe9d7]
2021-08-18_12-01-33 [main] INFO  c.c.p.c.e.AuthorizationExceptionTest - Starting AuthorizationExceptionTest using Java 15.0.2 on DESKTOP-BH92MP6 with PID 6880 (started by rames in D:\MFPE-val\PAS\Policy-consumer\Policy-consumer\Policy-consumer)
2021-08-18_12-01-33 [main] INFO  c.c.p.c.e.AuthorizationExceptionTest - No active profile set, falling back to default profiles: default
2021-08-18_12-01-33 [main] INFO  o.s.d.r.c.RepositoryConfigurationDelegate - Bootstrapping Spring Data JPA repositories in DEFAULT mode.
2021-08-18_12-01-33 [main] INFO  o.s.d.r.c.RepositoryConfigurationDelegate - Finished Spring Data repository scanning in 56 ms. Found 5 JPA repository interfaces.
2021-08-18_12-01-33 [main] INFO  o.s.cloud.context.scope.GenericScope - BeanFactory id=bf208c13-ca8c-379a-876a-64a28f0ba115
2021-08-18_12-01-33 [main] INFO  o.h.jpa.internal.util.LogHelper - HHH000204: Processing PersistenceUnitInfo [name: default]
2021-08-18_12-01-33 [main] INFO  com.zaxxer.hikari.HikariDataSource - HikariPool-3 - Starting...
2021-08-18_12-01-33 [main] INFO  com.zaxxer.hikari.HikariDataSource - HikariPool-3 - Start completed.
2021-08-18_12-01-33 [main] INFO  org.hibernate.dialect.Dialect - HHH000400: Using dialect: org.hibernate.dialect.H2Dialect
2021-08-18_12-01-33 [main] INFO  o.h.e.t.j.p.i.JtaPlatformInitiator - HHH000490: Using JtaPlatform implementation: [org.hibernate.engine.transaction.jta.platform.internal.NoJtaPlatform]
2021-08-18_12-01-33 [main] INFO  o.s.o.j.LocalContainerEntityManagerFactoryBean - Initialized JPA EntityManagerFactory for persistence unit 'default'
2021-08-18_12-01-33 [main] INFO  o.s.b.a.h.H2ConsoleAutoConfiguration - H2 console available at '/db'. Database available at 'jdbc:h2:mem:pasdb'
2021-08-18_12-01-33 [main] INFO  s.d.s.w.PropertySourcedRequestMappingHandlerMapping - Mapped URL path [/v2/api-docs] onto method [springfox.documentation.swagger2.web.Swagger2Controller#getDocumentation(String, HttpServletRequest)]
2021-08-18_12-01-33 [main] INFO  o.s.s.c.ThreadPoolTaskExecutor - Initializing ExecutorService 'applicationTaskExecutor'
2021-08-18_12-01-33 [main] INFO  s.d.s.w.p.DocumentationPluginsBootstrapper - Context refreshed
2021-08-18_12-01-33 [main] INFO  s.d.s.w.p.DocumentationPluginsBootstrapper - Found 1 custom documentation plugin(s)
2021-08-18_12-01-33 [main] INFO  s.d.s.w.s.ApiListingReferenceScanner - Scanning for api listing references
2021-08-18_12-01-33 [main] INFO  c.c.p.c.e.AuthorizationExceptionTest - Started AuthorizationExceptionTest in 4.616 seconds (JVM running for 46.396)
2021-08-18_12-01-33 [main] INFO  c.c.p.c.service.ConsumerServiceImpl - Start CalBusinessValue
2021-08-18_12-01-33 [main] INFO  c.c.p.c.service.ConsumerServiceImpl - End CalBusinessValue
2021-08-18_12-01-33 [main] INFO  c.c.p.c.service.ConsumerServiceImpl - Start calPropertyValue
2021-08-18_12-01-33 [main] INFO  c.c.p.c.service.ConsumerServiceImpl - Start calPropertyValue
2021-08-18_12-01-33 [main] INFO  c.c.p.c.service.ConsumerServiceImpl - Start CalBusinessValue
2021-08-18_12-01-33 [SpringContextShutdownHook] INFO  o.s.s.c.ThreadPoolTaskExecutor - Shutting down ExecutorService 'applicationTaskExecutor'
2021-08-18_12-01-33 [SpringContextShutdownHook] INFO  o.s.s.c.ThreadPoolTaskExecutor - Shutting down ExecutorService 'applicationTaskExecutor'
2021-08-18_12-01-33 [SpringContextShutdownHook] INFO  o.s.o.j.LocalContainerEntityManagerFactoryBean - Closing JPA EntityManagerFactory for persistence unit 'default'
2021-08-18_12-01-33 [SpringContextShutdownHook] INFO  o.h.t.s.i.SchemaDropperImpl$DelayedDropActionImpl - HHH000477: Starting delayed evictData of schema as part of SessionFactory shut-down'
2021-08-18_12-01-33 [SpringContextShutdownHook] INFO  o.s.s.c.ThreadPoolTaskExecutor - Shutting down ExecutorService 'applicationTaskExecutor'
2021-08-18_12-01-33 [SpringContextShutdownHook] INFO  o.s.o.j.LocalContainerEntityManagerFactoryBean - Closing JPA EntityManagerFactory for persistence unit 'default'
2021-08-18_12-01-33 [SpringContextShutdownHook] INFO  o.h.t.s.i.SchemaDropperImpl$DelayedDropActionImpl - HHH000477: Starting delayed evictData of schema as part of SessionFactory shut-down'
2021-08-18_12-01-33 [SpringContextShutdownHook] INFO  com.zaxxer.hikari.HikariDataSource - HikariPool-3 - Shutdown initiated...
2021-08-18_12-01-33 [SpringContextShutdownHook] INFO  com.zaxxer.hikari.HikariDataSource - HikariPool-1 - Shutdown initiated...
2021-08-18_12-01-33 [SpringContextShutdownHook] INFO  com.zaxxer.hikari.HikariDataSource - HikariPool-1 - Shutdown completed.
2021-08-18_12-01-33 [SpringContextShutdownHook] INFO  com.zaxxer.hikari.HikariDataSource - HikariPool-3 - Shutdown completed.
2021-08-18_11-59-37 [Thread-7] INFO  o.s.s.c.ThreadPoolTaskExecutor - Shutting down ExecutorService 'applicationTaskExecutor'
2021-08-18_11-59-37 [Thread-7] INFO  o.s.o.j.LocalContainerEntityManagerFactoryBean - Closing JPA EntityManagerFactory for persistence unit 'default'
2021-08-18_11-59-37 [Thread-7] INFO  o.h.t.s.i.SchemaDropperImpl$DelayedDropActionImpl - HHH000477: Starting delayed evictData of schema as part of SessionFactory shut-down'
2021-08-18_11-59-37 [Thread-7] INFO  com.zaxxer.hikari.HikariDataSource - HikariPool-1 - Shutdown initiated...
2021-08-18_11-59-37 [Thread-7] INFO  com.zaxxer.hikari.HikariDataSource - HikariPool-1 - Shutdown completed.
2021-08-18_12-42-30 [restartedMain] INFO  c.c.p.c.ConsumerMicroserviceApplication - Starting ConsumerMicroserviceApplication using Java 15.0.2 on DESKTOP-BH92MP6 with PID 10772 (D:\MFPE-val\PAS\Policy-consumer\Policy-consumer\Policy-consumer\target\classes started by rames in D:\MFPE-val\PAS\Policy-consumer\Policy-consumer\Policy-consumer)
2021-08-18_12-42-30 [restartedMain] INFO  c.c.p.c.ConsumerMicroserviceApplication - No active profile set, falling back to default profiles: default
2021-08-18_12-42-30 [restartedMain] INFO  o.s.d.r.c.RepositoryConfigurationDelegate - Bootstrapping Spring Data JPA repositories in DEFAULT mode.
2021-08-18_12-42-30 [restartedMain] INFO  o.s.d.r.c.RepositoryConfigurationDelegate - Finished Spring Data repository scanning in 31 ms. Found 5 JPA repository interfaces.
2021-08-18_12-42-30 [restartedMain] INFO  o.s.cloud.context.scope.GenericScope - BeanFactory id=d0f58078-3429-3b57-84fd-ac7a7a517221
2021-08-18_12-42-30 [restartedMain] INFO  o.s.c.s.PostProcessorRegistrationDelegate$BeanPostProcessorChecker - Bean 'com.cognizant.pas.consumer.feign.AuthorisingClient' of type [org.springframework.cloud.openfeign.FeignClientFactoryBean] is not eligible for getting processed by all BeanPostProcessors (for example: not eligible for auto-proxying)
2021-08-18_12-42-30 [restartedMain] INFO  o.s.b.w.e.tomcat.TomcatWebServer - Tomcat initialized with port(s): 8200 (http)
2021-08-18_12-42-30 [restartedMain] INFO  o.a.coyote.http11.Http11NioProtocol - Initializing ProtocolHandler ["http-nio-8200"]
2021-08-18_12-42-30 [restartedMain] INFO  o.a.catalina.core.StandardService - Starting service [Tomcat]
2021-08-18_12-42-30 [restartedMain] INFO  o.a.catalina.core.StandardEngine - Starting Servlet engine: [Apache Tomcat/9.0.41]
2021-08-18_12-42-30 [restartedMain] INFO  o.a.c.c.C.[.[.[/consumer-api] - Initializing Spring embedded WebApplicationContext
2021-08-18_12-42-30 [restartedMain] INFO  o.s.b.w.s.c.ServletWebServerApplicationContext - Root WebApplicationContext: initialization completed in 3495 ms
2021-08-18_12-42-30 [restartedMain] INFO  com.zaxxer.hikari.HikariDataSource - HikariPool-2 - Starting...
2021-08-18_12-42-30 [restartedMain] INFO  com.zaxxer.hikari.HikariDataSource - HikariPool-2 - Start completed.
2021-08-18_12-42-30 [restartedMain] INFO  o.s.b.a.h.H2ConsoleAutoConfiguration - H2 console available at '/db'. Database available at 'jdbc:h2:mem:pasdb'
2021-08-18_12-42-30 [restartedMain] INFO  o.h.jpa.internal.util.LogHelper - HHH000204: Processing PersistenceUnitInfo [name: default]
2021-08-18_12-42-30 [restartedMain] INFO  org.hibernate.dialect.Dialect - HHH000400: Using dialect: org.hibernate.dialect.H2Dialect
2021-08-18_12-42-30 [restartedMain] INFO  o.h.e.t.j.p.i.JtaPlatformInitiator - HHH000490: Using JtaPlatform implementation: [org.hibernate.engine.transaction.jta.platform.internal.NoJtaPlatform]
2021-08-18_12-42-30 [restartedMain] INFO  o.s.o.j.LocalContainerEntityManagerFactoryBean - Initialized JPA EntityManagerFactory for persistence unit 'default'
2021-08-18_12-42-30 [restartedMain] INFO  o.s.b.d.a.OptionalLiveReloadServer - LiveReload server is running on port 35729
2021-08-18_12-42-30 [restartedMain] INFO  s.d.s.w.PropertySourcedRequestMappingHandlerMapping - Mapped URL path [/v2/api-docs] onto method [springfox.documentation.swagger2.web.Swagger2Controller#getDocumentation(String, HttpServletRequest)]
2021-08-18_12-42-30 [restartedMain] INFO  o.s.s.c.ThreadPoolTaskExecutor - Initializing ExecutorService 'applicationTaskExecutor'
2021-08-18_12-42-30 [restartedMain] INFO  o.a.coyote.http11.Http11NioProtocol - Starting ProtocolHandler ["http-nio-8200"]
2021-08-18_12-42-30 [restartedMain] INFO  o.s.b.w.e.tomcat.TomcatWebServer - Tomcat started on port(s): 8200 (http) with context path '/consumer-api'
2021-08-18_12-42-30 [restartedMain] INFO  s.d.s.w.p.DocumentationPluginsBootstrapper - Context refreshed
2021-08-18_12-42-30 [restartedMain] INFO  s.d.s.w.p.DocumentationPluginsBootstrapper - Found 1 custom documentation plugin(s)
2021-08-18_12-42-30 [restartedMain] INFO  s.d.s.w.s.ApiListingReferenceScanner - Scanning for api listing references
2021-08-18_12-42-30 [restartedMain] INFO  c.c.p.c.ConsumerMicroserviceApplication - Started ConsumerMicroserviceApplication in 8.674 seconds (JVM running for 2597.059)
2021-08-18_12-42-30 [restartedMain] INFO  o.s.b.d.a.ConditionEvaluationDeltaLoggingListener - Condition evaluation unchanged
2021-08-18_12-42-30 [Thread-12] INFO  o.s.s.c.ThreadPoolTaskExecutor - Shutting down ExecutorService 'applicationTaskExecutor'
2021-08-18_12-42-30 [Thread-12] INFO  o.s.o.j.LocalContainerEntityManagerFactoryBean - Closing JPA EntityManagerFactory for persistence unit 'default'
2021-08-18_12-42-30 [Thread-12] INFO  o.h.t.s.i.SchemaDropperImpl$DelayedDropActionImpl - HHH000477: Starting delayed evictData of schema as part of SessionFactory shut-down'
2021-08-18_12-42-30 [Thread-12] INFO  com.zaxxer.hikari.HikariDataSource - HikariPool-2 - Shutdown initiated...
2021-08-18_12-42-30 [Thread-12] INFO  com.zaxxer.hikari.HikariDataSource - HikariPool-2 - Shutdown completed.
2021-08-18_12-43-11 [restartedMain] INFO  c.c.p.c.ConsumerMicroserviceApplication - Starting ConsumerMicroserviceApplication using Java 15.0.2 on DESKTOP-BH92MP6 with PID 10772 (D:\MFPE-val\PAS\Policy-consumer\Policy-consumer\Policy-consumer\target\classes started by rames in D:\MFPE-val\PAS\Policy-consumer\Policy-consumer\Policy-consumer)
2021-08-18_12-43-11 [restartedMain] INFO  c.c.p.c.ConsumerMicroserviceApplication - No active profile set, falling back to default profiles: default
2021-08-18_12-43-11 [restartedMain] INFO  o.s.d.r.c.RepositoryConfigurationDelegate - Bootstrapping Spring Data JPA repositories in DEFAULT mode.
2021-08-18_12-43-11 [restartedMain] INFO  o.s.d.r.c.RepositoryConfigurationDelegate - Finished Spring Data repository scanning in 47 ms. Found 5 JPA repository interfaces.
2021-08-18_12-43-11 [restartedMain] INFO  o.s.cloud.context.scope.GenericScope - BeanFactory id=d0f58078-3429-3b57-84fd-ac7a7a517221
2021-08-18_12-43-11 [restartedMain] INFO  o.s.c.s.PostProcessorRegistrationDelegate$BeanPostProcessorChecker - Bean 'com.cognizant.pas.consumer.feign.AuthorisingClient' of type [org.springframework.cloud.openfeign.FeignClientFactoryBean] is not eligible for getting processed by all BeanPostProcessors (for example: not eligible for auto-proxying)
2021-08-18_12-43-11 [restartedMain] INFO  o.s.b.w.e.tomcat.TomcatWebServer - Tomcat initialized with port(s): 8200 (http)
2021-08-18_12-43-11 [restartedMain] INFO  o.a.coyote.http11.Http11NioProtocol - Initializing ProtocolHandler ["http-nio-8200"]
2021-08-18_12-43-11 [restartedMain] INFO  o.a.catalina.core.StandardService - Starting service [Tomcat]
2021-08-18_12-43-11 [restartedMain] INFO  o.a.catalina.core.StandardEngine - Starting Servlet engine: [Apache Tomcat/9.0.41]
2021-08-18_12-43-11 [restartedMain] INFO  o.a.c.c.C.[.[.[/consumer-api] - Initializing Spring embedded WebApplicationContext
2021-08-18_12-43-11 [restartedMain] INFO  o.s.b.w.s.c.ServletWebServerApplicationContext - Root WebApplicationContext: initialization completed in 5278 ms
2021-08-18_12-43-11 [restartedMain] INFO  com.zaxxer.hikari.HikariDataSource - HikariPool-3 - Starting...
2021-08-18_12-43-11 [restartedMain] INFO  com.zaxxer.hikari.HikariDataSource - HikariPool-3 - Start completed.
2021-08-18_12-43-11 [restartedMain] INFO  o.s.b.a.h.H2ConsoleAutoConfiguration - H2 console available at '/db'. Database available at 'jdbc:h2:mem:pasdb'
2021-08-18_12-43-11 [restartedMain] INFO  o.h.jpa.internal.util.LogHelper - HHH000204: Processing PersistenceUnitInfo [name: default]
2021-08-18_12-43-11 [restartedMain] INFO  org.hibernate.dialect.Dialect - HHH000400: Using dialect: org.hibernate.dialect.H2Dialect
2021-08-18_12-43-11 [restartedMain] INFO  o.h.e.t.j.p.i.JtaPlatformInitiator - HHH000490: Using JtaPlatform implementation: [org.hibernate.engine.transaction.jta.platform.internal.NoJtaPlatform]
2021-08-18_12-43-11 [restartedMain] INFO  o.s.o.j.LocalContainerEntityManagerFactoryBean - Initialized JPA EntityManagerFactory for persistence unit 'default'
2021-08-18_12-43-11 [restartedMain] INFO  o.s.b.d.a.OptionalLiveReloadServer - LiveReload server is running on port 35729
2021-08-18_12-43-11 [restartedMain] INFO  s.d.s.w.PropertySourcedRequestMappingHandlerMapping - Mapped URL path [/v2/api-docs] onto method [springfox.documentation.swagger2.web.Swagger2Controller#getDocumentation(String, HttpServletRequest)]
2021-08-18_12-43-11 [restartedMain] INFO  o.s.s.c.ThreadPoolTaskExecutor - Initializing ExecutorService 'applicationTaskExecutor'
2021-08-18_12-43-11 [restartedMain] INFO  o.a.coyote.http11.Http11NioProtocol - Starting ProtocolHandler ["http-nio-8200"]
2021-08-18_12-43-11 [restartedMain] INFO  o.s.b.w.e.tomcat.TomcatWebServer - Tomcat started on port(s): 8200 (http) with context path '/consumer-api'
2021-08-18_12-43-11 [restartedMain] INFO  s.d.s.w.p.DocumentationPluginsBootstrapper - Context refreshed
2021-08-18_12-43-11 [restartedMain] INFO  s.d.s.w.p.DocumentationPluginsBootstrapper - Found 1 custom documentation plugin(s)
2021-08-18_12-43-11 [restartedMain] INFO  s.d.s.w.s.ApiListingReferenceScanner - Scanning for api listing references
2021-08-18_12-43-11 [restartedMain] INFO  c.c.p.c.ConsumerMicroserviceApplication - Started ConsumerMicroserviceApplication in 8.569 seconds (JVM running for 2637.988)
2021-08-18_12-43-11 [restartedMain] INFO  o.s.b.d.a.ConditionEvaluationDeltaLoggingListener - Condition evaluation unchanged
2021-08-18_12-43-11 [Thread-20] INFO  o.s.s.c.ThreadPoolTaskExecutor - Shutting down ExecutorService 'applicationTaskExecutor'
2021-08-18_12-43-11 [Thread-20] INFO  o.s.o.j.LocalContainerEntityManagerFactoryBean - Closing JPA EntityManagerFactory for persistence unit 'default'
2021-08-18_12-43-11 [Thread-20] INFO  o.h.t.s.i.SchemaDropperImpl$DelayedDropActionImpl - HHH000477: Starting delayed evictData of schema as part of SessionFactory shut-down'
2021-08-18_12-43-11 [Thread-20] INFO  com.zaxxer.hikari.HikariDataSource - HikariPool-3 - Shutdown initiated...
2021-08-18_12-43-11 [Thread-20] INFO  com.zaxxer.hikari.HikariDataSource - HikariPool-3 - Shutdown completed.
2021-08-18_12-43-22 [restartedMain] INFO  c.c.p.c.ConsumerMicroserviceApplication - Starting ConsumerMicroserviceApplication using Java 15.0.2 on DESKTOP-BH92MP6 with PID 10772 (D:\MFPE-val\PAS\Policy-consumer\Policy-consumer\Policy-consumer\target\classes started by rames in D:\MFPE-val\PAS\Policy-consumer\Policy-consumer\Policy-consumer)
2021-08-18_12-43-22 [restartedMain] INFO  c.c.p.c.ConsumerMicroserviceApplication - No active profile set, falling back to default profiles: default
2021-08-18_12-43-22 [restartedMain] INFO  o.s.d.r.c.RepositoryConfigurationDelegate - Bootstrapping Spring Data JPA repositories in DEFAULT mode.
2021-08-18_12-43-22 [restartedMain] INFO  o.s.d.r.c.RepositoryConfigurationDelegate - Finished Spring Data repository scanning in 74 ms. Found 5 JPA repository interfaces.
2021-08-18_12-43-22 [restartedMain] INFO  o.s.cloud.context.scope.GenericScope - BeanFactory id=d0f58078-3429-3b57-84fd-ac7a7a517221
2021-08-18_12-43-22 [restartedMain] INFO  o.s.c.s.PostProcessorRegistrationDelegate$BeanPostProcessorChecker - Bean 'com.cognizant.pas.consumer.feign.AuthorisingClient' of type [org.springframework.cloud.openfeign.FeignClientFactoryBean] is not eligible for getting processed by all BeanPostProcessors (for example: not eligible for auto-proxying)
2021-08-18_12-43-22 [restartedMain] INFO  o.s.b.w.e.tomcat.TomcatWebServer - Tomcat initialized with port(s): 8200 (http)
2021-08-18_12-43-22 [restartedMain] INFO  o.a.coyote.http11.Http11NioProtocol - Initializing ProtocolHandler ["http-nio-8200"]
2021-08-18_12-43-22 [restartedMain] INFO  o.a.catalina.core.StandardService - Starting service [Tomcat]
2021-08-18_12-43-22 [restartedMain] INFO  o.a.catalina.core.StandardEngine - Starting Servlet engine: [Apache Tomcat/9.0.41]
2021-08-18_12-43-22 [restartedMain] INFO  o.a.c.c.C.[.[.[/consumer-api] - Initializing Spring embedded WebApplicationContext
2021-08-18_12-43-22 [restartedMain] INFO  o.s.b.w.s.c.ServletWebServerApplicationContext - Root WebApplicationContext: initialization completed in 2774 ms
2021-08-18_12-43-22 [restartedMain] INFO  com.zaxxer.hikari.HikariDataSource - HikariPool-4 - Starting...
2021-08-18_12-43-22 [restartedMain] INFO  com.zaxxer.hikari.HikariDataSource - HikariPool-4 - Start completed.
2021-08-18_12-43-22 [restartedMain] INFO  o.s.b.a.h.H2ConsoleAutoConfiguration - H2 console available at '/db'. Database available at 'jdbc:h2:mem:pasdb'
2021-08-18_12-43-22 [restartedMain] INFO  o.h.jpa.internal.util.LogHelper - HHH000204: Processing PersistenceUnitInfo [name: default]
2021-08-18_12-43-22 [restartedMain] INFO  org.hibernate.dialect.Dialect - HHH000400: Using dialect: org.hibernate.dialect.H2Dialect
2021-08-18_12-43-22 [restartedMain] INFO  o.h.e.t.j.p.i.JtaPlatformInitiator - HHH000490: Using JtaPlatform implementation: [org.hibernate.engine.transaction.jta.platform.internal.NoJtaPlatform]
2021-08-18_12-43-22 [restartedMain] INFO  o.s.o.j.LocalContainerEntityManagerFactoryBean - Initialized JPA EntityManagerFactory for persistence unit 'default'
2021-08-18_12-43-22 [restartedMain] INFO  o.s.b.d.a.OptionalLiveReloadServer - LiveReload server is running on port 35729
2021-08-18_12-43-22 [restartedMain] INFO  s.d.s.w.PropertySourcedRequestMappingHandlerMapping - Mapped URL path [/v2/api-docs] onto method [springfox.documentation.swagger2.web.Swagger2Controller#getDocumentation(String, HttpServletRequest)]
2021-08-18_12-43-22 [restartedMain] INFO  o.s.s.c.ThreadPoolTaskExecutor - Initializing ExecutorService 'applicationTaskExecutor'
2021-08-18_12-43-22 [restartedMain] INFO  o.a.coyote.http11.Http11NioProtocol - Starting ProtocolHandler ["http-nio-8200"]
2021-08-18_12-43-22 [restartedMain] INFO  o.s.b.w.e.tomcat.TomcatWebServer - Tomcat started on port(s): 8200 (http) with context path '/consumer-api'
2021-08-18_12-43-22 [restartedMain] INFO  s.d.s.w.p.DocumentationPluginsBootstrapper - Context refreshed
2021-08-18_12-43-22 [restartedMain] INFO  s.d.s.w.p.DocumentationPluginsBootstrapper - Found 1 custom documentation plugin(s)
2021-08-18_12-43-22 [restartedMain] INFO  s.d.s.w.s.ApiListingReferenceScanner - Scanning for api listing references
2021-08-18_12-43-22 [restartedMain] INFO  c.c.p.c.ConsumerMicroserviceApplication - Started ConsumerMicroserviceApplication in 9.403 seconds (JVM running for 2649.033)
2021-08-18_12-43-22 [restartedMain] INFO  o.s.b.d.a.ConditionEvaluationDeltaLoggingListener - Condition evaluation unchanged
2021-08-18_12-43-22 [Thread-28] INFO  o.s.s.c.ThreadPoolTaskExecutor - Shutting down ExecutorService 'applicationTaskExecutor'
2021-08-18_12-43-22 [Thread-28] INFO  o.s.o.j.LocalContainerEntityManagerFactoryBean - Closing JPA EntityManagerFactory for persistence unit 'default'
2021-08-18_12-43-22 [Thread-28] INFO  o.h.t.s.i.SchemaDropperImpl$DelayedDropActionImpl - HHH000477: Starting delayed evictData of schema as part of SessionFactory shut-down'
2021-08-18_12-43-22 [Thread-28] INFO  com.zaxxer.hikari.HikariDataSource - HikariPool-4 - Shutdown initiated...
2021-08-18_12-43-22 [Thread-28] INFO  com.zaxxer.hikari.HikariDataSource - HikariPool-4 - Shutdown completed.
2021-08-18_12-43-42 [restartedMain] INFO  c.c.p.c.ConsumerMicroserviceApplication - Starting ConsumerMicroserviceApplication using Java 15.0.2 on DESKTOP-BH92MP6 with PID 10772 (D:\MFPE-val\PAS\Policy-consumer\Policy-consumer\Policy-consumer\target\classes started by rames in D:\MFPE-val\PAS\Policy-consumer\Policy-consumer\Policy-consumer)
2021-08-18_12-43-42 [restartedMain] INFO  c.c.p.c.ConsumerMicroserviceApplication - No active profile set, falling back to default profiles: default
2021-08-18_12-43-42 [restartedMain] INFO  o.s.d.r.c.RepositoryConfigurationDelegate - Bootstrapping Spring Data JPA repositories in DEFAULT mode.
2021-08-18_12-43-42 [restartedMain] INFO  o.s.d.r.c.RepositoryConfigurationDelegate - Finished Spring Data repository scanning in 37 ms. Found 5 JPA repository interfaces.
2021-08-18_12-43-42 [restartedMain] INFO  o.s.cloud.context.scope.GenericScope - BeanFactory id=d0f58078-3429-3b57-84fd-ac7a7a517221
2021-08-18_12-43-42 [restartedMain] INFO  o.s.c.s.PostProcessorRegistrationDelegate$BeanPostProcessorChecker - Bean 'com.cognizant.pas.consumer.feign.AuthorisingClient' of type [org.springframework.cloud.openfeign.FeignClientFactoryBean] is not eligible for getting processed by all BeanPostProcessors (for example: not eligible for auto-proxying)
2021-08-18_12-43-42 [restartedMain] INFO  o.s.b.w.e.tomcat.TomcatWebServer - Tomcat initialized with port(s): 8200 (http)
2021-08-18_12-43-42 [restartedMain] INFO  o.a.coyote.http11.Http11NioProtocol - Initializing ProtocolHandler ["http-nio-8200"]
2021-08-18_12-43-42 [restartedMain] INFO  o.a.catalina.core.StandardService - Starting service [Tomcat]
2021-08-18_12-43-42 [restartedMain] INFO  o.a.catalina.core.StandardEngine - Starting Servlet engine: [Apache Tomcat/9.0.41]
2021-08-18_12-43-42 [restartedMain] INFO  o.a.c.c.C.[.[.[/consumer-api] - Initializing Spring embedded WebApplicationContext
2021-08-18_12-43-42 [restartedMain] INFO  o.s.b.w.s.c.ServletWebServerApplicationContext - Root WebApplicationContext: initialization completed in 2412 ms
2021-08-18_12-43-42 [restartedMain] INFO  com.zaxxer.hikari.HikariDataSource - HikariPool-5 - Starting...
2021-08-18_12-43-42 [restartedMain] INFO  com.zaxxer.hikari.HikariDataSource - HikariPool-5 - Start completed.
2021-08-18_12-43-42 [restartedMain] INFO  o.s.b.a.h.H2ConsoleAutoConfiguration - H2 console available at '/db'. Database available at 'jdbc:h2:mem:pasdb'
2021-08-18_12-43-42 [restartedMain] INFO  o.h.jpa.internal.util.LogHelper - HHH000204: Processing PersistenceUnitInfo [name: default]
2021-08-18_12-43-42 [restartedMain] INFO  org.hibernate.dialect.Dialect - HHH000400: Using dialect: org.hibernate.dialect.H2Dialect
2021-08-18_12-43-42 [restartedMain] INFO  o.h.e.t.j.p.i.JtaPlatformInitiator - HHH000490: Using JtaPlatform implementation: [org.hibernate.engine.transaction.jta.platform.internal.NoJtaPlatform]
2021-08-18_12-43-42 [restartedMain] INFO  o.s.o.j.LocalContainerEntityManagerFactoryBean - Initialized JPA EntityManagerFactory for persistence unit 'default'
2021-08-18_12-43-42 [restartedMain] INFO  o.s.b.d.a.OptionalLiveReloadServer - LiveReload server is running on port 35729
2021-08-18_12-43-42 [restartedMain] INFO  s.d.s.w.PropertySourcedRequestMappingHandlerMapping - Mapped URL path [/v2/api-docs] onto method [springfox.documentation.swagger2.web.Swagger2Controller#getDocumentation(String, HttpServletRequest)]
2021-08-18_12-43-42 [restartedMain] INFO  o.s.s.c.ThreadPoolTaskExecutor - Initializing ExecutorService 'applicationTaskExecutor'
2021-08-18_12-43-42 [restartedMain] INFO  o.a.coyote.http11.Http11NioProtocol - Starting ProtocolHandler ["http-nio-8200"]
2021-08-18_12-43-42 [restartedMain] INFO  o.s.b.w.e.tomcat.TomcatWebServer - Tomcat started on port(s): 8200 (http) with context path '/consumer-api'
2021-08-18_12-43-42 [restartedMain] INFO  s.d.s.w.p.DocumentationPluginsBootstrapper - Context refreshed
2021-08-18_12-43-42 [restartedMain] INFO  s.d.s.w.p.DocumentationPluginsBootstrapper - Found 1 custom documentation plugin(s)
2021-08-18_12-43-42 [restartedMain] INFO  s.d.s.w.s.ApiListingReferenceScanner - Scanning for api listing references
2021-08-18_12-43-42 [restartedMain] INFO  c.c.p.c.ConsumerMicroserviceApplication - Started ConsumerMicroserviceApplication in 8.419 seconds (JVM running for 2668.988)
2021-08-18_12-43-42 [restartedMain] INFO  o.s.b.d.a.ConditionEvaluationDeltaLoggingListener - Condition evaluation unchanged
2021-08-18_12-43-42 [Thread-36] INFO  o.s.s.c.ThreadPoolTaskExecutor - Shutting down ExecutorService 'applicationTaskExecutor'
2021-08-18_12-43-42 [Thread-36] INFO  o.s.o.j.LocalContainerEntityManagerFactoryBean - Closing JPA EntityManagerFactory for persistence unit 'default'
2021-08-18_12-43-42 [Thread-36] INFO  o.h.t.s.i.SchemaDropperImpl$DelayedDropActionImpl - HHH000477: Starting delayed evictData of schema as part of SessionFactory shut-down'
2021-08-18_12-43-42 [Thread-36] INFO  com.zaxxer.hikari.HikariDataSource - HikariPool-5 - Shutdown initiated...
2021-08-18_12-43-42 [Thread-36] INFO  com.zaxxer.hikari.HikariDataSource - HikariPool-5 - Shutdown completed.
2021-08-18_12-43-51 [restartedMain] INFO  c.c.p.c.ConsumerMicroserviceApplication - Starting ConsumerMicroserviceApplication using Java 15.0.2 on DESKTOP-BH92MP6 with PID 10772 (D:\MFPE-val\PAS\Policy-consumer\Policy-consumer\Policy-consumer\target\classes started by rames in D:\MFPE-val\PAS\Policy-consumer\Policy-consumer\Policy-consumer)
2021-08-18_12-43-51 [restartedMain] INFO  c.c.p.c.ConsumerMicroserviceApplication - No active profile set, falling back to default profiles: default
2021-08-18_12-43-51 [restartedMain] INFO  o.s.d.r.c.RepositoryConfigurationDelegate - Bootstrapping Spring Data JPA repositories in DEFAULT mode.
2021-08-18_12-43-51 [restartedMain] INFO  o.s.d.r.c.RepositoryConfigurationDelegate - Finished Spring Data repository scanning in 126 ms. Found 5 JPA repository interfaces.
2021-08-18_12-43-51 [restartedMain] INFO  o.s.cloud.context.scope.GenericScope - BeanFactory id=d0f58078-3429-3b57-84fd-ac7a7a517221
2021-08-18_12-43-51 [restartedMain] INFO  o.s.c.s.PostProcessorRegistrationDelegate$BeanPostProcessorChecker - Bean 'com.cognizant.pas.consumer.feign.AuthorisingClient' of type [org.springframework.cloud.openfeign.FeignClientFactoryBean] is not eligible for getting processed by all BeanPostProcessors (for example: not eligible for auto-proxying)
2021-08-18_12-43-51 [restartedMain] INFO  o.s.b.w.e.tomcat.TomcatWebServer - Tomcat initialized with port(s): 8200 (http)
2021-08-18_12-43-51 [restartedMain] INFO  o.a.coyote.http11.Http11NioProtocol - Initializing ProtocolHandler ["http-nio-8200"]
2021-08-18_12-43-51 [restartedMain] INFO  o.a.catalina.core.StandardService - Starting service [Tomcat]
2021-08-18_12-43-51 [restartedMain] INFO  o.a.catalina.core.StandardEngine - Starting Servlet engine: [Apache Tomcat/9.0.41]
2021-08-18_12-43-51 [restartedMain] INFO  o.a.c.c.C.[.[.[/consumer-api] - Initializing Spring embedded WebApplicationContext
2021-08-18_12-43-51 [restartedMain] INFO  o.s.b.w.s.c.ServletWebServerApplicationContext - Root WebApplicationContext: initialization completed in 3774 ms
2021-08-18_12-43-51 [restartedMain] INFO  com.zaxxer.hikari.HikariDataSource - HikariPool-6 - Starting...
2021-08-18_12-43-51 [restartedMain] INFO  com.zaxxer.hikari.HikariDataSource - HikariPool-6 - Start completed.
2021-08-18_12-43-51 [restartedMain] INFO  o.s.b.a.h.H2ConsoleAutoConfiguration - H2 console available at '/db'. Database available at 'jdbc:h2:mem:pasdb'
2021-08-18_12-43-51 [restartedMain] INFO  o.h.jpa.internal.util.LogHelper - HHH000204: Processing PersistenceUnitInfo [name: default]
2021-08-18_12-43-51 [restartedMain] INFO  org.hibernate.dialect.Dialect - HHH000400: Using dialect: org.hibernate.dialect.H2Dialect
2021-08-18_12-43-51 [restartedMain] INFO  o.h.e.t.j.p.i.JtaPlatformInitiator - HHH000490: Using JtaPlatform implementation: [org.hibernate.engine.transaction.jta.platform.internal.NoJtaPlatform]
2021-08-18_12-43-51 [restartedMain] INFO  o.s.o.j.LocalContainerEntityManagerFactoryBean - Initialized JPA EntityManagerFactory for persistence unit 'default'
2021-08-18_12-43-51 [restartedMain] INFO  o.s.b.d.a.OptionalLiveReloadServer - LiveReload server is running on port 35729
2021-08-18_12-43-51 [restartedMain] INFO  s.d.s.w.PropertySourcedRequestMappingHandlerMapping - Mapped URL path [/v2/api-docs] onto method [springfox.documentation.swagger2.web.Swagger2Controller#getDocumentation(String, HttpServletRequest)]
2021-08-18_12-43-51 [restartedMain] INFO  o.s.s.c.ThreadPoolTaskExecutor - Initializing ExecutorService 'applicationTaskExecutor'
2021-08-18_12-43-51 [restartedMain] INFO  o.a.coyote.http11.Http11NioProtocol - Starting ProtocolHandler ["http-nio-8200"]
2021-08-18_12-43-51 [restartedMain] INFO  o.s.b.w.e.tomcat.TomcatWebServer - Tomcat started on port(s): 8200 (http) with context path '/consumer-api'
2021-08-18_12-43-51 [restartedMain] INFO  s.d.s.w.p.DocumentationPluginsBootstrapper - Context refreshed
2021-08-18_12-43-51 [restartedMain] INFO  s.d.s.w.p.DocumentationPluginsBootstrapper - Found 1 custom documentation plugin(s)
2021-08-18_12-43-51 [restartedMain] INFO  s.d.s.w.s.ApiListingReferenceScanner - Scanning for api listing references
2021-08-18_12-43-51 [restartedMain] INFO  c.c.p.c.ConsumerMicroserviceApplication - Started ConsumerMicroserviceApplication in 9.358 seconds (JVM running for 2678.88)
2021-08-18_12-43-51 [restartedMain] INFO  o.s.b.d.a.ConditionEvaluationDeltaLoggingListener - Condition evaluation unchanged
2021-08-18_12-43-51 [Thread-44] INFO  o.s.s.c.ThreadPoolTaskExecutor - Shutting down ExecutorService 'applicationTaskExecutor'
2021-08-18_12-43-51 [Thread-44] INFO  o.s.o.j.LocalContainerEntityManagerFactoryBean - Closing JPA EntityManagerFactory for persistence unit 'default'
2021-08-18_12-43-51 [Thread-44] INFO  o.h.t.s.i.SchemaDropperImpl$DelayedDropActionImpl - HHH000477: Starting delayed evictData of schema as part of SessionFactory shut-down'
2021-08-18_12-43-51 [Thread-44] INFO  com.zaxxer.hikari.HikariDataSource - HikariPool-6 - Shutdown initiated...
2021-08-18_12-43-51 [Thread-44] INFO  com.zaxxer.hikari.HikariDataSource - HikariPool-6 - Shutdown completed.
2021-08-18_12-48-05 [restartedMain] INFO  c.c.p.c.ConsumerMicroserviceApplication - Starting ConsumerMicroserviceApplication using Java 15.0.2 on DESKTOP-BH92MP6 with PID 10772 (D:\MFPE-val\PAS\Policy-consumer\Policy-consumer\Policy-consumer\target\classes started by rames in D:\MFPE-val\PAS\Policy-consumer\Policy-consumer\Policy-consumer)
2021-08-18_12-48-05 [restartedMain] INFO  c.c.p.c.ConsumerMicroserviceApplication - No active profile set, falling back to default profiles: default
2021-08-18_12-48-05 [restartedMain] INFO  o.s.d.r.c.RepositoryConfigurationDelegate - Bootstrapping Spring Data JPA repositories in DEFAULT mode.
2021-08-18_12-48-05 [restartedMain] INFO  o.s.d.r.c.RepositoryConfigurationDelegate - Finished Spring Data repository scanning in 92 ms. Found 5 JPA repository interfaces.
2021-08-18_12-48-05 [restartedMain] INFO  o.s.cloud.context.scope.GenericScope - BeanFactory id=d0f58078-3429-3b57-84fd-ac7a7a517221
2021-08-18_12-48-05 [restartedMain] INFO  o.s.c.s.PostProcessorRegistrationDelegate$BeanPostProcessorChecker - Bean 'com.cognizant.pas.consumer.feign.AuthorisingClient' of type [org.springframework.cloud.openfeign.FeignClientFactoryBean] is not eligible for getting processed by all BeanPostProcessors (for example: not eligible for auto-proxying)
2021-08-18_12-48-05 [restartedMain] INFO  o.s.b.w.e.tomcat.TomcatWebServer - Tomcat initialized with port(s): 8200 (http)
2021-08-18_12-48-05 [restartedMain] INFO  o.a.coyote.http11.Http11NioProtocol - Initializing ProtocolHandler ["http-nio-8200"]
2021-08-18_12-48-05 [restartedMain] INFO  o.a.catalina.core.StandardService - Starting service [Tomcat]
2021-08-18_12-48-05 [restartedMain] INFO  o.a.catalina.core.StandardEngine - Starting Servlet engine: [Apache Tomcat/9.0.41]
2021-08-18_12-48-05 [restartedMain] INFO  o.a.c.c.C.[.[.[/consumer-api] - Initializing Spring embedded WebApplicationContext
2021-08-18_12-48-05 [restartedMain] INFO  o.s.b.w.s.c.ServletWebServerApplicationContext - Root WebApplicationContext: initialization completed in 4010 ms
2021-08-18_12-48-05 [restartedMain] INFO  com.zaxxer.hikari.HikariDataSource - HikariPool-7 - Starting...
2021-08-18_12-48-05 [restartedMain] INFO  com.zaxxer.hikari.HikariDataSource - HikariPool-7 - Start completed.
2021-08-18_12-48-05 [restartedMain] INFO  o.s.b.a.h.H2ConsoleAutoConfiguration - H2 console available at '/db'. Database available at 'jdbc:h2:mem:pasdb'
2021-08-18_12-48-05 [restartedMain] INFO  o.h.jpa.internal.util.LogHelper - HHH000204: Processing PersistenceUnitInfo [name: default]
2021-08-18_12-48-05 [restartedMain] INFO  org.hibernate.dialect.Dialect - HHH000400: Using dialect: org.hibernate.dialect.H2Dialect
2021-08-18_12-48-05 [restartedMain] INFO  o.h.e.t.j.p.i.JtaPlatformInitiator - HHH000490: Using JtaPlatform implementation: [org.hibernate.engine.transaction.jta.platform.internal.NoJtaPlatform]
2021-08-18_12-48-05 [restartedMain] INFO  o.s.o.j.LocalContainerEntityManagerFactoryBean - Initialized JPA EntityManagerFactory for persistence unit 'default'
2021-08-18_12-48-05 [restartedMain] INFO  o.s.b.d.a.OptionalLiveReloadServer - LiveReload server is running on port 35729
2021-08-18_12-48-05 [restartedMain] INFO  s.d.s.w.PropertySourcedRequestMappingHandlerMapping - Mapped URL path [/v2/api-docs] onto method [springfox.documentation.swagger2.web.Swagger2Controller#getDocumentation(String, HttpServletRequest)]
2021-08-18_12-48-05 [restartedMain] INFO  o.s.s.c.ThreadPoolTaskExecutor - Initializing ExecutorService 'applicationTaskExecutor'
2021-08-18_12-48-05 [restartedMain] INFO  o.a.coyote.http11.Http11NioProtocol - Starting ProtocolHandler ["http-nio-8200"]
2021-08-18_12-48-05 [restartedMain] INFO  o.s.b.w.e.tomcat.TomcatWebServer - Tomcat started on port(s): 8200 (http) with context path '/consumer-api'
2021-08-18_12-48-05 [restartedMain] INFO  s.d.s.w.p.DocumentationPluginsBootstrapper - Context refreshed
2021-08-18_12-48-05 [restartedMain] INFO  s.d.s.w.p.DocumentationPluginsBootstrapper - Found 1 custom documentation plugin(s)
2021-08-18_12-48-05 [restartedMain] INFO  s.d.s.w.s.ApiListingReferenceScanner - Scanning for api listing references
2021-08-18_12-48-05 [restartedMain] INFO  c.c.p.c.ConsumerMicroserviceApplication - Started ConsumerMicroserviceApplication in 10.862 seconds (JVM running for 2934.555)
2021-08-18_12-48-05 [restartedMain] INFO  o.s.b.d.a.ConditionEvaluationDeltaLoggingListener - Condition evaluation unchanged
2021-08-18_12-48-05 [Thread-52] INFO  o.s.s.c.ThreadPoolTaskExecutor - Shutting down ExecutorService 'applicationTaskExecutor'
2021-08-18_12-48-05 [Thread-52] INFO  o.s.o.j.LocalContainerEntityManagerFactoryBean - Closing JPA EntityManagerFactory for persistence unit 'default'
2021-08-18_12-48-05 [Thread-52] INFO  o.h.t.s.i.SchemaDropperImpl$DelayedDropActionImpl - HHH000477: Starting delayed evictData of schema as part of SessionFactory shut-down'
2021-08-18_12-48-05 [Thread-52] INFO  com.zaxxer.hikari.HikariDataSource - HikariPool-7 - Shutdown initiated...
2021-08-18_12-48-05 [Thread-52] INFO  com.zaxxer.hikari.HikariDataSource - HikariPool-7 - Shutdown completed.
2021-08-18_12-48-16 [restartedMain] INFO  c.c.p.c.ConsumerMicroserviceApplication - Starting ConsumerMicroserviceApplication using Java 15.0.2 on DESKTOP-BH92MP6 with PID 10772 (D:\MFPE-val\PAS\Policy-consumer\Policy-consumer\Policy-consumer\target\classes started by rames in D:\MFPE-val\PAS\Policy-consumer\Policy-consumer\Policy-consumer)
2021-08-18_12-48-16 [restartedMain] INFO  c.c.p.c.ConsumerMicroserviceApplication - No active profile set, falling back to default profiles: default
2021-08-18_12-48-16 [restartedMain] INFO  o.s.d.r.c.RepositoryConfigurationDelegate - Bootstrapping Spring Data JPA repositories in DEFAULT mode.
2021-08-18_12-48-16 [restartedMain] INFO  o.s.d.r.c.RepositoryConfigurationDelegate - Finished Spring Data repository scanning in 129 ms. Found 5 JPA repository interfaces.
2021-08-18_12-48-16 [restartedMain] INFO  o.s.cloud.context.scope.GenericScope - BeanFactory id=d0f58078-3429-3b57-84fd-ac7a7a517221
2021-08-18_12-48-16 [restartedMain] INFO  o.s.c.s.PostProcessorRegistrationDelegate$BeanPostProcessorChecker - Bean 'com.cognizant.pas.consumer.feign.AuthorisingClient' of type [org.springframework.cloud.openfeign.FeignClientFactoryBean] is not eligible for getting processed by all BeanPostProcessors (for example: not eligible for auto-proxying)
2021-08-18_12-48-16 [restartedMain] INFO  o.s.b.w.e.tomcat.TomcatWebServer - Tomcat initialized with port(s): 8200 (http)
2021-08-18_12-48-16 [restartedMain] INFO  o.a.coyote.http11.Http11NioProtocol - Initializing ProtocolHandler ["http-nio-8200"]
2021-08-18_12-48-16 [restartedMain] INFO  o.a.catalina.core.StandardService - Starting service [Tomcat]
2021-08-18_12-48-16 [restartedMain] INFO  o.a.catalina.core.StandardEngine - Starting Servlet engine: [Apache Tomcat/9.0.41]
2021-08-18_12-48-16 [restartedMain] INFO  o.a.c.c.C.[.[.[/consumer-api] - Initializing Spring embedded WebApplicationContext
2021-08-18_12-48-16 [restartedMain] INFO  o.s.b.w.s.c.ServletWebServerApplicationContext - Root WebApplicationContext: initialization completed in 3599 ms
2021-08-18_12-48-16 [restartedMain] INFO  com.zaxxer.hikari.HikariDataSource - HikariPool-8 - Starting...
2021-08-18_12-48-16 [restartedMain] INFO  com.zaxxer.hikari.HikariDataSource - HikariPool-8 - Start completed.
2021-08-18_12-48-16 [restartedMain] INFO  o.s.b.a.h.H2ConsoleAutoConfiguration - H2 console available at '/db'. Database available at 'jdbc:h2:mem:pasdb'
2021-08-18_12-48-16 [restartedMain] INFO  o.h.jpa.internal.util.LogHelper - HHH000204: Processing PersistenceUnitInfo [name: default]
2021-08-18_12-48-16 [restartedMain] INFO  org.hibernate.dialect.Dialect - HHH000400: Using dialect: org.hibernate.dialect.H2Dialect
2021-08-18_12-48-16 [restartedMain] INFO  o.h.e.t.j.p.i.JtaPlatformInitiator - HHH000490: Using JtaPlatform implementation: [org.hibernate.engine.transaction.jta.platform.internal.NoJtaPlatform]
2021-08-18_12-48-16 [restartedMain] INFO  o.s.o.j.LocalContainerEntityManagerFactoryBean - Initialized JPA EntityManagerFactory for persistence unit 'default'
2021-08-18_12-48-16 [restartedMain] INFO  o.s.b.d.a.OptionalLiveReloadServer - LiveReload server is running on port 35729
2021-08-18_12-48-16 [restartedMain] INFO  s.d.s.w.PropertySourcedRequestMappingHandlerMapping - Mapped URL path [/v2/api-docs] onto method [springfox.documentation.swagger2.web.Swagger2Controller#getDocumentation(String, HttpServletRequest)]
2021-08-18_12-48-16 [restartedMain] INFO  o.s.s.c.ThreadPoolTaskExecutor - Initializing ExecutorService 'applicationTaskExecutor'
2021-08-18_12-48-16 [restartedMain] INFO  o.a.coyote.http11.Http11NioProtocol - Starting ProtocolHandler ["http-nio-8200"]
2021-08-18_12-48-16 [restartedMain] INFO  o.s.b.w.e.tomcat.TomcatWebServer - Tomcat started on port(s): 8200 (http) with context path '/consumer-api'
2021-08-18_12-48-16 [restartedMain] INFO  s.d.s.w.p.DocumentationPluginsBootstrapper - Context refreshed
2021-08-18_12-48-16 [restartedMain] INFO  s.d.s.w.p.DocumentationPluginsBootstrapper - Found 1 custom documentation plugin(s)
2021-08-18_12-48-16 [restartedMain] INFO  s.d.s.w.s.ApiListingReferenceScanner - Scanning for api listing references
2021-08-18_12-48-16 [restartedMain] INFO  c.c.p.c.ConsumerMicroserviceApplication - Started ConsumerMicroserviceApplication in 10.059 seconds (JVM running for 2945.154)
2021-08-18_12-48-16 [restartedMain] INFO  o.s.b.d.a.ConditionEvaluationDeltaLoggingListener - Condition evaluation unchanged
2021-08-18_12-48-16 [Thread-60] INFO  o.s.s.c.ThreadPoolTaskExecutor - Shutting down ExecutorService 'applicationTaskExecutor'
2021-08-18_12-48-16 [Thread-60] INFO  o.s.o.j.LocalContainerEntityManagerFactoryBean - Closing JPA EntityManagerFactory for persistence unit 'default'
2021-08-18_12-48-16 [Thread-60] INFO  o.h.t.s.i.SchemaDropperImpl$DelayedDropActionImpl - HHH000477: Starting delayed evictData of schema as part of SessionFactory shut-down'
2021-08-18_12-48-16 [Thread-60] INFO  com.zaxxer.hikari.HikariDataSource - HikariPool-8 - Shutdown initiated...
2021-08-18_12-48-16 [Thread-60] INFO  com.zaxxer.hikari.HikariDataSource - HikariPool-8 - Shutdown completed.
2021-08-18_12-50-41 [restartedMain] INFO  c.c.p.c.ConsumerMicroserviceApplication - Starting ConsumerMicroserviceApplication using Java 15.0.2 on DESKTOP-BH92MP6 with PID 10772 (D:\MFPE-val\PAS\Policy-consumer\Policy-consumer\Policy-consumer\target\classes started by rames in D:\MFPE-val\PAS\Policy-consumer\Policy-consumer\Policy-consumer)
2021-08-18_12-50-41 [restartedMain] INFO  c.c.p.c.ConsumerMicroserviceApplication - No active profile set, falling back to default profiles: default
2021-08-18_12-50-41 [restartedMain] INFO  o.s.d.r.c.RepositoryConfigurationDelegate - Bootstrapping Spring Data JPA repositories in DEFAULT mode.
2021-08-18_12-50-41 [restartedMain] INFO  o.s.d.r.c.RepositoryConfigurationDelegate - Finished Spring Data repository scanning in 444 ms. Found 5 JPA repository interfaces.
2021-08-18_12-50-41 [restartedMain] INFO  o.s.cloud.context.scope.GenericScope - BeanFactory id=d0f58078-3429-3b57-84fd-ac7a7a517221
2021-08-18_12-50-41 [restartedMain] INFO  o.s.c.s.PostProcessorRegistrationDelegate$BeanPostProcessorChecker - Bean 'com.cognizant.pas.consumer.feign.AuthorisingClient' of type [org.springframework.cloud.openfeign.FeignClientFactoryBean] is not eligible for getting processed by all BeanPostProcessors (for example: not eligible for auto-proxying)
2021-08-18_12-50-41 [restartedMain] INFO  o.s.b.w.e.tomcat.TomcatWebServer - Tomcat initialized with port(s): 8200 (http)
2021-08-18_12-50-41 [restartedMain] INFO  o.a.coyote.http11.Http11NioProtocol - Initializing ProtocolHandler ["http-nio-8200"]
2021-08-18_12-50-41 [restartedMain] INFO  o.a.catalina.core.StandardService - Starting service [Tomcat]
2021-08-18_12-50-41 [restartedMain] INFO  o.a.catalina.core.StandardEngine - Starting Servlet engine: [Apache Tomcat/9.0.41]
2021-08-18_12-50-41 [restartedMain] INFO  o.a.c.c.C.[.[.[/consumer-api] - Initializing Spring embedded WebApplicationContext
2021-08-18_12-50-41 [restartedMain] INFO  o.s.b.w.s.c.ServletWebServerApplicationContext - Root WebApplicationContext: initialization completed in 2990 ms
2021-08-18_12-50-41 [restartedMain] INFO  com.zaxxer.hikari.HikariDataSource - HikariPool-9 - Starting...
2021-08-18_12-50-41 [restartedMain] INFO  com.zaxxer.hikari.HikariDataSource - HikariPool-9 - Start completed.
2021-08-18_12-50-41 [restartedMain] INFO  o.s.b.a.h.H2ConsoleAutoConfiguration - H2 console available at '/db'. Database available at 'jdbc:h2:mem:pasdb'
2021-08-18_12-50-41 [restartedMain] INFO  o.h.jpa.internal.util.LogHelper - HHH000204: Processing PersistenceUnitInfo [name: default]
2021-08-18_12-50-41 [restartedMain] INFO  org.hibernate.dialect.Dialect - HHH000400: Using dialect: org.hibernate.dialect.H2Dialect
2021-08-18_12-50-41 [restartedMain] INFO  o.h.e.t.j.p.i.JtaPlatformInitiator - HHH000490: Using JtaPlatform implementation: [org.hibernate.engine.transaction.jta.platform.internal.NoJtaPlatform]
2021-08-18_12-50-41 [restartedMain] INFO  o.s.o.j.LocalContainerEntityManagerFactoryBean - Initialized JPA EntityManagerFactory for persistence unit 'default'
2021-08-18_12-50-41 [restartedMain] INFO  o.s.b.d.a.OptionalLiveReloadServer - LiveReload server is running on port 35729
2021-08-18_12-50-41 [restartedMain] INFO  s.d.s.w.PropertySourcedRequestMappingHandlerMapping - Mapped URL path [/v2/api-docs] onto method [springfox.documentation.swagger2.web.Swagger2Controller#getDocumentation(String, HttpServletRequest)]
2021-08-18_12-50-41 [restartedMain] INFO  o.s.s.c.ThreadPoolTaskExecutor - Initializing ExecutorService 'applicationTaskExecutor'
2021-08-18_12-50-41 [restartedMain] INFO  o.a.coyote.http11.Http11NioProtocol - Starting ProtocolHandler ["http-nio-8200"]
2021-08-18_12-50-41 [restartedMain] INFO  o.s.b.w.e.tomcat.TomcatWebServer - Tomcat started on port(s): 8200 (http) with context path '/consumer-api'
2021-08-18_12-50-41 [restartedMain] INFO  s.d.s.w.p.DocumentationPluginsBootstrapper - Context refreshed
2021-08-18_12-50-41 [restartedMain] INFO  s.d.s.w.p.DocumentationPluginsBootstrapper - Found 1 custom documentation plugin(s)
2021-08-18_12-50-41 [restartedMain] INFO  s.d.s.w.s.ApiListingReferenceScanner - Scanning for api listing references
2021-08-18_12-50-41 [restartedMain] INFO  c.c.p.c.ConsumerMicroserviceApplication - Started ConsumerMicroserviceApplication in 10.165 seconds (JVM running for 3090.035)
2021-08-18_12-50-41 [restartedMain] INFO  o.s.b.d.a.ConditionEvaluationDeltaLoggingListener - Condition evaluation unchanged
2021-08-18_12-50-41 [http-nio-8200-exec-2] INFO  o.a.c.c.C.[.[.[/consumer-api] - Initializing Spring DispatcherServlet 'dispatcherServlet'
2021-08-18_12-50-41 [http-nio-8200-exec-2] INFO  o.s.web.servlet.DispatcherServlet - Initializing Servlet 'dispatcherServlet'
2021-08-18_12-50-41 [http-nio-8200-exec-2] INFO  o.s.web.servlet.DispatcherServlet - Completed initialization in 3285 ms
2021-08-18_12-50-41 [http-nio-8200-exec-3] INFO  c.c.p.c.c.ConsumerController - Start viewConsumerBusiness
2021-08-18_12-50-41 [http-nio-8200-exec-5] INFO  c.c.p.c.c.ConsumerController - Start viewConsumerBusiness
2021-08-18_12-50-41 [http-nio-8200-exec-7] INFO  c.c.p.c.c.ConsumerController - Start viewConsumerProperty
2021-08-18_12-50-41 [http-nio-8200-exec-8] INFO  c.c.p.c.c.ConsumerController - Start viewConsumerProperty
2021-08-18_12-50-41 [Thread-68] INFO  o.s.s.c.ThreadPoolTaskExecutor - Shutting down ExecutorService 'applicationTaskExecutor'
2021-08-18_12-50-41 [Thread-68] INFO  o.s.o.j.LocalContainerEntityManagerFactoryBean - Closing JPA EntityManagerFactory for persistence unit 'default'
2021-08-18_12-50-41 [Thread-68] INFO  o.h.t.s.i.SchemaDropperImpl$DelayedDropActionImpl - HHH000477: Starting delayed evictData of schema as part of SessionFactory shut-down'
2021-08-18_12-50-41 [Thread-68] INFO  com.zaxxer.hikari.HikariDataSource - HikariPool-9 - Shutdown initiated...
2021-08-18_12-50-41 [Thread-68] INFO  com.zaxxer.hikari.HikariDataSource - HikariPool-9 - Shutdown completed.
2021-08-18_13-42-26 [restartedMain] INFO  c.c.p.c.ConsumerMicroserviceApplication - Starting ConsumerMicroserviceApplication using Java 15.0.2 on DESKTOP-BH92MP6 with PID 10772 (D:\MFPE-val\PAS\Policy-consumer\Policy-consumer\Policy-consumer\target\classes started by rames in D:\MFPE-val\PAS\Policy-consumer\Policy-consumer\Policy-consumer)
2021-08-18_13-42-26 [restartedMain] INFO  c.c.p.c.ConsumerMicroserviceApplication - No active profile set, falling back to default profiles: default
2021-08-18_13-42-26 [restartedMain] INFO  o.s.d.r.c.RepositoryConfigurationDelegate - Bootstrapping Spring Data JPA repositories in DEFAULT mode.
2021-08-18_13-42-26 [restartedMain] INFO  o.s.d.r.c.RepositoryConfigurationDelegate - Finished Spring Data repository scanning in 422 ms. Found 5 JPA repository interfaces.
2021-08-18_13-42-26 [restartedMain] INFO  o.s.cloud.context.scope.GenericScope - BeanFactory id=d0f58078-3429-3b57-84fd-ac7a7a517221
2021-08-18_13-42-26 [restartedMain] INFO  o.s.c.s.PostProcessorRegistrationDelegate$BeanPostProcessorChecker - Bean 'com.cognizant.pas.consumer.feign.AuthorisingClient' of type [org.springframework.cloud.openfeign.FeignClientFactoryBean] is not eligible for getting processed by all BeanPostProcessors (for example: not eligible for auto-proxying)
2021-08-18_13-48-56 [restartedMain] INFO  c.c.p.c.ConsumerMicroserviceApplication - Starting ConsumerMicroserviceApplication using Java 15.0.2 on DESKTOP-BH92MP6 with PID 11144 (D:\MFPE-val\PAS\Policy-consumer\Policy-consumer\Policy-consumer\target\classes started by rames in D:\MFPE-val\PAS\Policy-consumer\Policy-consumer\Policy-consumer)
2021-08-18_13-48-56 [restartedMain] INFO  c.c.p.c.ConsumerMicroserviceApplication - No active profile set, falling back to default profiles: default
2021-08-18_13-48-56 [background-preinit] INFO  o.h.validator.internal.util.Version - HV000001: Hibernate Validator 6.1.7.Final
2021-08-18_13-48-56 [restartedMain] INFO  o.s.b.d.e.DevToolsPropertyDefaultsPostProcessor - Devtools property defaults active! Set 'spring.devtools.add-properties' to 'false' to disable
2021-08-18_13-48-56 [restartedMain] INFO  o.s.b.d.e.DevToolsPropertyDefaultsPostProcessor - For additional web related logging consider setting the 'logging.level.web' property to 'DEBUG'
2021-08-18_13-48-56 [restartedMain] INFO  o.s.d.r.c.RepositoryConfigurationDelegate - Bootstrapping Spring Data JPA repositories in DEFAULT mode.
2021-08-18_13-48-56 [restartedMain] INFO  o.s.d.r.c.RepositoryConfigurationDelegate - Finished Spring Data repository scanning in 447 ms. Found 5 JPA repository interfaces.
2021-08-18_13-48-56 [restartedMain] INFO  o.s.cloud.context.scope.GenericScope - BeanFactory id=d0f58078-3429-3b57-84fd-ac7a7a517221
2021-08-18_13-48-56 [restartedMain] INFO  o.s.c.s.PostProcessorRegistrationDelegate$BeanPostProcessorChecker - Bean 'com.cognizant.pas.consumer.feign.AuthorisingClient' of type [org.springframework.cloud.openfeign.FeignClientFactoryBean] is not eligible for getting processed by all BeanPostProcessors (for example: not eligible for auto-proxying)
2021-08-18_13-48-56 [restartedMain] INFO  o.s.b.w.e.tomcat.TomcatWebServer - Tomcat initialized with port(s): 8200 (http)
2021-08-18_13-48-56 [restartedMain] INFO  o.a.coyote.http11.Http11NioProtocol - Initializing ProtocolHandler ["http-nio-8200"]
2021-08-18_13-48-56 [restartedMain] INFO  o.a.catalina.core.StandardService - Starting service [Tomcat]
2021-08-18_13-48-56 [restartedMain] INFO  o.a.catalina.core.StandardEngine - Starting Servlet engine: [Apache Tomcat/9.0.41]
2021-08-18_13-48-56 [restartedMain] INFO  o.a.c.c.C.[.[.[/consumer-api] - Initializing Spring embedded WebApplicationContext
2021-08-18_13-48-56 [restartedMain] INFO  o.s.b.w.s.c.ServletWebServerApplicationContext - Root WebApplicationContext: initialization completed in 18491 ms
2021-08-18_13-48-56 [restartedMain] INFO  com.zaxxer.hikari.HikariDataSource - HikariPool-1 - Starting...
2021-08-18_13-48-56 [restartedMain] INFO  com.zaxxer.hikari.HikariDataSource - HikariPool-1 - Start completed.
2021-08-18_13-48-56 [restartedMain] INFO  o.s.b.a.h.H2ConsoleAutoConfiguration - H2 console available at '/db'. Database available at 'jdbc:h2:mem:pasdb'
2021-08-18_13-48-56 [restartedMain] INFO  o.h.jpa.internal.util.LogHelper - HHH000204: Processing PersistenceUnitInfo [name: default]
2021-08-18_13-48-56 [restartedMain] INFO  org.hibernate.Version - HHH000412: Hibernate ORM core version 5.4.27.Final
2021-08-18_13-48-56 [restartedMain] INFO  o.h.annotations.common.Version - HCANN000001: Hibernate Commons Annotations {5.1.2.Final}
2021-08-18_13-48-56 [restartedMain] INFO  org.hibernate.dialect.Dialect - HHH000400: Using dialect: org.hibernate.dialect.H2Dialect
2021-08-18_13-48-56 [restartedMain] INFO  o.h.e.t.j.p.i.JtaPlatformInitiator - HHH000490: Using JtaPlatform implementation: [org.hibernate.engine.transaction.jta.platform.internal.NoJtaPlatform]
2021-08-18_13-48-56 [restartedMain] INFO  o.s.o.j.LocalContainerEntityManagerFactoryBean - Initialized JPA EntityManagerFactory for persistence unit 'default'
2021-08-18_13-48-56 [restartedMain] INFO  o.s.b.d.a.OptionalLiveReloadServer - LiveReload server is running on port 35729
2021-08-18_13-48-56 [restartedMain] INFO  s.d.s.w.PropertySourcedRequestMappingHandlerMapping - Mapped URL path [/v2/api-docs] onto method [springfox.documentation.swagger2.web.Swagger2Controller#getDocumentation(String, HttpServletRequest)]
2021-08-18_13-48-56 [restartedMain] INFO  o.s.s.c.ThreadPoolTaskExecutor - Initializing ExecutorService 'applicationTaskExecutor'
2021-08-18_13-48-56 [restartedMain] INFO  o.a.coyote.http11.Http11NioProtocol - Starting ProtocolHandler ["http-nio-8200"]
2021-08-18_13-48-56 [restartedMain] INFO  o.s.b.w.e.tomcat.TomcatWebServer - Tomcat started on port(s): 8200 (http) with context path '/consumer-api'
2021-08-18_13-48-56 [restartedMain] INFO  s.d.s.w.p.DocumentationPluginsBootstrapper - Context refreshed
2021-08-18_13-48-56 [restartedMain] INFO  s.d.s.w.p.DocumentationPluginsBootstrapper - Found 1 custom documentation plugin(s)
2021-08-18_13-48-56 [restartedMain] INFO  s.d.s.w.s.ApiListingReferenceScanner - Scanning for api listing references
2021-08-18_13-48-56 [restartedMain] INFO  c.c.p.c.ConsumerMicroserviceApplication - Started ConsumerMicroserviceApplication in 65.435 seconds (JVM running for 75.102)
2021-08-18_13-48-56 [http-nio-8200-exec-1] INFO  o.a.c.c.C.[.[.[/consumer-api] - Initializing Spring DispatcherServlet 'dispatcherServlet'
2021-08-18_13-48-56 [http-nio-8200-exec-1] INFO  o.s.web.servlet.DispatcherServlet - Initializing Servlet 'dispatcherServlet'
2021-08-18_13-48-56 [http-nio-8200-exec-1] INFO  o.s.web.servlet.DispatcherServlet - Completed initialization in 12 ms
2021-08-18_13-48-56 [http-nio-8200-exec-1] INFO  c.c.p.c.c.ConsumerController - Start viewConsumerProperty
2021-08-18_13-48-56 [http-nio-8200-exec-2] INFO  c.c.p.c.c.ConsumerController - Start viewConsumerBusiness
2021-08-18_13-48-56 [Thread-7] INFO  o.s.s.c.ThreadPoolTaskExecutor - Shutting down ExecutorService 'applicationTaskExecutor'
2021-08-18_13-48-56 [Thread-7] INFO  o.s.o.j.LocalContainerEntityManagerFactoryBean - Closing JPA EntityManagerFactory for persistence unit 'default'
2021-08-18_13-48-56 [Thread-7] INFO  o.h.t.s.i.SchemaDropperImpl$DelayedDropActionImpl - HHH000477: Starting delayed evictData of schema as part of SessionFactory shut-down'
2021-08-18_13-48-56 [Thread-7] INFO  com.zaxxer.hikari.HikariDataSource - HikariPool-1 - Shutdown initiated...
2021-08-18_13-48-56 [Thread-7] INFO  com.zaxxer.hikari.HikariDataSource - HikariPool-1 - Shutdown completed.
2021-08-18_14-47-44 [restartedMain] INFO  c.c.p.c.ConsumerMicroserviceApplication - Starting ConsumerMicroserviceApplication using Java 15.0.2 on DESKTOP-BH92MP6 with PID 11144 (D:\MFPE-val\PAS\Policy-consumer\Policy-consumer\Policy-consumer\target\classes started by rames in D:\MFPE-val\PAS\Policy-consumer\Policy-consumer\Policy-consumer)
2021-08-18_14-47-44 [restartedMain] INFO  c.c.p.c.ConsumerMicroserviceApplication - No active profile set, falling back to default profiles: default
2021-08-18_14-47-44 [restartedMain] INFO  o.s.d.r.c.RepositoryConfigurationDelegate - Bootstrapping Spring Data JPA repositories in DEFAULT mode.
2021-08-18_14-47-44 [restartedMain] INFO  o.s.d.r.c.RepositoryConfigurationDelegate - Finished Spring Data repository scanning in 66 ms. Found 5 JPA repository interfaces.
2021-08-18_14-47-44 [restartedMain] INFO  o.s.cloud.context.scope.GenericScope - BeanFactory id=d0f58078-3429-3b57-84fd-ac7a7a517221
2021-08-18_14-47-44 [restartedMain] INFO  o.s.c.s.PostProcessorRegistrationDelegate$BeanPostProcessorChecker - Bean 'com.cognizant.pas.consumer.feign.AuthorisingClient' of type [org.springframework.cloud.openfeign.FeignClientFactoryBean] is not eligible for getting processed by all BeanPostProcessors (for example: not eligible for auto-proxying)
2021-08-18_14-47-44 [restartedMain] INFO  o.s.b.w.e.tomcat.TomcatWebServer - Tomcat initialized with port(s): 8200 (http)
2021-08-18_14-47-44 [restartedMain] INFO  o.a.coyote.http11.Http11NioProtocol - Initializing ProtocolHandler ["http-nio-8200"]
2021-08-18_14-47-44 [restartedMain] INFO  o.a.catalina.core.StandardService - Starting service [Tomcat]
2021-08-18_14-47-44 [restartedMain] INFO  o.a.catalina.core.StandardEngine - Starting Servlet engine: [Apache Tomcat/9.0.41]
2021-08-18_14-47-44 [restartedMain] INFO  o.a.c.c.C.[.[.[/consumer-api] - Initializing Spring embedded WebApplicationContext
2021-08-18_14-47-44 [restartedMain] INFO  o.s.b.w.s.c.ServletWebServerApplicationContext - Root WebApplicationContext: initialization completed in 4002 ms
2021-08-18_14-47-44 [restartedMain] INFO  com.zaxxer.hikari.HikariDataSource - HikariPool-2 - Starting...
2021-08-18_14-47-44 [restartedMain] INFO  com.zaxxer.hikari.HikariDataSource - HikariPool-2 - Start completed.
2021-08-18_14-47-44 [restartedMain] INFO  o.s.b.a.h.H2ConsoleAutoConfiguration - H2 console available at '/db'. Database available at 'jdbc:h2:mem:pasdb'
2021-08-18_14-47-44 [restartedMain] INFO  o.h.jpa.internal.util.LogHelper - HHH000204: Processing PersistenceUnitInfo [name: default]
2021-08-18_14-47-44 [restartedMain] INFO  org.hibernate.dialect.Dialect - HHH000400: Using dialect: org.hibernate.dialect.H2Dialect
2021-08-18_14-47-44 [restartedMain] INFO  o.h.e.t.j.p.i.JtaPlatformInitiator - HHH000490: Using JtaPlatform implementation: [org.hibernate.engine.transaction.jta.platform.internal.NoJtaPlatform]
2021-08-18_14-47-44 [restartedMain] INFO  o.s.o.j.LocalContainerEntityManagerFactoryBean - Initialized JPA EntityManagerFactory for persistence unit 'default'
2021-08-18_14-47-44 [restartedMain] INFO  o.s.b.d.a.OptionalLiveReloadServer - LiveReload server is running on port 35729
2021-08-18_14-47-44 [restartedMain] INFO  s.d.s.w.PropertySourcedRequestMappingHandlerMapping - Mapped URL path [/v2/api-docs] onto method [springfox.documentation.swagger2.web.Swagger2Controller#getDocumentation(String, HttpServletRequest)]
2021-08-18_14-47-44 [restartedMain] INFO  o.s.s.c.ThreadPoolTaskExecutor - Initializing ExecutorService 'applicationTaskExecutor'
2021-08-18_14-47-44 [restartedMain] INFO  o.a.coyote.http11.Http11NioProtocol - Starting ProtocolHandler ["http-nio-8200"]
2021-08-18_14-47-44 [restartedMain] INFO  o.s.b.w.e.tomcat.TomcatWebServer - Tomcat started on port(s): 8200 (http) with context path '/consumer-api'
2021-08-18_14-47-44 [restartedMain] INFO  s.d.s.w.p.DocumentationPluginsBootstrapper - Context refreshed
2021-08-18_14-47-44 [restartedMain] INFO  s.d.s.w.p.DocumentationPluginsBootstrapper - Found 1 custom documentation plugin(s)
2021-08-18_14-47-44 [restartedMain] INFO  s.d.s.w.s.ApiListingReferenceScanner - Scanning for api listing references
2021-08-18_14-47-44 [restartedMain] INFO  c.c.p.c.ConsumerMicroserviceApplication - Started ConsumerMicroserviceApplication in 12.876 seconds (JVM running for 3553.457)
2021-08-18_14-47-44 [restartedMain] INFO  o.s.b.d.a.ConditionEvaluationDeltaLoggingListener - Condition evaluation unchanged
2021-08-18_14-47-44 [http-nio-8200-exec-1] INFO  o.a.c.c.C.[.[.[/consumer-api] - Initializing Spring DispatcherServlet 'dispatcherServlet'
2021-08-18_14-47-44 [http-nio-8200-exec-1] INFO  o.s.web.servlet.DispatcherServlet - Initializing Servlet 'dispatcherServlet'
2021-08-18_14-47-44 [http-nio-8200-exec-1] INFO  o.s.web.servlet.DispatcherServlet - Completed initialization in 19 ms
2021-08-18_14-47-44 [http-nio-8200-exec-1] INFO  c.c.p.c.c.ConsumerController - Start createConsumerBusiness
2021-08-18_14-47-44 [http-nio-8200-exec-1] INFO  c.c.p.c.service.ConsumerServiceImpl - Start checkBusinessEligibility
2021-08-18_14-47-44 [http-nio-8200-exec-1] INFO  c.c.p.c.service.ConsumerServiceImpl - End checkBusinessEligibility
2021-08-18_14-47-44 [http-nio-8200-exec-1] INFO  c.c.p.c.service.ConsumerServiceImpl - Start createConsumerBusiness Service
2021-08-18_14-47-44 [http-nio-8200-exec-1] INFO  c.c.p.c.service.ConsumerServiceImpl - Start CalculateBusinessValue
2021-08-18_14-47-44 [http-nio-8200-exec-1] INFO  c.c.p.c.service.ConsumerServiceImpl - End CalBusinessValue
2021-08-18_14-47-44 [http-nio-8200-exec-1] INFO  c.c.p.c.service.ConsumerServiceImpl - End createConsumerBusinessService
2021-08-18_14-47-44 [http-nio-8200-exec-1] INFO  c.c.p.c.c.ConsumerController - End createConsumerBusiness
2021-08-18_14-47-44 [http-nio-8200-exec-2] INFO  c.c.p.c.c.ConsumerController - Start viewConsumerBusiness
2021-08-18_14-47-44 [http-nio-8200-exec-2] INFO  c.c.p.c.service.ConsumerServiceImpl - Start viewConsumerBusinessService
2021-08-18_14-47-44 [http-nio-8200-exec-2] INFO  c.c.p.c.service.ConsumerServiceImpl - End viewConsumerBusinessService
2021-08-18_14-47-44 [http-nio-8200-exec-2] INFO  c.c.p.c.c.ConsumerController - End viewConsumerBusiness
2021-08-18_14-47-44 [http-nio-8200-exec-9] INFO  c.c.p.c.c.ConsumerController - Start createBusinessProperty
2021-08-18_14-47-44 [http-nio-8200-exec-9] INFO  c.c.p.c.service.ConsumerServiceImpl - Start checkPropertyEligibility
2021-08-18_14-47-44 [http-nio-8200-exec-9] INFO  c.c.p.c.service.ConsumerServiceImpl - End checkPropertyEligibility
2021-08-18_14-47-44 [http-nio-8200-exec-9] INFO  c.c.p.c.service.ConsumerServiceImpl - Start createConsumerBusinessService
2021-08-18_14-47-44 [http-nio-8200-exec-9] INFO  c.c.p.c.service.ConsumerServiceImpl - Start calculatePropertyValue
2021-08-18_14-47-44 [http-nio-8200-exec-9] INFO  c.c.p.c.service.ConsumerServiceImpl - End createConsumerBusinessService
2021-08-18_14-47-44 [http-nio-8200-exec-9] INFO  c.c.p.c.c.ConsumerController - End createBusinessProperty
2021-08-18_14-47-44 [http-nio-8200-exec-6] INFO  c.c.p.c.c.ConsumerController - Start viewConsumerProperty
2021-08-18_14-47-44 [http-nio-8200-exec-6] INFO  c.c.p.c.service.ConsumerServiceImpl - Start viewConsumerPropertyService
2021-08-18_14-47-44 [http-nio-8200-exec-6] INFO  c.c.p.c.service.ConsumerServiceImpl - End viewConsumerPropertyService
2021-08-18_14-47-44 [http-nio-8200-exec-6] INFO  c.c.p.c.c.ConsumerController - End viewConsumerProperty
2021-08-18_14-47-44 [http-nio-8200-exec-5] INFO  c.c.p.c.c.ConsumerController - Start viewConsumerBusinessByPolicy
2021-08-18_14-47-44 [http-nio-8200-exec-5] INFO  c.c.p.c.service.ConsumerServiceImpl - Start viewConsumerBusinessService
2021-08-18_14-47-44 [http-nio-8200-exec-5] INFO  c.c.p.c.service.ConsumerServiceImpl - End viewConsumerBusinessService
2021-08-18_14-47-44 [http-nio-8200-exec-5] INFO  c.c.p.c.c.ConsumerController - End viewConsumerBusinessByPolicy
2021-08-18_14-47-44 [http-nio-8200-exec-3] INFO  c.c.p.c.c.ConsumerController - Start viewConsumerBusiness
2021-08-18_14-47-44 [http-nio-8200-exec-3] INFO  c.c.p.c.service.ConsumerServiceImpl - Start viewConsumerBusinessService
2021-08-18_14-47-44 [http-nio-8200-exec-3] INFO  c.c.p.c.service.ConsumerServiceImpl - End viewConsumerBusinessService
2021-08-18_14-47-44 [http-nio-8200-exec-3] INFO  c.c.p.c.c.ConsumerController - End viewConsumerBusiness
2021-08-18_14-47-44 [http-nio-8200-exec-7] INFO  c.c.p.c.c.ConsumerController - Start viewConsumerBusinessByPolicy
2021-08-18_14-47-44 [http-nio-8200-exec-7] INFO  c.c.p.c.service.ConsumerServiceImpl - Start viewConsumerBusinessService
2021-08-18_14-47-44 [http-nio-8200-exec-7] INFO  c.c.p.c.service.ConsumerServiceImpl - End viewConsumerBusinessService
2021-08-18_14-47-44 [http-nio-8200-exec-7] INFO  c.c.p.c.c.ConsumerController - End viewConsumerBusinessByPolicy
