2021-08-09_23-10-44 [http-nio-8200-exec-4] INFO  c.c.p.c.c.ConsumerController - Start viewConsumerBusinessByPolicy
2021-08-09_23-10-44 [http-nio-8200-exec-4] INFO  c.c.p.c.service.ConsumerServiceImpl - Start viewConsumerBusinessService
2021-08-09_23-10-44 [http-nio-8200-exec-4] INFO  c.c.p.c.service.ConsumerServiceImpl - End viewConsumerBusinessService
2021-08-09_23-10-44 [http-nio-8200-exec-4] INFO  c.c.p.c.c.ConsumerController - End viewConsumerBusinessByPolicy
2021-08-09_23-10-44 [RMI TCP Connection(102)-127.0.0.1] INFO  o.s.b.a.SpringApplicationAdminMXBeanRegistrar$SpringApplicationAdmin - Application shutdown requested.
2021-08-09_23-10-44 [RMI TCP Connection(102)-127.0.0.1] INFO  o.s.s.c.ThreadPoolTaskExecutor - Shutting down ExecutorService 'applicationTaskExecutor'
2021-08-09_23-10-44 [RMI TCP Connection(102)-127.0.0.1] INFO  o.s.o.j.LocalContainerEntityManagerFactoryBean - Closing JPA EntityManagerFactory for persistence unit 'default'
2021-08-09_23-10-44 [RMI TCP Connection(102)-127.0.0.1] INFO  o.h.t.s.i.SchemaDropperImpl$DelayedDropActionImpl - HHH000477: Starting delayed evictData of schema as part of SessionFactory shut-down'
2021-08-09_23-10-44 [RMI TCP Connection(102)-127.0.0.1] INFO  com.zaxxer.hikari.HikariDataSource - HikariPool-1 - Shutdown initiated...
2021-08-09_23-10-44 [RMI TCP Connection(102)-127.0.0.1] INFO  com.zaxxer.hikari.HikariDataSource - HikariPool-1 - Shutdown completed.
2021-08-10_13-58-08 [restartedMain] INFO  c.c.p.c.ConsumerMicroserviceApplication - Starting ConsumerMicroserviceApplication using Java 16.0.1 on SUGU with PID 80440 (E:\CTS-INTERN\software\ECLIPSE\sat-proj\Policy-consumer\Policy-consumer\target\classes started by Suganth in E:\CTS-INTERN\software\ECLIPSE\sat-proj\Policy-consumer\Policy-consumer)
2021-08-10_13-58-08 [background-preinit] INFO  o.h.validator.internal.util.Version - HV000001: Hibernate Validator 6.1.7.Final
2021-08-10_13-58-08 [restartedMain] INFO  c.c.p.c.ConsumerMicroserviceApplication - No active profile set, falling back to default profiles: default
2021-08-10_13-58-08 [restartedMain] INFO  o.s.b.d.e.DevToolsPropertyDefaultsPostProcessor - Devtools property defaults active! Set 'spring.devtools.add-properties' to 'false' to disable
2021-08-10_13-58-08 [restartedMain] INFO  o.s.b.d.e.DevToolsPropertyDefaultsPostProcessor - For additional web related logging consider setting the 'logging.level.web' property to 'DEBUG'
2021-08-10_13-58-08 [restartedMain] INFO  o.s.d.r.c.RepositoryConfigurationDelegate - Bootstrapping Spring Data JPA repositories in DEFAULT mode.
2021-08-10_13-58-08 [restartedMain] INFO  o.s.d.r.c.RepositoryConfigurationDelegate - Finished Spring Data repository scanning in 163 ms. Found 5 JPA repository interfaces.
2021-08-10_13-58-08 [restartedMain] INFO  o.s.cloud.context.scope.GenericScope - BeanFactory id=d0f58078-3429-3b57-84fd-ac7a7a517221
2021-08-10_13-58-08 [restartedMain] INFO  o.s.c.s.PostProcessorRegistrationDelegate$BeanPostProcessorChecker - Bean 'com.cognizant.pas.consumer.feign.AuthorisingClient' of type [org.springframework.cloud.openfeign.FeignClientFactoryBean] is not eligible for getting processed by all BeanPostProcessors (for example: not eligible for auto-proxying)
2021-08-10_13-58-08 [restartedMain] INFO  o.s.b.w.e.tomcat.TomcatWebServer - Tomcat initialized with port(s): 8200 (http)
2021-08-10_13-58-08 [restartedMain] INFO  o.a.coyote.http11.Http11NioProtocol - Initializing ProtocolHandler ["http-nio-8200"]
2021-08-10_13-58-08 [restartedMain] INFO  o.a.catalina.core.StandardService - Starting service [Tomcat]
2021-08-10_13-58-08 [restartedMain] INFO  o.a.catalina.core.StandardEngine - Starting Servlet engine: [Apache Tomcat/9.0.41]
2021-08-10_13-58-08 [restartedMain] INFO  o.a.c.c.C.[.[.[/consumer-api] - Initializing Spring embedded WebApplicationContext
2021-08-10_13-58-08 [restartedMain] INFO  o.s.b.w.s.c.ServletWebServerApplicationContext - Root WebApplicationContext: initialization completed in 7535 ms
2021-08-10_13-58-08 [restartedMain] INFO  com.zaxxer.hikari.HikariDataSource - HikariPool-1 - Starting...
2021-08-10_13-58-08 [restartedMain] INFO  com.zaxxer.hikari.HikariDataSource - HikariPool-1 - Start completed.
2021-08-10_13-58-08 [restartedMain] INFO  o.s.b.a.h.H2ConsoleAutoConfiguration - H2 console available at '/db'. Database available at 'jdbc:h2:mem:pasdb'
2021-08-10_13-58-08 [restartedMain] INFO  o.h.jpa.internal.util.LogHelper - HHH000204: Processing PersistenceUnitInfo [name: default]
2021-08-10_13-58-08 [restartedMain] INFO  org.hibernate.Version - HHH000412: Hibernate ORM core version 5.4.27.Final
2021-08-10_13-58-08 [restartedMain] INFO  o.h.annotations.common.Version - HCANN000001: Hibernate Commons Annotations {5.1.2.Final}
2021-08-10_13-58-08 [restartedMain] INFO  org.hibernate.dialect.Dialect - HHH000400: Using dialect: org.hibernate.dialect.H2Dialect
2021-08-10_13-58-08 [restartedMain] INFO  o.h.e.t.j.p.i.JtaPlatformInitiator - HHH000490: Using JtaPlatform implementation: [org.hibernate.engine.transaction.jta.platform.internal.NoJtaPlatform]
2021-08-10_13-58-08 [restartedMain] INFO  o.s.o.j.LocalContainerEntityManagerFactoryBean - Initialized JPA EntityManagerFactory for persistence unit 'default'
2021-08-10_13-58-08 [restartedMain] INFO  s.d.s.w.PropertySourcedRequestMappingHandlerMapping - Mapped URL path [/v2/api-docs] onto method [springfox.documentation.swagger2.web.Swagger2Controller#getDocumentation(String, HttpServletRequest)]
2021-08-10_13-58-08 [restartedMain] INFO  o.s.s.c.ThreadPoolTaskExecutor - Initializing ExecutorService 'applicationTaskExecutor'
2021-08-10_13-58-08 [restartedMain] INFO  o.a.coyote.http11.Http11NioProtocol - Starting ProtocolHandler ["http-nio-8200"]
2021-08-10_13-58-08 [restartedMain] INFO  o.s.b.w.e.tomcat.TomcatWebServer - Tomcat started on port(s): 8200 (http) with context path '/consumer-api'
2021-08-10_13-58-08 [restartedMain] INFO  s.d.s.w.p.DocumentationPluginsBootstrapper - Context refreshed
2021-08-10_13-58-08 [restartedMain] INFO  s.d.s.w.p.DocumentationPluginsBootstrapper - Found 1 custom documentation plugin(s)
2021-08-10_13-58-08 [restartedMain] INFO  s.d.s.w.s.ApiListingReferenceScanner - Scanning for api listing references
2021-08-10_13-58-08 [restartedMain] INFO  c.c.p.c.ConsumerMicroserviceApplication - Started ConsumerMicroserviceApplication in 21.228 seconds (JVM running for 24.324)
2021-08-10_13-58-08 [http-nio-8200-exec-2] INFO  o.a.c.c.C.[.[.[/consumer-api] - Initializing Spring DispatcherServlet 'dispatcherServlet'
2021-08-10_13-58-08 [http-nio-8200-exec-2] INFO  o.s.web.servlet.DispatcherServlet - Initializing Servlet 'dispatcherServlet'
2021-08-10_13-58-08 [http-nio-8200-exec-2] INFO  o.s.web.servlet.DispatcherServlet - Completed initialization in 6 ms
2021-08-10_13-58-08 [http-nio-8200-exec-2] INFO  c.c.p.c.c.ConsumerController - Start createConsumerBusiness
2021-08-10_13-58-08 [http-nio-8200-exec-2] INFO  c.c.p.c.service.ConsumerServiceImpl - Start checkBusinessEligibility
2021-08-10_13-58-08 [http-nio-8200-exec-2] INFO  c.c.p.c.service.ConsumerServiceImpl - End checkBusinessEligibility
2021-08-10_13-58-08 [http-nio-8200-exec-2] INFO  c.c.p.c.service.ConsumerServiceImpl - Start createConsumerBusiness Service
2021-08-10_13-58-08 [http-nio-8200-exec-2] INFO  c.c.p.c.service.ConsumerServiceImpl - Start CalBusinessValue
2021-08-10_13-58-08 [http-nio-8200-exec-2] INFO  c.c.p.c.service.ConsumerServiceImpl - End CalBusinessValue
2021-08-10_13-58-08 [http-nio-8200-exec-2] INFO  c.c.p.c.service.ConsumerServiceImpl - End createConsumerBusinessService
2021-08-10_13-58-08 [http-nio-8200-exec-2] INFO  c.c.p.c.c.ConsumerController - End createConsumerBusiness
2021-08-10_13-58-08 [http-nio-8200-exec-3] INFO  c.c.p.c.c.ConsumerController - Start createBusinessProperty
2021-08-10_13-58-08 [http-nio-8200-exec-3] INFO  c.c.p.c.service.ConsumerServiceImpl - Start checkPropertyEligibility
2021-08-10_13-58-08 [http-nio-8200-exec-3] INFO  c.c.p.c.service.ConsumerServiceImpl - End checkPropertyEligibility
2021-08-10_13-58-08 [http-nio-8200-exec-3] INFO  c.c.p.c.service.ConsumerServiceImpl - Start createConsumerBusinessService
2021-08-10_13-58-08 [http-nio-8200-exec-3] INFO  c.c.p.c.service.ConsumerServiceImpl - Start calPropertyValue
2021-08-10_13-58-08 [http-nio-8200-exec-3] INFO  c.c.p.c.service.ConsumerServiceImpl - End createConsumerBusinessService
2021-08-10_13-58-08 [http-nio-8200-exec-3] INFO  c.c.p.c.c.ConsumerController - End createBusinessProperty
2021-08-10_13-58-08 [http-nio-8200-exec-4] INFO  c.c.p.c.c.ConsumerController - Start viewConsumerBusinessByPolicy
2021-08-10_13-58-08 [http-nio-8200-exec-4] INFO  c.c.p.c.service.ConsumerServiceImpl - Start viewConsumerBusinessService
2021-08-10_13-58-08 [http-nio-8200-exec-4] INFO  c.c.p.c.service.ConsumerServiceImpl - End viewConsumerBusinessService
2021-08-10_13-58-08 [http-nio-8200-exec-4] INFO  c.c.p.c.c.ConsumerController - End viewConsumerBusinessByPolicy
2021-08-10_13-58-08 [RMI TCP Connection(116)-127.0.0.1] INFO  o.s.b.a.SpringApplicationAdminMXBeanRegistrar$SpringApplicationAdmin - Application shutdown requested.
2021-08-10_13-58-08 [RMI TCP Connection(117)-127.0.0.1] INFO  o.s.b.a.SpringApplicationAdminMXBeanRegistrar$SpringApplicationAdmin - Application shutdown requested.
2021-08-10_13-58-08 [RMI TCP Connection(122)-127.0.0.1] INFO  o.s.b.a.SpringApplicationAdminMXBeanRegistrar$SpringApplicationAdmin - Application shutdown requested.
2021-08-10_13-58-08 [RMI TCP Connection(123)-127.0.0.1] INFO  o.s.b.a.SpringApplicationAdminMXBeanRegistrar$SpringApplicationAdmin - Application shutdown requested.
2021-08-10_13-58-08 [RMI TCP Connection(124)-127.0.0.1] INFO  o.s.b.a.SpringApplicationAdminMXBeanRegistrar$SpringApplicationAdmin - Application shutdown requested.
2021-08-10_13-58-08 [RMI TCP Connection(116)-127.0.0.1] INFO  o.s.s.c.ThreadPoolTaskExecutor - Shutting down ExecutorService 'applicationTaskExecutor'
2021-08-10_13-58-08 [RMI TCP Connection(116)-127.0.0.1] INFO  o.s.o.j.LocalContainerEntityManagerFactoryBean - Closing JPA EntityManagerFactory for persistence unit 'default'
2021-08-10_13-58-08 [RMI TCP Connection(116)-127.0.0.1] INFO  o.h.t.s.i.SchemaDropperImpl$DelayedDropActionImpl - HHH000477: Starting delayed evictData of schema as part of SessionFactory shut-down'
2021-08-10_13-58-08 [RMI TCP Connection(116)-127.0.0.1] INFO  com.zaxxer.hikari.HikariDataSource - HikariPool-1 - Shutdown initiated...
2021-08-10_13-58-08 [RMI TCP Connection(116)-127.0.0.1] INFO  com.zaxxer.hikari.HikariDataSource - HikariPool-1 - Shutdown completed.
2021-08-10_17-35-22 [background-preinit] INFO  o.h.validator.internal.util.Version - HV000001: Hibernate Validator 6.1.7.Final
2021-08-10_17-35-22 [restartedMain] INFO  c.c.p.c.ConsumerMicroserviceApplication - Starting ConsumerMicroserviceApplication using Java 16.0.1 on SUGU with PID 69356 (E:\CTS-INTERN\software\ECLIPSE\sat-proj\Policy-consumer\Policy-consumer\target\classes started by Suganth in E:\CTS-INTERN\software\ECLIPSE\sat-proj\Policy-consumer\Policy-consumer)
2021-08-10_17-35-22 [restartedMain] INFO  c.c.p.c.ConsumerMicroserviceApplication - No active profile set, falling back to default profiles: default
2021-08-10_17-35-22 [restartedMain] INFO  o.s.b.d.e.DevToolsPropertyDefaultsPostProcessor - Devtools property defaults active! Set 'spring.devtools.add-properties' to 'false' to disable
2021-08-10_17-35-22 [restartedMain] INFO  o.s.b.d.e.DevToolsPropertyDefaultsPostProcessor - For additional web related logging consider setting the 'logging.level.web' property to 'DEBUG'
2021-08-10_17-35-22 [restartedMain] INFO  o.s.d.r.c.RepositoryConfigurationDelegate - Bootstrapping Spring Data JPA repositories in DEFAULT mode.
2021-08-10_17-35-22 [restartedMain] INFO  o.s.d.r.c.RepositoryConfigurationDelegate - Finished Spring Data repository scanning in 135 ms. Found 5 JPA repository interfaces.
2021-08-10_17-35-22 [restartedMain] INFO  o.s.cloud.context.scope.GenericScope - BeanFactory id=d0f58078-3429-3b57-84fd-ac7a7a517221
2021-08-10_17-35-22 [restartedMain] INFO  o.s.c.s.PostProcessorRegistrationDelegate$BeanPostProcessorChecker - Bean 'com.cognizant.pas.consumer.feign.AuthorisingClient' of type [org.springframework.cloud.openfeign.FeignClientFactoryBean] is not eligible for getting processed by all BeanPostProcessors (for example: not eligible for auto-proxying)
2021-08-10_17-35-22 [restartedMain] INFO  o.s.b.w.e.tomcat.TomcatWebServer - Tomcat initialized with port(s): 8200 (http)
2021-08-10_17-35-22 [restartedMain] INFO  o.a.coyote.http11.Http11NioProtocol - Initializing ProtocolHandler ["http-nio-8200"]
2021-08-10_17-35-22 [restartedMain] INFO  o.a.catalina.core.StandardService - Starting service [Tomcat]
2021-08-10_17-35-22 [restartedMain] INFO  o.a.catalina.core.StandardEngine - Starting Servlet engine: [Apache Tomcat/9.0.41]
2021-08-10_17-35-22 [restartedMain] INFO  o.a.c.c.C.[.[.[/consumer-api] - Initializing Spring embedded WebApplicationContext
2021-08-10_17-35-22 [restartedMain] INFO  o.s.b.w.s.c.ServletWebServerApplicationContext - Root WebApplicationContext: initialization completed in 4837 ms
2021-08-10_17-35-22 [restartedMain] INFO  com.zaxxer.hikari.HikariDataSource - HikariPool-1 - Starting...
2021-08-10_17-35-22 [restartedMain] INFO  com.zaxxer.hikari.HikariDataSource - HikariPool-1 - Start completed.
2021-08-10_17-35-22 [restartedMain] INFO  o.s.b.a.h.H2ConsoleAutoConfiguration - H2 console available at '/db'. Database available at 'jdbc:h2:mem:pasdb'
2021-08-10_17-35-22 [restartedMain] INFO  o.h.jpa.internal.util.LogHelper - HHH000204: Processing PersistenceUnitInfo [name: default]
2021-08-10_17-35-22 [restartedMain] INFO  org.hibernate.Version - HHH000412: Hibernate ORM core version 5.4.27.Final
2021-08-10_17-35-22 [restartedMain] INFO  o.h.annotations.common.Version - HCANN000001: Hibernate Commons Annotations {5.1.2.Final}
2021-08-10_17-35-22 [restartedMain] INFO  org.hibernate.dialect.Dialect - HHH000400: Using dialect: org.hibernate.dialect.H2Dialect
2021-08-10_17-35-22 [restartedMain] INFO  o.h.e.t.j.p.i.JtaPlatformInitiator - HHH000490: Using JtaPlatform implementation: [org.hibernate.engine.transaction.jta.platform.internal.NoJtaPlatform]
2021-08-10_17-35-22 [restartedMain] INFO  o.s.o.j.LocalContainerEntityManagerFactoryBean - Initialized JPA EntityManagerFactory for persistence unit 'default'
2021-08-10_17-35-22 [restartedMain] INFO  s.d.s.w.PropertySourcedRequestMappingHandlerMapping - Mapped URL path [/v2/api-docs] onto method [springfox.documentation.swagger2.web.Swagger2Controller#getDocumentation(String, HttpServletRequest)]
2021-08-10_17-35-22 [restartedMain] INFO  o.s.s.c.ThreadPoolTaskExecutor - Initializing ExecutorService 'applicationTaskExecutor'
2021-08-10_17-35-22 [restartedMain] INFO  o.a.coyote.http11.Http11NioProtocol - Starting ProtocolHandler ["http-nio-8200"]
2021-08-10_17-35-22 [restartedMain] INFO  o.s.b.w.e.tomcat.TomcatWebServer - Tomcat started on port(s): 8200 (http) with context path '/consumer-api'
2021-08-10_17-35-22 [restartedMain] INFO  s.d.s.w.p.DocumentationPluginsBootstrapper - Context refreshed
2021-08-10_17-35-22 [restartedMain] INFO  s.d.s.w.p.DocumentationPluginsBootstrapper - Found 1 custom documentation plugin(s)
2021-08-10_17-35-22 [restartedMain] INFO  s.d.s.w.s.ApiListingReferenceScanner - Scanning for api listing references
2021-08-10_17-35-22 [restartedMain] INFO  c.c.p.c.ConsumerMicroserviceApplication - Started ConsumerMicroserviceApplication in 13.752 seconds (JVM running for 16.185)
2021-08-10_17-35-22 [http-nio-8200-exec-1] INFO  o.a.c.c.C.[.[.[/consumer-api] - Initializing Spring DispatcherServlet 'dispatcherServlet'
2021-08-10_17-35-22 [http-nio-8200-exec-1] INFO  o.s.web.servlet.DispatcherServlet - Initializing Servlet 'dispatcherServlet'
2021-08-10_17-35-22 [http-nio-8200-exec-1] INFO  o.s.web.servlet.DispatcherServlet - Completed initialization in 3 ms
2021-08-10_17-35-22 [http-nio-8200-exec-1] INFO  c.c.p.c.c.ConsumerController - Start viewConsumerBusinessByPolicy
2021-08-10_17-35-22 [http-nio-8200-exec-1] INFO  c.c.p.c.service.ConsumerServiceImpl - Start viewConsumerBusinessService
2021-08-10_17-35-22 [http-nio-8200-exec-4] INFO  c.c.p.c.c.ConsumerController - Start createConsumerBusiness
2021-08-10_17-35-22 [http-nio-8200-exec-4] INFO  c.c.p.c.service.ConsumerServiceImpl - Start checkBusinessEligibility
2021-08-10_17-35-22 [http-nio-8200-exec-4] INFO  c.c.p.c.service.ConsumerServiceImpl - End checkBusinessEligibility
2021-08-10_17-35-22 [http-nio-8200-exec-4] INFO  c.c.p.c.service.ConsumerServiceImpl - Start createConsumerBusiness Service
2021-08-10_17-35-22 [http-nio-8200-exec-4] INFO  c.c.p.c.service.ConsumerServiceImpl - Start CalBusinessValue
2021-08-10_17-35-22 [http-nio-8200-exec-4] INFO  c.c.p.c.service.ConsumerServiceImpl - End CalBusinessValue
2021-08-10_17-35-22 [http-nio-8200-exec-4] INFO  c.c.p.c.service.ConsumerServiceImpl - End createConsumerBusinessService
2021-08-10_17-35-22 [http-nio-8200-exec-4] INFO  c.c.p.c.c.ConsumerController - End createConsumerBusiness
2021-08-10_17-35-22 [http-nio-8200-exec-5] INFO  c.c.p.c.c.ConsumerController - Start createBusinessProperty
2021-08-10_17-35-22 [http-nio-8200-exec-5] INFO  c.c.p.c.service.ConsumerServiceImpl - Start checkPropertyEligibility
2021-08-10_17-35-22 [http-nio-8200-exec-5] INFO  c.c.p.c.service.ConsumerServiceImpl - End checkPropertyEligibility
2021-08-10_17-35-22 [http-nio-8200-exec-5] INFO  c.c.p.c.service.ConsumerServiceImpl - Start createConsumerBusinessService
2021-08-10_17-35-22 [http-nio-8200-exec-5] INFO  c.c.p.c.service.ConsumerServiceImpl - Start calPropertyValue
2021-08-10_17-35-22 [http-nio-8200-exec-5] INFO  c.c.p.c.service.ConsumerServiceImpl - End createConsumerBusinessService
2021-08-10_17-35-22 [http-nio-8200-exec-5] INFO  c.c.p.c.c.ConsumerController - End createBusinessProperty
2021-08-10_17-35-22 [http-nio-8200-exec-6] INFO  c.c.p.c.c.ConsumerController - Start viewConsumerBusinessByPolicy
2021-08-10_17-35-22 [http-nio-8200-exec-6] INFO  c.c.p.c.service.ConsumerServiceImpl - Start viewConsumerBusinessService
2021-08-10_17-35-22 [http-nio-8200-exec-6] INFO  c.c.p.c.service.ConsumerServiceImpl - End viewConsumerBusinessService
2021-08-10_17-35-22 [http-nio-8200-exec-6] INFO  c.c.p.c.c.ConsumerController - End viewConsumerBusinessByPolicy
2021-08-10_17-35-22 [http-nio-8200-exec-7] INFO  c.c.p.c.c.ConsumerController - Start viewConsumerBusinessByPolicy
2021-08-10_17-35-22 [http-nio-8200-exec-7] INFO  c.c.p.c.service.ConsumerServiceImpl - Start viewConsumerBusinessService
2021-08-10_17-35-22 [http-nio-8200-exec-7] INFO  c.c.p.c.service.ConsumerServiceImpl - End viewConsumerBusinessService
2021-08-10_17-35-22 [http-nio-8200-exec-7] INFO  c.c.p.c.c.ConsumerController - End viewConsumerBusinessByPolicy
2021-08-10_17-35-22 [http-nio-8200-exec-8] INFO  c.c.p.c.c.ConsumerController - Start viewConsumerBusinessByPolicy
2021-08-10_17-35-22 [http-nio-8200-exec-8] INFO  c.c.p.c.service.ConsumerServiceImpl - Start viewConsumerBusinessService
2021-08-10_17-35-22 [http-nio-8200-exec-8] INFO  c.c.p.c.service.ConsumerServiceImpl - End viewConsumerBusinessService
2021-08-10_17-35-22 [http-nio-8200-exec-8] INFO  c.c.p.c.c.ConsumerController - End viewConsumerBusinessByPolicy
2021-08-10_17-35-22 [http-nio-8200-exec-9] INFO  c.c.p.c.c.ConsumerController - Start viewConsumerBusinessByPolicy
2021-08-10_17-35-22 [http-nio-8200-exec-9] INFO  c.c.p.c.service.ConsumerServiceImpl - Start viewConsumerBusinessService
2021-08-10_17-35-22 [http-nio-8200-exec-9] INFO  c.c.p.c.service.ConsumerServiceImpl - End viewConsumerBusinessService
2021-08-10_17-35-22 [http-nio-8200-exec-9] INFO  c.c.p.c.c.ConsumerController - End viewConsumerBusinessByPolicy
2021-08-10_17-35-22 [http-nio-8200-exec-10] INFO  c.c.p.c.c.ConsumerController - Start viewConsumerBusinessByPolicy
2021-08-10_17-35-22 [http-nio-8200-exec-10] INFO  c.c.p.c.service.ConsumerServiceImpl - Start viewConsumerBusinessService
2021-08-10_17-35-22 [http-nio-8200-exec-10] INFO  c.c.p.c.service.ConsumerServiceImpl - End viewConsumerBusinessService
2021-08-10_17-35-22 [http-nio-8200-exec-10] INFO  c.c.p.c.c.ConsumerController - End viewConsumerBusinessByPolicy
2021-08-10_17-35-22 [http-nio-8200-exec-1] INFO  c.c.p.c.c.ConsumerController - Start viewConsumerBusinessByPolicy
2021-08-10_17-35-22 [http-nio-8200-exec-1] INFO  c.c.p.c.service.ConsumerServiceImpl - Start viewConsumerBusinessService
2021-08-10_17-35-22 [http-nio-8200-exec-1] INFO  c.c.p.c.service.ConsumerServiceImpl - End viewConsumerBusinessService
2021-08-10_17-35-22 [http-nio-8200-exec-1] INFO  c.c.p.c.c.ConsumerController - End viewConsumerBusinessByPolicy
2021-08-10_17-35-22 [http-nio-8200-exec-4] INFO  c.c.p.c.c.ConsumerController - Start viewConsumerBusinessByPolicy
2021-08-10_17-35-22 [http-nio-8200-exec-4] INFO  c.c.p.c.service.ConsumerServiceImpl - Start viewConsumerBusinessService
2021-08-10_17-35-22 [http-nio-8200-exec-4] INFO  c.c.p.c.service.ConsumerServiceImpl - End viewConsumerBusinessService
2021-08-10_17-35-22 [http-nio-8200-exec-4] INFO  c.c.p.c.c.ConsumerController - End viewConsumerBusinessByPolicy
2021-08-10_17-35-22 [RMI TCP Connection(32)-127.0.0.1] INFO  o.s.b.a.SpringApplicationAdminMXBeanRegistrar$SpringApplicationAdmin - Application shutdown requested.
2021-08-10_17-35-22 [RMI TCP Connection(32)-127.0.0.1] INFO  o.s.s.c.ThreadPoolTaskExecutor - Shutting down ExecutorService 'applicationTaskExecutor'
2021-08-10_17-35-22 [RMI TCP Connection(32)-127.0.0.1] INFO  o.s.o.j.LocalContainerEntityManagerFactoryBean - Closing JPA EntityManagerFactory for persistence unit 'default'
2021-08-10_17-35-22 [RMI TCP Connection(32)-127.0.0.1] INFO  o.h.t.s.i.SchemaDropperImpl$DelayedDropActionImpl - HHH000477: Starting delayed evictData of schema as part of SessionFactory shut-down'
2021-08-10_17-35-22 [RMI TCP Connection(32)-127.0.0.1] INFO  com.zaxxer.hikari.HikariDataSource - HikariPool-1 - Shutdown initiated...
2021-08-10_17-35-22 [RMI TCP Connection(32)-127.0.0.1] INFO  com.zaxxer.hikari.HikariDataSource - HikariPool-1 - Shutdown completed.
